[2023-04-27T14:20:56.147+0000] {processor.py:153} INFO - Started process (PID=16553) to work on /home/airflow/.local/lib/python3.7/site-packages/airflow/example_dags/example_branch_day_of_week_operator.py
[2023-04-27T14:20:56.147+0000] {processor.py:743} INFO - Processing file /home/airflow/.local/lib/python3.7/site-packages/airflow/example_dags/example_branch_day_of_week_operator.py for tasks to queue
[2023-04-27T14:20:56.147+0000] {logging_mixin.py:137} INFO - [2023-04-27T14:20:56.147+0000] {dagbag.py:538} INFO - Filling up the DagBag from /home/airflow/.local/lib/python3.7/site-packages/airflow/example_dags/example_branch_day_of_week_operator.py
[2023-04-27T14:20:56.156+0000] {processor.py:753} INFO - DAG(s) dict_keys(['example_weekday_branch_operator']) retrieved from /home/airflow/.local/lib/python3.7/site-packages/airflow/example_dags/example_branch_day_of_week_operator.py
[2023-04-27T14:20:56.175+0000] {logging_mixin.py:137} INFO - [2023-04-27T14:20:56.175+0000] {dag.py:2676} INFO - Sync 1 DAGs
[2023-04-27T14:20:56.189+0000] {logging_mixin.py:137} INFO - [2023-04-27T14:20:56.189+0000] {dag.py:3427} INFO - Setting next_dagrun for example_weekday_branch_operator to 2023-04-26T00:00:00+00:00, run_after=2023-04-27T00:00:00+00:00
[2023-04-27T14:20:56.198+0000] {processor.py:175} INFO - Processing /home/airflow/.local/lib/python3.7/site-packages/airflow/example_dags/example_branch_day_of_week_operator.py took 0.053 seconds
[2023-04-27T14:21:26.785+0000] {processor.py:153} INFO - Started process (PID=16663) to work on /home/airflow/.local/lib/python3.7/site-packages/airflow/example_dags/example_branch_day_of_week_operator.py
[2023-04-27T14:21:26.786+0000] {processor.py:743} INFO - Processing file /home/airflow/.local/lib/python3.7/site-packages/airflow/example_dags/example_branch_day_of_week_operator.py for tasks to queue
[2023-04-27T14:21:26.786+0000] {logging_mixin.py:137} INFO - [2023-04-27T14:21:26.786+0000] {dagbag.py:538} INFO - Filling up the DagBag from /home/airflow/.local/lib/python3.7/site-packages/airflow/example_dags/example_branch_day_of_week_operator.py
[2023-04-27T14:21:26.796+0000] {processor.py:753} INFO - DAG(s) dict_keys(['example_weekday_branch_operator']) retrieved from /home/airflow/.local/lib/python3.7/site-packages/airflow/example_dags/example_branch_day_of_week_operator.py
[2023-04-27T14:21:26.817+0000] {logging_mixin.py:137} INFO - [2023-04-27T14:21:26.817+0000] {dag.py:2676} INFO - Sync 1 DAGs
[2023-04-27T14:21:26.832+0000] {logging_mixin.py:137} INFO - [2023-04-27T14:21:26.832+0000] {dag.py:3427} INFO - Setting next_dagrun for example_weekday_branch_operator to 2023-04-26T00:00:00+00:00, run_after=2023-04-27T00:00:00+00:00
[2023-04-27T14:21:26.845+0000] {processor.py:175} INFO - Processing /home/airflow/.local/lib/python3.7/site-packages/airflow/example_dags/example_branch_day_of_week_operator.py took 0.061 seconds
[2023-04-27T14:21:57.461+0000] {processor.py:153} INFO - Started process (PID=16773) to work on /home/airflow/.local/lib/python3.7/site-packages/airflow/example_dags/example_branch_day_of_week_operator.py
[2023-04-27T14:21:57.462+0000] {processor.py:743} INFO - Processing file /home/airflow/.local/lib/python3.7/site-packages/airflow/example_dags/example_branch_day_of_week_operator.py for tasks to queue
[2023-04-27T14:21:57.462+0000] {logging_mixin.py:137} INFO - [2023-04-27T14:21:57.462+0000] {dagbag.py:538} INFO - Filling up the DagBag from /home/airflow/.local/lib/python3.7/site-packages/airflow/example_dags/example_branch_day_of_week_operator.py
[2023-04-27T14:21:57.471+0000] {processor.py:753} INFO - DAG(s) dict_keys(['example_weekday_branch_operator']) retrieved from /home/airflow/.local/lib/python3.7/site-packages/airflow/example_dags/example_branch_day_of_week_operator.py
[2023-04-27T14:21:57.497+0000] {logging_mixin.py:137} INFO - [2023-04-27T14:21:57.497+0000] {dag.py:2676} INFO - Sync 1 DAGs
[2023-04-27T14:21:57.522+0000] {logging_mixin.py:137} INFO - [2023-04-27T14:21:57.522+0000] {dag.py:3427} INFO - Setting next_dagrun for example_weekday_branch_operator to 2023-04-26T00:00:00+00:00, run_after=2023-04-27T00:00:00+00:00
[2023-04-27T14:21:57.534+0000] {processor.py:175} INFO - Processing /home/airflow/.local/lib/python3.7/site-packages/airflow/example_dags/example_branch_day_of_week_operator.py took 0.074 seconds
[2023-04-27T14:22:28.164+0000] {processor.py:153} INFO - Started process (PID=16859) to work on /home/airflow/.local/lib/python3.7/site-packages/airflow/example_dags/example_branch_day_of_week_operator.py
[2023-04-27T14:22:28.164+0000] {processor.py:743} INFO - Processing file /home/airflow/.local/lib/python3.7/site-packages/airflow/example_dags/example_branch_day_of_week_operator.py for tasks to queue
[2023-04-27T14:22:28.164+0000] {logging_mixin.py:137} INFO - [2023-04-27T14:22:28.164+0000] {dagbag.py:538} INFO - Filling up the DagBag from /home/airflow/.local/lib/python3.7/site-packages/airflow/example_dags/example_branch_day_of_week_operator.py
[2023-04-27T14:22:28.173+0000] {processor.py:753} INFO - DAG(s) dict_keys(['example_weekday_branch_operator']) retrieved from /home/airflow/.local/lib/python3.7/site-packages/airflow/example_dags/example_branch_day_of_week_operator.py
[2023-04-27T14:22:28.192+0000] {logging_mixin.py:137} INFO - [2023-04-27T14:22:28.191+0000] {dag.py:2676} INFO - Sync 1 DAGs
[2023-04-27T14:22:28.206+0000] {logging_mixin.py:137} INFO - [2023-04-27T14:22:28.206+0000] {dag.py:3427} INFO - Setting next_dagrun for example_weekday_branch_operator to 2023-04-26T00:00:00+00:00, run_after=2023-04-27T00:00:00+00:00
[2023-04-27T14:22:28.214+0000] {processor.py:175} INFO - Processing /home/airflow/.local/lib/python3.7/site-packages/airflow/example_dags/example_branch_day_of_week_operator.py took 0.052 seconds
[2023-04-27T14:22:58.722+0000] {processor.py:153} INFO - Started process (PID=16969) to work on /home/airflow/.local/lib/python3.7/site-packages/airflow/example_dags/example_branch_day_of_week_operator.py
[2023-04-27T14:22:58.723+0000] {processor.py:743} INFO - Processing file /home/airflow/.local/lib/python3.7/site-packages/airflow/example_dags/example_branch_day_of_week_operator.py for tasks to queue
[2023-04-27T14:22:58.723+0000] {logging_mixin.py:137} INFO - [2023-04-27T14:22:58.723+0000] {dagbag.py:538} INFO - Filling up the DagBag from /home/airflow/.local/lib/python3.7/site-packages/airflow/example_dags/example_branch_day_of_week_operator.py
[2023-04-27T14:22:58.732+0000] {processor.py:753} INFO - DAG(s) dict_keys(['example_weekday_branch_operator']) retrieved from /home/airflow/.local/lib/python3.7/site-packages/airflow/example_dags/example_branch_day_of_week_operator.py
[2023-04-27T14:22:58.751+0000] {logging_mixin.py:137} INFO - [2023-04-27T14:22:58.751+0000] {dag.py:2676} INFO - Sync 1 DAGs
[2023-04-27T14:22:58.767+0000] {logging_mixin.py:137} INFO - [2023-04-27T14:22:58.767+0000] {dag.py:3427} INFO - Setting next_dagrun for example_weekday_branch_operator to 2023-04-26T00:00:00+00:00, run_after=2023-04-27T00:00:00+00:00
[2023-04-27T14:22:58.779+0000] {processor.py:175} INFO - Processing /home/airflow/.local/lib/python3.7/site-packages/airflow/example_dags/example_branch_day_of_week_operator.py took 0.058 seconds
[2023-04-27T14:23:29.335+0000] {processor.py:153} INFO - Started process (PID=17079) to work on /home/airflow/.local/lib/python3.7/site-packages/airflow/example_dags/example_branch_day_of_week_operator.py
[2023-04-27T14:23:29.336+0000] {processor.py:743} INFO - Processing file /home/airflow/.local/lib/python3.7/site-packages/airflow/example_dags/example_branch_day_of_week_operator.py for tasks to queue
[2023-04-27T14:23:29.336+0000] {logging_mixin.py:137} INFO - [2023-04-27T14:23:29.336+0000] {dagbag.py:538} INFO - Filling up the DagBag from /home/airflow/.local/lib/python3.7/site-packages/airflow/example_dags/example_branch_day_of_week_operator.py
[2023-04-27T14:23:29.346+0000] {processor.py:753} INFO - DAG(s) dict_keys(['example_weekday_branch_operator']) retrieved from /home/airflow/.local/lib/python3.7/site-packages/airflow/example_dags/example_branch_day_of_week_operator.py
[2023-04-27T14:23:29.366+0000] {logging_mixin.py:137} INFO - [2023-04-27T14:23:29.366+0000] {dag.py:2676} INFO - Sync 1 DAGs
[2023-04-27T14:23:29.382+0000] {logging_mixin.py:137} INFO - [2023-04-27T14:23:29.382+0000] {dag.py:3427} INFO - Setting next_dagrun for example_weekday_branch_operator to 2023-04-26T00:00:00+00:00, run_after=2023-04-27T00:00:00+00:00
[2023-04-27T14:23:29.395+0000] {processor.py:175} INFO - Processing /home/airflow/.local/lib/python3.7/site-packages/airflow/example_dags/example_branch_day_of_week_operator.py took 0.062 seconds
[2023-04-27T14:24:00.106+0000] {processor.py:153} INFO - Started process (PID=17165) to work on /home/airflow/.local/lib/python3.7/site-packages/airflow/example_dags/example_branch_day_of_week_operator.py
[2023-04-27T14:24:00.107+0000] {processor.py:743} INFO - Processing file /home/airflow/.local/lib/python3.7/site-packages/airflow/example_dags/example_branch_day_of_week_operator.py for tasks to queue
[2023-04-27T14:24:00.107+0000] {logging_mixin.py:137} INFO - [2023-04-27T14:24:00.107+0000] {dagbag.py:538} INFO - Filling up the DagBag from /home/airflow/.local/lib/python3.7/site-packages/airflow/example_dags/example_branch_day_of_week_operator.py
[2023-04-27T14:24:00.116+0000] {processor.py:753} INFO - DAG(s) dict_keys(['example_weekday_branch_operator']) retrieved from /home/airflow/.local/lib/python3.7/site-packages/airflow/example_dags/example_branch_day_of_week_operator.py
[2023-04-27T14:24:00.138+0000] {logging_mixin.py:137} INFO - [2023-04-27T14:24:00.138+0000] {dag.py:2676} INFO - Sync 1 DAGs
[2023-04-27T14:24:00.154+0000] {logging_mixin.py:137} INFO - [2023-04-27T14:24:00.154+0000] {dag.py:3427} INFO - Setting next_dagrun for example_weekday_branch_operator to 2023-04-26T00:00:00+00:00, run_after=2023-04-27T00:00:00+00:00
[2023-04-27T14:24:00.163+0000] {processor.py:175} INFO - Processing /home/airflow/.local/lib/python3.7/site-packages/airflow/example_dags/example_branch_day_of_week_operator.py took 0.059 seconds
[2023-04-27T14:24:30.757+0000] {processor.py:153} INFO - Started process (PID=17275) to work on /home/airflow/.local/lib/python3.7/site-packages/airflow/example_dags/example_branch_day_of_week_operator.py
[2023-04-27T14:24:30.758+0000] {processor.py:743} INFO - Processing file /home/airflow/.local/lib/python3.7/site-packages/airflow/example_dags/example_branch_day_of_week_operator.py for tasks to queue
[2023-04-27T14:24:30.758+0000] {logging_mixin.py:137} INFO - [2023-04-27T14:24:30.758+0000] {dagbag.py:538} INFO - Filling up the DagBag from /home/airflow/.local/lib/python3.7/site-packages/airflow/example_dags/example_branch_day_of_week_operator.py
[2023-04-27T14:24:30.769+0000] {processor.py:753} INFO - DAG(s) dict_keys(['example_weekday_branch_operator']) retrieved from /home/airflow/.local/lib/python3.7/site-packages/airflow/example_dags/example_branch_day_of_week_operator.py
[2023-04-27T14:24:30.794+0000] {logging_mixin.py:137} INFO - [2023-04-27T14:24:30.794+0000] {dag.py:2676} INFO - Sync 1 DAGs
[2023-04-27T14:24:30.811+0000] {logging_mixin.py:137} INFO - [2023-04-27T14:24:30.811+0000] {dag.py:3427} INFO - Setting next_dagrun for example_weekday_branch_operator to 2023-04-26T00:00:00+00:00, run_after=2023-04-27T00:00:00+00:00
[2023-04-27T14:24:30.826+0000] {processor.py:175} INFO - Processing /home/airflow/.local/lib/python3.7/site-packages/airflow/example_dags/example_branch_day_of_week_operator.py took 0.070 seconds
[2023-04-27T14:25:01.516+0000] {processor.py:153} INFO - Started process (PID=17370) to work on /home/airflow/.local/lib/python3.7/site-packages/airflow/example_dags/example_branch_day_of_week_operator.py
[2023-04-27T14:25:01.516+0000] {processor.py:743} INFO - Processing file /home/airflow/.local/lib/python3.7/site-packages/airflow/example_dags/example_branch_day_of_week_operator.py for tasks to queue
[2023-04-27T14:25:01.517+0000] {logging_mixin.py:137} INFO - [2023-04-27T14:25:01.517+0000] {dagbag.py:538} INFO - Filling up the DagBag from /home/airflow/.local/lib/python3.7/site-packages/airflow/example_dags/example_branch_day_of_week_operator.py
[2023-04-27T14:25:01.525+0000] {processor.py:753} INFO - DAG(s) dict_keys(['example_weekday_branch_operator']) retrieved from /home/airflow/.local/lib/python3.7/site-packages/airflow/example_dags/example_branch_day_of_week_operator.py
[2023-04-27T14:25:01.554+0000] {logging_mixin.py:137} INFO - [2023-04-27T14:25:01.553+0000] {dag.py:2676} INFO - Sync 1 DAGs
[2023-04-27T14:25:01.576+0000] {logging_mixin.py:137} INFO - [2023-04-27T14:25:01.576+0000] {dag.py:3427} INFO - Setting next_dagrun for example_weekday_branch_operator to 2023-04-26T00:00:00+00:00, run_after=2023-04-27T00:00:00+00:00
[2023-04-27T14:25:01.590+0000] {processor.py:175} INFO - Processing /home/airflow/.local/lib/python3.7/site-packages/airflow/example_dags/example_branch_day_of_week_operator.py took 0.076 seconds
[2023-04-27T14:25:32.153+0000] {processor.py:153} INFO - Started process (PID=17471) to work on /home/airflow/.local/lib/python3.7/site-packages/airflow/example_dags/example_branch_day_of_week_operator.py
[2023-04-27T14:25:32.153+0000] {processor.py:743} INFO - Processing file /home/airflow/.local/lib/python3.7/site-packages/airflow/example_dags/example_branch_day_of_week_operator.py for tasks to queue
[2023-04-27T14:25:32.154+0000] {logging_mixin.py:137} INFO - [2023-04-27T14:25:32.154+0000] {dagbag.py:538} INFO - Filling up the DagBag from /home/airflow/.local/lib/python3.7/site-packages/airflow/example_dags/example_branch_day_of_week_operator.py
[2023-04-27T14:25:32.162+0000] {processor.py:753} INFO - DAG(s) dict_keys(['example_weekday_branch_operator']) retrieved from /home/airflow/.local/lib/python3.7/site-packages/airflow/example_dags/example_branch_day_of_week_operator.py
[2023-04-27T14:25:32.182+0000] {logging_mixin.py:137} INFO - [2023-04-27T14:25:32.182+0000] {dag.py:2676} INFO - Sync 1 DAGs
[2023-04-27T14:25:32.197+0000] {logging_mixin.py:137} INFO - [2023-04-27T14:25:32.197+0000] {dag.py:3427} INFO - Setting next_dagrun for example_weekday_branch_operator to 2023-04-26T00:00:00+00:00, run_after=2023-04-27T00:00:00+00:00
[2023-04-27T14:25:32.206+0000] {processor.py:175} INFO - Processing /home/airflow/.local/lib/python3.7/site-packages/airflow/example_dags/example_branch_day_of_week_operator.py took 0.055 seconds
[2023-04-27T14:26:02.693+0000] {processor.py:153} INFO - Started process (PID=17581) to work on /home/airflow/.local/lib/python3.7/site-packages/airflow/example_dags/example_branch_day_of_week_operator.py
[2023-04-27T14:26:02.694+0000] {processor.py:743} INFO - Processing file /home/airflow/.local/lib/python3.7/site-packages/airflow/example_dags/example_branch_day_of_week_operator.py for tasks to queue
[2023-04-27T14:26:02.694+0000] {logging_mixin.py:137} INFO - [2023-04-27T14:26:02.694+0000] {dagbag.py:538} INFO - Filling up the DagBag from /home/airflow/.local/lib/python3.7/site-packages/airflow/example_dags/example_branch_day_of_week_operator.py
[2023-04-27T14:26:02.707+0000] {processor.py:753} INFO - DAG(s) dict_keys(['example_weekday_branch_operator']) retrieved from /home/airflow/.local/lib/python3.7/site-packages/airflow/example_dags/example_branch_day_of_week_operator.py
[2023-04-27T14:26:02.738+0000] {logging_mixin.py:137} INFO - [2023-04-27T14:26:02.738+0000] {dag.py:2676} INFO - Sync 1 DAGs
[2023-04-27T14:26:02.758+0000] {logging_mixin.py:137} INFO - [2023-04-27T14:26:02.758+0000] {dag.py:3427} INFO - Setting next_dagrun for example_weekday_branch_operator to 2023-04-26T00:00:00+00:00, run_after=2023-04-27T00:00:00+00:00
[2023-04-27T14:26:02.772+0000] {processor.py:175} INFO - Processing /home/airflow/.local/lib/python3.7/site-packages/airflow/example_dags/example_branch_day_of_week_operator.py took 0.080 seconds
