[2023-04-27T14:20:55.874+0000] {processor.py:153} INFO - Started process (PID=16547) to work on /home/airflow/.local/lib/python3.7/site-packages/airflow/example_dags/example_task_group.py
[2023-04-27T14:20:55.875+0000] {processor.py:743} INFO - Processing file /home/airflow/.local/lib/python3.7/site-packages/airflow/example_dags/example_task_group.py for tasks to queue
[2023-04-27T14:20:55.875+0000] {logging_mixin.py:137} INFO - [2023-04-27T14:20:55.875+0000] {dagbag.py:538} INFO - Filling up the DagBag from /home/airflow/.local/lib/python3.7/site-packages/airflow/example_dags/example_task_group.py
[2023-04-27T14:20:55.886+0000] {processor.py:753} INFO - DAG(s) dict_keys(['example_task_group']) retrieved from /home/airflow/.local/lib/python3.7/site-packages/airflow/example_dags/example_task_group.py
[2023-04-27T14:20:55.906+0000] {logging_mixin.py:137} INFO - [2023-04-27T14:20:55.906+0000] {dag.py:2676} INFO - Sync 1 DAGs
[2023-04-27T14:20:55.920+0000] {logging_mixin.py:137} INFO - [2023-04-27T14:20:55.919+0000] {dag.py:3427} INFO - Setting next_dagrun for example_task_group to 2023-04-26T14:20:55.919826+00:00, run_after=2023-04-27T14:20:55.919826+00:00
[2023-04-27T14:20:55.928+0000] {processor.py:175} INFO - Processing /home/airflow/.local/lib/python3.7/site-packages/airflow/example_dags/example_task_group.py took 0.056 seconds
[2023-04-27T14:21:26.526+0000] {processor.py:153} INFO - Started process (PID=16657) to work on /home/airflow/.local/lib/python3.7/site-packages/airflow/example_dags/example_task_group.py
[2023-04-27T14:21:26.526+0000] {processor.py:743} INFO - Processing file /home/airflow/.local/lib/python3.7/site-packages/airflow/example_dags/example_task_group.py for tasks to queue
[2023-04-27T14:21:26.526+0000] {logging_mixin.py:137} INFO - [2023-04-27T14:21:26.526+0000] {dagbag.py:538} INFO - Filling up the DagBag from /home/airflow/.local/lib/python3.7/site-packages/airflow/example_dags/example_task_group.py
[2023-04-27T14:21:26.535+0000] {processor.py:753} INFO - DAG(s) dict_keys(['example_task_group']) retrieved from /home/airflow/.local/lib/python3.7/site-packages/airflow/example_dags/example_task_group.py
[2023-04-27T14:21:26.554+0000] {logging_mixin.py:137} INFO - [2023-04-27T14:21:26.554+0000] {dag.py:2676} INFO - Sync 1 DAGs
[2023-04-27T14:21:26.567+0000] {logging_mixin.py:137} INFO - [2023-04-27T14:21:26.567+0000] {dag.py:3427} INFO - Setting next_dagrun for example_task_group to 2023-04-26T14:21:26.567699+00:00, run_after=2023-04-27T14:21:26.567699+00:00
[2023-04-27T14:21:26.577+0000] {processor.py:175} INFO - Processing /home/airflow/.local/lib/python3.7/site-packages/airflow/example_dags/example_task_group.py took 0.053 seconds
[2023-04-27T14:21:57.137+0000] {processor.py:153} INFO - Started process (PID=16752) to work on /home/airflow/.local/lib/python3.7/site-packages/airflow/example_dags/example_task_group.py
[2023-04-27T14:21:57.138+0000] {processor.py:743} INFO - Processing file /home/airflow/.local/lib/python3.7/site-packages/airflow/example_dags/example_task_group.py for tasks to queue
[2023-04-27T14:21:57.138+0000] {logging_mixin.py:137} INFO - [2023-04-27T14:21:57.138+0000] {dagbag.py:538} INFO - Filling up the DagBag from /home/airflow/.local/lib/python3.7/site-packages/airflow/example_dags/example_task_group.py
[2023-04-27T14:21:57.147+0000] {processor.py:753} INFO - DAG(s) dict_keys(['example_task_group']) retrieved from /home/airflow/.local/lib/python3.7/site-packages/airflow/example_dags/example_task_group.py
[2023-04-27T14:21:57.168+0000] {logging_mixin.py:137} INFO - [2023-04-27T14:21:57.168+0000] {dag.py:2676} INFO - Sync 1 DAGs
[2023-04-27T14:21:57.185+0000] {logging_mixin.py:137} INFO - [2023-04-27T14:21:57.185+0000] {dag.py:3427} INFO - Setting next_dagrun for example_task_group to 2023-04-26T14:21:57.184930+00:00, run_after=2023-04-27T14:21:57.184930+00:00
[2023-04-27T14:21:57.197+0000] {processor.py:175} INFO - Processing /home/airflow/.local/lib/python3.7/site-packages/airflow/example_dags/example_task_group.py took 0.062 seconds
[2023-04-27T14:22:27.913+0000] {processor.py:153} INFO - Started process (PID=16853) to work on /home/airflow/.local/lib/python3.7/site-packages/airflow/example_dags/example_task_group.py
[2023-04-27T14:22:27.913+0000] {processor.py:743} INFO - Processing file /home/airflow/.local/lib/python3.7/site-packages/airflow/example_dags/example_task_group.py for tasks to queue
[2023-04-27T14:22:27.914+0000] {logging_mixin.py:137} INFO - [2023-04-27T14:22:27.914+0000] {dagbag.py:538} INFO - Filling up the DagBag from /home/airflow/.local/lib/python3.7/site-packages/airflow/example_dags/example_task_group.py
[2023-04-27T14:22:27.922+0000] {processor.py:753} INFO - DAG(s) dict_keys(['example_task_group']) retrieved from /home/airflow/.local/lib/python3.7/site-packages/airflow/example_dags/example_task_group.py
[2023-04-27T14:22:27.942+0000] {logging_mixin.py:137} INFO - [2023-04-27T14:22:27.942+0000] {dag.py:2676} INFO - Sync 1 DAGs
[2023-04-27T14:22:27.956+0000] {logging_mixin.py:137} INFO - [2023-04-27T14:22:27.955+0000] {dag.py:3427} INFO - Setting next_dagrun for example_task_group to 2023-04-26T14:22:27.955862+00:00, run_after=2023-04-27T14:22:27.955862+00:00
[2023-04-27T14:22:27.965+0000] {processor.py:175} INFO - Processing /home/airflow/.local/lib/python3.7/site-packages/airflow/example_dags/example_task_group.py took 0.054 seconds
[2023-04-27T14:22:58.468+0000] {processor.py:153} INFO - Started process (PID=16963) to work on /home/airflow/.local/lib/python3.7/site-packages/airflow/example_dags/example_task_group.py
[2023-04-27T14:22:58.468+0000] {processor.py:743} INFO - Processing file /home/airflow/.local/lib/python3.7/site-packages/airflow/example_dags/example_task_group.py for tasks to queue
[2023-04-27T14:22:58.468+0000] {logging_mixin.py:137} INFO - [2023-04-27T14:22:58.468+0000] {dagbag.py:538} INFO - Filling up the DagBag from /home/airflow/.local/lib/python3.7/site-packages/airflow/example_dags/example_task_group.py
[2023-04-27T14:22:58.477+0000] {processor.py:753} INFO - DAG(s) dict_keys(['example_task_group']) retrieved from /home/airflow/.local/lib/python3.7/site-packages/airflow/example_dags/example_task_group.py
[2023-04-27T14:22:58.496+0000] {logging_mixin.py:137} INFO - [2023-04-27T14:22:58.496+0000] {dag.py:2676} INFO - Sync 1 DAGs
[2023-04-27T14:22:58.510+0000] {logging_mixin.py:137} INFO - [2023-04-27T14:22:58.510+0000] {dag.py:3427} INFO - Setting next_dagrun for example_task_group to 2023-04-26T14:22:58.510144+00:00, run_after=2023-04-27T14:22:58.510144+00:00
[2023-04-27T14:22:58.519+0000] {processor.py:175} INFO - Processing /home/airflow/.local/lib/python3.7/site-packages/airflow/example_dags/example_task_group.py took 0.053 seconds
[2023-04-27T14:23:29.012+0000] {processor.py:153} INFO - Started process (PID=17058) to work on /home/airflow/.local/lib/python3.7/site-packages/airflow/example_dags/example_task_group.py
[2023-04-27T14:23:29.012+0000] {processor.py:743} INFO - Processing file /home/airflow/.local/lib/python3.7/site-packages/airflow/example_dags/example_task_group.py for tasks to queue
[2023-04-27T14:23:29.012+0000] {logging_mixin.py:137} INFO - [2023-04-27T14:23:29.012+0000] {dagbag.py:538} INFO - Filling up the DagBag from /home/airflow/.local/lib/python3.7/site-packages/airflow/example_dags/example_task_group.py
[2023-04-27T14:23:29.021+0000] {processor.py:753} INFO - DAG(s) dict_keys(['example_task_group']) retrieved from /home/airflow/.local/lib/python3.7/site-packages/airflow/example_dags/example_task_group.py
[2023-04-27T14:23:29.042+0000] {logging_mixin.py:137} INFO - [2023-04-27T14:23:29.041+0000] {dag.py:2676} INFO - Sync 1 DAGs
[2023-04-27T14:23:29.056+0000] {logging_mixin.py:137} INFO - [2023-04-27T14:23:29.055+0000] {dag.py:3427} INFO - Setting next_dagrun for example_task_group to 2023-04-26T14:23:29.055810+00:00, run_after=2023-04-27T14:23:29.055810+00:00
[2023-04-27T14:23:29.066+0000] {processor.py:175} INFO - Processing /home/airflow/.local/lib/python3.7/site-packages/airflow/example_dags/example_task_group.py took 0.056 seconds
[2023-04-27T14:23:59.832+0000] {processor.py:153} INFO - Started process (PID=17159) to work on /home/airflow/.local/lib/python3.7/site-packages/airflow/example_dags/example_task_group.py
[2023-04-27T14:23:59.832+0000] {processor.py:743} INFO - Processing file /home/airflow/.local/lib/python3.7/site-packages/airflow/example_dags/example_task_group.py for tasks to queue
[2023-04-27T14:23:59.833+0000] {logging_mixin.py:137} INFO - [2023-04-27T14:23:59.833+0000] {dagbag.py:538} INFO - Filling up the DagBag from /home/airflow/.local/lib/python3.7/site-packages/airflow/example_dags/example_task_group.py
[2023-04-27T14:23:59.842+0000] {processor.py:753} INFO - DAG(s) dict_keys(['example_task_group']) retrieved from /home/airflow/.local/lib/python3.7/site-packages/airflow/example_dags/example_task_group.py
[2023-04-27T14:23:59.862+0000] {logging_mixin.py:137} INFO - [2023-04-27T14:23:59.862+0000] {dag.py:2676} INFO - Sync 1 DAGs
[2023-04-27T14:23:59.877+0000] {logging_mixin.py:137} INFO - [2023-04-27T14:23:59.877+0000] {dag.py:3427} INFO - Setting next_dagrun for example_task_group to 2023-04-26T14:23:59.877505+00:00, run_after=2023-04-27T14:23:59.877505+00:00
[2023-04-27T14:23:59.887+0000] {processor.py:175} INFO - Processing /home/airflow/.local/lib/python3.7/site-packages/airflow/example_dags/example_task_group.py took 0.056 seconds
[2023-04-27T14:24:30.505+0000] {processor.py:153} INFO - Started process (PID=17269) to work on /home/airflow/.local/lib/python3.7/site-packages/airflow/example_dags/example_task_group.py
[2023-04-27T14:24:30.506+0000] {processor.py:743} INFO - Processing file /home/airflow/.local/lib/python3.7/site-packages/airflow/example_dags/example_task_group.py for tasks to queue
[2023-04-27T14:24:30.507+0000] {logging_mixin.py:137} INFO - [2023-04-27T14:24:30.506+0000] {dagbag.py:538} INFO - Filling up the DagBag from /home/airflow/.local/lib/python3.7/site-packages/airflow/example_dags/example_task_group.py
[2023-04-27T14:24:30.516+0000] {processor.py:753} INFO - DAG(s) dict_keys(['example_task_group']) retrieved from /home/airflow/.local/lib/python3.7/site-packages/airflow/example_dags/example_task_group.py
[2023-04-27T14:24:30.540+0000] {logging_mixin.py:137} INFO - [2023-04-27T14:24:30.540+0000] {dag.py:2676} INFO - Sync 1 DAGs
[2023-04-27T14:24:30.556+0000] {logging_mixin.py:137} INFO - [2023-04-27T14:24:30.556+0000] {dag.py:3427} INFO - Setting next_dagrun for example_task_group to 2023-04-26T14:24:30.556586+00:00, run_after=2023-04-27T14:24:30.556586+00:00
[2023-04-27T14:24:30.566+0000] {processor.py:175} INFO - Processing /home/airflow/.local/lib/python3.7/site-packages/airflow/example_dags/example_task_group.py took 0.063 seconds
[2023-04-27T14:25:01.299+0000] {processor.py:153} INFO - Started process (PID=17364) to work on /home/airflow/.local/lib/python3.7/site-packages/airflow/example_dags/example_task_group.py
[2023-04-27T14:25:01.300+0000] {processor.py:743} INFO - Processing file /home/airflow/.local/lib/python3.7/site-packages/airflow/example_dags/example_task_group.py for tasks to queue
[2023-04-27T14:25:01.300+0000] {logging_mixin.py:137} INFO - [2023-04-27T14:25:01.300+0000] {dagbag.py:538} INFO - Filling up the DagBag from /home/airflow/.local/lib/python3.7/site-packages/airflow/example_dags/example_task_group.py
[2023-04-27T14:25:01.311+0000] {processor.py:753} INFO - DAG(s) dict_keys(['example_task_group']) retrieved from /home/airflow/.local/lib/python3.7/site-packages/airflow/example_dags/example_task_group.py
[2023-04-27T14:25:01.332+0000] {logging_mixin.py:137} INFO - [2023-04-27T14:25:01.332+0000] {dag.py:2676} INFO - Sync 1 DAGs
[2023-04-27T14:25:01.348+0000] {logging_mixin.py:137} INFO - [2023-04-27T14:25:01.348+0000] {dag.py:3427} INFO - Setting next_dagrun for example_task_group to 2023-04-26T14:25:01.348188+00:00, run_after=2023-04-27T14:25:01.348188+00:00
[2023-04-27T14:25:01.357+0000] {processor.py:175} INFO - Processing /home/airflow/.local/lib/python3.7/site-packages/airflow/example_dags/example_task_group.py took 0.060 seconds
[2023-04-27T14:25:31.879+0000] {processor.py:153} INFO - Started process (PID=17465) to work on /home/airflow/.local/lib/python3.7/site-packages/airflow/example_dags/example_task_group.py
[2023-04-27T14:25:31.880+0000] {processor.py:743} INFO - Processing file /home/airflow/.local/lib/python3.7/site-packages/airflow/example_dags/example_task_group.py for tasks to queue
[2023-04-27T14:25:31.880+0000] {logging_mixin.py:137} INFO - [2023-04-27T14:25:31.880+0000] {dagbag.py:538} INFO - Filling up the DagBag from /home/airflow/.local/lib/python3.7/site-packages/airflow/example_dags/example_task_group.py
[2023-04-27T14:25:31.888+0000] {processor.py:753} INFO - DAG(s) dict_keys(['example_task_group']) retrieved from /home/airflow/.local/lib/python3.7/site-packages/airflow/example_dags/example_task_group.py
[2023-04-27T14:25:31.914+0000] {logging_mixin.py:137} INFO - [2023-04-27T14:25:31.913+0000] {dag.py:2676} INFO - Sync 1 DAGs
[2023-04-27T14:25:31.929+0000] {logging_mixin.py:137} INFO - [2023-04-27T14:25:31.929+0000] {dag.py:3427} INFO - Setting next_dagrun for example_task_group to 2023-04-26T14:25:31.929590+00:00, run_after=2023-04-27T14:25:31.929590+00:00
[2023-04-27T14:25:31.939+0000] {processor.py:175} INFO - Processing /home/airflow/.local/lib/python3.7/site-packages/airflow/example_dags/example_task_group.py took 0.061 seconds
[2023-04-27T14:26:02.436+0000] {processor.py:153} INFO - Started process (PID=17575) to work on /home/airflow/.local/lib/python3.7/site-packages/airflow/example_dags/example_task_group.py
[2023-04-27T14:26:02.436+0000] {processor.py:743} INFO - Processing file /home/airflow/.local/lib/python3.7/site-packages/airflow/example_dags/example_task_group.py for tasks to queue
[2023-04-27T14:26:02.436+0000] {logging_mixin.py:137} INFO - [2023-04-27T14:26:02.436+0000] {dagbag.py:538} INFO - Filling up the DagBag from /home/airflow/.local/lib/python3.7/site-packages/airflow/example_dags/example_task_group.py
[2023-04-27T14:26:02.445+0000] {processor.py:753} INFO - DAG(s) dict_keys(['example_task_group']) retrieved from /home/airflow/.local/lib/python3.7/site-packages/airflow/example_dags/example_task_group.py
[2023-04-27T14:26:02.464+0000] {logging_mixin.py:137} INFO - [2023-04-27T14:26:02.464+0000] {dag.py:2676} INFO - Sync 1 DAGs
[2023-04-27T14:26:02.478+0000] {logging_mixin.py:137} INFO - [2023-04-27T14:26:02.478+0000] {dag.py:3427} INFO - Setting next_dagrun for example_task_group to 2023-04-26T14:26:02.478594+00:00, run_after=2023-04-27T14:26:02.478594+00:00
[2023-04-27T14:26:02.487+0000] {processor.py:175} INFO - Processing /home/airflow/.local/lib/python3.7/site-packages/airflow/example_dags/example_task_group.py took 0.053 seconds
