[2023-04-27T14:20:58.846+0000] {processor.py:153} INFO - Started process (PID=16578) to work on /home/airflow/.local/lib/python3.7/site-packages/airflow/example_dags/example_branch_datetime_operator.py
[2023-04-27T14:20:58.847+0000] {processor.py:743} INFO - Processing file /home/airflow/.local/lib/python3.7/site-packages/airflow/example_dags/example_branch_datetime_operator.py for tasks to queue
[2023-04-27T14:20:58.847+0000] {logging_mixin.py:137} INFO - [2023-04-27T14:20:58.847+0000] {dagbag.py:538} INFO - Filling up the DagBag from /home/airflow/.local/lib/python3.7/site-packages/airflow/example_dags/example_branch_datetime_operator.py
[2023-04-27T14:20:58.857+0000] {processor.py:753} INFO - DAG(s) dict_keys(['example_branch_datetime_operator', 'example_branch_datetime_operator_3', 'example_branch_datetime_operator_2']) retrieved from /home/airflow/.local/lib/python3.7/site-packages/airflow/example_dags/example_branch_datetime_operator.py
[2023-04-27T14:20:58.886+0000] {logging_mixin.py:137} INFO - [2023-04-27T14:20:58.885+0000] {dag.py:2676} INFO - Sync 3 DAGs
[2023-04-27T14:20:58.902+0000] {logging_mixin.py:137} INFO - [2023-04-27T14:20:58.902+0000] {dag.py:3427} INFO - Setting next_dagrun for example_branch_datetime_operator to 2023-04-26T00:00:00+00:00, run_after=2023-04-27T00:00:00+00:00
[2023-04-27T14:20:58.904+0000] {logging_mixin.py:137} INFO - [2023-04-27T14:20:58.904+0000] {dag.py:3427} INFO - Setting next_dagrun for example_branch_datetime_operator_2 to 2023-04-26T00:00:00+00:00, run_after=2023-04-27T00:00:00+00:00
[2023-04-27T14:20:58.906+0000] {logging_mixin.py:137} INFO - [2023-04-27T14:20:58.906+0000] {dag.py:3427} INFO - Setting next_dagrun for example_branch_datetime_operator_3 to 2023-04-26T00:00:00+00:00, run_after=2023-04-27T00:00:00+00:00
[2023-04-27T14:20:58.914+0000] {processor.py:175} INFO - Processing /home/airflow/.local/lib/python3.7/site-packages/airflow/example_dags/example_branch_datetime_operator.py took 0.070 seconds
[2023-04-27T14:21:29.555+0000] {processor.py:153} INFO - Started process (PID=16681) to work on /home/airflow/.local/lib/python3.7/site-packages/airflow/example_dags/example_branch_datetime_operator.py
[2023-04-27T14:21:29.556+0000] {processor.py:743} INFO - Processing file /home/airflow/.local/lib/python3.7/site-packages/airflow/example_dags/example_branch_datetime_operator.py for tasks to queue
[2023-04-27T14:21:29.556+0000] {logging_mixin.py:137} INFO - [2023-04-27T14:21:29.556+0000] {dagbag.py:538} INFO - Filling up the DagBag from /home/airflow/.local/lib/python3.7/site-packages/airflow/example_dags/example_branch_datetime_operator.py
[2023-04-27T14:21:29.566+0000] {processor.py:753} INFO - DAG(s) dict_keys(['example_branch_datetime_operator_2', 'example_branch_datetime_operator_3', 'example_branch_datetime_operator']) retrieved from /home/airflow/.local/lib/python3.7/site-packages/airflow/example_dags/example_branch_datetime_operator.py
[2023-04-27T14:21:29.590+0000] {logging_mixin.py:137} INFO - [2023-04-27T14:21:29.589+0000] {dag.py:2676} INFO - Sync 3 DAGs
[2023-04-27T14:21:29.605+0000] {logging_mixin.py:137} INFO - [2023-04-27T14:21:29.605+0000] {dag.py:3427} INFO - Setting next_dagrun for example_branch_datetime_operator to 2023-04-26T00:00:00+00:00, run_after=2023-04-27T00:00:00+00:00
[2023-04-27T14:21:29.608+0000] {logging_mixin.py:137} INFO - [2023-04-27T14:21:29.608+0000] {dag.py:3427} INFO - Setting next_dagrun for example_branch_datetime_operator_2 to 2023-04-26T00:00:00+00:00, run_after=2023-04-27T00:00:00+00:00
[2023-04-27T14:21:29.610+0000] {logging_mixin.py:137} INFO - [2023-04-27T14:21:29.610+0000] {dag.py:3427} INFO - Setting next_dagrun for example_branch_datetime_operator_3 to 2023-04-26T00:00:00+00:00, run_after=2023-04-27T00:00:00+00:00
[2023-04-27T14:21:29.618+0000] {processor.py:175} INFO - Processing /home/airflow/.local/lib/python3.7/site-packages/airflow/example_dags/example_branch_datetime_operator.py took 0.064 seconds
[2023-04-27T14:22:00.227+0000] {processor.py:153} INFO - Started process (PID=16791) to work on /home/airflow/.local/lib/python3.7/site-packages/airflow/example_dags/example_branch_datetime_operator.py
[2023-04-27T14:22:00.227+0000] {processor.py:743} INFO - Processing file /home/airflow/.local/lib/python3.7/site-packages/airflow/example_dags/example_branch_datetime_operator.py for tasks to queue
[2023-04-27T14:22:00.228+0000] {logging_mixin.py:137} INFO - [2023-04-27T14:22:00.227+0000] {dagbag.py:538} INFO - Filling up the DagBag from /home/airflow/.local/lib/python3.7/site-packages/airflow/example_dags/example_branch_datetime_operator.py
[2023-04-27T14:22:00.238+0000] {processor.py:753} INFO - DAG(s) dict_keys(['example_branch_datetime_operator_2', 'example_branch_datetime_operator_3', 'example_branch_datetime_operator']) retrieved from /home/airflow/.local/lib/python3.7/site-packages/airflow/example_dags/example_branch_datetime_operator.py
[2023-04-27T14:22:00.267+0000] {logging_mixin.py:137} INFO - [2023-04-27T14:22:00.267+0000] {dag.py:2676} INFO - Sync 3 DAGs
[2023-04-27T14:22:00.291+0000] {logging_mixin.py:137} INFO - [2023-04-27T14:22:00.291+0000] {dag.py:3427} INFO - Setting next_dagrun for example_branch_datetime_operator to 2023-04-26T00:00:00+00:00, run_after=2023-04-27T00:00:00+00:00
[2023-04-27T14:22:00.295+0000] {logging_mixin.py:137} INFO - [2023-04-27T14:22:00.295+0000] {dag.py:3427} INFO - Setting next_dagrun for example_branch_datetime_operator_2 to 2023-04-26T00:00:00+00:00, run_after=2023-04-27T00:00:00+00:00
[2023-04-27T14:22:00.296+0000] {logging_mixin.py:137} INFO - [2023-04-27T14:22:00.296+0000] {dag.py:3427} INFO - Setting next_dagrun for example_branch_datetime_operator_3 to 2023-04-26T00:00:00+00:00, run_after=2023-04-27T00:00:00+00:00
[2023-04-27T14:22:00.308+0000] {processor.py:175} INFO - Processing /home/airflow/.local/lib/python3.7/site-packages/airflow/example_dags/example_branch_datetime_operator.py took 0.084 seconds
[2023-04-27T14:22:30.767+0000] {processor.py:153} INFO - Started process (PID=16877) to work on /home/airflow/.local/lib/python3.7/site-packages/airflow/example_dags/example_branch_datetime_operator.py
[2023-04-27T14:22:30.768+0000] {processor.py:743} INFO - Processing file /home/airflow/.local/lib/python3.7/site-packages/airflow/example_dags/example_branch_datetime_operator.py for tasks to queue
[2023-04-27T14:22:30.768+0000] {logging_mixin.py:137} INFO - [2023-04-27T14:22:30.768+0000] {dagbag.py:538} INFO - Filling up the DagBag from /home/airflow/.local/lib/python3.7/site-packages/airflow/example_dags/example_branch_datetime_operator.py
[2023-04-27T14:22:30.777+0000] {processor.py:753} INFO - DAG(s) dict_keys(['example_branch_datetime_operator_3', 'example_branch_datetime_operator', 'example_branch_datetime_operator_2']) retrieved from /home/airflow/.local/lib/python3.7/site-packages/airflow/example_dags/example_branch_datetime_operator.py
[2023-04-27T14:22:30.800+0000] {logging_mixin.py:137} INFO - [2023-04-27T14:22:30.800+0000] {dag.py:2676} INFO - Sync 3 DAGs
[2023-04-27T14:22:30.815+0000] {logging_mixin.py:137} INFO - [2023-04-27T14:22:30.815+0000] {dag.py:3427} INFO - Setting next_dagrun for example_branch_datetime_operator to 2023-04-26T00:00:00+00:00, run_after=2023-04-27T00:00:00+00:00
[2023-04-27T14:22:30.817+0000] {logging_mixin.py:137} INFO - [2023-04-27T14:22:30.817+0000] {dag.py:3427} INFO - Setting next_dagrun for example_branch_datetime_operator_2 to 2023-04-26T00:00:00+00:00, run_after=2023-04-27T00:00:00+00:00
[2023-04-27T14:22:30.818+0000] {logging_mixin.py:137} INFO - [2023-04-27T14:22:30.818+0000] {dag.py:3427} INFO - Setting next_dagrun for example_branch_datetime_operator_3 to 2023-04-26T00:00:00+00:00, run_after=2023-04-27T00:00:00+00:00
[2023-04-27T14:22:30.826+0000] {processor.py:175} INFO - Processing /home/airflow/.local/lib/python3.7/site-packages/airflow/example_dags/example_branch_datetime_operator.py took 0.061 seconds
[2023-04-27T14:23:01.325+0000] {processor.py:153} INFO - Started process (PID=16987) to work on /home/airflow/.local/lib/python3.7/site-packages/airflow/example_dags/example_branch_datetime_operator.py
[2023-04-27T14:23:01.326+0000] {processor.py:743} INFO - Processing file /home/airflow/.local/lib/python3.7/site-packages/airflow/example_dags/example_branch_datetime_operator.py for tasks to queue
[2023-04-27T14:23:01.326+0000] {logging_mixin.py:137} INFO - [2023-04-27T14:23:01.326+0000] {dagbag.py:538} INFO - Filling up the DagBag from /home/airflow/.local/lib/python3.7/site-packages/airflow/example_dags/example_branch_datetime_operator.py
[2023-04-27T14:23:01.336+0000] {processor.py:753} INFO - DAG(s) dict_keys(['example_branch_datetime_operator', 'example_branch_datetime_operator_3', 'example_branch_datetime_operator_2']) retrieved from /home/airflow/.local/lib/python3.7/site-packages/airflow/example_dags/example_branch_datetime_operator.py
[2023-04-27T14:23:01.358+0000] {logging_mixin.py:137} INFO - [2023-04-27T14:23:01.358+0000] {dag.py:2676} INFO - Sync 3 DAGs
[2023-04-27T14:23:01.373+0000] {logging_mixin.py:137} INFO - [2023-04-27T14:23:01.373+0000] {dag.py:3427} INFO - Setting next_dagrun for example_branch_datetime_operator to 2023-04-26T00:00:00+00:00, run_after=2023-04-27T00:00:00+00:00
[2023-04-27T14:23:01.375+0000] {logging_mixin.py:137} INFO - [2023-04-27T14:23:01.375+0000] {dag.py:3427} INFO - Setting next_dagrun for example_branch_datetime_operator_2 to 2023-04-26T00:00:00+00:00, run_after=2023-04-27T00:00:00+00:00
[2023-04-27T14:23:01.377+0000] {logging_mixin.py:137} INFO - [2023-04-27T14:23:01.377+0000] {dag.py:3427} INFO - Setting next_dagrun for example_branch_datetime_operator_3 to 2023-04-26T00:00:00+00:00, run_after=2023-04-27T00:00:00+00:00
[2023-04-27T14:23:01.386+0000] {processor.py:175} INFO - Processing /home/airflow/.local/lib/python3.7/site-packages/airflow/example_dags/example_branch_datetime_operator.py took 0.062 seconds
[2023-04-27T14:23:32.058+0000] {processor.py:153} INFO - Started process (PID=17097) to work on /home/airflow/.local/lib/python3.7/site-packages/airflow/example_dags/example_branch_datetime_operator.py
[2023-04-27T14:23:32.058+0000] {processor.py:743} INFO - Processing file /home/airflow/.local/lib/python3.7/site-packages/airflow/example_dags/example_branch_datetime_operator.py for tasks to queue
[2023-04-27T14:23:32.058+0000] {logging_mixin.py:137} INFO - [2023-04-27T14:23:32.058+0000] {dagbag.py:538} INFO - Filling up the DagBag from /home/airflow/.local/lib/python3.7/site-packages/airflow/example_dags/example_branch_datetime_operator.py
[2023-04-27T14:23:32.068+0000] {processor.py:753} INFO - DAG(s) dict_keys(['example_branch_datetime_operator_3', 'example_branch_datetime_operator', 'example_branch_datetime_operator_2']) retrieved from /home/airflow/.local/lib/python3.7/site-packages/airflow/example_dags/example_branch_datetime_operator.py
[2023-04-27T14:23:32.090+0000] {logging_mixin.py:137} INFO - [2023-04-27T14:23:32.090+0000] {dag.py:2676} INFO - Sync 3 DAGs
[2023-04-27T14:23:32.104+0000] {logging_mixin.py:137} INFO - [2023-04-27T14:23:32.104+0000] {dag.py:3427} INFO - Setting next_dagrun for example_branch_datetime_operator to 2023-04-26T00:00:00+00:00, run_after=2023-04-27T00:00:00+00:00
[2023-04-27T14:23:32.108+0000] {logging_mixin.py:137} INFO - [2023-04-27T14:23:32.108+0000] {dag.py:3427} INFO - Setting next_dagrun for example_branch_datetime_operator_2 to 2023-04-26T00:00:00+00:00, run_after=2023-04-27T00:00:00+00:00
[2023-04-27T14:23:32.109+0000] {logging_mixin.py:137} INFO - [2023-04-27T14:23:32.109+0000] {dag.py:3427} INFO - Setting next_dagrun for example_branch_datetime_operator_3 to 2023-04-26T00:00:00+00:00, run_after=2023-04-27T00:00:00+00:00
[2023-04-27T14:23:32.117+0000] {processor.py:175} INFO - Processing /home/airflow/.local/lib/python3.7/site-packages/airflow/example_dags/example_branch_datetime_operator.py took 0.061 seconds
[2023-04-27T14:24:02.749+0000] {processor.py:153} INFO - Started process (PID=17183) to work on /home/airflow/.local/lib/python3.7/site-packages/airflow/example_dags/example_branch_datetime_operator.py
[2023-04-27T14:24:02.749+0000] {processor.py:743} INFO - Processing file /home/airflow/.local/lib/python3.7/site-packages/airflow/example_dags/example_branch_datetime_operator.py for tasks to queue
[2023-04-27T14:24:02.750+0000] {logging_mixin.py:137} INFO - [2023-04-27T14:24:02.749+0000] {dagbag.py:538} INFO - Filling up the DagBag from /home/airflow/.local/lib/python3.7/site-packages/airflow/example_dags/example_branch_datetime_operator.py
[2023-04-27T14:24:02.759+0000] {processor.py:753} INFO - DAG(s) dict_keys(['example_branch_datetime_operator_3', 'example_branch_datetime_operator', 'example_branch_datetime_operator_2']) retrieved from /home/airflow/.local/lib/python3.7/site-packages/airflow/example_dags/example_branch_datetime_operator.py
[2023-04-27T14:24:02.781+0000] {logging_mixin.py:137} INFO - [2023-04-27T14:24:02.781+0000] {dag.py:2676} INFO - Sync 3 DAGs
[2023-04-27T14:24:02.796+0000] {logging_mixin.py:137} INFO - [2023-04-27T14:24:02.796+0000] {dag.py:3427} INFO - Setting next_dagrun for example_branch_datetime_operator to 2023-04-26T00:00:00+00:00, run_after=2023-04-27T00:00:00+00:00
[2023-04-27T14:24:02.799+0000] {logging_mixin.py:137} INFO - [2023-04-27T14:24:02.799+0000] {dag.py:3427} INFO - Setting next_dagrun for example_branch_datetime_operator_2 to 2023-04-26T00:00:00+00:00, run_after=2023-04-27T00:00:00+00:00
[2023-04-27T14:24:02.800+0000] {logging_mixin.py:137} INFO - [2023-04-27T14:24:02.800+0000] {dag.py:3427} INFO - Setting next_dagrun for example_branch_datetime_operator_3 to 2023-04-26T00:00:00+00:00, run_after=2023-04-27T00:00:00+00:00
[2023-04-27T14:24:02.808+0000] {processor.py:175} INFO - Processing /home/airflow/.local/lib/python3.7/site-packages/airflow/example_dags/example_branch_datetime_operator.py took 0.061 seconds
[2023-04-27T14:24:33.525+0000] {processor.py:153} INFO - Started process (PID=17293) to work on /home/airflow/.local/lib/python3.7/site-packages/airflow/example_dags/example_branch_datetime_operator.py
[2023-04-27T14:24:33.525+0000] {processor.py:743} INFO - Processing file /home/airflow/.local/lib/python3.7/site-packages/airflow/example_dags/example_branch_datetime_operator.py for tasks to queue
[2023-04-27T14:24:33.525+0000] {logging_mixin.py:137} INFO - [2023-04-27T14:24:33.525+0000] {dagbag.py:538} INFO - Filling up the DagBag from /home/airflow/.local/lib/python3.7/site-packages/airflow/example_dags/example_branch_datetime_operator.py
[2023-04-27T14:24:33.539+0000] {processor.py:753} INFO - DAG(s) dict_keys(['example_branch_datetime_operator_3', 'example_branch_datetime_operator_2', 'example_branch_datetime_operator']) retrieved from /home/airflow/.local/lib/python3.7/site-packages/airflow/example_dags/example_branch_datetime_operator.py
[2023-04-27T14:24:33.576+0000] {logging_mixin.py:137} INFO - [2023-04-27T14:24:33.576+0000] {dag.py:2676} INFO - Sync 3 DAGs
[2023-04-27T14:24:33.601+0000] {logging_mixin.py:137} INFO - [2023-04-27T14:24:33.601+0000] {dag.py:3427} INFO - Setting next_dagrun for example_branch_datetime_operator to 2023-04-26T00:00:00+00:00, run_after=2023-04-27T00:00:00+00:00
[2023-04-27T14:24:33.605+0000] {logging_mixin.py:137} INFO - [2023-04-27T14:24:33.605+0000] {dag.py:3427} INFO - Setting next_dagrun for example_branch_datetime_operator_2 to 2023-04-26T00:00:00+00:00, run_after=2023-04-27T00:00:00+00:00
[2023-04-27T14:24:33.607+0000] {logging_mixin.py:137} INFO - [2023-04-27T14:24:33.607+0000] {dag.py:3427} INFO - Setting next_dagrun for example_branch_datetime_operator_3 to 2023-04-26T00:00:00+00:00, run_after=2023-04-27T00:00:00+00:00
[2023-04-27T14:24:33.621+0000] {processor.py:175} INFO - Processing /home/airflow/.local/lib/python3.7/site-packages/airflow/example_dags/example_branch_datetime_operator.py took 0.098 seconds
[2023-04-27T14:25:04.280+0000] {processor.py:153} INFO - Started process (PID=17403) to work on /home/airflow/.local/lib/python3.7/site-packages/airflow/example_dags/example_branch_datetime_operator.py
[2023-04-27T14:25:04.281+0000] {processor.py:743} INFO - Processing file /home/airflow/.local/lib/python3.7/site-packages/airflow/example_dags/example_branch_datetime_operator.py for tasks to queue
[2023-04-27T14:25:04.282+0000] {logging_mixin.py:137} INFO - [2023-04-27T14:25:04.282+0000] {dagbag.py:538} INFO - Filling up the DagBag from /home/airflow/.local/lib/python3.7/site-packages/airflow/example_dags/example_branch_datetime_operator.py
[2023-04-27T14:25:04.293+0000] {processor.py:753} INFO - DAG(s) dict_keys(['example_branch_datetime_operator_3', 'example_branch_datetime_operator', 'example_branch_datetime_operator_2']) retrieved from /home/airflow/.local/lib/python3.7/site-packages/airflow/example_dags/example_branch_datetime_operator.py
[2023-04-27T14:25:04.320+0000] {logging_mixin.py:137} INFO - [2023-04-27T14:25:04.319+0000] {dag.py:2676} INFO - Sync 3 DAGs
[2023-04-27T14:25:04.337+0000] {logging_mixin.py:137} INFO - [2023-04-27T14:25:04.337+0000] {dag.py:3427} INFO - Setting next_dagrun for example_branch_datetime_operator to 2023-04-26T00:00:00+00:00, run_after=2023-04-27T00:00:00+00:00
[2023-04-27T14:25:04.340+0000] {logging_mixin.py:137} INFO - [2023-04-27T14:25:04.340+0000] {dag.py:3427} INFO - Setting next_dagrun for example_branch_datetime_operator_2 to 2023-04-26T00:00:00+00:00, run_after=2023-04-27T00:00:00+00:00
[2023-04-27T14:25:04.341+0000] {logging_mixin.py:137} INFO - [2023-04-27T14:25:04.341+0000] {dag.py:3427} INFO - Setting next_dagrun for example_branch_datetime_operator_3 to 2023-04-26T00:00:00+00:00, run_after=2023-04-27T00:00:00+00:00
[2023-04-27T14:25:04.351+0000] {processor.py:175} INFO - Processing /home/airflow/.local/lib/python3.7/site-packages/airflow/example_dags/example_branch_datetime_operator.py took 0.072 seconds
[2023-04-27T14:25:34.750+0000] {processor.py:153} INFO - Started process (PID=17489) to work on /home/airflow/.local/lib/python3.7/site-packages/airflow/example_dags/example_branch_datetime_operator.py
[2023-04-27T14:25:34.750+0000] {processor.py:743} INFO - Processing file /home/airflow/.local/lib/python3.7/site-packages/airflow/example_dags/example_branch_datetime_operator.py for tasks to queue
[2023-04-27T14:25:34.750+0000] {logging_mixin.py:137} INFO - [2023-04-27T14:25:34.750+0000] {dagbag.py:538} INFO - Filling up the DagBag from /home/airflow/.local/lib/python3.7/site-packages/airflow/example_dags/example_branch_datetime_operator.py
[2023-04-27T14:25:34.760+0000] {processor.py:753} INFO - DAG(s) dict_keys(['example_branch_datetime_operator', 'example_branch_datetime_operator_2', 'example_branch_datetime_operator_3']) retrieved from /home/airflow/.local/lib/python3.7/site-packages/airflow/example_dags/example_branch_datetime_operator.py
[2023-04-27T14:25:34.782+0000] {logging_mixin.py:137} INFO - [2023-04-27T14:25:34.782+0000] {dag.py:2676} INFO - Sync 3 DAGs
[2023-04-27T14:25:34.797+0000] {logging_mixin.py:137} INFO - [2023-04-27T14:25:34.797+0000] {dag.py:3427} INFO - Setting next_dagrun for example_branch_datetime_operator to 2023-04-26T00:00:00+00:00, run_after=2023-04-27T00:00:00+00:00
[2023-04-27T14:25:34.800+0000] {logging_mixin.py:137} INFO - [2023-04-27T14:25:34.800+0000] {dag.py:3427} INFO - Setting next_dagrun for example_branch_datetime_operator_2 to 2023-04-26T00:00:00+00:00, run_after=2023-04-27T00:00:00+00:00
[2023-04-27T14:25:34.801+0000] {logging_mixin.py:137} INFO - [2023-04-27T14:25:34.801+0000] {dag.py:3427} INFO - Setting next_dagrun for example_branch_datetime_operator_3 to 2023-04-26T00:00:00+00:00, run_after=2023-04-27T00:00:00+00:00
[2023-04-27T14:25:34.809+0000] {processor.py:175} INFO - Processing /home/airflow/.local/lib/python3.7/site-packages/airflow/example_dags/example_branch_datetime_operator.py took 0.060 seconds
[2023-04-27T14:26:05.610+0000] {processor.py:153} INFO - Started process (PID=17599) to work on /home/airflow/.local/lib/python3.7/site-packages/airflow/example_dags/example_branch_datetime_operator.py
[2023-04-27T14:26:05.610+0000] {processor.py:743} INFO - Processing file /home/airflow/.local/lib/python3.7/site-packages/airflow/example_dags/example_branch_datetime_operator.py for tasks to queue
[2023-04-27T14:26:05.611+0000] {logging_mixin.py:137} INFO - [2023-04-27T14:26:05.611+0000] {dagbag.py:538} INFO - Filling up the DagBag from /home/airflow/.local/lib/python3.7/site-packages/airflow/example_dags/example_branch_datetime_operator.py
[2023-04-27T14:26:05.620+0000] {processor.py:753} INFO - DAG(s) dict_keys(['example_branch_datetime_operator_3', 'example_branch_datetime_operator', 'example_branch_datetime_operator_2']) retrieved from /home/airflow/.local/lib/python3.7/site-packages/airflow/example_dags/example_branch_datetime_operator.py
[2023-04-27T14:26:05.647+0000] {logging_mixin.py:137} INFO - [2023-04-27T14:26:05.647+0000] {dag.py:2676} INFO - Sync 3 DAGs
[2023-04-27T14:26:05.666+0000] {logging_mixin.py:137} INFO - [2023-04-27T14:26:05.666+0000] {dag.py:3427} INFO - Setting next_dagrun for example_branch_datetime_operator to 2023-04-26T00:00:00+00:00, run_after=2023-04-27T00:00:00+00:00
[2023-04-27T14:26:05.669+0000] {logging_mixin.py:137} INFO - [2023-04-27T14:26:05.669+0000] {dag.py:3427} INFO - Setting next_dagrun for example_branch_datetime_operator_2 to 2023-04-26T00:00:00+00:00, run_after=2023-04-27T00:00:00+00:00
[2023-04-27T14:26:05.670+0000] {logging_mixin.py:137} INFO - [2023-04-27T14:26:05.670+0000] {dag.py:3427} INFO - Setting next_dagrun for example_branch_datetime_operator_3 to 2023-04-26T00:00:00+00:00, run_after=2023-04-27T00:00:00+00:00
[2023-04-27T14:26:05.682+0000] {processor.py:175} INFO - Processing /home/airflow/.local/lib/python3.7/site-packages/airflow/example_dags/example_branch_datetime_operator.py took 0.074 seconds
