[2023-04-27T14:20:59.073+0000] {processor.py:153} INFO - Started process (PID=16585) to work on /home/airflow/.local/lib/python3.7/site-packages/airflow/example_dags/example_branch_operator_decorator.py
[2023-04-27T14:20:59.073+0000] {processor.py:743} INFO - Processing file /home/airflow/.local/lib/python3.7/site-packages/airflow/example_dags/example_branch_operator_decorator.py for tasks to queue
[2023-04-27T14:20:59.073+0000] {logging_mixin.py:137} INFO - [2023-04-27T14:20:59.073+0000] {dagbag.py:538} INFO - Filling up the DagBag from /home/airflow/.local/lib/python3.7/site-packages/airflow/example_dags/example_branch_operator_decorator.py
[2023-04-27T14:20:59.088+0000] {processor.py:753} INFO - DAG(s) dict_keys(['example_branch_python_operator_decorator']) retrieved from /home/airflow/.local/lib/python3.7/site-packages/airflow/example_dags/example_branch_operator_decorator.py
[2023-04-27T14:20:59.109+0000] {logging_mixin.py:137} INFO - [2023-04-27T14:20:59.108+0000] {dag.py:2676} INFO - Sync 1 DAGs
[2023-04-27T14:20:59.125+0000] {logging_mixin.py:137} INFO - [2023-04-27T14:20:59.125+0000] {dag.py:3427} INFO - Setting next_dagrun for example_branch_python_operator_decorator to 2023-04-26T00:00:00+00:00, run_after=2023-04-27T00:00:00+00:00
[2023-04-27T14:20:59.136+0000] {processor.py:175} INFO - Processing /home/airflow/.local/lib/python3.7/site-packages/airflow/example_dags/example_branch_operator_decorator.py took 0.065 seconds
[2023-04-27T14:21:29.725+0000] {processor.py:153} INFO - Started process (PID=16686) to work on /home/airflow/.local/lib/python3.7/site-packages/airflow/example_dags/example_branch_operator_decorator.py
[2023-04-27T14:21:29.726+0000] {processor.py:743} INFO - Processing file /home/airflow/.local/lib/python3.7/site-packages/airflow/example_dags/example_branch_operator_decorator.py for tasks to queue
[2023-04-27T14:21:29.726+0000] {logging_mixin.py:137} INFO - [2023-04-27T14:21:29.726+0000] {dagbag.py:538} INFO - Filling up the DagBag from /home/airflow/.local/lib/python3.7/site-packages/airflow/example_dags/example_branch_operator_decorator.py
[2023-04-27T14:21:29.740+0000] {processor.py:753} INFO - DAG(s) dict_keys(['example_branch_python_operator_decorator']) retrieved from /home/airflow/.local/lib/python3.7/site-packages/airflow/example_dags/example_branch_operator_decorator.py
[2023-04-27T14:21:29.761+0000] {logging_mixin.py:137} INFO - [2023-04-27T14:21:29.761+0000] {dag.py:2676} INFO - Sync 1 DAGs
[2023-04-27T14:21:29.777+0000] {logging_mixin.py:137} INFO - [2023-04-27T14:21:29.777+0000] {dag.py:3427} INFO - Setting next_dagrun for example_branch_python_operator_decorator to 2023-04-26T00:00:00+00:00, run_after=2023-04-27T00:00:00+00:00
[2023-04-27T14:21:29.786+0000] {processor.py:175} INFO - Processing /home/airflow/.local/lib/python3.7/site-packages/airflow/example_dags/example_branch_operator_decorator.py took 0.062 seconds
[2023-04-27T14:22:00.501+0000] {processor.py:153} INFO - Started process (PID=16796) to work on /home/airflow/.local/lib/python3.7/site-packages/airflow/example_dags/example_branch_operator_decorator.py
[2023-04-27T14:22:00.502+0000] {processor.py:743} INFO - Processing file /home/airflow/.local/lib/python3.7/site-packages/airflow/example_dags/example_branch_operator_decorator.py for tasks to queue
[2023-04-27T14:22:00.502+0000] {logging_mixin.py:137} INFO - [2023-04-27T14:22:00.502+0000] {dagbag.py:538} INFO - Filling up the DagBag from /home/airflow/.local/lib/python3.7/site-packages/airflow/example_dags/example_branch_operator_decorator.py
[2023-04-27T14:22:00.518+0000] {processor.py:753} INFO - DAG(s) dict_keys(['example_branch_python_operator_decorator']) retrieved from /home/airflow/.local/lib/python3.7/site-packages/airflow/example_dags/example_branch_operator_decorator.py
[2023-04-27T14:22:00.541+0000] {logging_mixin.py:137} INFO - [2023-04-27T14:22:00.541+0000] {dag.py:2676} INFO - Sync 1 DAGs
[2023-04-27T14:22:00.557+0000] {logging_mixin.py:137} INFO - [2023-04-27T14:22:00.557+0000] {dag.py:3427} INFO - Setting next_dagrun for example_branch_python_operator_decorator to 2023-04-26T00:00:00+00:00, run_after=2023-04-27T00:00:00+00:00
[2023-04-27T14:22:00.567+0000] {processor.py:175} INFO - Processing /home/airflow/.local/lib/python3.7/site-packages/airflow/example_dags/example_branch_operator_decorator.py took 0.067 seconds
[2023-04-27T14:22:31.031+0000] {processor.py:153} INFO - Started process (PID=16882) to work on /home/airflow/.local/lib/python3.7/site-packages/airflow/example_dags/example_branch_operator_decorator.py
[2023-04-27T14:22:31.031+0000] {processor.py:743} INFO - Processing file /home/airflow/.local/lib/python3.7/site-packages/airflow/example_dags/example_branch_operator_decorator.py for tasks to queue
[2023-04-27T14:22:31.032+0000] {logging_mixin.py:137} INFO - [2023-04-27T14:22:31.032+0000] {dagbag.py:538} INFO - Filling up the DagBag from /home/airflow/.local/lib/python3.7/site-packages/airflow/example_dags/example_branch_operator_decorator.py
[2023-04-27T14:22:31.046+0000] {processor.py:753} INFO - DAG(s) dict_keys(['example_branch_python_operator_decorator']) retrieved from /home/airflow/.local/lib/python3.7/site-packages/airflow/example_dags/example_branch_operator_decorator.py
[2023-04-27T14:22:31.103+0000] {logging_mixin.py:137} INFO - [2023-04-27T14:22:31.103+0000] {dag.py:2676} INFO - Sync 1 DAGs
[2023-04-27T14:22:31.118+0000] {logging_mixin.py:137} INFO - [2023-04-27T14:22:31.118+0000] {dag.py:3427} INFO - Setting next_dagrun for example_branch_python_operator_decorator to 2023-04-26T00:00:00+00:00, run_after=2023-04-27T00:00:00+00:00
[2023-04-27T14:22:31.127+0000] {processor.py:175} INFO - Processing /home/airflow/.local/lib/python3.7/site-packages/airflow/example_dags/example_branch_operator_decorator.py took 0.098 seconds
[2023-04-27T14:23:01.598+0000] {processor.py:153} INFO - Started process (PID=16992) to work on /home/airflow/.local/lib/python3.7/site-packages/airflow/example_dags/example_branch_operator_decorator.py
[2023-04-27T14:23:01.598+0000] {processor.py:743} INFO - Processing file /home/airflow/.local/lib/python3.7/site-packages/airflow/example_dags/example_branch_operator_decorator.py for tasks to queue
[2023-04-27T14:23:01.599+0000] {logging_mixin.py:137} INFO - [2023-04-27T14:23:01.598+0000] {dagbag.py:538} INFO - Filling up the DagBag from /home/airflow/.local/lib/python3.7/site-packages/airflow/example_dags/example_branch_operator_decorator.py
[2023-04-27T14:23:01.613+0000] {processor.py:753} INFO - DAG(s) dict_keys(['example_branch_python_operator_decorator']) retrieved from /home/airflow/.local/lib/python3.7/site-packages/airflow/example_dags/example_branch_operator_decorator.py
[2023-04-27T14:23:01.633+0000] {logging_mixin.py:137} INFO - [2023-04-27T14:23:01.633+0000] {dag.py:2676} INFO - Sync 1 DAGs
[2023-04-27T14:23:01.648+0000] {logging_mixin.py:137} INFO - [2023-04-27T14:23:01.647+0000] {dag.py:3427} INFO - Setting next_dagrun for example_branch_python_operator_decorator to 2023-04-26T00:00:00+00:00, run_after=2023-04-27T00:00:00+00:00
[2023-04-27T14:23:01.657+0000] {processor.py:175} INFO - Processing /home/airflow/.local/lib/python3.7/site-packages/airflow/example_dags/example_branch_operator_decorator.py took 0.061 seconds
[2023-04-27T14:23:32.314+0000] {processor.py:153} INFO - Started process (PID=17102) to work on /home/airflow/.local/lib/python3.7/site-packages/airflow/example_dags/example_branch_operator_decorator.py
[2023-04-27T14:23:32.314+0000] {processor.py:743} INFO - Processing file /home/airflow/.local/lib/python3.7/site-packages/airflow/example_dags/example_branch_operator_decorator.py for tasks to queue
[2023-04-27T14:23:32.315+0000] {logging_mixin.py:137} INFO - [2023-04-27T14:23:32.315+0000] {dagbag.py:538} INFO - Filling up the DagBag from /home/airflow/.local/lib/python3.7/site-packages/airflow/example_dags/example_branch_operator_decorator.py
[2023-04-27T14:23:32.335+0000] {processor.py:753} INFO - DAG(s) dict_keys(['example_branch_python_operator_decorator']) retrieved from /home/airflow/.local/lib/python3.7/site-packages/airflow/example_dags/example_branch_operator_decorator.py
[2023-04-27T14:23:32.363+0000] {logging_mixin.py:137} INFO - [2023-04-27T14:23:32.363+0000] {dag.py:2676} INFO - Sync 1 DAGs
[2023-04-27T14:23:32.388+0000] {logging_mixin.py:137} INFO - [2023-04-27T14:23:32.388+0000] {dag.py:3427} INFO - Setting next_dagrun for example_branch_python_operator_decorator to 2023-04-26T00:00:00+00:00, run_after=2023-04-27T00:00:00+00:00
[2023-04-27T14:23:32.409+0000] {processor.py:175} INFO - Processing /home/airflow/.local/lib/python3.7/site-packages/airflow/example_dags/example_branch_operator_decorator.py took 0.097 seconds
[2023-04-27T14:24:03.066+0000] {processor.py:153} INFO - Started process (PID=17195) to work on /home/airflow/.local/lib/python3.7/site-packages/airflow/example_dags/example_branch_operator_decorator.py
[2023-04-27T14:24:03.066+0000] {processor.py:743} INFO - Processing file /home/airflow/.local/lib/python3.7/site-packages/airflow/example_dags/example_branch_operator_decorator.py for tasks to queue
[2023-04-27T14:24:03.067+0000] {logging_mixin.py:137} INFO - [2023-04-27T14:24:03.067+0000] {dagbag.py:538} INFO - Filling up the DagBag from /home/airflow/.local/lib/python3.7/site-packages/airflow/example_dags/example_branch_operator_decorator.py
[2023-04-27T14:24:03.081+0000] {processor.py:753} INFO - DAG(s) dict_keys(['example_branch_python_operator_decorator']) retrieved from /home/airflow/.local/lib/python3.7/site-packages/airflow/example_dags/example_branch_operator_decorator.py
[2023-04-27T14:24:03.103+0000] {logging_mixin.py:137} INFO - [2023-04-27T14:24:03.103+0000] {dag.py:2676} INFO - Sync 1 DAGs
[2023-04-27T14:24:03.119+0000] {logging_mixin.py:137} INFO - [2023-04-27T14:24:03.118+0000] {dag.py:3427} INFO - Setting next_dagrun for example_branch_python_operator_decorator to 2023-04-26T00:00:00+00:00, run_after=2023-04-27T00:00:00+00:00
[2023-04-27T14:24:03.128+0000] {processor.py:175} INFO - Processing /home/airflow/.local/lib/python3.7/site-packages/airflow/example_dags/example_branch_operator_decorator.py took 0.064 seconds
[2023-04-27T14:24:33.832+0000] {processor.py:153} INFO - Started process (PID=17298) to work on /home/airflow/.local/lib/python3.7/site-packages/airflow/example_dags/example_branch_operator_decorator.py
[2023-04-27T14:24:33.833+0000] {processor.py:743} INFO - Processing file /home/airflow/.local/lib/python3.7/site-packages/airflow/example_dags/example_branch_operator_decorator.py for tasks to queue
[2023-04-27T14:24:33.834+0000] {logging_mixin.py:137} INFO - [2023-04-27T14:24:33.834+0000] {dagbag.py:538} INFO - Filling up the DagBag from /home/airflow/.local/lib/python3.7/site-packages/airflow/example_dags/example_branch_operator_decorator.py
[2023-04-27T14:24:33.857+0000] {processor.py:753} INFO - DAG(s) dict_keys(['example_branch_python_operator_decorator']) retrieved from /home/airflow/.local/lib/python3.7/site-packages/airflow/example_dags/example_branch_operator_decorator.py
[2023-04-27T14:24:33.889+0000] {logging_mixin.py:137} INFO - [2023-04-27T14:24:33.889+0000] {dag.py:2676} INFO - Sync 1 DAGs
[2023-04-27T14:24:33.913+0000] {logging_mixin.py:137} INFO - [2023-04-27T14:24:33.913+0000] {dag.py:3427} INFO - Setting next_dagrun for example_branch_python_operator_decorator to 2023-04-26T00:00:00+00:00, run_after=2023-04-27T00:00:00+00:00
[2023-04-27T14:24:33.925+0000] {processor.py:175} INFO - Processing /home/airflow/.local/lib/python3.7/site-packages/airflow/example_dags/example_branch_operator_decorator.py took 0.095 seconds
[2023-04-27T14:25:04.467+0000] {processor.py:153} INFO - Started process (PID=17408) to work on /home/airflow/.local/lib/python3.7/site-packages/airflow/example_dags/example_branch_operator_decorator.py
[2023-04-27T14:25:04.468+0000] {processor.py:743} INFO - Processing file /home/airflow/.local/lib/python3.7/site-packages/airflow/example_dags/example_branch_operator_decorator.py for tasks to queue
[2023-04-27T14:25:04.468+0000] {logging_mixin.py:137} INFO - [2023-04-27T14:25:04.468+0000] {dagbag.py:538} INFO - Filling up the DagBag from /home/airflow/.local/lib/python3.7/site-packages/airflow/example_dags/example_branch_operator_decorator.py
[2023-04-27T14:25:04.484+0000] {processor.py:753} INFO - DAG(s) dict_keys(['example_branch_python_operator_decorator']) retrieved from /home/airflow/.local/lib/python3.7/site-packages/airflow/example_dags/example_branch_operator_decorator.py
[2023-04-27T14:25:04.506+0000] {logging_mixin.py:137} INFO - [2023-04-27T14:25:04.506+0000] {dag.py:2676} INFO - Sync 1 DAGs
[2023-04-27T14:25:04.523+0000] {logging_mixin.py:137} INFO - [2023-04-27T14:25:04.522+0000] {dag.py:3427} INFO - Setting next_dagrun for example_branch_python_operator_decorator to 2023-04-26T00:00:00+00:00, run_after=2023-04-27T00:00:00+00:00
[2023-04-27T14:25:04.532+0000] {processor.py:175} INFO - Processing /home/airflow/.local/lib/python3.7/site-packages/airflow/example_dags/example_branch_operator_decorator.py took 0.067 seconds
[2023-04-27T14:25:35.022+0000] {processor.py:153} INFO - Started process (PID=17494) to work on /home/airflow/.local/lib/python3.7/site-packages/airflow/example_dags/example_branch_operator_decorator.py
[2023-04-27T14:25:35.022+0000] {processor.py:743} INFO - Processing file /home/airflow/.local/lib/python3.7/site-packages/airflow/example_dags/example_branch_operator_decorator.py for tasks to queue
[2023-04-27T14:25:35.023+0000] {logging_mixin.py:137} INFO - [2023-04-27T14:25:35.023+0000] {dagbag.py:538} INFO - Filling up the DagBag from /home/airflow/.local/lib/python3.7/site-packages/airflow/example_dags/example_branch_operator_decorator.py
[2023-04-27T14:25:35.036+0000] {processor.py:753} INFO - DAG(s) dict_keys(['example_branch_python_operator_decorator']) retrieved from /home/airflow/.local/lib/python3.7/site-packages/airflow/example_dags/example_branch_operator_decorator.py
[2023-04-27T14:25:35.055+0000] {logging_mixin.py:137} INFO - [2023-04-27T14:25:35.055+0000] {dag.py:2676} INFO - Sync 1 DAGs
[2023-04-27T14:25:35.070+0000] {logging_mixin.py:137} INFO - [2023-04-27T14:25:35.070+0000] {dag.py:3427} INFO - Setting next_dagrun for example_branch_python_operator_decorator to 2023-04-26T00:00:00+00:00, run_after=2023-04-27T00:00:00+00:00
[2023-04-27T14:25:35.078+0000] {processor.py:175} INFO - Processing /home/airflow/.local/lib/python3.7/site-packages/airflow/example_dags/example_branch_operator_decorator.py took 0.058 seconds
