[2023-04-27T14:20:58.999+0000] {processor.py:153} INFO - Started process (PID=16583) to work on /home/airflow/.local/lib/python3.7/site-packages/airflow/example_dags/example_kubernetes_executor.py
[2023-04-27T14:20:59.000+0000] {processor.py:743} INFO - Processing file /home/airflow/.local/lib/python3.7/site-packages/airflow/example_dags/example_kubernetes_executor.py for tasks to queue
[2023-04-27T14:20:59.000+0000] {logging_mixin.py:137} INFO - [2023-04-27T14:20:59.000+0000] {dagbag.py:538} INFO - Filling up the DagBag from /home/airflow/.local/lib/python3.7/site-packages/airflow/example_dags/example_kubernetes_executor.py
[2023-04-27T14:20:59.017+0000] {processor.py:753} INFO - DAG(s) dict_keys(['example_kubernetes_executor']) retrieved from /home/airflow/.local/lib/python3.7/site-packages/airflow/example_dags/example_kubernetes_executor.py
[2023-04-27T14:20:59.040+0000] {logging_mixin.py:137} INFO - [2023-04-27T14:20:59.040+0000] {dag.py:2676} INFO - Sync 1 DAGs
[2023-04-27T14:20:59.055+0000] {logging_mixin.py:137} INFO - [2023-04-27T14:20:59.055+0000] {dag.py:3427} INFO - Setting next_dagrun for example_kubernetes_executor to None, run_after=None
[2023-04-27T14:20:59.064+0000] {processor.py:175} INFO - Processing /home/airflow/.local/lib/python3.7/site-packages/airflow/example_dags/example_kubernetes_executor.py took 0.066 seconds
[2023-04-27T14:21:29.651+0000] {processor.py:153} INFO - Started process (PID=16684) to work on /home/airflow/.local/lib/python3.7/site-packages/airflow/example_dags/example_kubernetes_executor.py
[2023-04-27T14:21:29.651+0000] {processor.py:743} INFO - Processing file /home/airflow/.local/lib/python3.7/site-packages/airflow/example_dags/example_kubernetes_executor.py for tasks to queue
[2023-04-27T14:21:29.652+0000] {logging_mixin.py:137} INFO - [2023-04-27T14:21:29.652+0000] {dagbag.py:538} INFO - Filling up the DagBag from /home/airflow/.local/lib/python3.7/site-packages/airflow/example_dags/example_kubernetes_executor.py
[2023-04-27T14:21:29.668+0000] {processor.py:753} INFO - DAG(s) dict_keys(['example_kubernetes_executor']) retrieved from /home/airflow/.local/lib/python3.7/site-packages/airflow/example_dags/example_kubernetes_executor.py
[2023-04-27T14:21:29.690+0000] {logging_mixin.py:137} INFO - [2023-04-27T14:21:29.690+0000] {dag.py:2676} INFO - Sync 1 DAGs
[2023-04-27T14:21:29.704+0000] {logging_mixin.py:137} INFO - [2023-04-27T14:21:29.704+0000] {dag.py:3427} INFO - Setting next_dagrun for example_kubernetes_executor to None, run_after=None
[2023-04-27T14:21:29.714+0000] {processor.py:175} INFO - Processing /home/airflow/.local/lib/python3.7/site-packages/airflow/example_dags/example_kubernetes_executor.py took 0.064 seconds
[2023-04-27T14:22:00.406+0000] {processor.py:153} INFO - Started process (PID=16794) to work on /home/airflow/.local/lib/python3.7/site-packages/airflow/example_dags/example_kubernetes_executor.py
[2023-04-27T14:22:00.409+0000] {processor.py:743} INFO - Processing file /home/airflow/.local/lib/python3.7/site-packages/airflow/example_dags/example_kubernetes_executor.py for tasks to queue
[2023-04-27T14:22:00.410+0000] {logging_mixin.py:137} INFO - [2023-04-27T14:22:00.410+0000] {dagbag.py:538} INFO - Filling up the DagBag from /home/airflow/.local/lib/python3.7/site-packages/airflow/example_dags/example_kubernetes_executor.py
[2023-04-27T14:22:00.430+0000] {processor.py:753} INFO - DAG(s) dict_keys(['example_kubernetes_executor']) retrieved from /home/airflow/.local/lib/python3.7/site-packages/airflow/example_dags/example_kubernetes_executor.py
[2023-04-27T14:22:00.463+0000] {logging_mixin.py:137} INFO - [2023-04-27T14:22:00.463+0000] {dag.py:2676} INFO - Sync 1 DAGs
[2023-04-27T14:22:00.479+0000] {logging_mixin.py:137} INFO - [2023-04-27T14:22:00.479+0000] {dag.py:3427} INFO - Setting next_dagrun for example_kubernetes_executor to None, run_after=None
[2023-04-27T14:22:00.489+0000] {processor.py:175} INFO - Processing /home/airflow/.local/lib/python3.7/site-packages/airflow/example_dags/example_kubernetes_executor.py took 0.085 seconds
[2023-04-27T14:22:30.902+0000] {processor.py:153} INFO - Started process (PID=16880) to work on /home/airflow/.local/lib/python3.7/site-packages/airflow/example_dags/example_kubernetes_executor.py
[2023-04-27T14:22:30.902+0000] {processor.py:743} INFO - Processing file /home/airflow/.local/lib/python3.7/site-packages/airflow/example_dags/example_kubernetes_executor.py for tasks to queue
[2023-04-27T14:22:30.902+0000] {logging_mixin.py:137} INFO - [2023-04-27T14:22:30.902+0000] {dagbag.py:538} INFO - Filling up the DagBag from /home/airflow/.local/lib/python3.7/site-packages/airflow/example_dags/example_kubernetes_executor.py
[2023-04-27T14:22:30.918+0000] {processor.py:753} INFO - DAG(s) dict_keys(['example_kubernetes_executor']) retrieved from /home/airflow/.local/lib/python3.7/site-packages/airflow/example_dags/example_kubernetes_executor.py
[2023-04-27T14:22:30.939+0000] {logging_mixin.py:137} INFO - [2023-04-27T14:22:30.939+0000] {dag.py:2676} INFO - Sync 1 DAGs
[2023-04-27T14:22:30.952+0000] {logging_mixin.py:137} INFO - [2023-04-27T14:22:30.952+0000] {dag.py:3427} INFO - Setting next_dagrun for example_kubernetes_executor to None, run_after=None
[2023-04-27T14:22:30.961+0000] {processor.py:175} INFO - Processing /home/airflow/.local/lib/python3.7/site-packages/airflow/example_dags/example_kubernetes_executor.py took 0.061 seconds
[2023-04-27T14:23:01.462+0000] {processor.py:153} INFO - Started process (PID=16990) to work on /home/airflow/.local/lib/python3.7/site-packages/airflow/example_dags/example_kubernetes_executor.py
[2023-04-27T14:23:01.462+0000] {processor.py:743} INFO - Processing file /home/airflow/.local/lib/python3.7/site-packages/airflow/example_dags/example_kubernetes_executor.py for tasks to queue
[2023-04-27T14:23:01.462+0000] {logging_mixin.py:137} INFO - [2023-04-27T14:23:01.462+0000] {dagbag.py:538} INFO - Filling up the DagBag from /home/airflow/.local/lib/python3.7/site-packages/airflow/example_dags/example_kubernetes_executor.py
[2023-04-27T14:23:01.478+0000] {processor.py:753} INFO - DAG(s) dict_keys(['example_kubernetes_executor']) retrieved from /home/airflow/.local/lib/python3.7/site-packages/airflow/example_dags/example_kubernetes_executor.py
[2023-04-27T14:23:01.504+0000] {logging_mixin.py:137} INFO - [2023-04-27T14:23:01.504+0000] {dag.py:2676} INFO - Sync 1 DAGs
[2023-04-27T14:23:01.518+0000] {logging_mixin.py:137} INFO - [2023-04-27T14:23:01.518+0000] {dag.py:3427} INFO - Setting next_dagrun for example_kubernetes_executor to None, run_after=None
[2023-04-27T14:23:01.528+0000] {processor.py:175} INFO - Processing /home/airflow/.local/lib/python3.7/site-packages/airflow/example_dags/example_kubernetes_executor.py took 0.067 seconds
[2023-04-27T14:23:32.214+0000] {processor.py:153} INFO - Started process (PID=17100) to work on /home/airflow/.local/lib/python3.7/site-packages/airflow/example_dags/example_kubernetes_executor.py
[2023-04-27T14:23:32.215+0000] {processor.py:743} INFO - Processing file /home/airflow/.local/lib/python3.7/site-packages/airflow/example_dags/example_kubernetes_executor.py for tasks to queue
[2023-04-27T14:23:32.216+0000] {logging_mixin.py:137} INFO - [2023-04-27T14:23:32.215+0000] {dagbag.py:538} INFO - Filling up the DagBag from /home/airflow/.local/lib/python3.7/site-packages/airflow/example_dags/example_kubernetes_executor.py
[2023-04-27T14:23:32.235+0000] {processor.py:753} INFO - DAG(s) dict_keys(['example_kubernetes_executor']) retrieved from /home/airflow/.local/lib/python3.7/site-packages/airflow/example_dags/example_kubernetes_executor.py
[2023-04-27T14:23:32.259+0000] {logging_mixin.py:137} INFO - [2023-04-27T14:23:32.259+0000] {dag.py:2676} INFO - Sync 1 DAGs
[2023-04-27T14:23:32.278+0000] {logging_mixin.py:137} INFO - [2023-04-27T14:23:32.278+0000] {dag.py:3427} INFO - Setting next_dagrun for example_kubernetes_executor to None, run_after=None
[2023-04-27T14:23:32.294+0000] {processor.py:175} INFO - Processing /home/airflow/.local/lib/python3.7/site-packages/airflow/example_dags/example_kubernetes_executor.py took 0.082 seconds
[2023-04-27T14:24:02.886+0000] {processor.py:153} INFO - Started process (PID=17186) to work on /home/airflow/.local/lib/python3.7/site-packages/airflow/example_dags/example_kubernetes_executor.py
[2023-04-27T14:24:02.887+0000] {processor.py:743} INFO - Processing file /home/airflow/.local/lib/python3.7/site-packages/airflow/example_dags/example_kubernetes_executor.py for tasks to queue
[2023-04-27T14:24:02.887+0000] {logging_mixin.py:137} INFO - [2023-04-27T14:24:02.887+0000] {dagbag.py:538} INFO - Filling up the DagBag from /home/airflow/.local/lib/python3.7/site-packages/airflow/example_dags/example_kubernetes_executor.py
[2023-04-27T14:24:02.903+0000] {processor.py:753} INFO - DAG(s) dict_keys(['example_kubernetes_executor']) retrieved from /home/airflow/.local/lib/python3.7/site-packages/airflow/example_dags/example_kubernetes_executor.py
[2023-04-27T14:24:02.925+0000] {logging_mixin.py:137} INFO - [2023-04-27T14:24:02.924+0000] {dag.py:2676} INFO - Sync 1 DAGs
[2023-04-27T14:24:02.938+0000] {logging_mixin.py:137} INFO - [2023-04-27T14:24:02.938+0000] {dag.py:3427} INFO - Setting next_dagrun for example_kubernetes_executor to None, run_after=None
[2023-04-27T14:24:02.947+0000] {processor.py:175} INFO - Processing /home/airflow/.local/lib/python3.7/site-packages/airflow/example_dags/example_kubernetes_executor.py took 0.062 seconds
[2023-04-27T14:24:33.727+0000] {processor.py:153} INFO - Started process (PID=17296) to work on /home/airflow/.local/lib/python3.7/site-packages/airflow/example_dags/example_kubernetes_executor.py
[2023-04-27T14:24:33.728+0000] {processor.py:743} INFO - Processing file /home/airflow/.local/lib/python3.7/site-packages/airflow/example_dags/example_kubernetes_executor.py for tasks to queue
[2023-04-27T14:24:33.728+0000] {logging_mixin.py:137} INFO - [2023-04-27T14:24:33.728+0000] {dagbag.py:538} INFO - Filling up the DagBag from /home/airflow/.local/lib/python3.7/site-packages/airflow/example_dags/example_kubernetes_executor.py
[2023-04-27T14:24:33.750+0000] {processor.py:753} INFO - DAG(s) dict_keys(['example_kubernetes_executor']) retrieved from /home/airflow/.local/lib/python3.7/site-packages/airflow/example_dags/example_kubernetes_executor.py
[2023-04-27T14:24:33.784+0000] {logging_mixin.py:137} INFO - [2023-04-27T14:24:33.783+0000] {dag.py:2676} INFO - Sync 1 DAGs
[2023-04-27T14:24:33.802+0000] {logging_mixin.py:137} INFO - [2023-04-27T14:24:33.802+0000] {dag.py:3427} INFO - Setting next_dagrun for example_kubernetes_executor to None, run_after=None
[2023-04-27T14:24:33.820+0000] {processor.py:175} INFO - Processing /home/airflow/.local/lib/python3.7/site-packages/airflow/example_dags/example_kubernetes_executor.py took 0.096 seconds
[2023-04-27T14:25:04.381+0000] {processor.py:153} INFO - Started process (PID=17406) to work on /home/airflow/.local/lib/python3.7/site-packages/airflow/example_dags/example_kubernetes_executor.py
[2023-04-27T14:25:04.382+0000] {processor.py:743} INFO - Processing file /home/airflow/.local/lib/python3.7/site-packages/airflow/example_dags/example_kubernetes_executor.py for tasks to queue
[2023-04-27T14:25:04.383+0000] {logging_mixin.py:137} INFO - [2023-04-27T14:25:04.383+0000] {dagbag.py:538} INFO - Filling up the DagBag from /home/airflow/.local/lib/python3.7/site-packages/airflow/example_dags/example_kubernetes_executor.py
[2023-04-27T14:25:04.400+0000] {processor.py:753} INFO - DAG(s) dict_keys(['example_kubernetes_executor']) retrieved from /home/airflow/.local/lib/python3.7/site-packages/airflow/example_dags/example_kubernetes_executor.py
[2023-04-27T14:25:04.424+0000] {logging_mixin.py:137} INFO - [2023-04-27T14:25:04.424+0000] {dag.py:2676} INFO - Sync 1 DAGs
[2023-04-27T14:25:04.441+0000] {logging_mixin.py:137} INFO - [2023-04-27T14:25:04.441+0000] {dag.py:3427} INFO - Setting next_dagrun for example_kubernetes_executor to None, run_after=None
[2023-04-27T14:25:04.453+0000] {processor.py:175} INFO - Processing /home/airflow/.local/lib/python3.7/site-packages/airflow/example_dags/example_kubernetes_executor.py took 0.073 seconds
[2023-04-27T14:25:34.884+0000] {processor.py:153} INFO - Started process (PID=17492) to work on /home/airflow/.local/lib/python3.7/site-packages/airflow/example_dags/example_kubernetes_executor.py
[2023-04-27T14:25:34.884+0000] {processor.py:743} INFO - Processing file /home/airflow/.local/lib/python3.7/site-packages/airflow/example_dags/example_kubernetes_executor.py for tasks to queue
[2023-04-27T14:25:34.885+0000] {logging_mixin.py:137} INFO - [2023-04-27T14:25:34.885+0000] {dagbag.py:538} INFO - Filling up the DagBag from /home/airflow/.local/lib/python3.7/site-packages/airflow/example_dags/example_kubernetes_executor.py
[2023-04-27T14:25:34.904+0000] {processor.py:753} INFO - DAG(s) dict_keys(['example_kubernetes_executor']) retrieved from /home/airflow/.local/lib/python3.7/site-packages/airflow/example_dags/example_kubernetes_executor.py
[2023-04-27T14:25:34.929+0000] {logging_mixin.py:137} INFO - [2023-04-27T14:25:34.929+0000] {dag.py:2676} INFO - Sync 1 DAGs
[2023-04-27T14:25:34.945+0000] {logging_mixin.py:137} INFO - [2023-04-27T14:25:34.945+0000] {dag.py:3427} INFO - Setting next_dagrun for example_kubernetes_executor to None, run_after=None
[2023-04-27T14:25:34.954+0000] {processor.py:175} INFO - Processing /home/airflow/.local/lib/python3.7/site-packages/airflow/example_dags/example_kubernetes_executor.py took 0.071 seconds
