[2023-04-27T14:20:56.421+0000] {processor.py:153} INFO - Started process (PID=16559) to work on /home/airflow/.local/lib/python3.7/site-packages/airflow/example_dags/example_trigger_controller_dag.py
[2023-04-27T14:20:56.422+0000] {processor.py:743} INFO - Processing file /home/airflow/.local/lib/python3.7/site-packages/airflow/example_dags/example_trigger_controller_dag.py for tasks to queue
[2023-04-27T14:20:56.422+0000] {logging_mixin.py:137} INFO - [2023-04-27T14:20:56.422+0000] {dagbag.py:538} INFO - Filling up the DagBag from /home/airflow/.local/lib/python3.7/site-packages/airflow/example_dags/example_trigger_controller_dag.py
[2023-04-27T14:20:56.431+0000] {processor.py:753} INFO - DAG(s) dict_keys(['example_trigger_controller_dag']) retrieved from /home/airflow/.local/lib/python3.7/site-packages/airflow/example_dags/example_trigger_controller_dag.py
[2023-04-27T14:20:56.457+0000] {logging_mixin.py:137} INFO - [2023-04-27T14:20:56.456+0000] {dag.py:2676} INFO - Sync 1 DAGs
[2023-04-27T14:20:56.478+0000] {logging_mixin.py:137} INFO - [2023-04-27T14:20:56.478+0000] {dag.py:3427} INFO - Setting next_dagrun for example_trigger_controller_dag to 2021-01-01T00:00:00+00:00, run_after=2021-01-01T00:00:00+00:00
[2023-04-27T14:20:56.495+0000] {processor.py:175} INFO - Processing /home/airflow/.local/lib/python3.7/site-packages/airflow/example_dags/example_trigger_controller_dag.py took 0.075 seconds
[2023-04-27T14:21:27.122+0000] {processor.py:153} INFO - Started process (PID=16669) to work on /home/airflow/.local/lib/python3.7/site-packages/airflow/example_dags/example_trigger_controller_dag.py
[2023-04-27T14:21:27.122+0000] {processor.py:743} INFO - Processing file /home/airflow/.local/lib/python3.7/site-packages/airflow/example_dags/example_trigger_controller_dag.py for tasks to queue
[2023-04-27T14:21:27.122+0000] {logging_mixin.py:137} INFO - [2023-04-27T14:21:27.122+0000] {dagbag.py:538} INFO - Filling up the DagBag from /home/airflow/.local/lib/python3.7/site-packages/airflow/example_dags/example_trigger_controller_dag.py
[2023-04-27T14:21:27.130+0000] {processor.py:753} INFO - DAG(s) dict_keys(['example_trigger_controller_dag']) retrieved from /home/airflow/.local/lib/python3.7/site-packages/airflow/example_dags/example_trigger_controller_dag.py
[2023-04-27T14:21:27.154+0000] {logging_mixin.py:137} INFO - [2023-04-27T14:21:27.154+0000] {dag.py:2676} INFO - Sync 1 DAGs
[2023-04-27T14:21:27.168+0000] {logging_mixin.py:137} INFO - [2023-04-27T14:21:27.168+0000] {dag.py:3427} INFO - Setting next_dagrun for example_trigger_controller_dag to 2021-01-01T00:00:00+00:00, run_after=2021-01-01T00:00:00+00:00
[2023-04-27T14:21:27.178+0000] {processor.py:175} INFO - Processing /home/airflow/.local/lib/python3.7/site-packages/airflow/example_dags/example_trigger_controller_dag.py took 0.057 seconds
[2023-04-27T14:21:57.767+0000] {processor.py:153} INFO - Started process (PID=16779) to work on /home/airflow/.local/lib/python3.7/site-packages/airflow/example_dags/example_trigger_controller_dag.py
[2023-04-27T14:21:57.768+0000] {processor.py:743} INFO - Processing file /home/airflow/.local/lib/python3.7/site-packages/airflow/example_dags/example_trigger_controller_dag.py for tasks to queue
[2023-04-27T14:21:57.768+0000] {logging_mixin.py:137} INFO - [2023-04-27T14:21:57.768+0000] {dagbag.py:538} INFO - Filling up the DagBag from /home/airflow/.local/lib/python3.7/site-packages/airflow/example_dags/example_trigger_controller_dag.py
[2023-04-27T14:21:57.774+0000] {processor.py:753} INFO - DAG(s) dict_keys(['example_trigger_controller_dag']) retrieved from /home/airflow/.local/lib/python3.7/site-packages/airflow/example_dags/example_trigger_controller_dag.py
[2023-04-27T14:21:57.796+0000] {logging_mixin.py:137} INFO - [2023-04-27T14:21:57.796+0000] {dag.py:2676} INFO - Sync 1 DAGs
[2023-04-27T14:21:57.811+0000] {logging_mixin.py:137} INFO - [2023-04-27T14:21:57.811+0000] {dag.py:3427} INFO - Setting next_dagrun for example_trigger_controller_dag to 2021-01-01T00:00:00+00:00, run_after=2021-01-01T00:00:00+00:00
[2023-04-27T14:21:57.821+0000] {processor.py:175} INFO - Processing /home/airflow/.local/lib/python3.7/site-packages/airflow/example_dags/example_trigger_controller_dag.py took 0.056 seconds
[2023-04-27T14:22:28.359+0000] {processor.py:153} INFO - Started process (PID=16865) to work on /home/airflow/.local/lib/python3.7/site-packages/airflow/example_dags/example_trigger_controller_dag.py
[2023-04-27T14:22:28.360+0000] {processor.py:743} INFO - Processing file /home/airflow/.local/lib/python3.7/site-packages/airflow/example_dags/example_trigger_controller_dag.py for tasks to queue
[2023-04-27T14:22:28.360+0000] {logging_mixin.py:137} INFO - [2023-04-27T14:22:28.360+0000] {dagbag.py:538} INFO - Filling up the DagBag from /home/airflow/.local/lib/python3.7/site-packages/airflow/example_dags/example_trigger_controller_dag.py
[2023-04-27T14:22:28.366+0000] {processor.py:753} INFO - DAG(s) dict_keys(['example_trigger_controller_dag']) retrieved from /home/airflow/.local/lib/python3.7/site-packages/airflow/example_dags/example_trigger_controller_dag.py
[2023-04-27T14:22:28.388+0000] {logging_mixin.py:137} INFO - [2023-04-27T14:22:28.388+0000] {dag.py:2676} INFO - Sync 1 DAGs
[2023-04-27T14:22:28.402+0000] {logging_mixin.py:137} INFO - [2023-04-27T14:22:28.402+0000] {dag.py:3427} INFO - Setting next_dagrun for example_trigger_controller_dag to 2021-01-01T00:00:00+00:00, run_after=2021-01-01T00:00:00+00:00
[2023-04-27T14:22:28.411+0000] {processor.py:175} INFO - Processing /home/airflow/.local/lib/python3.7/site-packages/airflow/example_dags/example_trigger_controller_dag.py took 0.053 seconds
[2023-04-27T14:22:58.924+0000] {processor.py:153} INFO - Started process (PID=16975) to work on /home/airflow/.local/lib/python3.7/site-packages/airflow/example_dags/example_trigger_controller_dag.py
[2023-04-27T14:22:58.924+0000] {processor.py:743} INFO - Processing file /home/airflow/.local/lib/python3.7/site-packages/airflow/example_dags/example_trigger_controller_dag.py for tasks to queue
[2023-04-27T14:22:58.925+0000] {logging_mixin.py:137} INFO - [2023-04-27T14:22:58.924+0000] {dagbag.py:538} INFO - Filling up the DagBag from /home/airflow/.local/lib/python3.7/site-packages/airflow/example_dags/example_trigger_controller_dag.py
[2023-04-27T14:22:58.931+0000] {processor.py:753} INFO - DAG(s) dict_keys(['example_trigger_controller_dag']) retrieved from /home/airflow/.local/lib/python3.7/site-packages/airflow/example_dags/example_trigger_controller_dag.py
[2023-04-27T14:22:58.950+0000] {logging_mixin.py:137} INFO - [2023-04-27T14:22:58.950+0000] {dag.py:2676} INFO - Sync 1 DAGs
[2023-04-27T14:22:58.964+0000] {logging_mixin.py:137} INFO - [2023-04-27T14:22:58.964+0000] {dag.py:3427} INFO - Setting next_dagrun for example_trigger_controller_dag to 2021-01-01T00:00:00+00:00, run_after=2021-01-01T00:00:00+00:00
[2023-04-27T14:22:58.973+0000] {processor.py:175} INFO - Processing /home/airflow/.local/lib/python3.7/site-packages/airflow/example_dags/example_trigger_controller_dag.py took 0.050 seconds
[2023-04-27T14:23:29.552+0000] {processor.py:153} INFO - Started process (PID=17085) to work on /home/airflow/.local/lib/python3.7/site-packages/airflow/example_dags/example_trigger_controller_dag.py
[2023-04-27T14:23:29.552+0000] {processor.py:743} INFO - Processing file /home/airflow/.local/lib/python3.7/site-packages/airflow/example_dags/example_trigger_controller_dag.py for tasks to queue
[2023-04-27T14:23:29.552+0000] {logging_mixin.py:137} INFO - [2023-04-27T14:23:29.552+0000] {dagbag.py:538} INFO - Filling up the DagBag from /home/airflow/.local/lib/python3.7/site-packages/airflow/example_dags/example_trigger_controller_dag.py
[2023-04-27T14:23:29.559+0000] {processor.py:753} INFO - DAG(s) dict_keys(['example_trigger_controller_dag']) retrieved from /home/airflow/.local/lib/python3.7/site-packages/airflow/example_dags/example_trigger_controller_dag.py
[2023-04-27T14:23:29.579+0000] {logging_mixin.py:137} INFO - [2023-04-27T14:23:29.579+0000] {dag.py:2676} INFO - Sync 1 DAGs
[2023-04-27T14:23:29.594+0000] {logging_mixin.py:137} INFO - [2023-04-27T14:23:29.594+0000] {dag.py:3427} INFO - Setting next_dagrun for example_trigger_controller_dag to 2021-01-01T00:00:00+00:00, run_after=2021-01-01T00:00:00+00:00
[2023-04-27T14:23:29.606+0000] {processor.py:175} INFO - Processing /home/airflow/.local/lib/python3.7/site-packages/airflow/example_dags/example_trigger_controller_dag.py took 0.056 seconds
[2023-04-27T14:24:00.312+0000] {processor.py:153} INFO - Started process (PID=17171) to work on /home/airflow/.local/lib/python3.7/site-packages/airflow/example_dags/example_trigger_controller_dag.py
[2023-04-27T14:24:00.312+0000] {processor.py:743} INFO - Processing file /home/airflow/.local/lib/python3.7/site-packages/airflow/example_dags/example_trigger_controller_dag.py for tasks to queue
[2023-04-27T14:24:00.312+0000] {logging_mixin.py:137} INFO - [2023-04-27T14:24:00.312+0000] {dagbag.py:538} INFO - Filling up the DagBag from /home/airflow/.local/lib/python3.7/site-packages/airflow/example_dags/example_trigger_controller_dag.py
[2023-04-27T14:24:00.318+0000] {processor.py:753} INFO - DAG(s) dict_keys(['example_trigger_controller_dag']) retrieved from /home/airflow/.local/lib/python3.7/site-packages/airflow/example_dags/example_trigger_controller_dag.py
[2023-04-27T14:24:00.337+0000] {logging_mixin.py:137} INFO - [2023-04-27T14:24:00.337+0000] {dag.py:2676} INFO - Sync 1 DAGs
[2023-04-27T14:24:00.352+0000] {logging_mixin.py:137} INFO - [2023-04-27T14:24:00.351+0000] {dag.py:3427} INFO - Setting next_dagrun for example_trigger_controller_dag to 2021-01-01T00:00:00+00:00, run_after=2021-01-01T00:00:00+00:00
[2023-04-27T14:24:00.361+0000] {processor.py:175} INFO - Processing /home/airflow/.local/lib/python3.7/site-packages/airflow/example_dags/example_trigger_controller_dag.py took 0.051 seconds
[2023-04-27T14:24:30.998+0000] {processor.py:153} INFO - Started process (PID=17281) to work on /home/airflow/.local/lib/python3.7/site-packages/airflow/example_dags/example_trigger_controller_dag.py
[2023-04-27T14:24:30.998+0000] {processor.py:743} INFO - Processing file /home/airflow/.local/lib/python3.7/site-packages/airflow/example_dags/example_trigger_controller_dag.py for tasks to queue
[2023-04-27T14:24:30.998+0000] {logging_mixin.py:137} INFO - [2023-04-27T14:24:30.998+0000] {dagbag.py:538} INFO - Filling up the DagBag from /home/airflow/.local/lib/python3.7/site-packages/airflow/example_dags/example_trigger_controller_dag.py
[2023-04-27T14:24:31.004+0000] {processor.py:753} INFO - DAG(s) dict_keys(['example_trigger_controller_dag']) retrieved from /home/airflow/.local/lib/python3.7/site-packages/airflow/example_dags/example_trigger_controller_dag.py
[2023-04-27T14:24:31.028+0000] {logging_mixin.py:137} INFO - [2023-04-27T14:24:31.028+0000] {dag.py:2676} INFO - Sync 1 DAGs
[2023-04-27T14:24:31.043+0000] {logging_mixin.py:137} INFO - [2023-04-27T14:24:31.043+0000] {dag.py:3427} INFO - Setting next_dagrun for example_trigger_controller_dag to 2021-01-01T00:00:00+00:00, run_after=2021-01-01T00:00:00+00:00
[2023-04-27T14:24:31.053+0000] {processor.py:175} INFO - Processing /home/airflow/.local/lib/python3.7/site-packages/airflow/example_dags/example_trigger_controller_dag.py took 0.057 seconds
[2023-04-27T14:25:01.859+0000] {processor.py:153} INFO - Started process (PID=17391) to work on /home/airflow/.local/lib/python3.7/site-packages/airflow/example_dags/example_trigger_controller_dag.py
[2023-04-27T14:25:01.860+0000] {processor.py:743} INFO - Processing file /home/airflow/.local/lib/python3.7/site-packages/airflow/example_dags/example_trigger_controller_dag.py for tasks to queue
[2023-04-27T14:25:01.860+0000] {logging_mixin.py:137} INFO - [2023-04-27T14:25:01.860+0000] {dagbag.py:538} INFO - Filling up the DagBag from /home/airflow/.local/lib/python3.7/site-packages/airflow/example_dags/example_trigger_controller_dag.py
[2023-04-27T14:25:01.866+0000] {processor.py:753} INFO - DAG(s) dict_keys(['example_trigger_controller_dag']) retrieved from /home/airflow/.local/lib/python3.7/site-packages/airflow/example_dags/example_trigger_controller_dag.py
[2023-04-27T14:25:01.886+0000] {logging_mixin.py:137} INFO - [2023-04-27T14:25:01.886+0000] {dag.py:2676} INFO - Sync 1 DAGs
[2023-04-27T14:25:01.901+0000] {logging_mixin.py:137} INFO - [2023-04-27T14:25:01.901+0000] {dag.py:3427} INFO - Setting next_dagrun for example_trigger_controller_dag to 2021-01-01T00:00:00+00:00, run_after=2021-01-01T00:00:00+00:00
[2023-04-27T14:25:01.910+0000] {processor.py:175} INFO - Processing /home/airflow/.local/lib/python3.7/site-packages/airflow/example_dags/example_trigger_controller_dag.py took 0.052 seconds
[2023-04-27T14:25:32.354+0000] {processor.py:153} INFO - Started process (PID=17477) to work on /home/airflow/.local/lib/python3.7/site-packages/airflow/example_dags/example_trigger_controller_dag.py
[2023-04-27T14:25:32.354+0000] {processor.py:743} INFO - Processing file /home/airflow/.local/lib/python3.7/site-packages/airflow/example_dags/example_trigger_controller_dag.py for tasks to queue
[2023-04-27T14:25:32.354+0000] {logging_mixin.py:137} INFO - [2023-04-27T14:25:32.354+0000] {dagbag.py:538} INFO - Filling up the DagBag from /home/airflow/.local/lib/python3.7/site-packages/airflow/example_dags/example_trigger_controller_dag.py
[2023-04-27T14:25:32.361+0000] {processor.py:753} INFO - DAG(s) dict_keys(['example_trigger_controller_dag']) retrieved from /home/airflow/.local/lib/python3.7/site-packages/airflow/example_dags/example_trigger_controller_dag.py
[2023-04-27T14:25:32.380+0000] {logging_mixin.py:137} INFO - [2023-04-27T14:25:32.380+0000] {dag.py:2676} INFO - Sync 1 DAGs
[2023-04-27T14:25:32.394+0000] {logging_mixin.py:137} INFO - [2023-04-27T14:25:32.394+0000] {dag.py:3427} INFO - Setting next_dagrun for example_trigger_controller_dag to 2021-01-01T00:00:00+00:00, run_after=2021-01-01T00:00:00+00:00
[2023-04-27T14:25:32.404+0000] {processor.py:175} INFO - Processing /home/airflow/.local/lib/python3.7/site-packages/airflow/example_dags/example_trigger_controller_dag.py took 0.052 seconds
