[2023-04-27T14:20:56.531+0000] {processor.py:153} INFO - Started process (PID=16562) to work on /home/airflow/.local/lib/python3.7/site-packages/airflow/example_dags/example_trigger_target_dag.py
[2023-04-27T14:20:56.531+0000] {processor.py:743} INFO - Processing file /home/airflow/.local/lib/python3.7/site-packages/airflow/example_dags/example_trigger_target_dag.py for tasks to queue
[2023-04-27T14:20:56.531+0000] {logging_mixin.py:137} INFO - [2023-04-27T14:20:56.531+0000] {dagbag.py:538} INFO - Filling up the DagBag from /home/airflow/.local/lib/python3.7/site-packages/airflow/example_dags/example_trigger_target_dag.py
[2023-04-27T14:20:56.543+0000] {processor.py:753} INFO - DAG(s) dict_keys(['example_trigger_target_dag']) retrieved from /home/airflow/.local/lib/python3.7/site-packages/airflow/example_dags/example_trigger_target_dag.py
[2023-04-27T14:20:56.563+0000] {logging_mixin.py:137} INFO - [2023-04-27T14:20:56.563+0000] {dag.py:2676} INFO - Sync 1 DAGs
[2023-04-27T14:20:56.577+0000] {logging_mixin.py:137} INFO - [2023-04-27T14:20:56.577+0000] {dag.py:3427} INFO - Setting next_dagrun for example_trigger_target_dag to None, run_after=None
[2023-04-27T14:20:56.587+0000] {processor.py:175} INFO - Processing /home/airflow/.local/lib/python3.7/site-packages/airflow/example_dags/example_trigger_target_dag.py took 0.058 seconds
[2023-04-27T14:21:27.217+0000] {processor.py:153} INFO - Started process (PID=16672) to work on /home/airflow/.local/lib/python3.7/site-packages/airflow/example_dags/example_trigger_target_dag.py
[2023-04-27T14:21:27.217+0000] {processor.py:743} INFO - Processing file /home/airflow/.local/lib/python3.7/site-packages/airflow/example_dags/example_trigger_target_dag.py for tasks to queue
[2023-04-27T14:21:27.217+0000] {logging_mixin.py:137} INFO - [2023-04-27T14:21:27.217+0000] {dagbag.py:538} INFO - Filling up the DagBag from /home/airflow/.local/lib/python3.7/site-packages/airflow/example_dags/example_trigger_target_dag.py
[2023-04-27T14:21:27.229+0000] {processor.py:753} INFO - DAG(s) dict_keys(['example_trigger_target_dag']) retrieved from /home/airflow/.local/lib/python3.7/site-packages/airflow/example_dags/example_trigger_target_dag.py
[2023-04-27T14:21:27.248+0000] {logging_mixin.py:137} INFO - [2023-04-27T14:21:27.248+0000] {dag.py:2676} INFO - Sync 1 DAGs
[2023-04-27T14:21:27.263+0000] {logging_mixin.py:137} INFO - [2023-04-27T14:21:27.263+0000] {dag.py:3427} INFO - Setting next_dagrun for example_trigger_target_dag to None, run_after=None
[2023-04-27T14:21:27.273+0000] {processor.py:175} INFO - Processing /home/airflow/.local/lib/python3.7/site-packages/airflow/example_dags/example_trigger_target_dag.py took 0.059 seconds
[2023-04-27T14:21:57.862+0000] {processor.py:153} INFO - Started process (PID=16782) to work on /home/airflow/.local/lib/python3.7/site-packages/airflow/example_dags/example_trigger_target_dag.py
[2023-04-27T14:21:57.862+0000] {processor.py:743} INFO - Processing file /home/airflow/.local/lib/python3.7/site-packages/airflow/example_dags/example_trigger_target_dag.py for tasks to queue
[2023-04-27T14:21:57.863+0000] {logging_mixin.py:137} INFO - [2023-04-27T14:21:57.863+0000] {dagbag.py:538} INFO - Filling up the DagBag from /home/airflow/.local/lib/python3.7/site-packages/airflow/example_dags/example_trigger_target_dag.py
[2023-04-27T14:21:57.875+0000] {processor.py:753} INFO - DAG(s) dict_keys(['example_trigger_target_dag']) retrieved from /home/airflow/.local/lib/python3.7/site-packages/airflow/example_dags/example_trigger_target_dag.py
[2023-04-27T14:21:57.897+0000] {logging_mixin.py:137} INFO - [2023-04-27T14:21:57.897+0000] {dag.py:2676} INFO - Sync 1 DAGs
[2023-04-27T14:21:57.912+0000] {logging_mixin.py:137} INFO - [2023-04-27T14:21:57.912+0000] {dag.py:3427} INFO - Setting next_dagrun for example_trigger_target_dag to None, run_after=None
[2023-04-27T14:21:57.922+0000] {processor.py:175} INFO - Processing /home/airflow/.local/lib/python3.7/site-packages/airflow/example_dags/example_trigger_target_dag.py took 0.062 seconds
[2023-04-27T14:22:28.470+0000] {processor.py:153} INFO - Started process (PID=16868) to work on /home/airflow/.local/lib/python3.7/site-packages/airflow/example_dags/example_trigger_target_dag.py
[2023-04-27T14:22:28.471+0000] {processor.py:743} INFO - Processing file /home/airflow/.local/lib/python3.7/site-packages/airflow/example_dags/example_trigger_target_dag.py for tasks to queue
[2023-04-27T14:22:28.471+0000] {logging_mixin.py:137} INFO - [2023-04-27T14:22:28.471+0000] {dagbag.py:538} INFO - Filling up the DagBag from /home/airflow/.local/lib/python3.7/site-packages/airflow/example_dags/example_trigger_target_dag.py
[2023-04-27T14:22:28.483+0000] {processor.py:753} INFO - DAG(s) dict_keys(['example_trigger_target_dag']) retrieved from /home/airflow/.local/lib/python3.7/site-packages/airflow/example_dags/example_trigger_target_dag.py
[2023-04-27T14:22:28.503+0000] {logging_mixin.py:137} INFO - [2023-04-27T14:22:28.503+0000] {dag.py:2676} INFO - Sync 1 DAGs
[2023-04-27T14:22:28.516+0000] {logging_mixin.py:137} INFO - [2023-04-27T14:22:28.516+0000] {dag.py:3427} INFO - Setting next_dagrun for example_trigger_target_dag to None, run_after=None
[2023-04-27T14:22:28.525+0000] {processor.py:175} INFO - Processing /home/airflow/.local/lib/python3.7/site-packages/airflow/example_dags/example_trigger_target_dag.py took 0.057 seconds
[2023-04-27T14:22:59.027+0000] {processor.py:153} INFO - Started process (PID=16978) to work on /home/airflow/.local/lib/python3.7/site-packages/airflow/example_dags/example_trigger_target_dag.py
[2023-04-27T14:22:59.027+0000] {processor.py:743} INFO - Processing file /home/airflow/.local/lib/python3.7/site-packages/airflow/example_dags/example_trigger_target_dag.py for tasks to queue
[2023-04-27T14:22:59.028+0000] {logging_mixin.py:137} INFO - [2023-04-27T14:22:59.028+0000] {dagbag.py:538} INFO - Filling up the DagBag from /home/airflow/.local/lib/python3.7/site-packages/airflow/example_dags/example_trigger_target_dag.py
[2023-04-27T14:22:59.039+0000] {processor.py:753} INFO - DAG(s) dict_keys(['example_trigger_target_dag']) retrieved from /home/airflow/.local/lib/python3.7/site-packages/airflow/example_dags/example_trigger_target_dag.py
[2023-04-27T14:22:59.058+0000] {logging_mixin.py:137} INFO - [2023-04-27T14:22:59.058+0000] {dag.py:2676} INFO - Sync 1 DAGs
[2023-04-27T14:22:59.072+0000] {logging_mixin.py:137} INFO - [2023-04-27T14:22:59.072+0000] {dag.py:3427} INFO - Setting next_dagrun for example_trigger_target_dag to None, run_after=None
[2023-04-27T14:22:59.082+0000] {processor.py:175} INFO - Processing /home/airflow/.local/lib/python3.7/site-packages/airflow/example_dags/example_trigger_target_dag.py took 0.057 seconds
[2023-04-27T14:23:29.710+0000] {processor.py:153} INFO - Started process (PID=17088) to work on /home/airflow/.local/lib/python3.7/site-packages/airflow/example_dags/example_trigger_target_dag.py
[2023-04-27T14:23:29.710+0000] {processor.py:743} INFO - Processing file /home/airflow/.local/lib/python3.7/site-packages/airflow/example_dags/example_trigger_target_dag.py for tasks to queue
[2023-04-27T14:23:29.710+0000] {logging_mixin.py:137} INFO - [2023-04-27T14:23:29.710+0000] {dagbag.py:538} INFO - Filling up the DagBag from /home/airflow/.local/lib/python3.7/site-packages/airflow/example_dags/example_trigger_target_dag.py
[2023-04-27T14:23:29.723+0000] {processor.py:753} INFO - DAG(s) dict_keys(['example_trigger_target_dag']) retrieved from /home/airflow/.local/lib/python3.7/site-packages/airflow/example_dags/example_trigger_target_dag.py
[2023-04-27T14:23:29.743+0000] {logging_mixin.py:137} INFO - [2023-04-27T14:23:29.743+0000] {dag.py:2676} INFO - Sync 1 DAGs
[2023-04-27T14:23:29.759+0000] {logging_mixin.py:137} INFO - [2023-04-27T14:23:29.759+0000] {dag.py:3427} INFO - Setting next_dagrun for example_trigger_target_dag to None, run_after=None
[2023-04-27T14:23:29.768+0000] {processor.py:175} INFO - Processing /home/airflow/.local/lib/python3.7/site-packages/airflow/example_dags/example_trigger_target_dag.py took 0.061 seconds
[2023-04-27T14:24:00.414+0000] {processor.py:153} INFO - Started process (PID=17174) to work on /home/airflow/.local/lib/python3.7/site-packages/airflow/example_dags/example_trigger_target_dag.py
[2023-04-27T14:24:00.415+0000] {processor.py:743} INFO - Processing file /home/airflow/.local/lib/python3.7/site-packages/airflow/example_dags/example_trigger_target_dag.py for tasks to queue
[2023-04-27T14:24:00.415+0000] {logging_mixin.py:137} INFO - [2023-04-27T14:24:00.415+0000] {dagbag.py:538} INFO - Filling up the DagBag from /home/airflow/.local/lib/python3.7/site-packages/airflow/example_dags/example_trigger_target_dag.py
[2023-04-27T14:24:00.426+0000] {processor.py:753} INFO - DAG(s) dict_keys(['example_trigger_target_dag']) retrieved from /home/airflow/.local/lib/python3.7/site-packages/airflow/example_dags/example_trigger_target_dag.py
[2023-04-27T14:24:00.447+0000] {logging_mixin.py:137} INFO - [2023-04-27T14:24:00.447+0000] {dag.py:2676} INFO - Sync 1 DAGs
[2023-04-27T14:24:00.461+0000] {logging_mixin.py:137} INFO - [2023-04-27T14:24:00.461+0000] {dag.py:3427} INFO - Setting next_dagrun for example_trigger_target_dag to None, run_after=None
[2023-04-27T14:24:00.470+0000] {processor.py:175} INFO - Processing /home/airflow/.local/lib/python3.7/site-packages/airflow/example_dags/example_trigger_target_dag.py took 0.058 seconds
[2023-04-27T14:24:31.151+0000] {processor.py:153} INFO - Started process (PID=17284) to work on /home/airflow/.local/lib/python3.7/site-packages/airflow/example_dags/example_trigger_target_dag.py
[2023-04-27T14:24:31.152+0000] {processor.py:743} INFO - Processing file /home/airflow/.local/lib/python3.7/site-packages/airflow/example_dags/example_trigger_target_dag.py for tasks to queue
[2023-04-27T14:24:31.152+0000] {logging_mixin.py:137} INFO - [2023-04-27T14:24:31.152+0000] {dagbag.py:538} INFO - Filling up the DagBag from /home/airflow/.local/lib/python3.7/site-packages/airflow/example_dags/example_trigger_target_dag.py
[2023-04-27T14:24:31.165+0000] {processor.py:753} INFO - DAG(s) dict_keys(['example_trigger_target_dag']) retrieved from /home/airflow/.local/lib/python3.7/site-packages/airflow/example_dags/example_trigger_target_dag.py
[2023-04-27T14:24:31.188+0000] {logging_mixin.py:137} INFO - [2023-04-27T14:24:31.188+0000] {dag.py:2676} INFO - Sync 1 DAGs
[2023-04-27T14:24:31.203+0000] {logging_mixin.py:137} INFO - [2023-04-27T14:24:31.203+0000] {dag.py:3427} INFO - Setting next_dagrun for example_trigger_target_dag to None, run_after=None
[2023-04-27T14:24:31.213+0000] {processor.py:175} INFO - Processing /home/airflow/.local/lib/python3.7/site-packages/airflow/example_dags/example_trigger_target_dag.py took 0.063 seconds
[2023-04-27T14:25:01.987+0000] {processor.py:153} INFO - Started process (PID=17394) to work on /home/airflow/.local/lib/python3.7/site-packages/airflow/example_dags/example_trigger_target_dag.py
[2023-04-27T14:25:01.987+0000] {processor.py:743} INFO - Processing file /home/airflow/.local/lib/python3.7/site-packages/airflow/example_dags/example_trigger_target_dag.py for tasks to queue
[2023-04-27T14:25:01.987+0000] {logging_mixin.py:137} INFO - [2023-04-27T14:25:01.987+0000] {dagbag.py:538} INFO - Filling up the DagBag from /home/airflow/.local/lib/python3.7/site-packages/airflow/example_dags/example_trigger_target_dag.py
[2023-04-27T14:25:02.000+0000] {processor.py:753} INFO - DAG(s) dict_keys(['example_trigger_target_dag']) retrieved from /home/airflow/.local/lib/python3.7/site-packages/airflow/example_dags/example_trigger_target_dag.py
[2023-04-27T14:25:02.021+0000] {logging_mixin.py:137} INFO - [2023-04-27T14:25:02.021+0000] {dag.py:2676} INFO - Sync 1 DAGs
[2023-04-27T14:25:02.035+0000] {logging_mixin.py:137} INFO - [2023-04-27T14:25:02.035+0000] {dag.py:3427} INFO - Setting next_dagrun for example_trigger_target_dag to None, run_after=None
[2023-04-27T14:25:02.045+0000] {processor.py:175} INFO - Processing /home/airflow/.local/lib/python3.7/site-packages/airflow/example_dags/example_trigger_target_dag.py took 0.060 seconds
[2023-04-27T14:25:32.461+0000] {processor.py:153} INFO - Started process (PID=17480) to work on /home/airflow/.local/lib/python3.7/site-packages/airflow/example_dags/example_trigger_target_dag.py
[2023-04-27T14:25:32.462+0000] {processor.py:743} INFO - Processing file /home/airflow/.local/lib/python3.7/site-packages/airflow/example_dags/example_trigger_target_dag.py for tasks to queue
[2023-04-27T14:25:32.462+0000] {logging_mixin.py:137} INFO - [2023-04-27T14:25:32.462+0000] {dagbag.py:538} INFO - Filling up the DagBag from /home/airflow/.local/lib/python3.7/site-packages/airflow/example_dags/example_trigger_target_dag.py
[2023-04-27T14:25:32.474+0000] {processor.py:753} INFO - DAG(s) dict_keys(['example_trigger_target_dag']) retrieved from /home/airflow/.local/lib/python3.7/site-packages/airflow/example_dags/example_trigger_target_dag.py
[2023-04-27T14:25:32.493+0000] {logging_mixin.py:137} INFO - [2023-04-27T14:25:32.493+0000] {dag.py:2676} INFO - Sync 1 DAGs
[2023-04-27T14:25:32.508+0000] {logging_mixin.py:137} INFO - [2023-04-27T14:25:32.508+0000] {dag.py:3427} INFO - Setting next_dagrun for example_trigger_target_dag to None, run_after=None
[2023-04-27T14:25:32.516+0000] {processor.py:175} INFO - Processing /home/airflow/.local/lib/python3.7/site-packages/airflow/example_dags/example_trigger_target_dag.py took 0.057 seconds
[2023-04-27T14:26:03.278+0000] {processor.py:153} INFO - Started process (PID=17590) to work on /home/airflow/.local/lib/python3.7/site-packages/airflow/example_dags/example_trigger_target_dag.py
[2023-04-27T14:26:03.281+0000] {processor.py:743} INFO - Processing file /home/airflow/.local/lib/python3.7/site-packages/airflow/example_dags/example_trigger_target_dag.py for tasks to queue
[2023-04-27T14:26:03.281+0000] {logging_mixin.py:137} INFO - [2023-04-27T14:26:03.281+0000] {dagbag.py:538} INFO - Filling up the DagBag from /home/airflow/.local/lib/python3.7/site-packages/airflow/example_dags/example_trigger_target_dag.py
[2023-04-27T14:26:03.297+0000] {processor.py:753} INFO - DAG(s) dict_keys(['example_trigger_target_dag']) retrieved from /home/airflow/.local/lib/python3.7/site-packages/airflow/example_dags/example_trigger_target_dag.py
[2023-04-27T14:26:03.330+0000] {logging_mixin.py:137} INFO - [2023-04-27T14:26:03.330+0000] {dag.py:2676} INFO - Sync 1 DAGs
[2023-04-27T14:26:03.348+0000] {logging_mixin.py:137} INFO - [2023-04-27T14:26:03.348+0000] {dag.py:3427} INFO - Setting next_dagrun for example_trigger_target_dag to None, run_after=None
[2023-04-27T14:26:03.358+0000] {processor.py:175} INFO - Processing /home/airflow/.local/lib/python3.7/site-packages/airflow/example_dags/example_trigger_target_dag.py took 0.083 seconds
