[2023-04-27T14:20:56.076+0000] {processor.py:153} INFO - Started process (PID=16552) to work on /home/airflow/.local/lib/python3.7/site-packages/airflow/example_dags/example_latest_only_with_trigger.py
[2023-04-27T14:20:56.076+0000] {processor.py:743} INFO - Processing file /home/airflow/.local/lib/python3.7/site-packages/airflow/example_dags/example_latest_only_with_trigger.py for tasks to queue
[2023-04-27T14:20:56.077+0000] {logging_mixin.py:137} INFO - [2023-04-27T14:20:56.077+0000] {dagbag.py:538} INFO - Filling up the DagBag from /home/airflow/.local/lib/python3.7/site-packages/airflow/example_dags/example_latest_only_with_trigger.py
[2023-04-27T14:20:56.084+0000] {processor.py:753} INFO - DAG(s) dict_keys(['latest_only_with_trigger']) retrieved from /home/airflow/.local/lib/python3.7/site-packages/airflow/example_dags/example_latest_only_with_trigger.py
[2023-04-27T14:20:56.105+0000] {logging_mixin.py:137} INFO - [2023-04-27T14:20:56.105+0000] {dag.py:2676} INFO - Sync 1 DAGs
[2023-04-27T14:20:56.119+0000] {logging_mixin.py:137} INFO - [2023-04-27T14:20:56.119+0000] {dag.py:3427} INFO - Setting next_dagrun for latest_only_with_trigger to 2023-04-27T10:20:56.119455+00:00, run_after=2023-04-27T14:20:56.119455+00:00
[2023-04-27T14:20:56.136+0000] {processor.py:175} INFO - Processing /home/airflow/.local/lib/python3.7/site-packages/airflow/example_dags/example_latest_only_with_trigger.py took 0.062 seconds
[2023-04-27T14:21:26.716+0000] {processor.py:153} INFO - Started process (PID=16662) to work on /home/airflow/.local/lib/python3.7/site-packages/airflow/example_dags/example_latest_only_with_trigger.py
[2023-04-27T14:21:26.716+0000] {processor.py:743} INFO - Processing file /home/airflow/.local/lib/python3.7/site-packages/airflow/example_dags/example_latest_only_with_trigger.py for tasks to queue
[2023-04-27T14:21:26.716+0000] {logging_mixin.py:137} INFO - [2023-04-27T14:21:26.716+0000] {dagbag.py:538} INFO - Filling up the DagBag from /home/airflow/.local/lib/python3.7/site-packages/airflow/example_dags/example_latest_only_with_trigger.py
[2023-04-27T14:21:26.724+0000] {processor.py:753} INFO - DAG(s) dict_keys(['latest_only_with_trigger']) retrieved from /home/airflow/.local/lib/python3.7/site-packages/airflow/example_dags/example_latest_only_with_trigger.py
[2023-04-27T14:21:26.744+0000] {logging_mixin.py:137} INFO - [2023-04-27T14:21:26.743+0000] {dag.py:2676} INFO - Sync 1 DAGs
[2023-04-27T14:21:26.757+0000] {logging_mixin.py:137} INFO - [2023-04-27T14:21:26.757+0000] {dag.py:3427} INFO - Setting next_dagrun for latest_only_with_trigger to 2023-04-27T10:21:26.757639+00:00, run_after=2023-04-27T14:21:26.757639+00:00
[2023-04-27T14:21:26.771+0000] {processor.py:175} INFO - Processing /home/airflow/.local/lib/python3.7/site-packages/airflow/example_dags/example_latest_only_with_trigger.py took 0.056 seconds
[2023-04-27T14:21:57.394+0000] {processor.py:153} INFO - Started process (PID=16772) to work on /home/airflow/.local/lib/python3.7/site-packages/airflow/example_dags/example_latest_only_with_trigger.py
[2023-04-27T14:21:57.395+0000] {processor.py:743} INFO - Processing file /home/airflow/.local/lib/python3.7/site-packages/airflow/example_dags/example_latest_only_with_trigger.py for tasks to queue
[2023-04-27T14:21:57.395+0000] {logging_mixin.py:137} INFO - [2023-04-27T14:21:57.395+0000] {dagbag.py:538} INFO - Filling up the DagBag from /home/airflow/.local/lib/python3.7/site-packages/airflow/example_dags/example_latest_only_with_trigger.py
[2023-04-27T14:21:57.403+0000] {processor.py:753} INFO - DAG(s) dict_keys(['latest_only_with_trigger']) retrieved from /home/airflow/.local/lib/python3.7/site-packages/airflow/example_dags/example_latest_only_with_trigger.py
[2023-04-27T14:21:57.424+0000] {logging_mixin.py:137} INFO - [2023-04-27T14:21:57.424+0000] {dag.py:2676} INFO - Sync 1 DAGs
[2023-04-27T14:21:57.440+0000] {logging_mixin.py:137} INFO - [2023-04-27T14:21:57.440+0000] {dag.py:3427} INFO - Setting next_dagrun for latest_only_with_trigger to 2023-04-27T10:21:57.440000+00:00, run_after=2023-04-27T14:21:57.440000+00:00
[2023-04-27T14:21:57.449+0000] {processor.py:175} INFO - Processing /home/airflow/.local/lib/python3.7/site-packages/airflow/example_dags/example_latest_only_with_trigger.py took 0.056 seconds
[2023-04-27T14:22:28.103+0000] {processor.py:153} INFO - Started process (PID=16858) to work on /home/airflow/.local/lib/python3.7/site-packages/airflow/example_dags/example_latest_only_with_trigger.py
[2023-04-27T14:22:28.103+0000] {processor.py:743} INFO - Processing file /home/airflow/.local/lib/python3.7/site-packages/airflow/example_dags/example_latest_only_with_trigger.py for tasks to queue
[2023-04-27T14:22:28.104+0000] {logging_mixin.py:137} INFO - [2023-04-27T14:22:28.104+0000] {dagbag.py:538} INFO - Filling up the DagBag from /home/airflow/.local/lib/python3.7/site-packages/airflow/example_dags/example_latest_only_with_trigger.py
[2023-04-27T14:22:28.111+0000] {processor.py:753} INFO - DAG(s) dict_keys(['latest_only_with_trigger']) retrieved from /home/airflow/.local/lib/python3.7/site-packages/airflow/example_dags/example_latest_only_with_trigger.py
[2023-04-27T14:22:28.131+0000] {logging_mixin.py:137} INFO - [2023-04-27T14:22:28.131+0000] {dag.py:2676} INFO - Sync 1 DAGs
[2023-04-27T14:22:28.145+0000] {logging_mixin.py:137} INFO - [2023-04-27T14:22:28.144+0000] {dag.py:3427} INFO - Setting next_dagrun for latest_only_with_trigger to 2023-04-27T10:22:28.144856+00:00, run_after=2023-04-27T14:22:28.144856+00:00
[2023-04-27T14:22:28.153+0000] {processor.py:175} INFO - Processing /home/airflow/.local/lib/python3.7/site-packages/airflow/example_dags/example_latest_only_with_trigger.py took 0.051 seconds
[2023-04-27T14:22:58.661+0000] {processor.py:153} INFO - Started process (PID=16968) to work on /home/airflow/.local/lib/python3.7/site-packages/airflow/example_dags/example_latest_only_with_trigger.py
[2023-04-27T14:22:58.661+0000] {processor.py:743} INFO - Processing file /home/airflow/.local/lib/python3.7/site-packages/airflow/example_dags/example_latest_only_with_trigger.py for tasks to queue
[2023-04-27T14:22:58.662+0000] {logging_mixin.py:137} INFO - [2023-04-27T14:22:58.662+0000] {dagbag.py:538} INFO - Filling up the DagBag from /home/airflow/.local/lib/python3.7/site-packages/airflow/example_dags/example_latest_only_with_trigger.py
[2023-04-27T14:22:58.669+0000] {processor.py:753} INFO - DAG(s) dict_keys(['latest_only_with_trigger']) retrieved from /home/airflow/.local/lib/python3.7/site-packages/airflow/example_dags/example_latest_only_with_trigger.py
[2023-04-27T14:22:58.689+0000] {logging_mixin.py:137} INFO - [2023-04-27T14:22:58.689+0000] {dag.py:2676} INFO - Sync 1 DAGs
[2023-04-27T14:22:58.702+0000] {logging_mixin.py:137} INFO - [2023-04-27T14:22:58.702+0000] {dag.py:3427} INFO - Setting next_dagrun for latest_only_with_trigger to 2023-04-27T10:22:58.702624+00:00, run_after=2023-04-27T14:22:58.702624+00:00
[2023-04-27T14:22:58.711+0000] {processor.py:175} INFO - Processing /home/airflow/.local/lib/python3.7/site-packages/airflow/example_dags/example_latest_only_with_trigger.py took 0.052 seconds
[2023-04-27T14:23:29.240+0000] {processor.py:153} INFO - Started process (PID=17078) to work on /home/airflow/.local/lib/python3.7/site-packages/airflow/example_dags/example_latest_only_with_trigger.py
[2023-04-27T14:23:29.241+0000] {processor.py:743} INFO - Processing file /home/airflow/.local/lib/python3.7/site-packages/airflow/example_dags/example_latest_only_with_trigger.py for tasks to queue
[2023-04-27T14:23:29.241+0000] {logging_mixin.py:137} INFO - [2023-04-27T14:23:29.241+0000] {dagbag.py:538} INFO - Filling up the DagBag from /home/airflow/.local/lib/python3.7/site-packages/airflow/example_dags/example_latest_only_with_trigger.py
[2023-04-27T14:23:29.254+0000] {processor.py:753} INFO - DAG(s) dict_keys(['latest_only_with_trigger']) retrieved from /home/airflow/.local/lib/python3.7/site-packages/airflow/example_dags/example_latest_only_with_trigger.py
[2023-04-27T14:23:29.286+0000] {logging_mixin.py:137} INFO - [2023-04-27T14:23:29.286+0000] {dag.py:2676} INFO - Sync 1 DAGs
[2023-04-27T14:23:29.307+0000] {logging_mixin.py:137} INFO - [2023-04-27T14:23:29.307+0000] {dag.py:3427} INFO - Setting next_dagrun for latest_only_with_trigger to 2023-04-27T10:23:29.307254+00:00, run_after=2023-04-27T14:23:29.307254+00:00
[2023-04-27T14:23:29.322+0000] {processor.py:175} INFO - Processing /home/airflow/.local/lib/python3.7/site-packages/airflow/example_dags/example_latest_only_with_trigger.py took 0.085 seconds
[2023-04-27T14:24:00.039+0000] {processor.py:153} INFO - Started process (PID=17164) to work on /home/airflow/.local/lib/python3.7/site-packages/airflow/example_dags/example_latest_only_with_trigger.py
[2023-04-27T14:24:00.039+0000] {processor.py:743} INFO - Processing file /home/airflow/.local/lib/python3.7/site-packages/airflow/example_dags/example_latest_only_with_trigger.py for tasks to queue
[2023-04-27T14:24:00.040+0000] {logging_mixin.py:137} INFO - [2023-04-27T14:24:00.039+0000] {dagbag.py:538} INFO - Filling up the DagBag from /home/airflow/.local/lib/python3.7/site-packages/airflow/example_dags/example_latest_only_with_trigger.py
[2023-04-27T14:24:00.048+0000] {processor.py:753} INFO - DAG(s) dict_keys(['latest_only_with_trigger']) retrieved from /home/airflow/.local/lib/python3.7/site-packages/airflow/example_dags/example_latest_only_with_trigger.py
[2023-04-27T14:24:00.069+0000] {logging_mixin.py:137} INFO - [2023-04-27T14:24:00.069+0000] {dag.py:2676} INFO - Sync 1 DAGs
[2023-04-27T14:24:00.085+0000] {logging_mixin.py:137} INFO - [2023-04-27T14:24:00.085+0000] {dag.py:3427} INFO - Setting next_dagrun for latest_only_with_trigger to 2023-04-27T10:24:00.085046+00:00, run_after=2023-04-27T14:24:00.085046+00:00
[2023-04-27T14:24:00.094+0000] {processor.py:175} INFO - Processing /home/airflow/.local/lib/python3.7/site-packages/airflow/example_dags/example_latest_only_with_trigger.py took 0.057 seconds
[2023-04-27T14:24:30.745+0000] {processor.py:153} INFO - Started process (PID=17274) to work on /home/airflow/.local/lib/python3.7/site-packages/airflow/example_dags/example_latest_only_with_trigger.py
[2023-04-27T14:24:30.745+0000] {processor.py:743} INFO - Processing file /home/airflow/.local/lib/python3.7/site-packages/airflow/example_dags/example_latest_only_with_trigger.py for tasks to queue
[2023-04-27T14:24:30.746+0000] {logging_mixin.py:137} INFO - [2023-04-27T14:24:30.746+0000] {dagbag.py:538} INFO - Filling up the DagBag from /home/airflow/.local/lib/python3.7/site-packages/airflow/example_dags/example_latest_only_with_trigger.py
[2023-04-27T14:24:30.755+0000] {processor.py:753} INFO - DAG(s) dict_keys(['latest_only_with_trigger']) retrieved from /home/airflow/.local/lib/python3.7/site-packages/airflow/example_dags/example_latest_only_with_trigger.py
[2023-04-27T14:24:30.784+0000] {logging_mixin.py:137} INFO - [2023-04-27T14:24:30.783+0000] {dag.py:2676} INFO - Sync 1 DAGs
[2023-04-27T14:24:30.798+0000] {logging_mixin.py:137} INFO - [2023-04-27T14:24:30.798+0000] {dag.py:3427} INFO - Setting next_dagrun for latest_only_with_trigger to 2023-04-27T10:24:30.798374+00:00, run_after=2023-04-27T14:24:30.798374+00:00
[2023-04-27T14:24:30.809+0000] {processor.py:175} INFO - Processing /home/airflow/.local/lib/python3.7/site-packages/airflow/example_dags/example_latest_only_with_trigger.py took 0.066 seconds
[2023-04-27T14:25:01.513+0000] {processor.py:153} INFO - Started process (PID=17369) to work on /home/airflow/.local/lib/python3.7/site-packages/airflow/example_dags/example_latest_only_with_trigger.py
[2023-04-27T14:25:01.514+0000] {processor.py:743} INFO - Processing file /home/airflow/.local/lib/python3.7/site-packages/airflow/example_dags/example_latest_only_with_trigger.py for tasks to queue
[2023-04-27T14:25:01.514+0000] {logging_mixin.py:137} INFO - [2023-04-27T14:25:01.514+0000] {dagbag.py:538} INFO - Filling up the DagBag from /home/airflow/.local/lib/python3.7/site-packages/airflow/example_dags/example_latest_only_with_trigger.py
[2023-04-27T14:25:01.522+0000] {processor.py:753} INFO - DAG(s) dict_keys(['latest_only_with_trigger']) retrieved from /home/airflow/.local/lib/python3.7/site-packages/airflow/example_dags/example_latest_only_with_trigger.py
[2023-04-27T14:25:01.550+0000] {logging_mixin.py:137} INFO - [2023-04-27T14:25:01.550+0000] {dag.py:2676} INFO - Sync 1 DAGs
[2023-04-27T14:25:01.572+0000] {logging_mixin.py:137} INFO - [2023-04-27T14:25:01.572+0000] {dag.py:3427} INFO - Setting next_dagrun for latest_only_with_trigger to 2023-04-27T10:25:01.572217+00:00, run_after=2023-04-27T14:25:01.572217+00:00
[2023-04-27T14:25:01.587+0000] {processor.py:175} INFO - Processing /home/airflow/.local/lib/python3.7/site-packages/airflow/example_dags/example_latest_only_with_trigger.py took 0.075 seconds
[2023-04-27T14:25:32.090+0000] {processor.py:153} INFO - Started process (PID=17470) to work on /home/airflow/.local/lib/python3.7/site-packages/airflow/example_dags/example_latest_only_with_trigger.py
[2023-04-27T14:25:32.091+0000] {processor.py:743} INFO - Processing file /home/airflow/.local/lib/python3.7/site-packages/airflow/example_dags/example_latest_only_with_trigger.py for tasks to queue
[2023-04-27T14:25:32.091+0000] {logging_mixin.py:137} INFO - [2023-04-27T14:25:32.091+0000] {dagbag.py:538} INFO - Filling up the DagBag from /home/airflow/.local/lib/python3.7/site-packages/airflow/example_dags/example_latest_only_with_trigger.py
[2023-04-27T14:25:32.099+0000] {processor.py:753} INFO - DAG(s) dict_keys(['latest_only_with_trigger']) retrieved from /home/airflow/.local/lib/python3.7/site-packages/airflow/example_dags/example_latest_only_with_trigger.py
[2023-04-27T14:25:32.119+0000] {logging_mixin.py:137} INFO - [2023-04-27T14:25:32.119+0000] {dag.py:2676} INFO - Sync 1 DAGs
[2023-04-27T14:25:32.133+0000] {logging_mixin.py:137} INFO - [2023-04-27T14:25:32.133+0000] {dag.py:3427} INFO - Setting next_dagrun for latest_only_with_trigger to 2023-04-27T10:25:32.132976+00:00, run_after=2023-04-27T14:25:32.132976+00:00
[2023-04-27T14:25:32.142+0000] {processor.py:175} INFO - Processing /home/airflow/.local/lib/python3.7/site-packages/airflow/example_dags/example_latest_only_with_trigger.py took 0.054 seconds
