[2023-04-27T14:20:55.727+0000] {processor.py:153} INFO - Started process (PID=16543) to work on /home/airflow/.local/lib/python3.7/site-packages/airflow/example_dags/example_subdag_operator.py
[2023-04-27T14:20:55.728+0000] {processor.py:743} INFO - Processing file /home/airflow/.local/lib/python3.7/site-packages/airflow/example_dags/example_subdag_operator.py for tasks to queue
[2023-04-27T14:20:55.728+0000] {logging_mixin.py:137} INFO - [2023-04-27T14:20:55.728+0000] {dagbag.py:538} INFO - Filling up the DagBag from /home/airflow/.local/lib/python3.7/site-packages/airflow/example_dags/example_subdag_operator.py
[2023-04-27T14:20:55.744+0000] {processor.py:753} INFO - DAG(s) dict_keys(['example_subdag_operator.section-1', 'example_subdag_operator.section-2', 'example_subdag_operator']) retrieved from /home/airflow/.local/lib/python3.7/site-packages/airflow/example_dags/example_subdag_operator.py
[2023-04-27T14:20:55.761+0000] {logging_mixin.py:137} INFO - [2023-04-27T14:20:55.761+0000] {dag.py:2676} INFO - Sync 3 DAGs
[2023-04-27T14:20:55.775+0000] {logging_mixin.py:137} INFO - [2023-04-27T14:20:55.775+0000] {dag.py:3427} INFO - Setting next_dagrun for example_subdag_operator to 2022-01-01T00:00:00+00:00, run_after=2022-01-01T00:00:00+00:00
[2023-04-27T14:20:55.777+0000] {logging_mixin.py:137} INFO - [2023-04-27T14:20:55.777+0000] {dag.py:3427} INFO - Setting next_dagrun for example_subdag_operator.section-1 to None, run_after=None
[2023-04-27T14:20:55.777+0000] {logging_mixin.py:137} INFO - [2023-04-27T14:20:55.777+0000] {dag.py:3427} INFO - Setting next_dagrun for example_subdag_operator.section-2 to None, run_after=None
[2023-04-27T14:20:55.781+0000] {logging_mixin.py:137} INFO - [2023-04-27T14:20:55.781+0000] {dag.py:2676} INFO - Sync 2 DAGs
[2023-04-27T14:20:55.784+0000] {logging_mixin.py:137} INFO - [2023-04-27T14:20:55.784+0000] {dag.py:3427} INFO - Setting next_dagrun for example_subdag_operator.section-1 to None, run_after=None
[2023-04-27T14:20:55.784+0000] {logging_mixin.py:137} INFO - [2023-04-27T14:20:55.784+0000] {dag.py:3427} INFO - Setting next_dagrun for example_subdag_operator.section-2 to None, run_after=None
[2023-04-27T14:20:55.789+0000] {processor.py:175} INFO - Processing /home/airflow/.local/lib/python3.7/site-packages/airflow/example_dags/example_subdag_operator.py took 0.064 seconds
[2023-04-27T14:21:26.391+0000] {processor.py:153} INFO - Started process (PID=16653) to work on /home/airflow/.local/lib/python3.7/site-packages/airflow/example_dags/example_subdag_operator.py
[2023-04-27T14:21:26.391+0000] {processor.py:743} INFO - Processing file /home/airflow/.local/lib/python3.7/site-packages/airflow/example_dags/example_subdag_operator.py for tasks to queue
[2023-04-27T14:21:26.391+0000] {logging_mixin.py:137} INFO - [2023-04-27T14:21:26.391+0000] {dagbag.py:538} INFO - Filling up the DagBag from /home/airflow/.local/lib/python3.7/site-packages/airflow/example_dags/example_subdag_operator.py
[2023-04-27T14:21:26.407+0000] {processor.py:753} INFO - DAG(s) dict_keys(['example_subdag_operator.section-1', 'example_subdag_operator.section-2', 'example_subdag_operator']) retrieved from /home/airflow/.local/lib/python3.7/site-packages/airflow/example_dags/example_subdag_operator.py
[2023-04-27T14:21:26.423+0000] {logging_mixin.py:137} INFO - [2023-04-27T14:21:26.423+0000] {dag.py:2676} INFO - Sync 3 DAGs
[2023-04-27T14:21:26.436+0000] {logging_mixin.py:137} INFO - [2023-04-27T14:21:26.436+0000] {dag.py:3427} INFO - Setting next_dagrun for example_subdag_operator to 2022-01-01T00:00:00+00:00, run_after=2022-01-01T00:00:00+00:00
[2023-04-27T14:21:26.438+0000] {logging_mixin.py:137} INFO - [2023-04-27T14:21:26.438+0000] {dag.py:3427} INFO - Setting next_dagrun for example_subdag_operator.section-1 to None, run_after=None
[2023-04-27T14:21:26.438+0000] {logging_mixin.py:137} INFO - [2023-04-27T14:21:26.438+0000] {dag.py:3427} INFO - Setting next_dagrun for example_subdag_operator.section-2 to None, run_after=None
[2023-04-27T14:21:26.443+0000] {logging_mixin.py:137} INFO - [2023-04-27T14:21:26.443+0000] {dag.py:2676} INFO - Sync 2 DAGs
[2023-04-27T14:21:26.445+0000] {logging_mixin.py:137} INFO - [2023-04-27T14:21:26.445+0000] {dag.py:3427} INFO - Setting next_dagrun for example_subdag_operator.section-1 to None, run_after=None
[2023-04-27T14:21:26.446+0000] {logging_mixin.py:137} INFO - [2023-04-27T14:21:26.446+0000] {dag.py:3427} INFO - Setting next_dagrun for example_subdag_operator.section-2 to None, run_after=None
[2023-04-27T14:21:26.451+0000] {processor.py:175} INFO - Processing /home/airflow/.local/lib/python3.7/site-packages/airflow/example_dags/example_subdag_operator.py took 0.062 seconds
[2023-04-27T14:21:56.981+0000] {processor.py:153} INFO - Started process (PID=16748) to work on /home/airflow/.local/lib/python3.7/site-packages/airflow/example_dags/example_subdag_operator.py
[2023-04-27T14:21:56.982+0000] {processor.py:743} INFO - Processing file /home/airflow/.local/lib/python3.7/site-packages/airflow/example_dags/example_subdag_operator.py for tasks to queue
[2023-04-27T14:21:56.982+0000] {logging_mixin.py:137} INFO - [2023-04-27T14:21:56.982+0000] {dagbag.py:538} INFO - Filling up the DagBag from /home/airflow/.local/lib/python3.7/site-packages/airflow/example_dags/example_subdag_operator.py
[2023-04-27T14:21:56.999+0000] {processor.py:753} INFO - DAG(s) dict_keys(['example_subdag_operator.section-1', 'example_subdag_operator.section-2', 'example_subdag_operator']) retrieved from /home/airflow/.local/lib/python3.7/site-packages/airflow/example_dags/example_subdag_operator.py
[2023-04-27T14:21:57.016+0000] {logging_mixin.py:137} INFO - [2023-04-27T14:21:57.016+0000] {dag.py:2676} INFO - Sync 3 DAGs
[2023-04-27T14:21:57.031+0000] {logging_mixin.py:137} INFO - [2023-04-27T14:21:57.031+0000] {dag.py:3427} INFO - Setting next_dagrun for example_subdag_operator to 2022-01-01T00:00:00+00:00, run_after=2022-01-01T00:00:00+00:00
[2023-04-27T14:21:57.033+0000] {logging_mixin.py:137} INFO - [2023-04-27T14:21:57.033+0000] {dag.py:3427} INFO - Setting next_dagrun for example_subdag_operator.section-1 to None, run_after=None
[2023-04-27T14:21:57.034+0000] {logging_mixin.py:137} INFO - [2023-04-27T14:21:57.034+0000] {dag.py:3427} INFO - Setting next_dagrun for example_subdag_operator.section-2 to None, run_after=None
[2023-04-27T14:21:57.037+0000] {logging_mixin.py:137} INFO - [2023-04-27T14:21:57.037+0000] {dag.py:2676} INFO - Sync 2 DAGs
[2023-04-27T14:21:57.040+0000] {logging_mixin.py:137} INFO - [2023-04-27T14:21:57.040+0000] {dag.py:3427} INFO - Setting next_dagrun for example_subdag_operator.section-1 to None, run_after=None
[2023-04-27T14:21:57.040+0000] {logging_mixin.py:137} INFO - [2023-04-27T14:21:57.040+0000] {dag.py:3427} INFO - Setting next_dagrun for example_subdag_operator.section-2 to None, run_after=None
[2023-04-27T14:21:57.046+0000] {processor.py:175} INFO - Processing /home/airflow/.local/lib/python3.7/site-packages/airflow/example_dags/example_subdag_operator.py took 0.067 seconds
[2023-04-27T14:22:27.778+0000] {processor.py:153} INFO - Started process (PID=16849) to work on /home/airflow/.local/lib/python3.7/site-packages/airflow/example_dags/example_subdag_operator.py
[2023-04-27T14:22:27.779+0000] {processor.py:743} INFO - Processing file /home/airflow/.local/lib/python3.7/site-packages/airflow/example_dags/example_subdag_operator.py for tasks to queue
[2023-04-27T14:22:27.779+0000] {logging_mixin.py:137} INFO - [2023-04-27T14:22:27.779+0000] {dagbag.py:538} INFO - Filling up the DagBag from /home/airflow/.local/lib/python3.7/site-packages/airflow/example_dags/example_subdag_operator.py
[2023-04-27T14:22:27.795+0000] {processor.py:753} INFO - DAG(s) dict_keys(['example_subdag_operator.section-1', 'example_subdag_operator.section-2', 'example_subdag_operator']) retrieved from /home/airflow/.local/lib/python3.7/site-packages/airflow/example_dags/example_subdag_operator.py
[2023-04-27T14:22:27.811+0000] {logging_mixin.py:137} INFO - [2023-04-27T14:22:27.810+0000] {dag.py:2676} INFO - Sync 3 DAGs
[2023-04-27T14:22:27.824+0000] {logging_mixin.py:137} INFO - [2023-04-27T14:22:27.824+0000] {dag.py:3427} INFO - Setting next_dagrun for example_subdag_operator to 2022-01-01T00:00:00+00:00, run_after=2022-01-01T00:00:00+00:00
[2023-04-27T14:22:27.825+0000] {logging_mixin.py:137} INFO - [2023-04-27T14:22:27.825+0000] {dag.py:3427} INFO - Setting next_dagrun for example_subdag_operator.section-1 to None, run_after=None
[2023-04-27T14:22:27.826+0000] {logging_mixin.py:137} INFO - [2023-04-27T14:22:27.826+0000] {dag.py:3427} INFO - Setting next_dagrun for example_subdag_operator.section-2 to None, run_after=None
[2023-04-27T14:22:27.830+0000] {logging_mixin.py:137} INFO - [2023-04-27T14:22:27.830+0000] {dag.py:2676} INFO - Sync 2 DAGs
[2023-04-27T14:22:27.832+0000] {logging_mixin.py:137} INFO - [2023-04-27T14:22:27.832+0000] {dag.py:3427} INFO - Setting next_dagrun for example_subdag_operator.section-1 to None, run_after=None
[2023-04-27T14:22:27.833+0000] {logging_mixin.py:137} INFO - [2023-04-27T14:22:27.833+0000] {dag.py:3427} INFO - Setting next_dagrun for example_subdag_operator.section-2 to None, run_after=None
[2023-04-27T14:22:27.839+0000] {processor.py:175} INFO - Processing /home/airflow/.local/lib/python3.7/site-packages/airflow/example_dags/example_subdag_operator.py took 0.064 seconds
[2023-04-27T14:22:58.332+0000] {processor.py:153} INFO - Started process (PID=16959) to work on /home/airflow/.local/lib/python3.7/site-packages/airflow/example_dags/example_subdag_operator.py
[2023-04-27T14:22:58.333+0000] {processor.py:743} INFO - Processing file /home/airflow/.local/lib/python3.7/site-packages/airflow/example_dags/example_subdag_operator.py for tasks to queue
[2023-04-27T14:22:58.333+0000] {logging_mixin.py:137} INFO - [2023-04-27T14:22:58.333+0000] {dagbag.py:538} INFO - Filling up the DagBag from /home/airflow/.local/lib/python3.7/site-packages/airflow/example_dags/example_subdag_operator.py
[2023-04-27T14:22:58.349+0000] {processor.py:753} INFO - DAG(s) dict_keys(['example_subdag_operator.section-1', 'example_subdag_operator.section-2', 'example_subdag_operator']) retrieved from /home/airflow/.local/lib/python3.7/site-packages/airflow/example_dags/example_subdag_operator.py
[2023-04-27T14:22:58.365+0000] {logging_mixin.py:137} INFO - [2023-04-27T14:22:58.365+0000] {dag.py:2676} INFO - Sync 3 DAGs
[2023-04-27T14:22:58.379+0000] {logging_mixin.py:137} INFO - [2023-04-27T14:22:58.378+0000] {dag.py:3427} INFO - Setting next_dagrun for example_subdag_operator to 2022-01-01T00:00:00+00:00, run_after=2022-01-01T00:00:00+00:00
[2023-04-27T14:22:58.380+0000] {logging_mixin.py:137} INFO - [2023-04-27T14:22:58.380+0000] {dag.py:3427} INFO - Setting next_dagrun for example_subdag_operator.section-1 to None, run_after=None
[2023-04-27T14:22:58.381+0000] {logging_mixin.py:137} INFO - [2023-04-27T14:22:58.381+0000] {dag.py:3427} INFO - Setting next_dagrun for example_subdag_operator.section-2 to None, run_after=None
[2023-04-27T14:22:58.385+0000] {logging_mixin.py:137} INFO - [2023-04-27T14:22:58.385+0000] {dag.py:2676} INFO - Sync 2 DAGs
[2023-04-27T14:22:58.388+0000] {logging_mixin.py:137} INFO - [2023-04-27T14:22:58.388+0000] {dag.py:3427} INFO - Setting next_dagrun for example_subdag_operator.section-1 to None, run_after=None
[2023-04-27T14:22:58.388+0000] {logging_mixin.py:137} INFO - [2023-04-27T14:22:58.388+0000] {dag.py:3427} INFO - Setting next_dagrun for example_subdag_operator.section-2 to None, run_after=None
[2023-04-27T14:22:58.394+0000] {processor.py:175} INFO - Processing /home/airflow/.local/lib/python3.7/site-packages/airflow/example_dags/example_subdag_operator.py took 0.063 seconds
[2023-04-27T14:23:28.857+0000] {processor.py:153} INFO - Started process (PID=17054) to work on /home/airflow/.local/lib/python3.7/site-packages/airflow/example_dags/example_subdag_operator.py
[2023-04-27T14:23:28.858+0000] {processor.py:743} INFO - Processing file /home/airflow/.local/lib/python3.7/site-packages/airflow/example_dags/example_subdag_operator.py for tasks to queue
[2023-04-27T14:23:28.858+0000] {logging_mixin.py:137} INFO - [2023-04-27T14:23:28.858+0000] {dagbag.py:538} INFO - Filling up the DagBag from /home/airflow/.local/lib/python3.7/site-packages/airflow/example_dags/example_subdag_operator.py
[2023-04-27T14:23:28.875+0000] {processor.py:753} INFO - DAG(s) dict_keys(['example_subdag_operator.section-1', 'example_subdag_operator.section-2', 'example_subdag_operator']) retrieved from /home/airflow/.local/lib/python3.7/site-packages/airflow/example_dags/example_subdag_operator.py
[2023-04-27T14:23:28.896+0000] {logging_mixin.py:137} INFO - [2023-04-27T14:23:28.896+0000] {dag.py:2676} INFO - Sync 3 DAGs
[2023-04-27T14:23:28.913+0000] {logging_mixin.py:137} INFO - [2023-04-27T14:23:28.913+0000] {dag.py:3427} INFO - Setting next_dagrun for example_subdag_operator to 2022-01-01T00:00:00+00:00, run_after=2022-01-01T00:00:00+00:00
[2023-04-27T14:23:28.915+0000] {logging_mixin.py:137} INFO - [2023-04-27T14:23:28.915+0000] {dag.py:3427} INFO - Setting next_dagrun for example_subdag_operator.section-1 to None, run_after=None
[2023-04-27T14:23:28.916+0000] {logging_mixin.py:137} INFO - [2023-04-27T14:23:28.915+0000] {dag.py:3427} INFO - Setting next_dagrun for example_subdag_operator.section-2 to None, run_after=None
[2023-04-27T14:23:28.920+0000] {logging_mixin.py:137} INFO - [2023-04-27T14:23:28.920+0000] {dag.py:2676} INFO - Sync 2 DAGs
[2023-04-27T14:23:28.924+0000] {logging_mixin.py:137} INFO - [2023-04-27T14:23:28.924+0000] {dag.py:3427} INFO - Setting next_dagrun for example_subdag_operator.section-1 to None, run_after=None
[2023-04-27T14:23:28.924+0000] {logging_mixin.py:137} INFO - [2023-04-27T14:23:28.924+0000] {dag.py:3427} INFO - Setting next_dagrun for example_subdag_operator.section-2 to None, run_after=None
[2023-04-27T14:23:28.929+0000] {processor.py:175} INFO - Processing /home/airflow/.local/lib/python3.7/site-packages/airflow/example_dags/example_subdag_operator.py took 0.074 seconds
[2023-04-27T14:23:59.636+0000] {processor.py:153} INFO - Started process (PID=17155) to work on /home/airflow/.local/lib/python3.7/site-packages/airflow/example_dags/example_subdag_operator.py
[2023-04-27T14:23:59.636+0000] {processor.py:743} INFO - Processing file /home/airflow/.local/lib/python3.7/site-packages/airflow/example_dags/example_subdag_operator.py for tasks to queue
[2023-04-27T14:23:59.637+0000] {logging_mixin.py:137} INFO - [2023-04-27T14:23:59.637+0000] {dagbag.py:538} INFO - Filling up the DagBag from /home/airflow/.local/lib/python3.7/site-packages/airflow/example_dags/example_subdag_operator.py
[2023-04-27T14:23:59.653+0000] {processor.py:753} INFO - DAG(s) dict_keys(['example_subdag_operator.section-1', 'example_subdag_operator.section-2', 'example_subdag_operator']) retrieved from /home/airflow/.local/lib/python3.7/site-packages/airflow/example_dags/example_subdag_operator.py
[2023-04-27T14:23:59.669+0000] {logging_mixin.py:137} INFO - [2023-04-27T14:23:59.669+0000] {dag.py:2676} INFO - Sync 3 DAGs
[2023-04-27T14:23:59.690+0000] {logging_mixin.py:137} INFO - [2023-04-27T14:23:59.690+0000] {dag.py:3427} INFO - Setting next_dagrun for example_subdag_operator to 2022-01-01T00:00:00+00:00, run_after=2022-01-01T00:00:00+00:00
[2023-04-27T14:23:59.692+0000] {logging_mixin.py:137} INFO - [2023-04-27T14:23:59.692+0000] {dag.py:3427} INFO - Setting next_dagrun for example_subdag_operator.section-1 to None, run_after=None
[2023-04-27T14:23:59.693+0000] {logging_mixin.py:137} INFO - [2023-04-27T14:23:59.693+0000] {dag.py:3427} INFO - Setting next_dagrun for example_subdag_operator.section-2 to None, run_after=None
[2023-04-27T14:23:59.699+0000] {logging_mixin.py:137} INFO - [2023-04-27T14:23:59.699+0000] {dag.py:2676} INFO - Sync 2 DAGs
[2023-04-27T14:23:59.704+0000] {logging_mixin.py:137} INFO - [2023-04-27T14:23:59.703+0000] {dag.py:3427} INFO - Setting next_dagrun for example_subdag_operator.section-1 to None, run_after=None
[2023-04-27T14:23:59.704+0000] {logging_mixin.py:137} INFO - [2023-04-27T14:23:59.704+0000] {dag.py:3427} INFO - Setting next_dagrun for example_subdag_operator.section-2 to None, run_after=None
[2023-04-27T14:23:59.711+0000] {processor.py:175} INFO - Processing /home/airflow/.local/lib/python3.7/site-packages/airflow/example_dags/example_subdag_operator.py took 0.076 seconds
[2023-04-27T14:24:30.327+0000] {processor.py:153} INFO - Started process (PID=17265) to work on /home/airflow/.local/lib/python3.7/site-packages/airflow/example_dags/example_subdag_operator.py
[2023-04-27T14:24:30.327+0000] {processor.py:743} INFO - Processing file /home/airflow/.local/lib/python3.7/site-packages/airflow/example_dags/example_subdag_operator.py for tasks to queue
[2023-04-27T14:24:30.328+0000] {logging_mixin.py:137} INFO - [2023-04-27T14:24:30.327+0000] {dagbag.py:538} INFO - Filling up the DagBag from /home/airflow/.local/lib/python3.7/site-packages/airflow/example_dags/example_subdag_operator.py
[2023-04-27T14:24:30.350+0000] {processor.py:753} INFO - DAG(s) dict_keys(['example_subdag_operator.section-1', 'example_subdag_operator.section-2', 'example_subdag_operator']) retrieved from /home/airflow/.local/lib/python3.7/site-packages/airflow/example_dags/example_subdag_operator.py
[2023-04-27T14:24:30.370+0000] {logging_mixin.py:137} INFO - [2023-04-27T14:24:30.370+0000] {dag.py:2676} INFO - Sync 3 DAGs
[2023-04-27T14:24:30.387+0000] {logging_mixin.py:137} INFO - [2023-04-27T14:24:30.387+0000] {dag.py:3427} INFO - Setting next_dagrun for example_subdag_operator to 2022-01-01T00:00:00+00:00, run_after=2022-01-01T00:00:00+00:00
[2023-04-27T14:24:30.390+0000] {logging_mixin.py:137} INFO - [2023-04-27T14:24:30.390+0000] {dag.py:3427} INFO - Setting next_dagrun for example_subdag_operator.section-1 to None, run_after=None
[2023-04-27T14:24:30.391+0000] {logging_mixin.py:137} INFO - [2023-04-27T14:24:30.391+0000] {dag.py:3427} INFO - Setting next_dagrun for example_subdag_operator.section-2 to None, run_after=None
[2023-04-27T14:24:30.397+0000] {logging_mixin.py:137} INFO - [2023-04-27T14:24:30.397+0000] {dag.py:2676} INFO - Sync 2 DAGs
[2023-04-27T14:24:30.402+0000] {logging_mixin.py:137} INFO - [2023-04-27T14:24:30.401+0000] {dag.py:3427} INFO - Setting next_dagrun for example_subdag_operator.section-1 to None, run_after=None
[2023-04-27T14:24:30.402+0000] {logging_mixin.py:137} INFO - [2023-04-27T14:24:30.402+0000] {dag.py:3427} INFO - Setting next_dagrun for example_subdag_operator.section-2 to None, run_after=None
[2023-04-27T14:24:30.416+0000] {processor.py:175} INFO - Processing /home/airflow/.local/lib/python3.7/site-packages/airflow/example_dags/example_subdag_operator.py took 0.092 seconds
[2023-04-27T14:25:01.159+0000] {processor.py:153} INFO - Started process (PID=17360) to work on /home/airflow/.local/lib/python3.7/site-packages/airflow/example_dags/example_subdag_operator.py
[2023-04-27T14:25:01.159+0000] {processor.py:743} INFO - Processing file /home/airflow/.local/lib/python3.7/site-packages/airflow/example_dags/example_subdag_operator.py for tasks to queue
[2023-04-27T14:25:01.160+0000] {logging_mixin.py:137} INFO - [2023-04-27T14:25:01.160+0000] {dagbag.py:538} INFO - Filling up the DagBag from /home/airflow/.local/lib/python3.7/site-packages/airflow/example_dags/example_subdag_operator.py
[2023-04-27T14:25:01.176+0000] {processor.py:753} INFO - DAG(s) dict_keys(['example_subdag_operator.section-1', 'example_subdag_operator.section-2', 'example_subdag_operator']) retrieved from /home/airflow/.local/lib/python3.7/site-packages/airflow/example_dags/example_subdag_operator.py
[2023-04-27T14:25:01.193+0000] {logging_mixin.py:137} INFO - [2023-04-27T14:25:01.193+0000] {dag.py:2676} INFO - Sync 3 DAGs
[2023-04-27T14:25:01.209+0000] {logging_mixin.py:137} INFO - [2023-04-27T14:25:01.209+0000] {dag.py:3427} INFO - Setting next_dagrun for example_subdag_operator to 2022-01-01T00:00:00+00:00, run_after=2022-01-01T00:00:00+00:00
[2023-04-27T14:25:01.211+0000] {logging_mixin.py:137} INFO - [2023-04-27T14:25:01.211+0000] {dag.py:3427} INFO - Setting next_dagrun for example_subdag_operator.section-1 to None, run_after=None
[2023-04-27T14:25:01.211+0000] {logging_mixin.py:137} INFO - [2023-04-27T14:25:01.211+0000] {dag.py:3427} INFO - Setting next_dagrun for example_subdag_operator.section-2 to None, run_after=None
[2023-04-27T14:25:01.215+0000] {logging_mixin.py:137} INFO - [2023-04-27T14:25:01.215+0000] {dag.py:2676} INFO - Sync 2 DAGs
[2023-04-27T14:25:01.218+0000] {logging_mixin.py:137} INFO - [2023-04-27T14:25:01.218+0000] {dag.py:3427} INFO - Setting next_dagrun for example_subdag_operator.section-1 to None, run_after=None
[2023-04-27T14:25:01.218+0000] {logging_mixin.py:137} INFO - [2023-04-27T14:25:01.218+0000] {dag.py:3427} INFO - Setting next_dagrun for example_subdag_operator.section-2 to None, run_after=None
[2023-04-27T14:25:01.223+0000] {processor.py:175} INFO - Processing /home/airflow/.local/lib/python3.7/site-packages/airflow/example_dags/example_subdag_operator.py took 0.066 seconds
[2023-04-27T14:25:31.732+0000] {processor.py:153} INFO - Started process (PID=17461) to work on /home/airflow/.local/lib/python3.7/site-packages/airflow/example_dags/example_subdag_operator.py
[2023-04-27T14:25:31.733+0000] {processor.py:743} INFO - Processing file /home/airflow/.local/lib/python3.7/site-packages/airflow/example_dags/example_subdag_operator.py for tasks to queue
[2023-04-27T14:25:31.733+0000] {logging_mixin.py:137} INFO - [2023-04-27T14:25:31.733+0000] {dagbag.py:538} INFO - Filling up the DagBag from /home/airflow/.local/lib/python3.7/site-packages/airflow/example_dags/example_subdag_operator.py
[2023-04-27T14:25:31.758+0000] {processor.py:753} INFO - DAG(s) dict_keys(['example_subdag_operator.section-1', 'example_subdag_operator.section-2', 'example_subdag_operator']) retrieved from /home/airflow/.local/lib/python3.7/site-packages/airflow/example_dags/example_subdag_operator.py
[2023-04-27T14:25:31.776+0000] {logging_mixin.py:137} INFO - [2023-04-27T14:25:31.776+0000] {dag.py:2676} INFO - Sync 3 DAGs
[2023-04-27T14:25:31.791+0000] {logging_mixin.py:137} INFO - [2023-04-27T14:25:31.791+0000] {dag.py:3427} INFO - Setting next_dagrun for example_subdag_operator to 2022-01-01T00:00:00+00:00, run_after=2022-01-01T00:00:00+00:00
[2023-04-27T14:25:31.794+0000] {logging_mixin.py:137} INFO - [2023-04-27T14:25:31.794+0000] {dag.py:3427} INFO - Setting next_dagrun for example_subdag_operator.section-1 to None, run_after=None
[2023-04-27T14:25:31.795+0000] {logging_mixin.py:137} INFO - [2023-04-27T14:25:31.795+0000] {dag.py:3427} INFO - Setting next_dagrun for example_subdag_operator.section-2 to None, run_after=None
[2023-04-27T14:25:31.798+0000] {logging_mixin.py:137} INFO - [2023-04-27T14:25:31.798+0000] {dag.py:2676} INFO - Sync 2 DAGs
[2023-04-27T14:25:31.801+0000] {logging_mixin.py:137} INFO - [2023-04-27T14:25:31.801+0000] {dag.py:3427} INFO - Setting next_dagrun for example_subdag_operator.section-1 to None, run_after=None
[2023-04-27T14:25:31.801+0000] {logging_mixin.py:137} INFO - [2023-04-27T14:25:31.801+0000] {dag.py:3427} INFO - Setting next_dagrun for example_subdag_operator.section-2 to None, run_after=None
[2023-04-27T14:25:31.806+0000] {processor.py:175} INFO - Processing /home/airflow/.local/lib/python3.7/site-packages/airflow/example_dags/example_subdag_operator.py took 0.076 seconds
