[2023-04-27T14:20:56.354+0000] {processor.py:153} INFO - Started process (PID=16558) to work on /home/airflow/.local/lib/python3.7/site-packages/airflow/example_dags/example_task_group_decorator.py
[2023-04-27T14:20:56.354+0000] {processor.py:743} INFO - Processing file /home/airflow/.local/lib/python3.7/site-packages/airflow/example_dags/example_task_group_decorator.py for tasks to queue
[2023-04-27T14:20:56.355+0000] {logging_mixin.py:137} INFO - [2023-04-27T14:20:56.354+0000] {dagbag.py:538} INFO - Filling up the DagBag from /home/airflow/.local/lib/python3.7/site-packages/airflow/example_dags/example_task_group_decorator.py
[2023-04-27T14:20:56.372+0000] {processor.py:753} INFO - DAG(s) dict_keys(['example_task_group_decorator']) retrieved from /home/airflow/.local/lib/python3.7/site-packages/airflow/example_dags/example_task_group_decorator.py
[2023-04-27T14:20:56.392+0000] {logging_mixin.py:137} INFO - [2023-04-27T14:20:56.392+0000] {dag.py:2676} INFO - Sync 1 DAGs
[2023-04-27T14:20:56.406+0000] {logging_mixin.py:137} INFO - [2023-04-27T14:20:56.406+0000] {dag.py:3427} INFO - Setting next_dagrun for example_task_group_decorator to 2023-04-26T14:20:56.405898+00:00, run_after=2023-04-27T14:20:56.405898+00:00
[2023-04-27T14:20:56.415+0000] {processor.py:175} INFO - Processing /home/airflow/.local/lib/python3.7/site-packages/airflow/example_dags/example_task_group_decorator.py took 0.063 seconds
[2023-04-27T14:21:27.048+0000] {processor.py:153} INFO - Started process (PID=16668) to work on /home/airflow/.local/lib/python3.7/site-packages/airflow/example_dags/example_task_group_decorator.py
[2023-04-27T14:21:27.049+0000] {processor.py:743} INFO - Processing file /home/airflow/.local/lib/python3.7/site-packages/airflow/example_dags/example_task_group_decorator.py for tasks to queue
[2023-04-27T14:21:27.049+0000] {logging_mixin.py:137} INFO - [2023-04-27T14:21:27.049+0000] {dagbag.py:538} INFO - Filling up the DagBag from /home/airflow/.local/lib/python3.7/site-packages/airflow/example_dags/example_task_group_decorator.py
[2023-04-27T14:21:27.065+0000] {processor.py:753} INFO - DAG(s) dict_keys(['example_task_group_decorator']) retrieved from /home/airflow/.local/lib/python3.7/site-packages/airflow/example_dags/example_task_group_decorator.py
[2023-04-27T14:21:27.089+0000] {logging_mixin.py:137} INFO - [2023-04-27T14:21:27.089+0000] {dag.py:2676} INFO - Sync 1 DAGs
[2023-04-27T14:21:27.107+0000] {logging_mixin.py:137} INFO - [2023-04-27T14:21:27.107+0000] {dag.py:3427} INFO - Setting next_dagrun for example_task_group_decorator to 2023-04-26T14:21:27.107610+00:00, run_after=2023-04-27T14:21:27.107610+00:00
[2023-04-27T14:21:27.117+0000] {processor.py:175} INFO - Processing /home/airflow/.local/lib/python3.7/site-packages/airflow/example_dags/example_task_group_decorator.py took 0.070 seconds
[2023-04-27T14:21:57.692+0000] {processor.py:153} INFO - Started process (PID=16778) to work on /home/airflow/.local/lib/python3.7/site-packages/airflow/example_dags/example_task_group_decorator.py
[2023-04-27T14:21:57.693+0000] {processor.py:743} INFO - Processing file /home/airflow/.local/lib/python3.7/site-packages/airflow/example_dags/example_task_group_decorator.py for tasks to queue
[2023-04-27T14:21:57.693+0000] {logging_mixin.py:137} INFO - [2023-04-27T14:21:57.693+0000] {dagbag.py:538} INFO - Filling up the DagBag from /home/airflow/.local/lib/python3.7/site-packages/airflow/example_dags/example_task_group_decorator.py
[2023-04-27T14:21:57.709+0000] {processor.py:753} INFO - DAG(s) dict_keys(['example_task_group_decorator']) retrieved from /home/airflow/.local/lib/python3.7/site-packages/airflow/example_dags/example_task_group_decorator.py
[2023-04-27T14:21:57.731+0000] {logging_mixin.py:137} INFO - [2023-04-27T14:21:57.731+0000] {dag.py:2676} INFO - Sync 1 DAGs
[2023-04-27T14:21:57.745+0000] {logging_mixin.py:137} INFO - [2023-04-27T14:21:57.745+0000] {dag.py:3427} INFO - Setting next_dagrun for example_task_group_decorator to 2023-04-26T14:21:57.745484+00:00, run_after=2023-04-27T14:21:57.745484+00:00
[2023-04-27T14:21:57.754+0000] {processor.py:175} INFO - Processing /home/airflow/.local/lib/python3.7/site-packages/airflow/example_dags/example_task_group_decorator.py took 0.064 seconds
[2023-04-27T14:22:28.311+0000] {processor.py:153} INFO - Started process (PID=16864) to work on /home/airflow/.local/lib/python3.7/site-packages/airflow/example_dags/example_task_group_decorator.py
[2023-04-27T14:22:28.311+0000] {processor.py:743} INFO - Processing file /home/airflow/.local/lib/python3.7/site-packages/airflow/example_dags/example_task_group_decorator.py for tasks to queue
[2023-04-27T14:22:28.311+0000] {logging_mixin.py:137} INFO - [2023-04-27T14:22:28.311+0000] {dagbag.py:538} INFO - Filling up the DagBag from /home/airflow/.local/lib/python3.7/site-packages/airflow/example_dags/example_task_group_decorator.py
[2023-04-27T14:22:28.327+0000] {processor.py:753} INFO - DAG(s) dict_keys(['example_task_group_decorator']) retrieved from /home/airflow/.local/lib/python3.7/site-packages/airflow/example_dags/example_task_group_decorator.py
[2023-04-27T14:22:28.349+0000] {logging_mixin.py:137} INFO - [2023-04-27T14:22:28.349+0000] {dag.py:2676} INFO - Sync 1 DAGs
[2023-04-27T14:22:28.363+0000] {logging_mixin.py:137} INFO - [2023-04-27T14:22:28.363+0000] {dag.py:3427} INFO - Setting next_dagrun for example_task_group_decorator to 2023-04-26T14:22:28.363296+00:00, run_after=2023-04-27T14:22:28.363296+00:00
[2023-04-27T14:22:28.373+0000] {processor.py:175} INFO - Processing /home/airflow/.local/lib/python3.7/site-packages/airflow/example_dags/example_task_group_decorator.py took 0.063 seconds
[2023-04-27T14:22:58.871+0000] {processor.py:153} INFO - Started process (PID=16974) to work on /home/airflow/.local/lib/python3.7/site-packages/airflow/example_dags/example_task_group_decorator.py
[2023-04-27T14:22:58.871+0000] {processor.py:743} INFO - Processing file /home/airflow/.local/lib/python3.7/site-packages/airflow/example_dags/example_task_group_decorator.py for tasks to queue
[2023-04-27T14:22:58.872+0000] {logging_mixin.py:137} INFO - [2023-04-27T14:22:58.872+0000] {dagbag.py:538} INFO - Filling up the DagBag from /home/airflow/.local/lib/python3.7/site-packages/airflow/example_dags/example_task_group_decorator.py
[2023-04-27T14:22:58.888+0000] {processor.py:753} INFO - DAG(s) dict_keys(['example_task_group_decorator']) retrieved from /home/airflow/.local/lib/python3.7/site-packages/airflow/example_dags/example_task_group_decorator.py
[2023-04-27T14:22:58.908+0000] {logging_mixin.py:137} INFO - [2023-04-27T14:22:58.908+0000] {dag.py:2676} INFO - Sync 1 DAGs
[2023-04-27T14:22:58.922+0000] {logging_mixin.py:137} INFO - [2023-04-27T14:22:58.922+0000] {dag.py:3427} INFO - Setting next_dagrun for example_task_group_decorator to 2023-04-26T14:22:58.922068+00:00, run_after=2023-04-27T14:22:58.922068+00:00
[2023-04-27T14:22:58.932+0000] {processor.py:175} INFO - Processing /home/airflow/.local/lib/python3.7/site-packages/airflow/example_dags/example_task_group_decorator.py took 0.062 seconds
[2023-04-27T14:23:29.513+0000] {processor.py:153} INFO - Started process (PID=17084) to work on /home/airflow/.local/lib/python3.7/site-packages/airflow/example_dags/example_task_group_decorator.py
[2023-04-27T14:23:29.513+0000] {processor.py:743} INFO - Processing file /home/airflow/.local/lib/python3.7/site-packages/airflow/example_dags/example_task_group_decorator.py for tasks to queue
[2023-04-27T14:23:29.514+0000] {logging_mixin.py:137} INFO - [2023-04-27T14:23:29.514+0000] {dagbag.py:538} INFO - Filling up the DagBag from /home/airflow/.local/lib/python3.7/site-packages/airflow/example_dags/example_task_group_decorator.py
[2023-04-27T14:23:29.531+0000] {processor.py:753} INFO - DAG(s) dict_keys(['example_task_group_decorator']) retrieved from /home/airflow/.local/lib/python3.7/site-packages/airflow/example_dags/example_task_group_decorator.py
[2023-04-27T14:23:29.552+0000] {logging_mixin.py:137} INFO - [2023-04-27T14:23:29.552+0000] {dag.py:2676} INFO - Sync 1 DAGs
[2023-04-27T14:23:29.568+0000] {logging_mixin.py:137} INFO - [2023-04-27T14:23:29.568+0000] {dag.py:3427} INFO - Setting next_dagrun for example_task_group_decorator to 2023-04-26T14:23:29.567965+00:00, run_after=2023-04-27T14:23:29.567965+00:00
[2023-04-27T14:23:29.578+0000] {processor.py:175} INFO - Processing /home/airflow/.local/lib/python3.7/site-packages/airflow/example_dags/example_task_group_decorator.py took 0.066 seconds
[2023-04-27T14:24:00.255+0000] {processor.py:153} INFO - Started process (PID=17170) to work on /home/airflow/.local/lib/python3.7/site-packages/airflow/example_dags/example_task_group_decorator.py
[2023-04-27T14:24:00.255+0000] {processor.py:743} INFO - Processing file /home/airflow/.local/lib/python3.7/site-packages/airflow/example_dags/example_task_group_decorator.py for tasks to queue
[2023-04-27T14:24:00.256+0000] {logging_mixin.py:137} INFO - [2023-04-27T14:24:00.256+0000] {dagbag.py:538} INFO - Filling up the DagBag from /home/airflow/.local/lib/python3.7/site-packages/airflow/example_dags/example_task_group_decorator.py
[2023-04-27T14:24:00.271+0000] {processor.py:753} INFO - DAG(s) dict_keys(['example_task_group_decorator']) retrieved from /home/airflow/.local/lib/python3.7/site-packages/airflow/example_dags/example_task_group_decorator.py
[2023-04-27T14:24:00.293+0000] {logging_mixin.py:137} INFO - [2023-04-27T14:24:00.293+0000] {dag.py:2676} INFO - Sync 1 DAGs
[2023-04-27T14:24:00.307+0000] {logging_mixin.py:137} INFO - [2023-04-27T14:24:00.307+0000] {dag.py:3427} INFO - Setting next_dagrun for example_task_group_decorator to 2023-04-26T14:24:00.307449+00:00, run_after=2023-04-27T14:24:00.307449+00:00
[2023-04-27T14:24:00.316+0000] {processor.py:175} INFO - Processing /home/airflow/.local/lib/python3.7/site-packages/airflow/example_dags/example_task_group_decorator.py took 0.063 seconds
[2023-04-27T14:24:30.991+0000] {processor.py:153} INFO - Started process (PID=17280) to work on /home/airflow/.local/lib/python3.7/site-packages/airflow/example_dags/example_task_group_decorator.py
[2023-04-27T14:24:30.991+0000] {processor.py:743} INFO - Processing file /home/airflow/.local/lib/python3.7/site-packages/airflow/example_dags/example_task_group_decorator.py for tasks to queue
[2023-04-27T14:24:30.992+0000] {logging_mixin.py:137} INFO - [2023-04-27T14:24:30.992+0000] {dagbag.py:538} INFO - Filling up the DagBag from /home/airflow/.local/lib/python3.7/site-packages/airflow/example_dags/example_task_group_decorator.py
[2023-04-27T14:24:31.011+0000] {processor.py:753} INFO - DAG(s) dict_keys(['example_task_group_decorator']) retrieved from /home/airflow/.local/lib/python3.7/site-packages/airflow/example_dags/example_task_group_decorator.py
[2023-04-27T14:24:31.035+0000] {logging_mixin.py:137} INFO - [2023-04-27T14:24:31.035+0000] {dag.py:2676} INFO - Sync 1 DAGs
[2023-04-27T14:24:31.051+0000] {logging_mixin.py:137} INFO - [2023-04-27T14:24:31.051+0000] {dag.py:3427} INFO - Setting next_dagrun for example_task_group_decorator to 2023-04-26T14:24:31.050907+00:00, run_after=2023-04-27T14:24:31.050907+00:00
[2023-04-27T14:24:31.062+0000] {processor.py:175} INFO - Processing /home/airflow/.local/lib/python3.7/site-packages/airflow/example_dags/example_task_group_decorator.py took 0.074 seconds
[2023-04-27T14:25:01.786+0000] {processor.py:153} INFO - Started process (PID=17390) to work on /home/airflow/.local/lib/python3.7/site-packages/airflow/example_dags/example_task_group_decorator.py
[2023-04-27T14:25:01.786+0000] {processor.py:743} INFO - Processing file /home/airflow/.local/lib/python3.7/site-packages/airflow/example_dags/example_task_group_decorator.py for tasks to queue
[2023-04-27T14:25:01.787+0000] {logging_mixin.py:137} INFO - [2023-04-27T14:25:01.786+0000] {dagbag.py:538} INFO - Filling up the DagBag from /home/airflow/.local/lib/python3.7/site-packages/airflow/example_dags/example_task_group_decorator.py
[2023-04-27T14:25:01.803+0000] {processor.py:753} INFO - DAG(s) dict_keys(['example_task_group_decorator']) retrieved from /home/airflow/.local/lib/python3.7/site-packages/airflow/example_dags/example_task_group_decorator.py
[2023-04-27T14:25:01.825+0000] {logging_mixin.py:137} INFO - [2023-04-27T14:25:01.825+0000] {dag.py:2676} INFO - Sync 1 DAGs
[2023-04-27T14:25:01.841+0000] {logging_mixin.py:137} INFO - [2023-04-27T14:25:01.840+0000] {dag.py:3427} INFO - Setting next_dagrun for example_task_group_decorator to 2023-04-26T14:25:01.840770+00:00, run_after=2023-04-27T14:25:01.840770+00:00
[2023-04-27T14:25:01.852+0000] {processor.py:175} INFO - Processing /home/airflow/.local/lib/python3.7/site-packages/airflow/example_dags/example_task_group_decorator.py took 0.068 seconds
[2023-04-27T14:25:32.299+0000] {processor.py:153} INFO - Started process (PID=17476) to work on /home/airflow/.local/lib/python3.7/site-packages/airflow/example_dags/example_task_group_decorator.py
[2023-04-27T14:25:32.300+0000] {processor.py:743} INFO - Processing file /home/airflow/.local/lib/python3.7/site-packages/airflow/example_dags/example_task_group_decorator.py for tasks to queue
[2023-04-27T14:25:32.300+0000] {logging_mixin.py:137} INFO - [2023-04-27T14:25:32.300+0000] {dagbag.py:538} INFO - Filling up the DagBag from /home/airflow/.local/lib/python3.7/site-packages/airflow/example_dags/example_task_group_decorator.py
[2023-04-27T14:25:32.318+0000] {processor.py:753} INFO - DAG(s) dict_keys(['example_task_group_decorator']) retrieved from /home/airflow/.local/lib/python3.7/site-packages/airflow/example_dags/example_task_group_decorator.py
[2023-04-27T14:25:32.338+0000] {logging_mixin.py:137} INFO - [2023-04-27T14:25:32.338+0000] {dag.py:2676} INFO - Sync 1 DAGs
[2023-04-27T14:25:32.353+0000] {logging_mixin.py:137} INFO - [2023-04-27T14:25:32.353+0000] {dag.py:3427} INFO - Setting next_dagrun for example_task_group_decorator to 2023-04-26T14:25:32.353450+00:00, run_after=2023-04-27T14:25:32.353450+00:00
[2023-04-27T14:25:32.362+0000] {processor.py:175} INFO - Processing /home/airflow/.local/lib/python3.7/site-packages/airflow/example_dags/example_task_group_decorator.py took 0.065 seconds
[2023-04-27T14:26:02.984+0000] {processor.py:153} INFO - Started process (PID=17586) to work on /home/airflow/.local/lib/python3.7/site-packages/airflow/example_dags/example_task_group_decorator.py
[2023-04-27T14:26:02.985+0000] {processor.py:743} INFO - Processing file /home/airflow/.local/lib/python3.7/site-packages/airflow/example_dags/example_task_group_decorator.py for tasks to queue
[2023-04-27T14:26:02.985+0000] {logging_mixin.py:137} INFO - [2023-04-27T14:26:02.985+0000] {dagbag.py:538} INFO - Filling up the DagBag from /home/airflow/.local/lib/python3.7/site-packages/airflow/example_dags/example_task_group_decorator.py
[2023-04-27T14:26:03.002+0000] {processor.py:753} INFO - DAG(s) dict_keys(['example_task_group_decorator']) retrieved from /home/airflow/.local/lib/python3.7/site-packages/airflow/example_dags/example_task_group_decorator.py
[2023-04-27T14:26:03.028+0000] {logging_mixin.py:137} INFO - [2023-04-27T14:26:03.028+0000] {dag.py:2676} INFO - Sync 1 DAGs
[2023-04-27T14:26:03.046+0000] {logging_mixin.py:137} INFO - [2023-04-27T14:26:03.045+0000] {dag.py:3427} INFO - Setting next_dagrun for example_task_group_decorator to 2023-04-26T14:26:03.045783+00:00, run_after=2023-04-27T14:26:03.045783+00:00
[2023-04-27T14:26:03.059+0000] {processor.py:175} INFO - Processing /home/airflow/.local/lib/python3.7/site-packages/airflow/example_dags/example_task_group_decorator.py took 0.076 seconds
