[2023-04-27T14:20:59.175+0000] {processor.py:153} INFO - Started process (PID=16587) to work on /home/airflow/.local/lib/python3.7/site-packages/airflow/example_dags/example_latest_only.py
[2023-04-27T14:20:59.176+0000] {processor.py:743} INFO - Processing file /home/airflow/.local/lib/python3.7/site-packages/airflow/example_dags/example_latest_only.py for tasks to queue
[2023-04-27T14:20:59.176+0000] {logging_mixin.py:137} INFO - [2023-04-27T14:20:59.176+0000] {dagbag.py:538} INFO - Filling up the DagBag from /home/airflow/.local/lib/python3.7/site-packages/airflow/example_dags/example_latest_only.py
[2023-04-27T14:20:59.183+0000] {processor.py:753} INFO - DAG(s) dict_keys(['latest_only']) retrieved from /home/airflow/.local/lib/python3.7/site-packages/airflow/example_dags/example_latest_only.py
[2023-04-27T14:20:59.204+0000] {logging_mixin.py:137} INFO - [2023-04-27T14:20:59.204+0000] {dag.py:2676} INFO - Sync 1 DAGs
[2023-04-27T14:20:59.218+0000] {logging_mixin.py:137} INFO - [2023-04-27T14:20:59.218+0000] {dag.py:3427} INFO - Setting next_dagrun for latest_only to 2023-04-27T10:20:59.218639+00:00, run_after=2023-04-27T14:20:59.218639+00:00
[2023-04-27T14:20:59.228+0000] {processor.py:175} INFO - Processing /home/airflow/.local/lib/python3.7/site-packages/airflow/example_dags/example_latest_only.py took 0.054 seconds
[2023-04-27T14:21:29.798+0000] {processor.py:153} INFO - Started process (PID=16688) to work on /home/airflow/.local/lib/python3.7/site-packages/airflow/example_dags/example_latest_only.py
[2023-04-27T14:21:29.798+0000] {processor.py:743} INFO - Processing file /home/airflow/.local/lib/python3.7/site-packages/airflow/example_dags/example_latest_only.py for tasks to queue
[2023-04-27T14:21:29.799+0000] {logging_mixin.py:137} INFO - [2023-04-27T14:21:29.799+0000] {dagbag.py:538} INFO - Filling up the DagBag from /home/airflow/.local/lib/python3.7/site-packages/airflow/example_dags/example_latest_only.py
[2023-04-27T14:21:29.806+0000] {processor.py:753} INFO - DAG(s) dict_keys(['latest_only']) retrieved from /home/airflow/.local/lib/python3.7/site-packages/airflow/example_dags/example_latest_only.py
[2023-04-27T14:21:29.828+0000] {logging_mixin.py:137} INFO - [2023-04-27T14:21:29.828+0000] {dag.py:2676} INFO - Sync 1 DAGs
[2023-04-27T14:21:29.848+0000] {logging_mixin.py:137} INFO - [2023-04-27T14:21:29.848+0000] {dag.py:3427} INFO - Setting next_dagrun for latest_only to 2023-04-27T10:21:29.847979+00:00, run_after=2023-04-27T14:21:29.847979+00:00
[2023-04-27T14:21:29.858+0000] {processor.py:175} INFO - Processing /home/airflow/.local/lib/python3.7/site-packages/airflow/example_dags/example_latest_only.py took 0.061 seconds
[2023-04-27T14:22:00.579+0000] {processor.py:153} INFO - Started process (PID=16798) to work on /home/airflow/.local/lib/python3.7/site-packages/airflow/example_dags/example_latest_only.py
[2023-04-27T14:22:00.579+0000] {processor.py:743} INFO - Processing file /home/airflow/.local/lib/python3.7/site-packages/airflow/example_dags/example_latest_only.py for tasks to queue
[2023-04-27T14:22:00.580+0000] {logging_mixin.py:137} INFO - [2023-04-27T14:22:00.580+0000] {dagbag.py:538} INFO - Filling up the DagBag from /home/airflow/.local/lib/python3.7/site-packages/airflow/example_dags/example_latest_only.py
[2023-04-27T14:22:00.587+0000] {processor.py:753} INFO - DAG(s) dict_keys(['latest_only']) retrieved from /home/airflow/.local/lib/python3.7/site-packages/airflow/example_dags/example_latest_only.py
[2023-04-27T14:22:00.609+0000] {logging_mixin.py:137} INFO - [2023-04-27T14:22:00.608+0000] {dag.py:2676} INFO - Sync 1 DAGs
[2023-04-27T14:22:00.623+0000] {logging_mixin.py:137} INFO - [2023-04-27T14:22:00.623+0000] {dag.py:3427} INFO - Setting next_dagrun for latest_only to 2023-04-27T10:22:00.623287+00:00, run_after=2023-04-27T14:22:00.623287+00:00
[2023-04-27T14:22:00.632+0000] {processor.py:175} INFO - Processing /home/airflow/.local/lib/python3.7/site-packages/airflow/example_dags/example_latest_only.py took 0.055 seconds
[2023-04-27T14:22:31.138+0000] {processor.py:153} INFO - Started process (PID=16891) to work on /home/airflow/.local/lib/python3.7/site-packages/airflow/example_dags/example_latest_only.py
[2023-04-27T14:22:31.138+0000] {processor.py:743} INFO - Processing file /home/airflow/.local/lib/python3.7/site-packages/airflow/example_dags/example_latest_only.py for tasks to queue
[2023-04-27T14:22:31.139+0000] {logging_mixin.py:137} INFO - [2023-04-27T14:22:31.139+0000] {dagbag.py:538} INFO - Filling up the DagBag from /home/airflow/.local/lib/python3.7/site-packages/airflow/example_dags/example_latest_only.py
[2023-04-27T14:22:31.146+0000] {processor.py:753} INFO - DAG(s) dict_keys(['latest_only']) retrieved from /home/airflow/.local/lib/python3.7/site-packages/airflow/example_dags/example_latest_only.py
[2023-04-27T14:22:31.167+0000] {logging_mixin.py:137} INFO - [2023-04-27T14:22:31.167+0000] {dag.py:2676} INFO - Sync 1 DAGs
[2023-04-27T14:22:31.182+0000] {logging_mixin.py:137} INFO - [2023-04-27T14:22:31.182+0000] {dag.py:3427} INFO - Setting next_dagrun for latest_only to 2023-04-27T10:22:31.182224+00:00, run_after=2023-04-27T14:22:31.182224+00:00
[2023-04-27T14:22:31.191+0000] {processor.py:175} INFO - Processing /home/airflow/.local/lib/python3.7/site-packages/airflow/example_dags/example_latest_only.py took 0.055 seconds
[2023-04-27T14:23:01.669+0000] {processor.py:153} INFO - Started process (PID=16994) to work on /home/airflow/.local/lib/python3.7/site-packages/airflow/example_dags/example_latest_only.py
[2023-04-27T14:23:01.670+0000] {processor.py:743} INFO - Processing file /home/airflow/.local/lib/python3.7/site-packages/airflow/example_dags/example_latest_only.py for tasks to queue
[2023-04-27T14:23:01.670+0000] {logging_mixin.py:137} INFO - [2023-04-27T14:23:01.670+0000] {dagbag.py:538} INFO - Filling up the DagBag from /home/airflow/.local/lib/python3.7/site-packages/airflow/example_dags/example_latest_only.py
[2023-04-27T14:23:01.677+0000] {processor.py:753} INFO - DAG(s) dict_keys(['latest_only']) retrieved from /home/airflow/.local/lib/python3.7/site-packages/airflow/example_dags/example_latest_only.py
[2023-04-27T14:23:01.696+0000] {logging_mixin.py:137} INFO - [2023-04-27T14:23:01.696+0000] {dag.py:2676} INFO - Sync 1 DAGs
[2023-04-27T14:23:01.710+0000] {logging_mixin.py:137} INFO - [2023-04-27T14:23:01.710+0000] {dag.py:3427} INFO - Setting next_dagrun for latest_only to 2023-04-27T10:23:01.710201+00:00, run_after=2023-04-27T14:23:01.710201+00:00
[2023-04-27T14:23:01.719+0000] {processor.py:175} INFO - Processing /home/airflow/.local/lib/python3.7/site-packages/airflow/example_dags/example_latest_only.py took 0.052 seconds
[2023-04-27T14:23:32.423+0000] {processor.py:153} INFO - Started process (PID=17104) to work on /home/airflow/.local/lib/python3.7/site-packages/airflow/example_dags/example_latest_only.py
[2023-04-27T14:23:32.424+0000] {processor.py:743} INFO - Processing file /home/airflow/.local/lib/python3.7/site-packages/airflow/example_dags/example_latest_only.py for tasks to queue
[2023-04-27T14:23:32.424+0000] {logging_mixin.py:137} INFO - [2023-04-27T14:23:32.424+0000] {dagbag.py:538} INFO - Filling up the DagBag from /home/airflow/.local/lib/python3.7/site-packages/airflow/example_dags/example_latest_only.py
[2023-04-27T14:23:32.432+0000] {processor.py:753} INFO - DAG(s) dict_keys(['latest_only']) retrieved from /home/airflow/.local/lib/python3.7/site-packages/airflow/example_dags/example_latest_only.py
[2023-04-27T14:23:32.454+0000] {logging_mixin.py:137} INFO - [2023-04-27T14:23:32.454+0000] {dag.py:2676} INFO - Sync 1 DAGs
[2023-04-27T14:23:32.469+0000] {logging_mixin.py:137} INFO - [2023-04-27T14:23:32.469+0000] {dag.py:3427} INFO - Setting next_dagrun for latest_only to 2023-04-27T10:23:32.469560+00:00, run_after=2023-04-27T14:23:32.469560+00:00
[2023-04-27T14:23:32.480+0000] {processor.py:175} INFO - Processing /home/airflow/.local/lib/python3.7/site-packages/airflow/example_dags/example_latest_only.py took 0.058 seconds
[2023-04-27T14:24:03.140+0000] {processor.py:153} INFO - Started process (PID=17197) to work on /home/airflow/.local/lib/python3.7/site-packages/airflow/example_dags/example_latest_only.py
[2023-04-27T14:24:03.140+0000] {processor.py:743} INFO - Processing file /home/airflow/.local/lib/python3.7/site-packages/airflow/example_dags/example_latest_only.py for tasks to queue
[2023-04-27T14:24:03.141+0000] {logging_mixin.py:137} INFO - [2023-04-27T14:24:03.141+0000] {dagbag.py:538} INFO - Filling up the DagBag from /home/airflow/.local/lib/python3.7/site-packages/airflow/example_dags/example_latest_only.py
[2023-04-27T14:24:03.148+0000] {processor.py:753} INFO - DAG(s) dict_keys(['latest_only']) retrieved from /home/airflow/.local/lib/python3.7/site-packages/airflow/example_dags/example_latest_only.py
[2023-04-27T14:24:03.168+0000] {logging_mixin.py:137} INFO - [2023-04-27T14:24:03.168+0000] {dag.py:2676} INFO - Sync 1 DAGs
[2023-04-27T14:24:03.184+0000] {logging_mixin.py:137} INFO - [2023-04-27T14:24:03.183+0000] {dag.py:3427} INFO - Setting next_dagrun for latest_only to 2023-04-27T10:24:03.183777+00:00, run_after=2023-04-27T14:24:03.183777+00:00
[2023-04-27T14:24:03.193+0000] {processor.py:175} INFO - Processing /home/airflow/.local/lib/python3.7/site-packages/airflow/example_dags/example_latest_only.py took 0.054 seconds
[2023-04-27T14:24:33.940+0000] {processor.py:153} INFO - Started process (PID=17300) to work on /home/airflow/.local/lib/python3.7/site-packages/airflow/example_dags/example_latest_only.py
[2023-04-27T14:24:33.941+0000] {processor.py:743} INFO - Processing file /home/airflow/.local/lib/python3.7/site-packages/airflow/example_dags/example_latest_only.py for tasks to queue
[2023-04-27T14:24:33.941+0000] {logging_mixin.py:137} INFO - [2023-04-27T14:24:33.941+0000] {dagbag.py:538} INFO - Filling up the DagBag from /home/airflow/.local/lib/python3.7/site-packages/airflow/example_dags/example_latest_only.py
[2023-04-27T14:24:33.949+0000] {processor.py:753} INFO - DAG(s) dict_keys(['latest_only']) retrieved from /home/airflow/.local/lib/python3.7/site-packages/airflow/example_dags/example_latest_only.py
[2023-04-27T14:24:33.971+0000] {logging_mixin.py:137} INFO - [2023-04-27T14:24:33.971+0000] {dag.py:2676} INFO - Sync 1 DAGs
[2023-04-27T14:24:33.987+0000] {logging_mixin.py:137} INFO - [2023-04-27T14:24:33.987+0000] {dag.py:3427} INFO - Setting next_dagrun for latest_only to 2023-04-27T10:24:33.987286+00:00, run_after=2023-04-27T14:24:33.987286+00:00
[2023-04-27T14:24:33.997+0000] {processor.py:175} INFO - Processing /home/airflow/.local/lib/python3.7/site-packages/airflow/example_dags/example_latest_only.py took 0.058 seconds
[2023-04-27T14:25:04.544+0000] {processor.py:153} INFO - Started process (PID=17410) to work on /home/airflow/.local/lib/python3.7/site-packages/airflow/example_dags/example_latest_only.py
[2023-04-27T14:25:04.544+0000] {processor.py:743} INFO - Processing file /home/airflow/.local/lib/python3.7/site-packages/airflow/example_dags/example_latest_only.py for tasks to queue
[2023-04-27T14:25:04.545+0000] {logging_mixin.py:137} INFO - [2023-04-27T14:25:04.544+0000] {dagbag.py:538} INFO - Filling up the DagBag from /home/airflow/.local/lib/python3.7/site-packages/airflow/example_dags/example_latest_only.py
[2023-04-27T14:25:04.552+0000] {processor.py:753} INFO - DAG(s) dict_keys(['latest_only']) retrieved from /home/airflow/.local/lib/python3.7/site-packages/airflow/example_dags/example_latest_only.py
[2023-04-27T14:25:04.572+0000] {logging_mixin.py:137} INFO - [2023-04-27T14:25:04.572+0000] {dag.py:2676} INFO - Sync 1 DAGs
[2023-04-27T14:25:04.585+0000] {logging_mixin.py:137} INFO - [2023-04-27T14:25:04.585+0000] {dag.py:3427} INFO - Setting next_dagrun for latest_only to 2023-04-27T10:25:04.585571+00:00, run_after=2023-04-27T14:25:04.585571+00:00
[2023-04-27T14:25:04.594+0000] {processor.py:175} INFO - Processing /home/airflow/.local/lib/python3.7/site-packages/airflow/example_dags/example_latest_only.py took 0.052 seconds
[2023-04-27T14:25:35.092+0000] {processor.py:153} INFO - Started process (PID=17496) to work on /home/airflow/.local/lib/python3.7/site-packages/airflow/example_dags/example_latest_only.py
[2023-04-27T14:25:35.092+0000] {processor.py:743} INFO - Processing file /home/airflow/.local/lib/python3.7/site-packages/airflow/example_dags/example_latest_only.py for tasks to queue
[2023-04-27T14:25:35.092+0000] {logging_mixin.py:137} INFO - [2023-04-27T14:25:35.092+0000] {dagbag.py:538} INFO - Filling up the DagBag from /home/airflow/.local/lib/python3.7/site-packages/airflow/example_dags/example_latest_only.py
[2023-04-27T14:25:35.099+0000] {processor.py:753} INFO - DAG(s) dict_keys(['latest_only']) retrieved from /home/airflow/.local/lib/python3.7/site-packages/airflow/example_dags/example_latest_only.py
[2023-04-27T14:25:35.123+0000] {logging_mixin.py:137} INFO - [2023-04-27T14:25:35.123+0000] {dag.py:2676} INFO - Sync 1 DAGs
[2023-04-27T14:25:35.140+0000] {logging_mixin.py:137} INFO - [2023-04-27T14:25:35.140+0000] {dag.py:3427} INFO - Setting next_dagrun for latest_only to 2023-04-27T10:25:35.140010+00:00, run_after=2023-04-27T14:25:35.140010+00:00
[2023-04-27T14:25:35.150+0000] {processor.py:175} INFO - Processing /home/airflow/.local/lib/python3.7/site-packages/airflow/example_dags/example_latest_only.py took 0.060 seconds
[2023-04-27T14:26:06.002+0000] {processor.py:153} INFO - Started process (PID=17606) to work on /home/airflow/.local/lib/python3.7/site-packages/airflow/example_dags/example_latest_only.py
[2023-04-27T14:26:06.002+0000] {processor.py:743} INFO - Processing file /home/airflow/.local/lib/python3.7/site-packages/airflow/example_dags/example_latest_only.py for tasks to queue
[2023-04-27T14:26:06.002+0000] {logging_mixin.py:137} INFO - [2023-04-27T14:26:06.002+0000] {dagbag.py:538} INFO - Filling up the DagBag from /home/airflow/.local/lib/python3.7/site-packages/airflow/example_dags/example_latest_only.py
[2023-04-27T14:26:06.010+0000] {processor.py:753} INFO - DAG(s) dict_keys(['latest_only']) retrieved from /home/airflow/.local/lib/python3.7/site-packages/airflow/example_dags/example_latest_only.py
[2023-04-27T14:26:06.029+0000] {logging_mixin.py:137} INFO - [2023-04-27T14:26:06.029+0000] {dag.py:2676} INFO - Sync 1 DAGs
[2023-04-27T14:26:06.044+0000] {logging_mixin.py:137} INFO - [2023-04-27T14:26:06.044+0000] {dag.py:3427} INFO - Setting next_dagrun for latest_only to 2023-04-27T10:26:06.044085+00:00, run_after=2023-04-27T14:26:06.044085+00:00
[2023-04-27T14:26:06.053+0000] {processor.py:175} INFO - Processing /home/airflow/.local/lib/python3.7/site-packages/airflow/example_dags/example_latest_only.py took 0.052 seconds
