[2023-04-27T14:20:58.777+0000] {processor.py:153} INFO - Started process (PID=16570) to work on /home/airflow/.local/lib/python3.7/site-packages/airflow/example_dags/example_complex.py
[2023-04-27T14:20:58.778+0000] {processor.py:743} INFO - Processing file /home/airflow/.local/lib/python3.7/site-packages/airflow/example_dags/example_complex.py for tasks to queue
[2023-04-27T14:20:58.778+0000] {logging_mixin.py:137} INFO - [2023-04-27T14:20:58.778+0000] {dagbag.py:538} INFO - Filling up the DagBag from /home/airflow/.local/lib/python3.7/site-packages/airflow/example_dags/example_complex.py
[2023-04-27T14:20:58.785+0000] {logging_mixin.py:137} INFO - [2023-04-27T14:20:58.785+0000] {taskmixin.py:205} WARNING - Dependency <Task(BashOperator): create_entry_group>, delete_entry_group already registered for DAG: example_complex
[2023-04-27T14:20:58.785+0000] {logging_mixin.py:137} INFO - [2023-04-27T14:20:58.785+0000] {taskmixin.py:205} WARNING - Dependency <Task(BashOperator): delete_entry_group>, create_entry_group already registered for DAG: example_complex
[2023-04-27T14:20:58.785+0000] {logging_mixin.py:137} INFO - [2023-04-27T14:20:58.785+0000] {taskmixin.py:205} WARNING - Dependency <Task(BashOperator): create_entry_gcs>, delete_entry already registered for DAG: example_complex
[2023-04-27T14:20:58.785+0000] {logging_mixin.py:137} INFO - [2023-04-27T14:20:58.785+0000] {taskmixin.py:205} WARNING - Dependency <Task(BashOperator): delete_entry>, create_entry_gcs already registered for DAG: example_complex
[2023-04-27T14:20:58.785+0000] {logging_mixin.py:137} INFO - [2023-04-27T14:20:58.785+0000] {taskmixin.py:205} WARNING - Dependency <Task(BashOperator): create_tag>, delete_tag already registered for DAG: example_complex
[2023-04-27T14:20:58.785+0000] {logging_mixin.py:137} INFO - [2023-04-27T14:20:58.785+0000] {taskmixin.py:205} WARNING - Dependency <Task(BashOperator): delete_tag>, create_tag already registered for DAG: example_complex
[2023-04-27T14:20:58.790+0000] {processor.py:753} INFO - DAG(s) dict_keys(['example_complex']) retrieved from /home/airflow/.local/lib/python3.7/site-packages/airflow/example_dags/example_complex.py
[2023-04-27T14:20:58.814+0000] {logging_mixin.py:137} INFO - [2023-04-27T14:20:58.814+0000] {dag.py:2676} INFO - Sync 1 DAGs
[2023-04-27T14:20:58.827+0000] {logging_mixin.py:137} INFO - [2023-04-27T14:20:58.827+0000] {dag.py:3427} INFO - Setting next_dagrun for example_complex to None, run_after=None
[2023-04-27T14:20:58.836+0000] {processor.py:175} INFO - Processing /home/airflow/.local/lib/python3.7/site-packages/airflow/example_dags/example_complex.py took 0.061 seconds
[2023-04-27T14:21:29.486+0000] {processor.py:153} INFO - Started process (PID=16680) to work on /home/airflow/.local/lib/python3.7/site-packages/airflow/example_dags/example_complex.py
[2023-04-27T14:21:29.486+0000] {processor.py:743} INFO - Processing file /home/airflow/.local/lib/python3.7/site-packages/airflow/example_dags/example_complex.py for tasks to queue
[2023-04-27T14:21:29.487+0000] {logging_mixin.py:137} INFO - [2023-04-27T14:21:29.487+0000] {dagbag.py:538} INFO - Filling up the DagBag from /home/airflow/.local/lib/python3.7/site-packages/airflow/example_dags/example_complex.py
[2023-04-27T14:21:29.493+0000] {logging_mixin.py:137} INFO - [2023-04-27T14:21:29.493+0000] {taskmixin.py:205} WARNING - Dependency <Task(BashOperator): create_entry_group>, delete_entry_group already registered for DAG: example_complex
[2023-04-27T14:21:29.493+0000] {logging_mixin.py:137} INFO - [2023-04-27T14:21:29.493+0000] {taskmixin.py:205} WARNING - Dependency <Task(BashOperator): delete_entry_group>, create_entry_group already registered for DAG: example_complex
[2023-04-27T14:21:29.493+0000] {logging_mixin.py:137} INFO - [2023-04-27T14:21:29.493+0000] {taskmixin.py:205} WARNING - Dependency <Task(BashOperator): create_entry_gcs>, delete_entry already registered for DAG: example_complex
[2023-04-27T14:21:29.493+0000] {logging_mixin.py:137} INFO - [2023-04-27T14:21:29.493+0000] {taskmixin.py:205} WARNING - Dependency <Task(BashOperator): delete_entry>, create_entry_gcs already registered for DAG: example_complex
[2023-04-27T14:21:29.493+0000] {logging_mixin.py:137} INFO - [2023-04-27T14:21:29.493+0000] {taskmixin.py:205} WARNING - Dependency <Task(BashOperator): create_tag>, delete_tag already registered for DAG: example_complex
[2023-04-27T14:21:29.493+0000] {logging_mixin.py:137} INFO - [2023-04-27T14:21:29.493+0000] {taskmixin.py:205} WARNING - Dependency <Task(BashOperator): delete_tag>, create_tag already registered for DAG: example_complex
[2023-04-27T14:21:29.498+0000] {processor.py:753} INFO - DAG(s) dict_keys(['example_complex']) retrieved from /home/airflow/.local/lib/python3.7/site-packages/airflow/example_dags/example_complex.py
[2023-04-27T14:21:29.521+0000] {logging_mixin.py:137} INFO - [2023-04-27T14:21:29.520+0000] {dag.py:2676} INFO - Sync 1 DAGs
[2023-04-27T14:21:29.534+0000] {logging_mixin.py:137} INFO - [2023-04-27T14:21:29.534+0000] {dag.py:3427} INFO - Setting next_dagrun for example_complex to None, run_after=None
[2023-04-27T14:21:29.544+0000] {processor.py:175} INFO - Processing /home/airflow/.local/lib/python3.7/site-packages/airflow/example_dags/example_complex.py took 0.060 seconds
[2023-04-27T14:22:00.223+0000] {processor.py:153} INFO - Started process (PID=16790) to work on /home/airflow/.local/lib/python3.7/site-packages/airflow/example_dags/example_complex.py
[2023-04-27T14:22:00.224+0000] {processor.py:743} INFO - Processing file /home/airflow/.local/lib/python3.7/site-packages/airflow/example_dags/example_complex.py for tasks to queue
[2023-04-27T14:22:00.224+0000] {logging_mixin.py:137} INFO - [2023-04-27T14:22:00.224+0000] {dagbag.py:538} INFO - Filling up the DagBag from /home/airflow/.local/lib/python3.7/site-packages/airflow/example_dags/example_complex.py
[2023-04-27T14:22:00.232+0000] {logging_mixin.py:137} INFO - [2023-04-27T14:22:00.232+0000] {taskmixin.py:205} WARNING - Dependency <Task(BashOperator): create_entry_group>, delete_entry_group already registered for DAG: example_complex
[2023-04-27T14:22:00.232+0000] {logging_mixin.py:137} INFO - [2023-04-27T14:22:00.232+0000] {taskmixin.py:205} WARNING - Dependency <Task(BashOperator): delete_entry_group>, create_entry_group already registered for DAG: example_complex
[2023-04-27T14:22:00.232+0000] {logging_mixin.py:137} INFO - [2023-04-27T14:22:00.232+0000] {taskmixin.py:205} WARNING - Dependency <Task(BashOperator): create_entry_gcs>, delete_entry already registered for DAG: example_complex
[2023-04-27T14:22:00.232+0000] {logging_mixin.py:137} INFO - [2023-04-27T14:22:00.232+0000] {taskmixin.py:205} WARNING - Dependency <Task(BashOperator): delete_entry>, create_entry_gcs already registered for DAG: example_complex
[2023-04-27T14:22:00.233+0000] {logging_mixin.py:137} INFO - [2023-04-27T14:22:00.233+0000] {taskmixin.py:205} WARNING - Dependency <Task(BashOperator): create_tag>, delete_tag already registered for DAG: example_complex
[2023-04-27T14:22:00.233+0000] {logging_mixin.py:137} INFO - [2023-04-27T14:22:00.233+0000] {taskmixin.py:205} WARNING - Dependency <Task(BashOperator): delete_tag>, create_tag already registered for DAG: example_complex
[2023-04-27T14:22:00.237+0000] {processor.py:753} INFO - DAG(s) dict_keys(['example_complex']) retrieved from /home/airflow/.local/lib/python3.7/site-packages/airflow/example_dags/example_complex.py
[2023-04-27T14:22:00.267+0000] {logging_mixin.py:137} INFO - [2023-04-27T14:22:00.266+0000] {dag.py:2676} INFO - Sync 1 DAGs
[2023-04-27T14:22:00.286+0000] {logging_mixin.py:137} INFO - [2023-04-27T14:22:00.286+0000] {dag.py:3427} INFO - Setting next_dagrun for example_complex to None, run_after=None
[2023-04-27T14:22:00.298+0000] {processor.py:175} INFO - Processing /home/airflow/.local/lib/python3.7/site-packages/airflow/example_dags/example_complex.py took 0.077 seconds
[2023-04-27T14:22:30.765+0000] {processor.py:153} INFO - Started process (PID=16876) to work on /home/airflow/.local/lib/python3.7/site-packages/airflow/example_dags/example_complex.py
[2023-04-27T14:22:30.766+0000] {processor.py:743} INFO - Processing file /home/airflow/.local/lib/python3.7/site-packages/airflow/example_dags/example_complex.py for tasks to queue
[2023-04-27T14:22:30.766+0000] {logging_mixin.py:137} INFO - [2023-04-27T14:22:30.766+0000] {dagbag.py:538} INFO - Filling up the DagBag from /home/airflow/.local/lib/python3.7/site-packages/airflow/example_dags/example_complex.py
[2023-04-27T14:22:30.773+0000] {logging_mixin.py:137} INFO - [2023-04-27T14:22:30.773+0000] {taskmixin.py:205} WARNING - Dependency <Task(BashOperator): create_entry_group>, delete_entry_group already registered for DAG: example_complex
[2023-04-27T14:22:30.773+0000] {logging_mixin.py:137} INFO - [2023-04-27T14:22:30.773+0000] {taskmixin.py:205} WARNING - Dependency <Task(BashOperator): delete_entry_group>, create_entry_group already registered for DAG: example_complex
[2023-04-27T14:22:30.773+0000] {logging_mixin.py:137} INFO - [2023-04-27T14:22:30.773+0000] {taskmixin.py:205} WARNING - Dependency <Task(BashOperator): create_entry_gcs>, delete_entry already registered for DAG: example_complex
[2023-04-27T14:22:30.773+0000] {logging_mixin.py:137} INFO - [2023-04-27T14:22:30.773+0000] {taskmixin.py:205} WARNING - Dependency <Task(BashOperator): delete_entry>, create_entry_gcs already registered for DAG: example_complex
[2023-04-27T14:22:30.773+0000] {logging_mixin.py:137} INFO - [2023-04-27T14:22:30.773+0000] {taskmixin.py:205} WARNING - Dependency <Task(BashOperator): create_tag>, delete_tag already registered for DAG: example_complex
[2023-04-27T14:22:30.773+0000] {logging_mixin.py:137} INFO - [2023-04-27T14:22:30.773+0000] {taskmixin.py:205} WARNING - Dependency <Task(BashOperator): delete_tag>, create_tag already registered for DAG: example_complex
[2023-04-27T14:22:30.777+0000] {processor.py:753} INFO - DAG(s) dict_keys(['example_complex']) retrieved from /home/airflow/.local/lib/python3.7/site-packages/airflow/example_dags/example_complex.py
[2023-04-27T14:22:30.800+0000] {logging_mixin.py:137} INFO - [2023-04-27T14:22:30.800+0000] {dag.py:2676} INFO - Sync 1 DAGs
[2023-04-27T14:22:30.814+0000] {logging_mixin.py:137} INFO - [2023-04-27T14:22:30.814+0000] {dag.py:3427} INFO - Setting next_dagrun for example_complex to None, run_after=None
[2023-04-27T14:22:30.823+0000] {processor.py:175} INFO - Processing /home/airflow/.local/lib/python3.7/site-packages/airflow/example_dags/example_complex.py took 0.059 seconds
[2023-04-27T14:23:01.323+0000] {processor.py:153} INFO - Started process (PID=16986) to work on /home/airflow/.local/lib/python3.7/site-packages/airflow/example_dags/example_complex.py
[2023-04-27T14:23:01.323+0000] {processor.py:743} INFO - Processing file /home/airflow/.local/lib/python3.7/site-packages/airflow/example_dags/example_complex.py for tasks to queue
[2023-04-27T14:23:01.323+0000] {logging_mixin.py:137} INFO - [2023-04-27T14:23:01.323+0000] {dagbag.py:538} INFO - Filling up the DagBag from /home/airflow/.local/lib/python3.7/site-packages/airflow/example_dags/example_complex.py
[2023-04-27T14:23:01.330+0000] {logging_mixin.py:137} INFO - [2023-04-27T14:23:01.330+0000] {taskmixin.py:205} WARNING - Dependency <Task(BashOperator): create_entry_group>, delete_entry_group already registered for DAG: example_complex
[2023-04-27T14:23:01.330+0000] {logging_mixin.py:137} INFO - [2023-04-27T14:23:01.330+0000] {taskmixin.py:205} WARNING - Dependency <Task(BashOperator): delete_entry_group>, create_entry_group already registered for DAG: example_complex
[2023-04-27T14:23:01.330+0000] {logging_mixin.py:137} INFO - [2023-04-27T14:23:01.330+0000] {taskmixin.py:205} WARNING - Dependency <Task(BashOperator): create_entry_gcs>, delete_entry already registered for DAG: example_complex
[2023-04-27T14:23:01.330+0000] {logging_mixin.py:137} INFO - [2023-04-27T14:23:01.330+0000] {taskmixin.py:205} WARNING - Dependency <Task(BashOperator): delete_entry>, create_entry_gcs already registered for DAG: example_complex
[2023-04-27T14:23:01.330+0000] {logging_mixin.py:137} INFO - [2023-04-27T14:23:01.330+0000] {taskmixin.py:205} WARNING - Dependency <Task(BashOperator): create_tag>, delete_tag already registered for DAG: example_complex
[2023-04-27T14:23:01.330+0000] {logging_mixin.py:137} INFO - [2023-04-27T14:23:01.330+0000] {taskmixin.py:205} WARNING - Dependency <Task(BashOperator): delete_tag>, create_tag already registered for DAG: example_complex
[2023-04-27T14:23:01.334+0000] {processor.py:753} INFO - DAG(s) dict_keys(['example_complex']) retrieved from /home/airflow/.local/lib/python3.7/site-packages/airflow/example_dags/example_complex.py
[2023-04-27T14:23:01.358+0000] {logging_mixin.py:137} INFO - [2023-04-27T14:23:01.358+0000] {dag.py:2676} INFO - Sync 1 DAGs
[2023-04-27T14:23:01.372+0000] {logging_mixin.py:137} INFO - [2023-04-27T14:23:01.372+0000] {dag.py:3427} INFO - Setting next_dagrun for example_complex to None, run_after=None
[2023-04-27T14:23:01.381+0000] {processor.py:175} INFO - Processing /home/airflow/.local/lib/python3.7/site-packages/airflow/example_dags/example_complex.py took 0.060 seconds
[2023-04-27T14:23:32.055+0000] {processor.py:153} INFO - Started process (PID=17096) to work on /home/airflow/.local/lib/python3.7/site-packages/airflow/example_dags/example_complex.py
[2023-04-27T14:23:32.056+0000] {processor.py:743} INFO - Processing file /home/airflow/.local/lib/python3.7/site-packages/airflow/example_dags/example_complex.py for tasks to queue
[2023-04-27T14:23:32.056+0000] {logging_mixin.py:137} INFO - [2023-04-27T14:23:32.056+0000] {dagbag.py:538} INFO - Filling up the DagBag from /home/airflow/.local/lib/python3.7/site-packages/airflow/example_dags/example_complex.py
[2023-04-27T14:23:32.062+0000] {logging_mixin.py:137} INFO - [2023-04-27T14:23:32.062+0000] {taskmixin.py:205} WARNING - Dependency <Task(BashOperator): create_entry_group>, delete_entry_group already registered for DAG: example_complex
[2023-04-27T14:23:32.062+0000] {logging_mixin.py:137} INFO - [2023-04-27T14:23:32.062+0000] {taskmixin.py:205} WARNING - Dependency <Task(BashOperator): delete_entry_group>, create_entry_group already registered for DAG: example_complex
[2023-04-27T14:23:32.063+0000] {logging_mixin.py:137} INFO - [2023-04-27T14:23:32.062+0000] {taskmixin.py:205} WARNING - Dependency <Task(BashOperator): create_entry_gcs>, delete_entry already registered for DAG: example_complex
[2023-04-27T14:23:32.063+0000] {logging_mixin.py:137} INFO - [2023-04-27T14:23:32.063+0000] {taskmixin.py:205} WARNING - Dependency <Task(BashOperator): delete_entry>, create_entry_gcs already registered for DAG: example_complex
[2023-04-27T14:23:32.063+0000] {logging_mixin.py:137} INFO - [2023-04-27T14:23:32.063+0000] {taskmixin.py:205} WARNING - Dependency <Task(BashOperator): create_tag>, delete_tag already registered for DAG: example_complex
[2023-04-27T14:23:32.063+0000] {logging_mixin.py:137} INFO - [2023-04-27T14:23:32.063+0000] {taskmixin.py:205} WARNING - Dependency <Task(BashOperator): delete_tag>, create_tag already registered for DAG: example_complex
[2023-04-27T14:23:32.067+0000] {processor.py:753} INFO - DAG(s) dict_keys(['example_complex']) retrieved from /home/airflow/.local/lib/python3.7/site-packages/airflow/example_dags/example_complex.py
[2023-04-27T14:23:32.090+0000] {logging_mixin.py:137} INFO - [2023-04-27T14:23:32.090+0000] {dag.py:2676} INFO - Sync 1 DAGs
[2023-04-27T14:23:32.103+0000] {logging_mixin.py:137} INFO - [2023-04-27T14:23:32.103+0000] {dag.py:3427} INFO - Setting next_dagrun for example_complex to None, run_after=None
[2023-04-27T14:23:32.113+0000] {processor.py:175} INFO - Processing /home/airflow/.local/lib/python3.7/site-packages/airflow/example_dags/example_complex.py took 0.059 seconds
[2023-04-27T14:24:02.746+0000] {processor.py:153} INFO - Started process (PID=17182) to work on /home/airflow/.local/lib/python3.7/site-packages/airflow/example_dags/example_complex.py
[2023-04-27T14:24:02.746+0000] {processor.py:743} INFO - Processing file /home/airflow/.local/lib/python3.7/site-packages/airflow/example_dags/example_complex.py for tasks to queue
[2023-04-27T14:24:02.747+0000] {logging_mixin.py:137} INFO - [2023-04-27T14:24:02.747+0000] {dagbag.py:538} INFO - Filling up the DagBag from /home/airflow/.local/lib/python3.7/site-packages/airflow/example_dags/example_complex.py
[2023-04-27T14:24:02.753+0000] {logging_mixin.py:137} INFO - [2023-04-27T14:24:02.753+0000] {taskmixin.py:205} WARNING - Dependency <Task(BashOperator): create_entry_group>, delete_entry_group already registered for DAG: example_complex
[2023-04-27T14:24:02.753+0000] {logging_mixin.py:137} INFO - [2023-04-27T14:24:02.753+0000] {taskmixin.py:205} WARNING - Dependency <Task(BashOperator): delete_entry_group>, create_entry_group already registered for DAG: example_complex
[2023-04-27T14:24:02.753+0000] {logging_mixin.py:137} INFO - [2023-04-27T14:24:02.753+0000] {taskmixin.py:205} WARNING - Dependency <Task(BashOperator): create_entry_gcs>, delete_entry already registered for DAG: example_complex
[2023-04-27T14:24:02.754+0000] {logging_mixin.py:137} INFO - [2023-04-27T14:24:02.753+0000] {taskmixin.py:205} WARNING - Dependency <Task(BashOperator): delete_entry>, create_entry_gcs already registered for DAG: example_complex
[2023-04-27T14:24:02.754+0000] {logging_mixin.py:137} INFO - [2023-04-27T14:24:02.754+0000] {taskmixin.py:205} WARNING - Dependency <Task(BashOperator): create_tag>, delete_tag already registered for DAG: example_complex
[2023-04-27T14:24:02.754+0000] {logging_mixin.py:137} INFO - [2023-04-27T14:24:02.754+0000] {taskmixin.py:205} WARNING - Dependency <Task(BashOperator): delete_tag>, create_tag already registered for DAG: example_complex
[2023-04-27T14:24:02.758+0000] {processor.py:753} INFO - DAG(s) dict_keys(['example_complex']) retrieved from /home/airflow/.local/lib/python3.7/site-packages/airflow/example_dags/example_complex.py
[2023-04-27T14:24:02.781+0000] {logging_mixin.py:137} INFO - [2023-04-27T14:24:02.781+0000] {dag.py:2676} INFO - Sync 1 DAGs
[2023-04-27T14:24:02.796+0000] {logging_mixin.py:137} INFO - [2023-04-27T14:24:02.795+0000] {dag.py:3427} INFO - Setting next_dagrun for example_complex to None, run_after=None
[2023-04-27T14:24:02.804+0000] {processor.py:175} INFO - Processing /home/airflow/.local/lib/python3.7/site-packages/airflow/example_dags/example_complex.py took 0.060 seconds
[2023-04-27T14:24:33.522+0000] {processor.py:153} INFO - Started process (PID=17292) to work on /home/airflow/.local/lib/python3.7/site-packages/airflow/example_dags/example_complex.py
[2023-04-27T14:24:33.523+0000] {processor.py:743} INFO - Processing file /home/airflow/.local/lib/python3.7/site-packages/airflow/example_dags/example_complex.py for tasks to queue
[2023-04-27T14:24:33.523+0000] {logging_mixin.py:137} INFO - [2023-04-27T14:24:33.523+0000] {dagbag.py:538} INFO - Filling up the DagBag from /home/airflow/.local/lib/python3.7/site-packages/airflow/example_dags/example_complex.py
[2023-04-27T14:24:33.534+0000] {logging_mixin.py:137} INFO - [2023-04-27T14:24:33.533+0000] {taskmixin.py:205} WARNING - Dependency <Task(BashOperator): create_entry_group>, delete_entry_group already registered for DAG: example_complex
[2023-04-27T14:24:33.534+0000] {logging_mixin.py:137} INFO - [2023-04-27T14:24:33.534+0000] {taskmixin.py:205} WARNING - Dependency <Task(BashOperator): delete_entry_group>, create_entry_group already registered for DAG: example_complex
[2023-04-27T14:24:33.534+0000] {logging_mixin.py:137} INFO - [2023-04-27T14:24:33.534+0000] {taskmixin.py:205} WARNING - Dependency <Task(BashOperator): create_entry_gcs>, delete_entry already registered for DAG: example_complex
[2023-04-27T14:24:33.534+0000] {logging_mixin.py:137} INFO - [2023-04-27T14:24:33.534+0000] {taskmixin.py:205} WARNING - Dependency <Task(BashOperator): delete_entry>, create_entry_gcs already registered for DAG: example_complex
[2023-04-27T14:24:33.534+0000] {logging_mixin.py:137} INFO - [2023-04-27T14:24:33.534+0000] {taskmixin.py:205} WARNING - Dependency <Task(BashOperator): create_tag>, delete_tag already registered for DAG: example_complex
[2023-04-27T14:24:33.534+0000] {logging_mixin.py:137} INFO - [2023-04-27T14:24:33.534+0000] {taskmixin.py:205} WARNING - Dependency <Task(BashOperator): delete_tag>, create_tag already registered for DAG: example_complex
[2023-04-27T14:24:33.541+0000] {processor.py:753} INFO - DAG(s) dict_keys(['example_complex']) retrieved from /home/airflow/.local/lib/python3.7/site-packages/airflow/example_dags/example_complex.py
[2023-04-27T14:24:33.578+0000] {logging_mixin.py:137} INFO - [2023-04-27T14:24:33.578+0000] {dag.py:2676} INFO - Sync 1 DAGs
[2023-04-27T14:24:33.602+0000] {logging_mixin.py:137} INFO - [2023-04-27T14:24:33.601+0000] {dag.py:3427} INFO - Setting next_dagrun for example_complex to None, run_after=None
[2023-04-27T14:24:33.617+0000] {processor.py:175} INFO - Processing /home/airflow/.local/lib/python3.7/site-packages/airflow/example_dags/example_complex.py took 0.097 seconds
[2023-04-27T14:25:04.209+0000] {processor.py:153} INFO - Started process (PID=17402) to work on /home/airflow/.local/lib/python3.7/site-packages/airflow/example_dags/example_complex.py
[2023-04-27T14:25:04.209+0000] {processor.py:743} INFO - Processing file /home/airflow/.local/lib/python3.7/site-packages/airflow/example_dags/example_complex.py for tasks to queue
[2023-04-27T14:25:04.210+0000] {logging_mixin.py:137} INFO - [2023-04-27T14:25:04.210+0000] {dagbag.py:538} INFO - Filling up the DagBag from /home/airflow/.local/lib/python3.7/site-packages/airflow/example_dags/example_complex.py
[2023-04-27T14:25:04.216+0000] {logging_mixin.py:137} INFO - [2023-04-27T14:25:04.216+0000] {taskmixin.py:205} WARNING - Dependency <Task(BashOperator): create_entry_group>, delete_entry_group already registered for DAG: example_complex
[2023-04-27T14:25:04.216+0000] {logging_mixin.py:137} INFO - [2023-04-27T14:25:04.216+0000] {taskmixin.py:205} WARNING - Dependency <Task(BashOperator): delete_entry_group>, create_entry_group already registered for DAG: example_complex
[2023-04-27T14:25:04.216+0000] {logging_mixin.py:137} INFO - [2023-04-27T14:25:04.216+0000] {taskmixin.py:205} WARNING - Dependency <Task(BashOperator): create_entry_gcs>, delete_entry already registered for DAG: example_complex
[2023-04-27T14:25:04.216+0000] {logging_mixin.py:137} INFO - [2023-04-27T14:25:04.216+0000] {taskmixin.py:205} WARNING - Dependency <Task(BashOperator): delete_entry>, create_entry_gcs already registered for DAG: example_complex
[2023-04-27T14:25:04.217+0000] {logging_mixin.py:137} INFO - [2023-04-27T14:25:04.217+0000] {taskmixin.py:205} WARNING - Dependency <Task(BashOperator): create_tag>, delete_tag already registered for DAG: example_complex
[2023-04-27T14:25:04.217+0000] {logging_mixin.py:137} INFO - [2023-04-27T14:25:04.217+0000] {taskmixin.py:205} WARNING - Dependency <Task(BashOperator): delete_tag>, create_tag already registered for DAG: example_complex
[2023-04-27T14:25:04.221+0000] {processor.py:753} INFO - DAG(s) dict_keys(['example_complex']) retrieved from /home/airflow/.local/lib/python3.7/site-packages/airflow/example_dags/example_complex.py
[2023-04-27T14:25:04.246+0000] {logging_mixin.py:137} INFO - [2023-04-27T14:25:04.246+0000] {dag.py:2676} INFO - Sync 1 DAGs
[2023-04-27T14:25:04.260+0000] {logging_mixin.py:137} INFO - [2023-04-27T14:25:04.260+0000] {dag.py:3427} INFO - Setting next_dagrun for example_complex to None, run_after=None
[2023-04-27T14:25:04.268+0000] {processor.py:175} INFO - Processing /home/airflow/.local/lib/python3.7/site-packages/airflow/example_dags/example_complex.py took 0.061 seconds
[2023-04-27T14:25:34.748+0000] {processor.py:153} INFO - Started process (PID=17488) to work on /home/airflow/.local/lib/python3.7/site-packages/airflow/example_dags/example_complex.py
[2023-04-27T14:25:34.748+0000] {processor.py:743} INFO - Processing file /home/airflow/.local/lib/python3.7/site-packages/airflow/example_dags/example_complex.py for tasks to queue
[2023-04-27T14:25:34.748+0000] {logging_mixin.py:137} INFO - [2023-04-27T14:25:34.748+0000] {dagbag.py:538} INFO - Filling up the DagBag from /home/airflow/.local/lib/python3.7/site-packages/airflow/example_dags/example_complex.py
[2023-04-27T14:25:34.755+0000] {logging_mixin.py:137} INFO - [2023-04-27T14:25:34.754+0000] {taskmixin.py:205} WARNING - Dependency <Task(BashOperator): create_entry_group>, delete_entry_group already registered for DAG: example_complex
[2023-04-27T14:25:34.755+0000] {logging_mixin.py:137} INFO - [2023-04-27T14:25:34.755+0000] {taskmixin.py:205} WARNING - Dependency <Task(BashOperator): delete_entry_group>, create_entry_group already registered for DAG: example_complex
[2023-04-27T14:25:34.755+0000] {logging_mixin.py:137} INFO - [2023-04-27T14:25:34.755+0000] {taskmixin.py:205} WARNING - Dependency <Task(BashOperator): create_entry_gcs>, delete_entry already registered for DAG: example_complex
[2023-04-27T14:25:34.755+0000] {logging_mixin.py:137} INFO - [2023-04-27T14:25:34.755+0000] {taskmixin.py:205} WARNING - Dependency <Task(BashOperator): delete_entry>, create_entry_gcs already registered for DAG: example_complex
[2023-04-27T14:25:34.755+0000] {logging_mixin.py:137} INFO - [2023-04-27T14:25:34.755+0000] {taskmixin.py:205} WARNING - Dependency <Task(BashOperator): create_tag>, delete_tag already registered for DAG: example_complex
[2023-04-27T14:25:34.755+0000] {logging_mixin.py:137} INFO - [2023-04-27T14:25:34.755+0000] {taskmixin.py:205} WARNING - Dependency <Task(BashOperator): delete_tag>, create_tag already registered for DAG: example_complex
[2023-04-27T14:25:34.759+0000] {processor.py:753} INFO - DAG(s) dict_keys(['example_complex']) retrieved from /home/airflow/.local/lib/python3.7/site-packages/airflow/example_dags/example_complex.py
[2023-04-27T14:25:34.782+0000] {logging_mixin.py:137} INFO - [2023-04-27T14:25:34.782+0000] {dag.py:2676} INFO - Sync 1 DAGs
[2023-04-27T14:25:34.796+0000] {logging_mixin.py:137} INFO - [2023-04-27T14:25:34.796+0000] {dag.py:3427} INFO - Setting next_dagrun for example_complex to None, run_after=None
[2023-04-27T14:25:34.805+0000] {processor.py:175} INFO - Processing /home/airflow/.local/lib/python3.7/site-packages/airflow/example_dags/example_complex.py took 0.058 seconds
[2023-04-27T14:26:05.607+0000] {processor.py:153} INFO - Started process (PID=17598) to work on /home/airflow/.local/lib/python3.7/site-packages/airflow/example_dags/example_complex.py
[2023-04-27T14:26:05.607+0000] {processor.py:743} INFO - Processing file /home/airflow/.local/lib/python3.7/site-packages/airflow/example_dags/example_complex.py for tasks to queue
[2023-04-27T14:26:05.608+0000] {logging_mixin.py:137} INFO - [2023-04-27T14:26:05.608+0000] {dagbag.py:538} INFO - Filling up the DagBag from /home/airflow/.local/lib/python3.7/site-packages/airflow/example_dags/example_complex.py
[2023-04-27T14:26:05.615+0000] {logging_mixin.py:137} INFO - [2023-04-27T14:26:05.615+0000] {taskmixin.py:205} WARNING - Dependency <Task(BashOperator): create_entry_group>, delete_entry_group already registered for DAG: example_complex
[2023-04-27T14:26:05.615+0000] {logging_mixin.py:137} INFO - [2023-04-27T14:26:05.615+0000] {taskmixin.py:205} WARNING - Dependency <Task(BashOperator): delete_entry_group>, create_entry_group already registered for DAG: example_complex
[2023-04-27T14:26:05.615+0000] {logging_mixin.py:137} INFO - [2023-04-27T14:26:05.615+0000] {taskmixin.py:205} WARNING - Dependency <Task(BashOperator): create_entry_gcs>, delete_entry already registered for DAG: example_complex
[2023-04-27T14:26:05.615+0000] {logging_mixin.py:137} INFO - [2023-04-27T14:26:05.615+0000] {taskmixin.py:205} WARNING - Dependency <Task(BashOperator): delete_entry>, create_entry_gcs already registered for DAG: example_complex
[2023-04-27T14:26:05.615+0000] {logging_mixin.py:137} INFO - [2023-04-27T14:26:05.615+0000] {taskmixin.py:205} WARNING - Dependency <Task(BashOperator): create_tag>, delete_tag already registered for DAG: example_complex
[2023-04-27T14:26:05.615+0000] {logging_mixin.py:137} INFO - [2023-04-27T14:26:05.615+0000] {taskmixin.py:205} WARNING - Dependency <Task(BashOperator): delete_tag>, create_tag already registered for DAG: example_complex
[2023-04-27T14:26:05.620+0000] {processor.py:753} INFO - DAG(s) dict_keys(['example_complex']) retrieved from /home/airflow/.local/lib/python3.7/site-packages/airflow/example_dags/example_complex.py
[2023-04-27T14:26:05.647+0000] {logging_mixin.py:137} INFO - [2023-04-27T14:26:05.647+0000] {dag.py:2676} INFO - Sync 1 DAGs
[2023-04-27T14:26:05.667+0000] {logging_mixin.py:137} INFO - [2023-04-27T14:26:05.667+0000] {dag.py:3427} INFO - Setting next_dagrun for example_complex to None, run_after=None
[2023-04-27T14:26:05.679+0000] {processor.py:175} INFO - Processing /home/airflow/.local/lib/python3.7/site-packages/airflow/example_dags/example_complex.py took 0.074 seconds
