[2023-04-27T14:20:58.928+0000] {processor.py:153} INFO - Started process (PID=16582) to work on /home/airflow/.local/lib/python3.7/site-packages/airflow/example_dags/example_bash_operator.py
[2023-04-27T14:20:58.928+0000] {processor.py:743} INFO - Processing file /home/airflow/.local/lib/python3.7/site-packages/airflow/example_dags/example_bash_operator.py for tasks to queue
[2023-04-27T14:20:58.929+0000] {logging_mixin.py:137} INFO - [2023-04-27T14:20:58.929+0000] {dagbag.py:538} INFO - Filling up the DagBag from /home/airflow/.local/lib/python3.7/site-packages/airflow/example_dags/example_bash_operator.py
[2023-04-27T14:20:58.941+0000] {processor.py:753} INFO - DAG(s) dict_keys(['example_bash_operator']) retrieved from /home/airflow/.local/lib/python3.7/site-packages/airflow/example_dags/example_bash_operator.py
[2023-04-27T14:20:58.969+0000] {logging_mixin.py:137} INFO - [2023-04-27T14:20:58.968+0000] {dag.py:2676} INFO - Sync 1 DAGs
[2023-04-27T14:20:58.984+0000] {logging_mixin.py:137} INFO - [2023-04-27T14:20:58.983+0000] {dag.py:3427} INFO - Setting next_dagrun for example_bash_operator to 2023-04-26T00:00:00+00:00, run_after=2023-04-27T00:00:00+00:00
[2023-04-27T14:20:58.994+0000] {processor.py:175} INFO - Processing /home/airflow/.local/lib/python3.7/site-packages/airflow/example_dags/example_bash_operator.py took 0.067 seconds
[2023-04-27T14:21:29.629+0000] {processor.py:153} INFO - Started process (PID=16683) to work on /home/airflow/.local/lib/python3.7/site-packages/airflow/example_dags/example_bash_operator.py
[2023-04-27T14:21:29.630+0000] {processor.py:743} INFO - Processing file /home/airflow/.local/lib/python3.7/site-packages/airflow/example_dags/example_bash_operator.py for tasks to queue
[2023-04-27T14:21:29.630+0000] {logging_mixin.py:137} INFO - [2023-04-27T14:21:29.630+0000] {dagbag.py:538} INFO - Filling up the DagBag from /home/airflow/.local/lib/python3.7/site-packages/airflow/example_dags/example_bash_operator.py
[2023-04-27T14:21:29.642+0000] {processor.py:753} INFO - DAG(s) dict_keys(['example_bash_operator']) retrieved from /home/airflow/.local/lib/python3.7/site-packages/airflow/example_dags/example_bash_operator.py
[2023-04-27T14:21:29.670+0000] {logging_mixin.py:137} INFO - [2023-04-27T14:21:29.670+0000] {dag.py:2676} INFO - Sync 1 DAGs
[2023-04-27T14:21:29.686+0000] {logging_mixin.py:137} INFO - [2023-04-27T14:21:29.686+0000] {dag.py:3427} INFO - Setting next_dagrun for example_bash_operator to 2023-04-26T00:00:00+00:00, run_after=2023-04-27T00:00:00+00:00
[2023-04-27T14:21:29.696+0000] {processor.py:175} INFO - Processing /home/airflow/.local/lib/python3.7/site-packages/airflow/example_dags/example_bash_operator.py took 0.068 seconds
[2023-04-27T14:22:00.323+0000] {processor.py:153} INFO - Started process (PID=16793) to work on /home/airflow/.local/lib/python3.7/site-packages/airflow/example_dags/example_bash_operator.py
[2023-04-27T14:22:00.324+0000] {processor.py:743} INFO - Processing file /home/airflow/.local/lib/python3.7/site-packages/airflow/example_dags/example_bash_operator.py for tasks to queue
[2023-04-27T14:22:00.324+0000] {logging_mixin.py:137} INFO - [2023-04-27T14:22:00.324+0000] {dagbag.py:538} INFO - Filling up the DagBag from /home/airflow/.local/lib/python3.7/site-packages/airflow/example_dags/example_bash_operator.py
[2023-04-27T14:22:00.339+0000] {processor.py:753} INFO - DAG(s) dict_keys(['example_bash_operator']) retrieved from /home/airflow/.local/lib/python3.7/site-packages/airflow/example_dags/example_bash_operator.py
[2023-04-27T14:22:00.379+0000] {logging_mixin.py:137} INFO - [2023-04-27T14:22:00.379+0000] {dag.py:2676} INFO - Sync 1 DAGs
[2023-04-27T14:22:00.402+0000] {logging_mixin.py:137} INFO - [2023-04-27T14:22:00.402+0000] {dag.py:3427} INFO - Setting next_dagrun for example_bash_operator to 2023-04-26T00:00:00+00:00, run_after=2023-04-27T00:00:00+00:00
[2023-04-27T14:22:00.416+0000] {processor.py:175} INFO - Processing /home/airflow/.local/lib/python3.7/site-packages/airflow/example_dags/example_bash_operator.py took 0.095 seconds
[2023-04-27T14:22:30.899+0000] {processor.py:153} INFO - Started process (PID=16879) to work on /home/airflow/.local/lib/python3.7/site-packages/airflow/example_dags/example_bash_operator.py
[2023-04-27T14:22:30.900+0000] {processor.py:743} INFO - Processing file /home/airflow/.local/lib/python3.7/site-packages/airflow/example_dags/example_bash_operator.py for tasks to queue
[2023-04-27T14:22:30.900+0000] {logging_mixin.py:137} INFO - [2023-04-27T14:22:30.900+0000] {dagbag.py:538} INFO - Filling up the DagBag from /home/airflow/.local/lib/python3.7/site-packages/airflow/example_dags/example_bash_operator.py
[2023-04-27T14:22:30.912+0000] {processor.py:753} INFO - DAG(s) dict_keys(['example_bash_operator']) retrieved from /home/airflow/.local/lib/python3.7/site-packages/airflow/example_dags/example_bash_operator.py
[2023-04-27T14:22:30.940+0000] {logging_mixin.py:137} INFO - [2023-04-27T14:22:30.940+0000] {dag.py:2676} INFO - Sync 1 DAGs
[2023-04-27T14:22:30.954+0000] {logging_mixin.py:137} INFO - [2023-04-27T14:22:30.954+0000] {dag.py:3427} INFO - Setting next_dagrun for example_bash_operator to 2023-04-26T00:00:00+00:00, run_after=2023-04-27T00:00:00+00:00
[2023-04-27T14:22:30.963+0000] {processor.py:175} INFO - Processing /home/airflow/.local/lib/python3.7/site-packages/airflow/example_dags/example_bash_operator.py took 0.065 seconds
[2023-04-27T14:23:01.459+0000] {processor.py:153} INFO - Started process (PID=16989) to work on /home/airflow/.local/lib/python3.7/site-packages/airflow/example_dags/example_bash_operator.py
[2023-04-27T14:23:01.460+0000] {processor.py:743} INFO - Processing file /home/airflow/.local/lib/python3.7/site-packages/airflow/example_dags/example_bash_operator.py for tasks to queue
[2023-04-27T14:23:01.460+0000] {logging_mixin.py:137} INFO - [2023-04-27T14:23:01.460+0000] {dagbag.py:538} INFO - Filling up the DagBag from /home/airflow/.local/lib/python3.7/site-packages/airflow/example_dags/example_bash_operator.py
[2023-04-27T14:23:01.472+0000] {processor.py:753} INFO - DAG(s) dict_keys(['example_bash_operator']) retrieved from /home/airflow/.local/lib/python3.7/site-packages/airflow/example_dags/example_bash_operator.py
[2023-04-27T14:23:01.503+0000] {logging_mixin.py:137} INFO - [2023-04-27T14:23:01.503+0000] {dag.py:2676} INFO - Sync 1 DAGs
[2023-04-27T14:23:01.518+0000] {logging_mixin.py:137} INFO - [2023-04-27T14:23:01.518+0000] {dag.py:3427} INFO - Setting next_dagrun for example_bash_operator to 2023-04-26T00:00:00+00:00, run_after=2023-04-27T00:00:00+00:00
[2023-04-27T14:23:01.528+0000] {processor.py:175} INFO - Processing /home/airflow/.local/lib/python3.7/site-packages/airflow/example_dags/example_bash_operator.py took 0.070 seconds
[2023-04-27T14:23:32.211+0000] {processor.py:153} INFO - Started process (PID=17099) to work on /home/airflow/.local/lib/python3.7/site-packages/airflow/example_dags/example_bash_operator.py
[2023-04-27T14:23:32.212+0000] {processor.py:743} INFO - Processing file /home/airflow/.local/lib/python3.7/site-packages/airflow/example_dags/example_bash_operator.py for tasks to queue
[2023-04-27T14:23:32.212+0000] {logging_mixin.py:137} INFO - [2023-04-27T14:23:32.212+0000] {dagbag.py:538} INFO - Filling up the DagBag from /home/airflow/.local/lib/python3.7/site-packages/airflow/example_dags/example_bash_operator.py
[2023-04-27T14:23:32.227+0000] {processor.py:753} INFO - DAG(s) dict_keys(['example_bash_operator']) retrieved from /home/airflow/.local/lib/python3.7/site-packages/airflow/example_dags/example_bash_operator.py
[2023-04-27T14:23:32.258+0000] {logging_mixin.py:137} INFO - [2023-04-27T14:23:32.258+0000] {dag.py:2676} INFO - Sync 1 DAGs
[2023-04-27T14:23:32.279+0000] {logging_mixin.py:137} INFO - [2023-04-27T14:23:32.279+0000] {dag.py:3427} INFO - Setting next_dagrun for example_bash_operator to 2023-04-26T00:00:00+00:00, run_after=2023-04-27T00:00:00+00:00
[2023-04-27T14:23:32.295+0000] {processor.py:175} INFO - Processing /home/airflow/.local/lib/python3.7/site-packages/airflow/example_dags/example_bash_operator.py took 0.086 seconds
[2023-04-27T14:24:02.884+0000] {processor.py:153} INFO - Started process (PID=17185) to work on /home/airflow/.local/lib/python3.7/site-packages/airflow/example_dags/example_bash_operator.py
[2023-04-27T14:24:02.884+0000] {processor.py:743} INFO - Processing file /home/airflow/.local/lib/python3.7/site-packages/airflow/example_dags/example_bash_operator.py for tasks to queue
[2023-04-27T14:24:02.885+0000] {logging_mixin.py:137} INFO - [2023-04-27T14:24:02.885+0000] {dagbag.py:538} INFO - Filling up the DagBag from /home/airflow/.local/lib/python3.7/site-packages/airflow/example_dags/example_bash_operator.py
[2023-04-27T14:24:02.897+0000] {processor.py:753} INFO - DAG(s) dict_keys(['example_bash_operator']) retrieved from /home/airflow/.local/lib/python3.7/site-packages/airflow/example_dags/example_bash_operator.py
[2023-04-27T14:24:02.925+0000] {logging_mixin.py:137} INFO - [2023-04-27T14:24:02.924+0000] {dag.py:2676} INFO - Sync 1 DAGs
[2023-04-27T14:24:02.939+0000] {logging_mixin.py:137} INFO - [2023-04-27T14:24:02.939+0000] {dag.py:3427} INFO - Setting next_dagrun for example_bash_operator to 2023-04-26T00:00:00+00:00, run_after=2023-04-27T00:00:00+00:00
[2023-04-27T14:24:02.948+0000] {processor.py:175} INFO - Processing /home/airflow/.local/lib/python3.7/site-packages/airflow/example_dags/example_bash_operator.py took 0.066 seconds
[2023-04-27T14:24:33.647+0000] {processor.py:153} INFO - Started process (PID=17295) to work on /home/airflow/.local/lib/python3.7/site-packages/airflow/example_dags/example_bash_operator.py
[2023-04-27T14:24:33.647+0000] {processor.py:743} INFO - Processing file /home/airflow/.local/lib/python3.7/site-packages/airflow/example_dags/example_bash_operator.py for tasks to queue
[2023-04-27T14:24:33.648+0000] {logging_mixin.py:137} INFO - [2023-04-27T14:24:33.648+0000] {dagbag.py:538} INFO - Filling up the DagBag from /home/airflow/.local/lib/python3.7/site-packages/airflow/example_dags/example_bash_operator.py
[2023-04-27T14:24:33.663+0000] {processor.py:753} INFO - DAG(s) dict_keys(['example_bash_operator']) retrieved from /home/airflow/.local/lib/python3.7/site-packages/airflow/example_dags/example_bash_operator.py
[2023-04-27T14:24:33.706+0000] {logging_mixin.py:137} INFO - [2023-04-27T14:24:33.706+0000] {dag.py:2676} INFO - Sync 1 DAGs
[2023-04-27T14:24:33.728+0000] {logging_mixin.py:137} INFO - [2023-04-27T14:24:33.727+0000] {dag.py:3427} INFO - Setting next_dagrun for example_bash_operator to 2023-04-26T00:00:00+00:00, run_after=2023-04-27T00:00:00+00:00
[2023-04-27T14:24:33.738+0000] {processor.py:175} INFO - Processing /home/airflow/.local/lib/python3.7/site-packages/airflow/example_dags/example_bash_operator.py took 0.094 seconds
[2023-04-27T14:25:04.364+0000] {processor.py:153} INFO - Started process (PID=17405) to work on /home/airflow/.local/lib/python3.7/site-packages/airflow/example_dags/example_bash_operator.py
[2023-04-27T14:25:04.364+0000] {processor.py:743} INFO - Processing file /home/airflow/.local/lib/python3.7/site-packages/airflow/example_dags/example_bash_operator.py for tasks to queue
[2023-04-27T14:25:04.365+0000] {logging_mixin.py:137} INFO - [2023-04-27T14:25:04.365+0000] {dagbag.py:538} INFO - Filling up the DagBag from /home/airflow/.local/lib/python3.7/site-packages/airflow/example_dags/example_bash_operator.py
[2023-04-27T14:25:04.378+0000] {processor.py:753} INFO - DAG(s) dict_keys(['example_bash_operator']) retrieved from /home/airflow/.local/lib/python3.7/site-packages/airflow/example_dags/example_bash_operator.py
[2023-04-27T14:25:04.411+0000] {logging_mixin.py:137} INFO - [2023-04-27T14:25:04.411+0000] {dag.py:2676} INFO - Sync 1 DAGs
[2023-04-27T14:25:04.426+0000] {logging_mixin.py:137} INFO - [2023-04-27T14:25:04.426+0000] {dag.py:3427} INFO - Setting next_dagrun for example_bash_operator to 2023-04-26T00:00:00+00:00, run_after=2023-04-27T00:00:00+00:00
[2023-04-27T14:25:04.438+0000] {processor.py:175} INFO - Processing /home/airflow/.local/lib/python3.7/site-packages/airflow/example_dags/example_bash_operator.py took 0.075 seconds
[2023-04-27T14:25:34.882+0000] {processor.py:153} INFO - Started process (PID=17491) to work on /home/airflow/.local/lib/python3.7/site-packages/airflow/example_dags/example_bash_operator.py
[2023-04-27T14:25:34.882+0000] {processor.py:743} INFO - Processing file /home/airflow/.local/lib/python3.7/site-packages/airflow/example_dags/example_bash_operator.py for tasks to queue
[2023-04-27T14:25:34.882+0000] {logging_mixin.py:137} INFO - [2023-04-27T14:25:34.882+0000] {dagbag.py:538} INFO - Filling up the DagBag from /home/airflow/.local/lib/python3.7/site-packages/airflow/example_dags/example_bash_operator.py
[2023-04-27T14:25:34.899+0000] {processor.py:753} INFO - DAG(s) dict_keys(['example_bash_operator']) retrieved from /home/airflow/.local/lib/python3.7/site-packages/airflow/example_dags/example_bash_operator.py
[2023-04-27T14:25:34.930+0000] {logging_mixin.py:137} INFO - [2023-04-27T14:25:34.930+0000] {dag.py:2676} INFO - Sync 1 DAGs
[2023-04-27T14:25:34.947+0000] {logging_mixin.py:137} INFO - [2023-04-27T14:25:34.947+0000] {dag.py:3427} INFO - Setting next_dagrun for example_bash_operator to 2023-04-26T00:00:00+00:00, run_after=2023-04-27T00:00:00+00:00
[2023-04-27T14:25:34.956+0000] {processor.py:175} INFO - Processing /home/airflow/.local/lib/python3.7/site-packages/airflow/example_dags/example_bash_operator.py took 0.076 seconds
