[2023-04-27T14:20:56.211+0000] {processor.py:153} INFO - Started process (PID=16555) to work on /home/airflow/.local/lib/python3.7/site-packages/airflow/example_dags/example_sensors.py
[2023-04-27T14:20:56.212+0000] {processor.py:743} INFO - Processing file /home/airflow/.local/lib/python3.7/site-packages/airflow/example_dags/example_sensors.py for tasks to queue
[2023-04-27T14:20:56.212+0000] {logging_mixin.py:137} INFO - [2023-04-27T14:20:56.212+0000] {dagbag.py:538} INFO - Filling up the DagBag from /home/airflow/.local/lib/python3.7/site-packages/airflow/example_dags/example_sensors.py
[2023-04-27T14:20:56.223+0000] {processor.py:753} INFO - DAG(s) dict_keys(['example_sensors']) retrieved from /home/airflow/.local/lib/python3.7/site-packages/airflow/example_dags/example_sensors.py
[2023-04-27T14:20:56.244+0000] {logging_mixin.py:137} INFO - [2023-04-27T14:20:56.244+0000] {dag.py:2676} INFO - Sync 1 DAGs
[2023-04-27T14:20:56.258+0000] {logging_mixin.py:137} INFO - [2023-04-27T14:20:56.257+0000] {dag.py:3427} INFO - Setting next_dagrun for example_sensors to None, run_after=None
[2023-04-27T14:20:56.267+0000] {processor.py:175} INFO - Processing /home/airflow/.local/lib/python3.7/site-packages/airflow/example_dags/example_sensors.py took 0.057 seconds
[2023-04-27T14:21:26.861+0000] {processor.py:153} INFO - Started process (PID=16665) to work on /home/airflow/.local/lib/python3.7/site-packages/airflow/example_dags/example_sensors.py
[2023-04-27T14:21:26.861+0000] {processor.py:743} INFO - Processing file /home/airflow/.local/lib/python3.7/site-packages/airflow/example_dags/example_sensors.py for tasks to queue
[2023-04-27T14:21:26.861+0000] {logging_mixin.py:137} INFO - [2023-04-27T14:21:26.861+0000] {dagbag.py:538} INFO - Filling up the DagBag from /home/airflow/.local/lib/python3.7/site-packages/airflow/example_dags/example_sensors.py
[2023-04-27T14:21:26.873+0000] {processor.py:753} INFO - DAG(s) dict_keys(['example_sensors']) retrieved from /home/airflow/.local/lib/python3.7/site-packages/airflow/example_dags/example_sensors.py
[2023-04-27T14:21:26.901+0000] {logging_mixin.py:137} INFO - [2023-04-27T14:21:26.901+0000] {dag.py:2676} INFO - Sync 1 DAGs
[2023-04-27T14:21:26.919+0000] {logging_mixin.py:137} INFO - [2023-04-27T14:21:26.919+0000] {dag.py:3427} INFO - Setting next_dagrun for example_sensors to None, run_after=None
[2023-04-27T14:21:26.932+0000] {processor.py:175} INFO - Processing /home/airflow/.local/lib/python3.7/site-packages/airflow/example_dags/example_sensors.py took 0.073 seconds
[2023-04-27T14:21:57.550+0000] {processor.py:153} INFO - Started process (PID=16775) to work on /home/airflow/.local/lib/python3.7/site-packages/airflow/example_dags/example_sensors.py
[2023-04-27T14:21:57.550+0000] {processor.py:743} INFO - Processing file /home/airflow/.local/lib/python3.7/site-packages/airflow/example_dags/example_sensors.py for tasks to queue
[2023-04-27T14:21:57.550+0000] {logging_mixin.py:137} INFO - [2023-04-27T14:21:57.550+0000] {dagbag.py:538} INFO - Filling up the DagBag from /home/airflow/.local/lib/python3.7/site-packages/airflow/example_dags/example_sensors.py
[2023-04-27T14:21:57.562+0000] {processor.py:753} INFO - DAG(s) dict_keys(['example_sensors']) retrieved from /home/airflow/.local/lib/python3.7/site-packages/airflow/example_dags/example_sensors.py
[2023-04-27T14:21:57.583+0000] {logging_mixin.py:137} INFO - [2023-04-27T14:21:57.583+0000] {dag.py:2676} INFO - Sync 1 DAGs
[2023-04-27T14:21:57.598+0000] {logging_mixin.py:137} INFO - [2023-04-27T14:21:57.598+0000] {dag.py:3427} INFO - Setting next_dagrun for example_sensors to None, run_after=None
[2023-04-27T14:21:57.608+0000] {processor.py:175} INFO - Processing /home/airflow/.local/lib/python3.7/site-packages/airflow/example_dags/example_sensors.py took 0.060 seconds
[2023-04-27T14:22:28.224+0000] {processor.py:153} INFO - Started process (PID=16861) to work on /home/airflow/.local/lib/python3.7/site-packages/airflow/example_dags/example_sensors.py
[2023-04-27T14:22:28.225+0000] {processor.py:743} INFO - Processing file /home/airflow/.local/lib/python3.7/site-packages/airflow/example_dags/example_sensors.py for tasks to queue
[2023-04-27T14:22:28.225+0000] {logging_mixin.py:137} INFO - [2023-04-27T14:22:28.225+0000] {dagbag.py:538} INFO - Filling up the DagBag from /home/airflow/.local/lib/python3.7/site-packages/airflow/example_dags/example_sensors.py
[2023-04-27T14:22:28.235+0000] {processor.py:753} INFO - DAG(s) dict_keys(['example_sensors']) retrieved from /home/airflow/.local/lib/python3.7/site-packages/airflow/example_dags/example_sensors.py
[2023-04-27T14:22:28.257+0000] {logging_mixin.py:137} INFO - [2023-04-27T14:22:28.257+0000] {dag.py:2676} INFO - Sync 1 DAGs
[2023-04-27T14:22:28.271+0000] {logging_mixin.py:137} INFO - [2023-04-27T14:22:28.271+0000] {dag.py:3427} INFO - Setting next_dagrun for example_sensors to None, run_after=None
[2023-04-27T14:22:28.281+0000] {processor.py:175} INFO - Processing /home/airflow/.local/lib/python3.7/site-packages/airflow/example_dags/example_sensors.py took 0.058 seconds
[2023-04-27T14:22:58.790+0000] {processor.py:153} INFO - Started process (PID=16971) to work on /home/airflow/.local/lib/python3.7/site-packages/airflow/example_dags/example_sensors.py
[2023-04-27T14:22:58.790+0000] {processor.py:743} INFO - Processing file /home/airflow/.local/lib/python3.7/site-packages/airflow/example_dags/example_sensors.py for tasks to queue
[2023-04-27T14:22:58.790+0000] {logging_mixin.py:137} INFO - [2023-04-27T14:22:58.790+0000] {dagbag.py:538} INFO - Filling up the DagBag from /home/airflow/.local/lib/python3.7/site-packages/airflow/example_dags/example_sensors.py
[2023-04-27T14:22:58.801+0000] {processor.py:753} INFO - DAG(s) dict_keys(['example_sensors']) retrieved from /home/airflow/.local/lib/python3.7/site-packages/airflow/example_dags/example_sensors.py
[2023-04-27T14:22:58.822+0000] {logging_mixin.py:137} INFO - [2023-04-27T14:22:58.822+0000] {dag.py:2676} INFO - Sync 1 DAGs
[2023-04-27T14:22:58.836+0000] {logging_mixin.py:137} INFO - [2023-04-27T14:22:58.836+0000] {dag.py:3427} INFO - Setting next_dagrun for example_sensors to None, run_after=None
[2023-04-27T14:22:58.845+0000] {processor.py:175} INFO - Processing /home/airflow/.local/lib/python3.7/site-packages/airflow/example_dags/example_sensors.py took 0.056 seconds
[2023-04-27T14:23:29.408+0000] {processor.py:153} INFO - Started process (PID=17081) to work on /home/airflow/.local/lib/python3.7/site-packages/airflow/example_dags/example_sensors.py
[2023-04-27T14:23:29.408+0000] {processor.py:743} INFO - Processing file /home/airflow/.local/lib/python3.7/site-packages/airflow/example_dags/example_sensors.py for tasks to queue
[2023-04-27T14:23:29.409+0000] {logging_mixin.py:137} INFO - [2023-04-27T14:23:29.408+0000] {dagbag.py:538} INFO - Filling up the DagBag from /home/airflow/.local/lib/python3.7/site-packages/airflow/example_dags/example_sensors.py
[2023-04-27T14:23:29.420+0000] {processor.py:753} INFO - DAG(s) dict_keys(['example_sensors']) retrieved from /home/airflow/.local/lib/python3.7/site-packages/airflow/example_dags/example_sensors.py
[2023-04-27T14:23:29.442+0000] {logging_mixin.py:137} INFO - [2023-04-27T14:23:29.442+0000] {dag.py:2676} INFO - Sync 1 DAGs
[2023-04-27T14:23:29.457+0000] {logging_mixin.py:137} INFO - [2023-04-27T14:23:29.457+0000] {dag.py:3427} INFO - Setting next_dagrun for example_sensors to None, run_after=None
[2023-04-27T14:23:29.466+0000] {processor.py:175} INFO - Processing /home/airflow/.local/lib/python3.7/site-packages/airflow/example_dags/example_sensors.py took 0.060 seconds
[2023-04-27T14:24:00.174+0000] {processor.py:153} INFO - Started process (PID=17167) to work on /home/airflow/.local/lib/python3.7/site-packages/airflow/example_dags/example_sensors.py
[2023-04-27T14:24:00.175+0000] {processor.py:743} INFO - Processing file /home/airflow/.local/lib/python3.7/site-packages/airflow/example_dags/example_sensors.py for tasks to queue
[2023-04-27T14:24:00.175+0000] {logging_mixin.py:137} INFO - [2023-04-27T14:24:00.175+0000] {dagbag.py:538} INFO - Filling up the DagBag from /home/airflow/.local/lib/python3.7/site-packages/airflow/example_dags/example_sensors.py
[2023-04-27T14:24:00.186+0000] {processor.py:753} INFO - DAG(s) dict_keys(['example_sensors']) retrieved from /home/airflow/.local/lib/python3.7/site-packages/airflow/example_dags/example_sensors.py
[2023-04-27T14:24:00.207+0000] {logging_mixin.py:137} INFO - [2023-04-27T14:24:00.207+0000] {dag.py:2676} INFO - Sync 1 DAGs
[2023-04-27T14:24:00.222+0000] {logging_mixin.py:137} INFO - [2023-04-27T14:24:00.221+0000] {dag.py:3427} INFO - Setting next_dagrun for example_sensors to None, run_after=None
[2023-04-27T14:24:00.231+0000] {processor.py:175} INFO - Processing /home/airflow/.local/lib/python3.7/site-packages/airflow/example_dags/example_sensors.py took 0.058 seconds
[2023-04-27T14:24:30.839+0000] {processor.py:153} INFO - Started process (PID=17277) to work on /home/airflow/.local/lib/python3.7/site-packages/airflow/example_dags/example_sensors.py
[2023-04-27T14:24:30.839+0000] {processor.py:743} INFO - Processing file /home/airflow/.local/lib/python3.7/site-packages/airflow/example_dags/example_sensors.py for tasks to queue
[2023-04-27T14:24:30.840+0000] {logging_mixin.py:137} INFO - [2023-04-27T14:24:30.840+0000] {dagbag.py:538} INFO - Filling up the DagBag from /home/airflow/.local/lib/python3.7/site-packages/airflow/example_dags/example_sensors.py
[2023-04-27T14:24:30.852+0000] {processor.py:753} INFO - DAG(s) dict_keys(['example_sensors']) retrieved from /home/airflow/.local/lib/python3.7/site-packages/airflow/example_dags/example_sensors.py
[2023-04-27T14:24:30.878+0000] {logging_mixin.py:137} INFO - [2023-04-27T14:24:30.878+0000] {dag.py:2676} INFO - Sync 1 DAGs
[2023-04-27T14:24:30.894+0000] {logging_mixin.py:137} INFO - [2023-04-27T14:24:30.893+0000] {dag.py:3427} INFO - Setting next_dagrun for example_sensors to None, run_after=None
[2023-04-27T14:24:30.904+0000] {processor.py:175} INFO - Processing /home/airflow/.local/lib/python3.7/site-packages/airflow/example_dags/example_sensors.py took 0.066 seconds
[2023-04-27T14:25:01.621+0000] {processor.py:153} INFO - Started process (PID=17387) to work on /home/airflow/.local/lib/python3.7/site-packages/airflow/example_dags/example_sensors.py
[2023-04-27T14:25:01.628+0000] {processor.py:743} INFO - Processing file /home/airflow/.local/lib/python3.7/site-packages/airflow/example_dags/example_sensors.py for tasks to queue
[2023-04-27T14:25:01.628+0000] {logging_mixin.py:137} INFO - [2023-04-27T14:25:01.628+0000] {dagbag.py:538} INFO - Filling up the DagBag from /home/airflow/.local/lib/python3.7/site-packages/airflow/example_dags/example_sensors.py
[2023-04-27T14:25:01.645+0000] {processor.py:753} INFO - DAG(s) dict_keys(['example_sensors']) retrieved from /home/airflow/.local/lib/python3.7/site-packages/airflow/example_dags/example_sensors.py
[2023-04-27T14:25:01.671+0000] {logging_mixin.py:137} INFO - [2023-04-27T14:25:01.671+0000] {dag.py:2676} INFO - Sync 1 DAGs
[2023-04-27T14:25:01.685+0000] {logging_mixin.py:137} INFO - [2023-04-27T14:25:01.685+0000] {dag.py:3427} INFO - Setting next_dagrun for example_sensors to None, run_after=None
[2023-04-27T14:25:01.696+0000] {processor.py:175} INFO - Processing /home/airflow/.local/lib/python3.7/site-packages/airflow/example_dags/example_sensors.py took 0.078 seconds
[2023-04-27T14:25:32.217+0000] {processor.py:153} INFO - Started process (PID=17473) to work on /home/airflow/.local/lib/python3.7/site-packages/airflow/example_dags/example_sensors.py
[2023-04-27T14:25:32.218+0000] {processor.py:743} INFO - Processing file /home/airflow/.local/lib/python3.7/site-packages/airflow/example_dags/example_sensors.py for tasks to queue
[2023-04-27T14:25:32.218+0000] {logging_mixin.py:137} INFO - [2023-04-27T14:25:32.218+0000] {dagbag.py:538} INFO - Filling up the DagBag from /home/airflow/.local/lib/python3.7/site-packages/airflow/example_dags/example_sensors.py
[2023-04-27T14:25:32.229+0000] {processor.py:753} INFO - DAG(s) dict_keys(['example_sensors']) retrieved from /home/airflow/.local/lib/python3.7/site-packages/airflow/example_dags/example_sensors.py
[2023-04-27T14:25:32.250+0000] {logging_mixin.py:137} INFO - [2023-04-27T14:25:32.250+0000] {dag.py:2676} INFO - Sync 1 DAGs
[2023-04-27T14:25:32.264+0000] {logging_mixin.py:137} INFO - [2023-04-27T14:25:32.264+0000] {dag.py:3427} INFO - Setting next_dagrun for example_sensors to None, run_after=None
[2023-04-27T14:25:32.273+0000] {processor.py:175} INFO - Processing /home/airflow/.local/lib/python3.7/site-packages/airflow/example_dags/example_sensors.py took 0.057 seconds
