[2023-04-27T14:20:58.735+0000] {processor.py:153} INFO - Started process (PID=16569) to work on /home/airflow/.local/lib/python3.7/site-packages/airflow/example_dags/example_dag_decorator.py
[2023-04-27T14:20:58.735+0000] {processor.py:743} INFO - Processing file /home/airflow/.local/lib/python3.7/site-packages/airflow/example_dags/example_dag_decorator.py for tasks to queue
[2023-04-27T14:20:58.735+0000] {logging_mixin.py:137} INFO - [2023-04-27T14:20:58.735+0000] {dagbag.py:538} INFO - Filling up the DagBag from /home/airflow/.local/lib/python3.7/site-packages/airflow/example_dags/example_dag_decorator.py
[2023-04-27T14:20:58.744+0000] {logging_mixin.py:137} INFO - [2023-04-27T14:20:58.744+0000] {taskmixin.py:205} WARNING - Dependency <Task(_PythonDecoratedOperator): prepare_email>, send_email already registered for DAG: example_dag_decorator
[2023-04-27T14:20:58.745+0000] {logging_mixin.py:137} INFO - [2023-04-27T14:20:58.745+0000] {taskmixin.py:205} WARNING - Dependency <Task(EmailOperator): send_email>, prepare_email already registered for DAG: example_dag_decorator
[2023-04-27T14:20:58.751+0000] {processor.py:753} INFO - DAG(s) dict_keys(['example_dag_decorator']) retrieved from /home/airflow/.local/lib/python3.7/site-packages/airflow/example_dags/example_dag_decorator.py
[2023-04-27T14:20:58.812+0000] {logging_mixin.py:137} INFO - [2023-04-27T14:20:58.812+0000] {dag.py:2676} INFO - Sync 1 DAGs
[2023-04-27T14:20:58.825+0000] {logging_mixin.py:137} INFO - [2023-04-27T14:20:58.825+0000] {dag.py:3427} INFO - Setting next_dagrun for example_dag_decorator to None, run_after=None
[2023-04-27T14:20:58.835+0000] {processor.py:175} INFO - Processing /home/airflow/.local/lib/python3.7/site-packages/airflow/example_dags/example_dag_decorator.py took 0.102 seconds
[2023-04-27T14:21:29.484+0000] {processor.py:153} INFO - Started process (PID=16679) to work on /home/airflow/.local/lib/python3.7/site-packages/airflow/example_dags/example_dag_decorator.py
[2023-04-27T14:21:29.484+0000] {processor.py:743} INFO - Processing file /home/airflow/.local/lib/python3.7/site-packages/airflow/example_dags/example_dag_decorator.py for tasks to queue
[2023-04-27T14:21:29.485+0000] {logging_mixin.py:137} INFO - [2023-04-27T14:21:29.485+0000] {dagbag.py:538} INFO - Filling up the DagBag from /home/airflow/.local/lib/python3.7/site-packages/airflow/example_dags/example_dag_decorator.py
[2023-04-27T14:21:29.494+0000] {logging_mixin.py:137} INFO - [2023-04-27T14:21:29.494+0000] {taskmixin.py:205} WARNING - Dependency <Task(_PythonDecoratedOperator): prepare_email>, send_email already registered for DAG: example_dag_decorator
[2023-04-27T14:21:29.494+0000] {logging_mixin.py:137} INFO - [2023-04-27T14:21:29.494+0000] {taskmixin.py:205} WARNING - Dependency <Task(EmailOperator): send_email>, prepare_email already registered for DAG: example_dag_decorator
[2023-04-27T14:21:29.501+0000] {processor.py:753} INFO - DAG(s) dict_keys(['example_dag_decorator']) retrieved from /home/airflow/.local/lib/python3.7/site-packages/airflow/example_dags/example_dag_decorator.py
[2023-04-27T14:21:29.546+0000] {logging_mixin.py:137} INFO - [2023-04-27T14:21:29.545+0000] {dag.py:2676} INFO - Sync 1 DAGs
[2023-04-27T14:21:29.559+0000] {logging_mixin.py:137} INFO - [2023-04-27T14:21:29.559+0000] {dag.py:3427} INFO - Setting next_dagrun for example_dag_decorator to None, run_after=None
[2023-04-27T14:21:29.569+0000] {processor.py:175} INFO - Processing /home/airflow/.local/lib/python3.7/site-packages/airflow/example_dags/example_dag_decorator.py took 0.086 seconds
[2023-04-27T14:22:00.110+0000] {processor.py:153} INFO - Started process (PID=16789) to work on /home/airflow/.local/lib/python3.7/site-packages/airflow/example_dags/example_dag_decorator.py
[2023-04-27T14:22:00.112+0000] {processor.py:743} INFO - Processing file /home/airflow/.local/lib/python3.7/site-packages/airflow/example_dags/example_dag_decorator.py for tasks to queue
[2023-04-27T14:22:00.112+0000] {logging_mixin.py:137} INFO - [2023-04-27T14:22:00.112+0000] {dagbag.py:538} INFO - Filling up the DagBag from /home/airflow/.local/lib/python3.7/site-packages/airflow/example_dags/example_dag_decorator.py
[2023-04-27T14:22:00.123+0000] {logging_mixin.py:137} INFO - [2023-04-27T14:22:00.123+0000] {taskmixin.py:205} WARNING - Dependency <Task(_PythonDecoratedOperator): prepare_email>, send_email already registered for DAG: example_dag_decorator
[2023-04-27T14:22:00.123+0000] {logging_mixin.py:137} INFO - [2023-04-27T14:22:00.123+0000] {taskmixin.py:205} WARNING - Dependency <Task(EmailOperator): send_email>, prepare_email already registered for DAG: example_dag_decorator
[2023-04-27T14:22:00.131+0000] {processor.py:753} INFO - DAG(s) dict_keys(['example_dag_decorator']) retrieved from /home/airflow/.local/lib/python3.7/site-packages/airflow/example_dags/example_dag_decorator.py
[2023-04-27T14:22:00.186+0000] {logging_mixin.py:137} INFO - [2023-04-27T14:22:00.185+0000] {dag.py:2676} INFO - Sync 1 DAGs
[2023-04-27T14:22:00.200+0000] {logging_mixin.py:137} INFO - [2023-04-27T14:22:00.200+0000] {dag.py:3427} INFO - Setting next_dagrun for example_dag_decorator to None, run_after=None
[2023-04-27T14:22:00.212+0000] {processor.py:175} INFO - Processing /home/airflow/.local/lib/python3.7/site-packages/airflow/example_dags/example_dag_decorator.py took 0.104 seconds
[2023-04-27T14:22:30.668+0000] {processor.py:153} INFO - Started process (PID=16875) to work on /home/airflow/.local/lib/python3.7/site-packages/airflow/example_dags/example_dag_decorator.py
[2023-04-27T14:22:30.668+0000] {processor.py:743} INFO - Processing file /home/airflow/.local/lib/python3.7/site-packages/airflow/example_dags/example_dag_decorator.py for tasks to queue
[2023-04-27T14:22:30.669+0000] {logging_mixin.py:137} INFO - [2023-04-27T14:22:30.669+0000] {dagbag.py:538} INFO - Filling up the DagBag from /home/airflow/.local/lib/python3.7/site-packages/airflow/example_dags/example_dag_decorator.py
[2023-04-27T14:22:30.678+0000] {logging_mixin.py:137} INFO - [2023-04-27T14:22:30.678+0000] {taskmixin.py:205} WARNING - Dependency <Task(_PythonDecoratedOperator): prepare_email>, send_email already registered for DAG: example_dag_decorator
[2023-04-27T14:22:30.678+0000] {logging_mixin.py:137} INFO - [2023-04-27T14:22:30.678+0000] {taskmixin.py:205} WARNING - Dependency <Task(EmailOperator): send_email>, prepare_email already registered for DAG: example_dag_decorator
[2023-04-27T14:22:30.685+0000] {processor.py:753} INFO - DAG(s) dict_keys(['example_dag_decorator']) retrieved from /home/airflow/.local/lib/python3.7/site-packages/airflow/example_dags/example_dag_decorator.py
[2023-04-27T14:22:30.731+0000] {logging_mixin.py:137} INFO - [2023-04-27T14:22:30.731+0000] {dag.py:2676} INFO - Sync 1 DAGs
[2023-04-27T14:22:30.745+0000] {logging_mixin.py:137} INFO - [2023-04-27T14:22:30.745+0000] {dag.py:3427} INFO - Setting next_dagrun for example_dag_decorator to None, run_after=None
[2023-04-27T14:22:30.755+0000] {processor.py:175} INFO - Processing /home/airflow/.local/lib/python3.7/site-packages/airflow/example_dags/example_dag_decorator.py took 0.088 seconds
[2023-04-27T14:23:01.228+0000] {processor.py:153} INFO - Started process (PID=16985) to work on /home/airflow/.local/lib/python3.7/site-packages/airflow/example_dags/example_dag_decorator.py
[2023-04-27T14:23:01.228+0000] {processor.py:743} INFO - Processing file /home/airflow/.local/lib/python3.7/site-packages/airflow/example_dags/example_dag_decorator.py for tasks to queue
[2023-04-27T14:23:01.229+0000] {logging_mixin.py:137} INFO - [2023-04-27T14:23:01.229+0000] {dagbag.py:538} INFO - Filling up the DagBag from /home/airflow/.local/lib/python3.7/site-packages/airflow/example_dags/example_dag_decorator.py
[2023-04-27T14:23:01.238+0000] {logging_mixin.py:137} INFO - [2023-04-27T14:23:01.238+0000] {taskmixin.py:205} WARNING - Dependency <Task(_PythonDecoratedOperator): prepare_email>, send_email already registered for DAG: example_dag_decorator
[2023-04-27T14:23:01.238+0000] {logging_mixin.py:137} INFO - [2023-04-27T14:23:01.238+0000] {taskmixin.py:205} WARNING - Dependency <Task(EmailOperator): send_email>, prepare_email already registered for DAG: example_dag_decorator
[2023-04-27T14:23:01.244+0000] {processor.py:753} INFO - DAG(s) dict_keys(['example_dag_decorator']) retrieved from /home/airflow/.local/lib/python3.7/site-packages/airflow/example_dags/example_dag_decorator.py
[2023-04-27T14:23:01.290+0000] {logging_mixin.py:137} INFO - [2023-04-27T14:23:01.289+0000] {dag.py:2676} INFO - Sync 1 DAGs
[2023-04-27T14:23:01.302+0000] {logging_mixin.py:137} INFO - [2023-04-27T14:23:01.302+0000] {dag.py:3427} INFO - Setting next_dagrun for example_dag_decorator to None, run_after=None
[2023-04-27T14:23:01.312+0000] {processor.py:175} INFO - Processing /home/airflow/.local/lib/python3.7/site-packages/airflow/example_dags/example_dag_decorator.py took 0.085 seconds
[2023-04-27T14:23:31.942+0000] {processor.py:153} INFO - Started process (PID=17095) to work on /home/airflow/.local/lib/python3.7/site-packages/airflow/example_dags/example_dag_decorator.py
[2023-04-27T14:23:31.942+0000] {processor.py:743} INFO - Processing file /home/airflow/.local/lib/python3.7/site-packages/airflow/example_dags/example_dag_decorator.py for tasks to queue
[2023-04-27T14:23:31.943+0000] {logging_mixin.py:137} INFO - [2023-04-27T14:23:31.943+0000] {dagbag.py:538} INFO - Filling up the DagBag from /home/airflow/.local/lib/python3.7/site-packages/airflow/example_dags/example_dag_decorator.py
[2023-04-27T14:23:31.955+0000] {logging_mixin.py:137} INFO - [2023-04-27T14:23:31.955+0000] {taskmixin.py:205} WARNING - Dependency <Task(_PythonDecoratedOperator): prepare_email>, send_email already registered for DAG: example_dag_decorator
[2023-04-27T14:23:31.955+0000] {logging_mixin.py:137} INFO - [2023-04-27T14:23:31.955+0000] {taskmixin.py:205} WARNING - Dependency <Task(EmailOperator): send_email>, prepare_email already registered for DAG: example_dag_decorator
[2023-04-27T14:23:31.965+0000] {processor.py:753} INFO - DAG(s) dict_keys(['example_dag_decorator']) retrieved from /home/airflow/.local/lib/python3.7/site-packages/airflow/example_dags/example_dag_decorator.py
[2023-04-27T14:23:32.020+0000] {logging_mixin.py:137} INFO - [2023-04-27T14:23:32.020+0000] {dag.py:2676} INFO - Sync 1 DAGs
[2023-04-27T14:23:32.036+0000] {logging_mixin.py:137} INFO - [2023-04-27T14:23:32.036+0000] {dag.py:3427} INFO - Setting next_dagrun for example_dag_decorator to None, run_after=None
[2023-04-27T14:23:32.045+0000] {processor.py:175} INFO - Processing /home/airflow/.local/lib/python3.7/site-packages/airflow/example_dags/example_dag_decorator.py took 0.106 seconds
[2023-04-27T14:24:02.653+0000] {processor.py:153} INFO - Started process (PID=17181) to work on /home/airflow/.local/lib/python3.7/site-packages/airflow/example_dags/example_dag_decorator.py
[2023-04-27T14:24:02.654+0000] {processor.py:743} INFO - Processing file /home/airflow/.local/lib/python3.7/site-packages/airflow/example_dags/example_dag_decorator.py for tasks to queue
[2023-04-27T14:24:02.654+0000] {logging_mixin.py:137} INFO - [2023-04-27T14:24:02.654+0000] {dagbag.py:538} INFO - Filling up the DagBag from /home/airflow/.local/lib/python3.7/site-packages/airflow/example_dags/example_dag_decorator.py
[2023-04-27T14:24:02.663+0000] {logging_mixin.py:137} INFO - [2023-04-27T14:24:02.663+0000] {taskmixin.py:205} WARNING - Dependency <Task(_PythonDecoratedOperator): prepare_email>, send_email already registered for DAG: example_dag_decorator
[2023-04-27T14:24:02.663+0000] {logging_mixin.py:137} INFO - [2023-04-27T14:24:02.663+0000] {taskmixin.py:205} WARNING - Dependency <Task(EmailOperator): send_email>, prepare_email already registered for DAG: example_dag_decorator
[2023-04-27T14:24:02.669+0000] {processor.py:753} INFO - DAG(s) dict_keys(['example_dag_decorator']) retrieved from /home/airflow/.local/lib/python3.7/site-packages/airflow/example_dags/example_dag_decorator.py
[2023-04-27T14:24:02.713+0000] {logging_mixin.py:137} INFO - [2023-04-27T14:24:02.713+0000] {dag.py:2676} INFO - Sync 1 DAGs
[2023-04-27T14:24:02.725+0000] {logging_mixin.py:137} INFO - [2023-04-27T14:24:02.725+0000] {dag.py:3427} INFO - Setting next_dagrun for example_dag_decorator to None, run_after=None
[2023-04-27T14:24:02.735+0000] {processor.py:175} INFO - Processing /home/airflow/.local/lib/python3.7/site-packages/airflow/example_dags/example_dag_decorator.py took 0.083 seconds
[2023-04-27T14:24:33.395+0000] {processor.py:153} INFO - Started process (PID=17291) to work on /home/airflow/.local/lib/python3.7/site-packages/airflow/example_dags/example_dag_decorator.py
[2023-04-27T14:24:33.395+0000] {processor.py:743} INFO - Processing file /home/airflow/.local/lib/python3.7/site-packages/airflow/example_dags/example_dag_decorator.py for tasks to queue
[2023-04-27T14:24:33.396+0000] {logging_mixin.py:137} INFO - [2023-04-27T14:24:33.396+0000] {dagbag.py:538} INFO - Filling up the DagBag from /home/airflow/.local/lib/python3.7/site-packages/airflow/example_dags/example_dag_decorator.py
[2023-04-27T14:24:33.409+0000] {logging_mixin.py:137} INFO - [2023-04-27T14:24:33.409+0000] {taskmixin.py:205} WARNING - Dependency <Task(_PythonDecoratedOperator): prepare_email>, send_email already registered for DAG: example_dag_decorator
[2023-04-27T14:24:33.409+0000] {logging_mixin.py:137} INFO - [2023-04-27T14:24:33.409+0000] {taskmixin.py:205} WARNING - Dependency <Task(EmailOperator): send_email>, prepare_email already registered for DAG: example_dag_decorator
[2023-04-27T14:24:33.417+0000] {processor.py:753} INFO - DAG(s) dict_keys(['example_dag_decorator']) retrieved from /home/airflow/.local/lib/python3.7/site-packages/airflow/example_dags/example_dag_decorator.py
[2023-04-27T14:24:33.470+0000] {logging_mixin.py:137} INFO - [2023-04-27T14:24:33.470+0000] {dag.py:2676} INFO - Sync 1 DAGs
[2023-04-27T14:24:33.489+0000] {logging_mixin.py:137} INFO - [2023-04-27T14:24:33.489+0000] {dag.py:3427} INFO - Setting next_dagrun for example_dag_decorator to None, run_after=None
[2023-04-27T14:24:33.506+0000] {processor.py:175} INFO - Processing /home/airflow/.local/lib/python3.7/site-packages/airflow/example_dags/example_dag_decorator.py took 0.113 seconds
[2023-04-27T14:25:04.200+0000] {processor.py:153} INFO - Started process (PID=17401) to work on /home/airflow/.local/lib/python3.7/site-packages/airflow/example_dags/example_dag_decorator.py
[2023-04-27T14:25:04.201+0000] {processor.py:743} INFO - Processing file /home/airflow/.local/lib/python3.7/site-packages/airflow/example_dags/example_dag_decorator.py for tasks to queue
[2023-04-27T14:25:04.201+0000] {logging_mixin.py:137} INFO - [2023-04-27T14:25:04.201+0000] {dagbag.py:538} INFO - Filling up the DagBag from /home/airflow/.local/lib/python3.7/site-packages/airflow/example_dags/example_dag_decorator.py
[2023-04-27T14:25:04.212+0000] {logging_mixin.py:137} INFO - [2023-04-27T14:25:04.212+0000] {taskmixin.py:205} WARNING - Dependency <Task(_PythonDecoratedOperator): prepare_email>, send_email already registered for DAG: example_dag_decorator
[2023-04-27T14:25:04.212+0000] {logging_mixin.py:137} INFO - [2023-04-27T14:25:04.212+0000] {taskmixin.py:205} WARNING - Dependency <Task(EmailOperator): send_email>, prepare_email already registered for DAG: example_dag_decorator
[2023-04-27T14:25:04.219+0000] {processor.py:753} INFO - DAG(s) dict_keys(['example_dag_decorator']) retrieved from /home/airflow/.local/lib/python3.7/site-packages/airflow/example_dags/example_dag_decorator.py
[2023-04-27T14:25:04.265+0000] {logging_mixin.py:137} INFO - [2023-04-27T14:25:04.265+0000] {dag.py:2676} INFO - Sync 1 DAGs
[2023-04-27T14:25:04.277+0000] {logging_mixin.py:137} INFO - [2023-04-27T14:25:04.277+0000] {dag.py:3427} INFO - Setting next_dagrun for example_dag_decorator to None, run_after=None
[2023-04-27T14:25:04.288+0000] {processor.py:175} INFO - Processing /home/airflow/.local/lib/python3.7/site-packages/airflow/example_dags/example_dag_decorator.py took 0.089 seconds
[2023-04-27T14:25:34.658+0000] {processor.py:153} INFO - Started process (PID=17487) to work on /home/airflow/.local/lib/python3.7/site-packages/airflow/example_dags/example_dag_decorator.py
[2023-04-27T14:25:34.659+0000] {processor.py:743} INFO - Processing file /home/airflow/.local/lib/python3.7/site-packages/airflow/example_dags/example_dag_decorator.py for tasks to queue
[2023-04-27T14:25:34.659+0000] {logging_mixin.py:137} INFO - [2023-04-27T14:25:34.659+0000] {dagbag.py:538} INFO - Filling up the DagBag from /home/airflow/.local/lib/python3.7/site-packages/airflow/example_dags/example_dag_decorator.py
[2023-04-27T14:25:34.668+0000] {logging_mixin.py:137} INFO - [2023-04-27T14:25:34.668+0000] {taskmixin.py:205} WARNING - Dependency <Task(_PythonDecoratedOperator): prepare_email>, send_email already registered for DAG: example_dag_decorator
[2023-04-27T14:25:34.668+0000] {logging_mixin.py:137} INFO - [2023-04-27T14:25:34.668+0000] {taskmixin.py:205} WARNING - Dependency <Task(EmailOperator): send_email>, prepare_email already registered for DAG: example_dag_decorator
[2023-04-27T14:25:34.674+0000] {processor.py:753} INFO - DAG(s) dict_keys(['example_dag_decorator']) retrieved from /home/airflow/.local/lib/python3.7/site-packages/airflow/example_dags/example_dag_decorator.py
[2023-04-27T14:25:34.716+0000] {logging_mixin.py:137} INFO - [2023-04-27T14:25:34.716+0000] {dag.py:2676} INFO - Sync 1 DAGs
[2023-04-27T14:25:34.728+0000] {logging_mixin.py:137} INFO - [2023-04-27T14:25:34.728+0000] {dag.py:3427} INFO - Setting next_dagrun for example_dag_decorator to None, run_after=None
[2023-04-27T14:25:34.737+0000] {processor.py:175} INFO - Processing /home/airflow/.local/lib/python3.7/site-packages/airflow/example_dags/example_dag_decorator.py took 0.080 seconds
