[2023-04-27T14:20:56.427+0000] {processor.py:153} INFO - Started process (PID=16560) to work on /home/airflow/.local/lib/python3.7/site-packages/airflow/example_dags/example_datasets.py
[2023-04-27T14:20:56.428+0000] {processor.py:743} INFO - Processing file /home/airflow/.local/lib/python3.7/site-packages/airflow/example_dags/example_datasets.py for tasks to queue
[2023-04-27T14:20:56.428+0000] {logging_mixin.py:137} INFO - [2023-04-27T14:20:56.428+0000] {dagbag.py:538} INFO - Filling up the DagBag from /home/airflow/.local/lib/python3.7/site-packages/airflow/example_dags/example_datasets.py
[2023-04-27T14:20:56.439+0000] {processor.py:753} INFO - DAG(s) dict_keys(['dataset_consumes_1', 'dataset_produces_1', 'dataset_produces_2', 'dataset_consumes_1_and_2', 'dataset_consumes_1_never_scheduled', 'dataset_consumes_unknown_never_scheduled']) retrieved from /home/airflow/.local/lib/python3.7/site-packages/airflow/example_dags/example_datasets.py
[2023-04-27T14:20:56.479+0000] {logging_mixin.py:137} INFO - [2023-04-27T14:20:56.479+0000] {dag.py:2676} INFO - Sync 6 DAGs
[2023-04-27T14:20:56.497+0000] {logging_mixin.py:137} INFO - [2023-04-27T14:20:56.497+0000] {dag.py:3427} INFO - Setting next_dagrun for dataset_consumes_1 to None, run_after=None
[2023-04-27T14:20:56.499+0000] {logging_mixin.py:137} INFO - [2023-04-27T14:20:56.499+0000] {dag.py:3427} INFO - Setting next_dagrun for dataset_consumes_1_and_2 to None, run_after=None
[2023-04-27T14:20:56.500+0000] {logging_mixin.py:137} INFO - [2023-04-27T14:20:56.500+0000] {dag.py:3427} INFO - Setting next_dagrun for dataset_consumes_1_never_scheduled to None, run_after=None
[2023-04-27T14:20:56.500+0000] {logging_mixin.py:137} INFO - [2023-04-27T14:20:56.500+0000] {dag.py:3427} INFO - Setting next_dagrun for dataset_consumes_unknown_never_scheduled to None, run_after=None
[2023-04-27T14:20:56.502+0000] {logging_mixin.py:137} INFO - [2023-04-27T14:20:56.502+0000] {dag.py:3427} INFO - Setting next_dagrun for dataset_produces_1 to 2023-04-26T00:00:00+00:00, run_after=2023-04-27T00:00:00+00:00
[2023-04-27T14:20:56.502+0000] {logging_mixin.py:137} INFO - [2023-04-27T14:20:56.502+0000] {dag.py:3427} INFO - Setting next_dagrun for dataset_produces_2 to None, run_after=None
[2023-04-27T14:20:56.519+0000] {processor.py:175} INFO - Processing /home/airflow/.local/lib/python3.7/site-packages/airflow/example_dags/example_datasets.py took 0.094 seconds
[2023-04-27T14:21:27.128+0000] {processor.py:153} INFO - Started process (PID=16670) to work on /home/airflow/.local/lib/python3.7/site-packages/airflow/example_dags/example_datasets.py
[2023-04-27T14:21:27.128+0000] {processor.py:743} INFO - Processing file /home/airflow/.local/lib/python3.7/site-packages/airflow/example_dags/example_datasets.py for tasks to queue
[2023-04-27T14:21:27.128+0000] {logging_mixin.py:137} INFO - [2023-04-27T14:21:27.128+0000] {dagbag.py:538} INFO - Filling up the DagBag from /home/airflow/.local/lib/python3.7/site-packages/airflow/example_dags/example_datasets.py
[2023-04-27T14:21:27.139+0000] {processor.py:753} INFO - DAG(s) dict_keys(['dataset_consumes_1', 'dataset_produces_2', 'dataset_consumes_1_never_scheduled', 'dataset_produces_1', 'dataset_consumes_unknown_never_scheduled', 'dataset_consumes_1_and_2']) retrieved from /home/airflow/.local/lib/python3.7/site-packages/airflow/example_dags/example_datasets.py
[2023-04-27T14:21:27.168+0000] {logging_mixin.py:137} INFO - [2023-04-27T14:21:27.168+0000] {dag.py:2676} INFO - Sync 6 DAGs
[2023-04-27T14:21:27.184+0000] {logging_mixin.py:137} INFO - [2023-04-27T14:21:27.184+0000] {dag.py:3427} INFO - Setting next_dagrun for dataset_consumes_1 to None, run_after=None
[2023-04-27T14:21:27.185+0000] {logging_mixin.py:137} INFO - [2023-04-27T14:21:27.185+0000] {dag.py:3427} INFO - Setting next_dagrun for dataset_consumes_1_and_2 to None, run_after=None
[2023-04-27T14:21:27.186+0000] {logging_mixin.py:137} INFO - [2023-04-27T14:21:27.186+0000] {dag.py:3427} INFO - Setting next_dagrun for dataset_consumes_1_never_scheduled to None, run_after=None
[2023-04-27T14:21:27.187+0000] {logging_mixin.py:137} INFO - [2023-04-27T14:21:27.187+0000] {dag.py:3427} INFO - Setting next_dagrun for dataset_consumes_unknown_never_scheduled to None, run_after=None
[2023-04-27T14:21:27.188+0000] {logging_mixin.py:137} INFO - [2023-04-27T14:21:27.188+0000] {dag.py:3427} INFO - Setting next_dagrun for dataset_produces_1 to 2023-04-26T00:00:00+00:00, run_after=2023-04-27T00:00:00+00:00
[2023-04-27T14:21:27.189+0000] {logging_mixin.py:137} INFO - [2023-04-27T14:21:27.189+0000] {dag.py:3427} INFO - Setting next_dagrun for dataset_produces_2 to None, run_after=None
[2023-04-27T14:21:27.205+0000] {processor.py:175} INFO - Processing /home/airflow/.local/lib/python3.7/site-packages/airflow/example_dags/example_datasets.py took 0.079 seconds
[2023-04-27T14:21:57.770+0000] {processor.py:153} INFO - Started process (PID=16780) to work on /home/airflow/.local/lib/python3.7/site-packages/airflow/example_dags/example_datasets.py
[2023-04-27T14:21:57.771+0000] {processor.py:743} INFO - Processing file /home/airflow/.local/lib/python3.7/site-packages/airflow/example_dags/example_datasets.py for tasks to queue
[2023-04-27T14:21:57.771+0000] {logging_mixin.py:137} INFO - [2023-04-27T14:21:57.771+0000] {dagbag.py:538} INFO - Filling up the DagBag from /home/airflow/.local/lib/python3.7/site-packages/airflow/example_dags/example_datasets.py
[2023-04-27T14:21:57.780+0000] {processor.py:753} INFO - DAG(s) dict_keys(['dataset_consumes_unknown_never_scheduled', 'dataset_produces_1', 'dataset_consumes_1', 'dataset_produces_2', 'dataset_consumes_1_and_2', 'dataset_consumes_1_never_scheduled']) retrieved from /home/airflow/.local/lib/python3.7/site-packages/airflow/example_dags/example_datasets.py
[2023-04-27T14:21:57.810+0000] {logging_mixin.py:137} INFO - [2023-04-27T14:21:57.810+0000] {dag.py:2676} INFO - Sync 6 DAGs
[2023-04-27T14:21:57.825+0000] {logging_mixin.py:137} INFO - [2023-04-27T14:21:57.825+0000] {dag.py:3427} INFO - Setting next_dagrun for dataset_consumes_1 to None, run_after=None
[2023-04-27T14:21:57.827+0000] {logging_mixin.py:137} INFO - [2023-04-27T14:21:57.827+0000] {dag.py:3427} INFO - Setting next_dagrun for dataset_consumes_1_and_2 to None, run_after=None
[2023-04-27T14:21:57.828+0000] {logging_mixin.py:137} INFO - [2023-04-27T14:21:57.828+0000] {dag.py:3427} INFO - Setting next_dagrun for dataset_consumes_1_never_scheduled to None, run_after=None
[2023-04-27T14:21:57.828+0000] {logging_mixin.py:137} INFO - [2023-04-27T14:21:57.828+0000] {dag.py:3427} INFO - Setting next_dagrun for dataset_consumes_unknown_never_scheduled to None, run_after=None
[2023-04-27T14:21:57.830+0000] {logging_mixin.py:137} INFO - [2023-04-27T14:21:57.830+0000] {dag.py:3427} INFO - Setting next_dagrun for dataset_produces_1 to 2023-04-26T00:00:00+00:00, run_after=2023-04-27T00:00:00+00:00
[2023-04-27T14:21:57.830+0000] {logging_mixin.py:137} INFO - [2023-04-27T14:21:57.830+0000] {dag.py:3427} INFO - Setting next_dagrun for dataset_produces_2 to None, run_after=None
[2023-04-27T14:21:57.847+0000] {processor.py:175} INFO - Processing /home/airflow/.local/lib/python3.7/site-packages/airflow/example_dags/example_datasets.py took 0.079 seconds
[2023-04-27T14:22:28.386+0000] {processor.py:153} INFO - Started process (PID=16866) to work on /home/airflow/.local/lib/python3.7/site-packages/airflow/example_dags/example_datasets.py
[2023-04-27T14:22:28.386+0000] {processor.py:743} INFO - Processing file /home/airflow/.local/lib/python3.7/site-packages/airflow/example_dags/example_datasets.py for tasks to queue
[2023-04-27T14:22:28.386+0000] {logging_mixin.py:137} INFO - [2023-04-27T14:22:28.386+0000] {dagbag.py:538} INFO - Filling up the DagBag from /home/airflow/.local/lib/python3.7/site-packages/airflow/example_dags/example_datasets.py
[2023-04-27T14:22:28.395+0000] {processor.py:753} INFO - DAG(s) dict_keys(['dataset_consumes_1', 'dataset_produces_2', 'dataset_consumes_1_never_scheduled', 'dataset_produces_1', 'dataset_consumes_unknown_never_scheduled', 'dataset_consumes_1_and_2']) retrieved from /home/airflow/.local/lib/python3.7/site-packages/airflow/example_dags/example_datasets.py
[2023-04-27T14:22:28.422+0000] {logging_mixin.py:137} INFO - [2023-04-27T14:22:28.422+0000] {dag.py:2676} INFO - Sync 6 DAGs
[2023-04-27T14:22:28.437+0000] {logging_mixin.py:137} INFO - [2023-04-27T14:22:28.437+0000] {dag.py:3427} INFO - Setting next_dagrun for dataset_consumes_1 to None, run_after=None
[2023-04-27T14:22:28.439+0000] {logging_mixin.py:137} INFO - [2023-04-27T14:22:28.439+0000] {dag.py:3427} INFO - Setting next_dagrun for dataset_consumes_1_and_2 to None, run_after=None
[2023-04-27T14:22:28.440+0000] {logging_mixin.py:137} INFO - [2023-04-27T14:22:28.440+0000] {dag.py:3427} INFO - Setting next_dagrun for dataset_consumes_1_never_scheduled to None, run_after=None
[2023-04-27T14:22:28.440+0000] {logging_mixin.py:137} INFO - [2023-04-27T14:22:28.440+0000] {dag.py:3427} INFO - Setting next_dagrun for dataset_consumes_unknown_never_scheduled to None, run_after=None
[2023-04-27T14:22:28.442+0000] {logging_mixin.py:137} INFO - [2023-04-27T14:22:28.442+0000] {dag.py:3427} INFO - Setting next_dagrun for dataset_produces_1 to 2023-04-26T00:00:00+00:00, run_after=2023-04-27T00:00:00+00:00
[2023-04-27T14:22:28.442+0000] {logging_mixin.py:137} INFO - [2023-04-27T14:22:28.442+0000] {dag.py:3427} INFO - Setting next_dagrun for dataset_produces_2 to None, run_after=None
[2023-04-27T14:22:28.459+0000] {processor.py:175} INFO - Processing /home/airflow/.local/lib/python3.7/site-packages/airflow/example_dags/example_datasets.py took 0.075 seconds
[2023-04-27T14:22:58.943+0000] {processor.py:153} INFO - Started process (PID=16976) to work on /home/airflow/.local/lib/python3.7/site-packages/airflow/example_dags/example_datasets.py
[2023-04-27T14:22:58.943+0000] {processor.py:743} INFO - Processing file /home/airflow/.local/lib/python3.7/site-packages/airflow/example_dags/example_datasets.py for tasks to queue
[2023-04-27T14:22:58.944+0000] {logging_mixin.py:137} INFO - [2023-04-27T14:22:58.944+0000] {dagbag.py:538} INFO - Filling up the DagBag from /home/airflow/.local/lib/python3.7/site-packages/airflow/example_dags/example_datasets.py
[2023-04-27T14:22:58.952+0000] {processor.py:753} INFO - DAG(s) dict_keys(['dataset_consumes_1', 'dataset_consumes_unknown_never_scheduled', 'dataset_consumes_1_and_2', 'dataset_produces_1', 'dataset_consumes_1_never_scheduled', 'dataset_produces_2']) retrieved from /home/airflow/.local/lib/python3.7/site-packages/airflow/example_dags/example_datasets.py
[2023-04-27T14:22:58.980+0000] {logging_mixin.py:137} INFO - [2023-04-27T14:22:58.980+0000] {dag.py:2676} INFO - Sync 6 DAGs
[2023-04-27T14:22:58.994+0000] {logging_mixin.py:137} INFO - [2023-04-27T14:22:58.994+0000] {dag.py:3427} INFO - Setting next_dagrun for dataset_consumes_1 to None, run_after=None
[2023-04-27T14:22:58.996+0000] {logging_mixin.py:137} INFO - [2023-04-27T14:22:58.996+0000] {dag.py:3427} INFO - Setting next_dagrun for dataset_consumes_1_and_2 to None, run_after=None
[2023-04-27T14:22:58.996+0000] {logging_mixin.py:137} INFO - [2023-04-27T14:22:58.996+0000] {dag.py:3427} INFO - Setting next_dagrun for dataset_consumes_1_never_scheduled to None, run_after=None
[2023-04-27T14:22:58.997+0000] {logging_mixin.py:137} INFO - [2023-04-27T14:22:58.997+0000] {dag.py:3427} INFO - Setting next_dagrun for dataset_consumes_unknown_never_scheduled to None, run_after=None
[2023-04-27T14:22:58.998+0000] {logging_mixin.py:137} INFO - [2023-04-27T14:22:58.998+0000] {dag.py:3427} INFO - Setting next_dagrun for dataset_produces_1 to 2023-04-26T00:00:00+00:00, run_after=2023-04-27T00:00:00+00:00
[2023-04-27T14:22:58.999+0000] {logging_mixin.py:137} INFO - [2023-04-27T14:22:58.999+0000] {dag.py:3427} INFO - Setting next_dagrun for dataset_produces_2 to None, run_after=None
[2023-04-27T14:22:59.015+0000] {processor.py:175} INFO - Processing /home/airflow/.local/lib/python3.7/site-packages/airflow/example_dags/example_datasets.py took 0.074 seconds
[2023-04-27T14:23:29.590+0000] {processor.py:153} INFO - Started process (PID=17086) to work on /home/airflow/.local/lib/python3.7/site-packages/airflow/example_dags/example_datasets.py
[2023-04-27T14:23:29.590+0000] {processor.py:743} INFO - Processing file /home/airflow/.local/lib/python3.7/site-packages/airflow/example_dags/example_datasets.py for tasks to queue
[2023-04-27T14:23:29.591+0000] {logging_mixin.py:137} INFO - [2023-04-27T14:23:29.591+0000] {dagbag.py:538} INFO - Filling up the DagBag from /home/airflow/.local/lib/python3.7/site-packages/airflow/example_dags/example_datasets.py
[2023-04-27T14:23:29.600+0000] {processor.py:753} INFO - DAG(s) dict_keys(['dataset_consumes_1', 'dataset_consumes_1_and_2', 'dataset_consumes_unknown_never_scheduled', 'dataset_consumes_1_never_scheduled', 'dataset_produces_1', 'dataset_produces_2']) retrieved from /home/airflow/.local/lib/python3.7/site-packages/airflow/example_dags/example_datasets.py
[2023-04-27T14:23:29.660+0000] {logging_mixin.py:137} INFO - [2023-04-27T14:23:29.660+0000] {dag.py:2676} INFO - Sync 6 DAGs
[2023-04-27T14:23:29.676+0000] {logging_mixin.py:137} INFO - [2023-04-27T14:23:29.676+0000] {dag.py:3427} INFO - Setting next_dagrun for dataset_consumes_1 to None, run_after=None
[2023-04-27T14:23:29.678+0000] {logging_mixin.py:137} INFO - [2023-04-27T14:23:29.678+0000] {dag.py:3427} INFO - Setting next_dagrun for dataset_consumes_1_and_2 to None, run_after=None
[2023-04-27T14:23:29.679+0000] {logging_mixin.py:137} INFO - [2023-04-27T14:23:29.679+0000] {dag.py:3427} INFO - Setting next_dagrun for dataset_consumes_1_never_scheduled to None, run_after=None
[2023-04-27T14:23:29.679+0000] {logging_mixin.py:137} INFO - [2023-04-27T14:23:29.679+0000] {dag.py:3427} INFO - Setting next_dagrun for dataset_consumes_unknown_never_scheduled to None, run_after=None
[2023-04-27T14:23:29.681+0000] {logging_mixin.py:137} INFO - [2023-04-27T14:23:29.681+0000] {dag.py:3427} INFO - Setting next_dagrun for dataset_produces_1 to 2023-04-26T00:00:00+00:00, run_after=2023-04-27T00:00:00+00:00
[2023-04-27T14:23:29.681+0000] {logging_mixin.py:137} INFO - [2023-04-27T14:23:29.681+0000] {dag.py:3427} INFO - Setting next_dagrun for dataset_produces_2 to None, run_after=None
[2023-04-27T14:23:29.698+0000] {processor.py:175} INFO - Processing /home/airflow/.local/lib/python3.7/site-packages/airflow/example_dags/example_datasets.py took 0.110 seconds
[2023-04-27T14:24:00.328+0000] {processor.py:153} INFO - Started process (PID=17172) to work on /home/airflow/.local/lib/python3.7/site-packages/airflow/example_dags/example_datasets.py
[2023-04-27T14:24:00.328+0000] {processor.py:743} INFO - Processing file /home/airflow/.local/lib/python3.7/site-packages/airflow/example_dags/example_datasets.py for tasks to queue
[2023-04-27T14:24:00.328+0000] {logging_mixin.py:137} INFO - [2023-04-27T14:24:00.328+0000] {dagbag.py:538} INFO - Filling up the DagBag from /home/airflow/.local/lib/python3.7/site-packages/airflow/example_dags/example_datasets.py
[2023-04-27T14:24:00.337+0000] {processor.py:753} INFO - DAG(s) dict_keys(['dataset_consumes_1', 'dataset_consumes_unknown_never_scheduled', 'dataset_produces_2', 'dataset_consumes_1_and_2', 'dataset_produces_1', 'dataset_consumes_1_never_scheduled']) retrieved from /home/airflow/.local/lib/python3.7/site-packages/airflow/example_dags/example_datasets.py
[2023-04-27T14:24:00.365+0000] {logging_mixin.py:137} INFO - [2023-04-27T14:24:00.365+0000] {dag.py:2676} INFO - Sync 6 DAGs
[2023-04-27T14:24:00.380+0000] {logging_mixin.py:137} INFO - [2023-04-27T14:24:00.380+0000] {dag.py:3427} INFO - Setting next_dagrun for dataset_consumes_1 to None, run_after=None
[2023-04-27T14:24:00.382+0000] {logging_mixin.py:137} INFO - [2023-04-27T14:24:00.382+0000] {dag.py:3427} INFO - Setting next_dagrun for dataset_consumes_1_and_2 to None, run_after=None
[2023-04-27T14:24:00.383+0000] {logging_mixin.py:137} INFO - [2023-04-27T14:24:00.382+0000] {dag.py:3427} INFO - Setting next_dagrun for dataset_consumes_1_never_scheduled to None, run_after=None
[2023-04-27T14:24:00.383+0000] {logging_mixin.py:137} INFO - [2023-04-27T14:24:00.383+0000] {dag.py:3427} INFO - Setting next_dagrun for dataset_consumes_unknown_never_scheduled to None, run_after=None
[2023-04-27T14:24:00.384+0000] {logging_mixin.py:137} INFO - [2023-04-27T14:24:00.384+0000] {dag.py:3427} INFO - Setting next_dagrun for dataset_produces_1 to 2023-04-26T00:00:00+00:00, run_after=2023-04-27T00:00:00+00:00
[2023-04-27T14:24:00.385+0000] {logging_mixin.py:137} INFO - [2023-04-27T14:24:00.385+0000] {dag.py:3427} INFO - Setting next_dagrun for dataset_produces_2 to None, run_after=None
[2023-04-27T14:24:00.402+0000] {processor.py:175} INFO - Processing /home/airflow/.local/lib/python3.7/site-packages/airflow/example_dags/example_datasets.py took 0.077 seconds
[2023-04-27T14:24:31.066+0000] {processor.py:153} INFO - Started process (PID=17282) to work on /home/airflow/.local/lib/python3.7/site-packages/airflow/example_dags/example_datasets.py
[2023-04-27T14:24:31.067+0000] {processor.py:743} INFO - Processing file /home/airflow/.local/lib/python3.7/site-packages/airflow/example_dags/example_datasets.py for tasks to queue
[2023-04-27T14:24:31.067+0000] {logging_mixin.py:137} INFO - [2023-04-27T14:24:31.067+0000] {dagbag.py:538} INFO - Filling up the DagBag from /home/airflow/.local/lib/python3.7/site-packages/airflow/example_dags/example_datasets.py
[2023-04-27T14:24:31.077+0000] {processor.py:753} INFO - DAG(s) dict_keys(['dataset_consumes_1', 'dataset_consumes_unknown_never_scheduled', 'dataset_produces_1', 'dataset_produces_2', 'dataset_consumes_1_and_2', 'dataset_consumes_1_never_scheduled']) retrieved from /home/airflow/.local/lib/python3.7/site-packages/airflow/example_dags/example_datasets.py
[2023-04-27T14:24:31.107+0000] {logging_mixin.py:137} INFO - [2023-04-27T14:24:31.107+0000] {dag.py:2676} INFO - Sync 6 DAGs
[2023-04-27T14:24:31.124+0000] {logging_mixin.py:137} INFO - [2023-04-27T14:24:31.124+0000] {dag.py:3427} INFO - Setting next_dagrun for dataset_consumes_1 to None, run_after=None
[2023-04-27T14:24:31.125+0000] {logging_mixin.py:137} INFO - [2023-04-27T14:24:31.125+0000] {dag.py:3427} INFO - Setting next_dagrun for dataset_consumes_1_and_2 to None, run_after=None
[2023-04-27T14:24:31.126+0000] {logging_mixin.py:137} INFO - [2023-04-27T14:24:31.126+0000] {dag.py:3427} INFO - Setting next_dagrun for dataset_consumes_1_never_scheduled to None, run_after=None
[2023-04-27T14:24:31.128+0000] {logging_mixin.py:137} INFO - [2023-04-27T14:24:31.127+0000] {dag.py:3427} INFO - Setting next_dagrun for dataset_consumes_unknown_never_scheduled to None, run_after=None
[2023-04-27T14:24:31.130+0000] {logging_mixin.py:137} INFO - [2023-04-27T14:24:31.130+0000] {dag.py:3427} INFO - Setting next_dagrun for dataset_produces_1 to 2023-04-26T00:00:00+00:00, run_after=2023-04-27T00:00:00+00:00
[2023-04-27T14:24:31.130+0000] {logging_mixin.py:137} INFO - [2023-04-27T14:24:31.130+0000] {dag.py:3427} INFO - Setting next_dagrun for dataset_produces_2 to None, run_after=None
[2023-04-27T14:24:31.148+0000] {processor.py:175} INFO - Processing /home/airflow/.local/lib/python3.7/site-packages/airflow/example_dags/example_datasets.py took 0.084 seconds
[2023-04-27T14:25:01.920+0000] {processor.py:153} INFO - Started process (PID=17392) to work on /home/airflow/.local/lib/python3.7/site-packages/airflow/example_dags/example_datasets.py
[2023-04-27T14:25:01.921+0000] {processor.py:743} INFO - Processing file /home/airflow/.local/lib/python3.7/site-packages/airflow/example_dags/example_datasets.py for tasks to queue
[2023-04-27T14:25:01.921+0000] {logging_mixin.py:137} INFO - [2023-04-27T14:25:01.921+0000] {dagbag.py:538} INFO - Filling up the DagBag from /home/airflow/.local/lib/python3.7/site-packages/airflow/example_dags/example_datasets.py
[2023-04-27T14:25:01.931+0000] {processor.py:753} INFO - DAG(s) dict_keys(['dataset_consumes_1', 'dataset_produces_2', 'dataset_consumes_unknown_never_scheduled', 'dataset_consumes_1_never_scheduled', 'dataset_consumes_1_and_2', 'dataset_produces_1']) retrieved from /home/airflow/.local/lib/python3.7/site-packages/airflow/example_dags/example_datasets.py
[2023-04-27T14:25:01.959+0000] {logging_mixin.py:137} INFO - [2023-04-27T14:25:01.959+0000] {dag.py:2676} INFO - Sync 6 DAGs
[2023-04-27T14:25:01.974+0000] {logging_mixin.py:137} INFO - [2023-04-27T14:25:01.974+0000] {dag.py:3427} INFO - Setting next_dagrun for dataset_consumes_1 to None, run_after=None
[2023-04-27T14:25:01.976+0000] {logging_mixin.py:137} INFO - [2023-04-27T14:25:01.976+0000] {dag.py:3427} INFO - Setting next_dagrun for dataset_consumes_1_and_2 to None, run_after=None
[2023-04-27T14:25:01.976+0000] {logging_mixin.py:137} INFO - [2023-04-27T14:25:01.976+0000] {dag.py:3427} INFO - Setting next_dagrun for dataset_consumes_1_never_scheduled to None, run_after=None
[2023-04-27T14:25:01.977+0000] {logging_mixin.py:137} INFO - [2023-04-27T14:25:01.977+0000] {dag.py:3427} INFO - Setting next_dagrun for dataset_consumes_unknown_never_scheduled to None, run_after=None
[2023-04-27T14:25:01.979+0000] {logging_mixin.py:137} INFO - [2023-04-27T14:25:01.978+0000] {dag.py:3427} INFO - Setting next_dagrun for dataset_produces_1 to 2023-04-26T00:00:00+00:00, run_after=2023-04-27T00:00:00+00:00
[2023-04-27T14:25:01.979+0000] {logging_mixin.py:137} INFO - [2023-04-27T14:25:01.979+0000] {dag.py:3427} INFO - Setting next_dagrun for dataset_produces_2 to None, run_after=None
[2023-04-27T14:25:01.996+0000] {processor.py:175} INFO - Processing /home/airflow/.local/lib/python3.7/site-packages/airflow/example_dags/example_datasets.py took 0.078 seconds
[2023-04-27T14:25:32.374+0000] {processor.py:153} INFO - Started process (PID=17478) to work on /home/airflow/.local/lib/python3.7/site-packages/airflow/example_dags/example_datasets.py
[2023-04-27T14:25:32.374+0000] {processor.py:743} INFO - Processing file /home/airflow/.local/lib/python3.7/site-packages/airflow/example_dags/example_datasets.py for tasks to queue
[2023-04-27T14:25:32.375+0000] {logging_mixin.py:137} INFO - [2023-04-27T14:25:32.375+0000] {dagbag.py:538} INFO - Filling up the DagBag from /home/airflow/.local/lib/python3.7/site-packages/airflow/example_dags/example_datasets.py
[2023-04-27T14:25:32.383+0000] {processor.py:753} INFO - DAG(s) dict_keys(['dataset_produces_1', 'dataset_consumes_1', 'dataset_consumes_unknown_never_scheduled', 'dataset_produces_2', 'dataset_consumes_1_and_2', 'dataset_consumes_1_never_scheduled']) retrieved from /home/airflow/.local/lib/python3.7/site-packages/airflow/example_dags/example_datasets.py
[2023-04-27T14:25:32.412+0000] {logging_mixin.py:137} INFO - [2023-04-27T14:25:32.412+0000] {dag.py:2676} INFO - Sync 6 DAGs
[2023-04-27T14:25:32.429+0000] {logging_mixin.py:137} INFO - [2023-04-27T14:25:32.429+0000] {dag.py:3427} INFO - Setting next_dagrun for dataset_consumes_1 to None, run_after=None
[2023-04-27T14:25:32.431+0000] {logging_mixin.py:137} INFO - [2023-04-27T14:25:32.431+0000] {dag.py:3427} INFO - Setting next_dagrun for dataset_consumes_1_and_2 to None, run_after=None
[2023-04-27T14:25:32.431+0000] {logging_mixin.py:137} INFO - [2023-04-27T14:25:32.431+0000] {dag.py:3427} INFO - Setting next_dagrun for dataset_consumes_1_never_scheduled to None, run_after=None
[2023-04-27T14:25:32.432+0000] {logging_mixin.py:137} INFO - [2023-04-27T14:25:32.432+0000] {dag.py:3427} INFO - Setting next_dagrun for dataset_consumes_unknown_never_scheduled to None, run_after=None
[2023-04-27T14:25:32.433+0000] {logging_mixin.py:137} INFO - [2023-04-27T14:25:32.433+0000] {dag.py:3427} INFO - Setting next_dagrun for dataset_produces_1 to 2023-04-26T00:00:00+00:00, run_after=2023-04-27T00:00:00+00:00
[2023-04-27T14:25:32.434+0000] {logging_mixin.py:137} INFO - [2023-04-27T14:25:32.434+0000] {dag.py:3427} INFO - Setting next_dagrun for dataset_produces_2 to None, run_after=None
[2023-04-27T14:25:32.450+0000] {processor.py:175} INFO - Processing /home/airflow/.local/lib/python3.7/site-packages/airflow/example_dags/example_datasets.py took 0.078 seconds
[2023-04-27T14:26:03.074+0000] {processor.py:153} INFO - Started process (PID=17588) to work on /home/airflow/.local/lib/python3.7/site-packages/airflow/example_dags/example_datasets.py
[2023-04-27T14:26:03.076+0000] {processor.py:743} INFO - Processing file /home/airflow/.local/lib/python3.7/site-packages/airflow/example_dags/example_datasets.py for tasks to queue
[2023-04-27T14:26:03.076+0000] {logging_mixin.py:137} INFO - [2023-04-27T14:26:03.076+0000] {dagbag.py:538} INFO - Filling up the DagBag from /home/airflow/.local/lib/python3.7/site-packages/airflow/example_dags/example_datasets.py
[2023-04-27T14:26:03.088+0000] {processor.py:753} INFO - DAG(s) dict_keys(['dataset_produces_2', 'dataset_produces_1', 'dataset_consumes_unknown_never_scheduled', 'dataset_consumes_1', 'dataset_consumes_1_and_2', 'dataset_consumes_1_never_scheduled']) retrieved from /home/airflow/.local/lib/python3.7/site-packages/airflow/example_dags/example_datasets.py
[2023-04-27T14:26:03.129+0000] {logging_mixin.py:137} INFO - [2023-04-27T14:26:03.129+0000] {dag.py:2676} INFO - Sync 6 DAGs
[2023-04-27T14:26:03.149+0000] {logging_mixin.py:137} INFO - [2023-04-27T14:26:03.149+0000] {dag.py:3427} INFO - Setting next_dagrun for dataset_consumes_1 to None, run_after=None
[2023-04-27T14:26:03.152+0000] {logging_mixin.py:137} INFO - [2023-04-27T14:26:03.152+0000] {dag.py:3427} INFO - Setting next_dagrun for dataset_consumes_1_and_2 to None, run_after=None
[2023-04-27T14:26:03.153+0000] {logging_mixin.py:137} INFO - [2023-04-27T14:26:03.153+0000] {dag.py:3427} INFO - Setting next_dagrun for dataset_consumes_1_never_scheduled to None, run_after=None
[2023-04-27T14:26:03.154+0000] {logging_mixin.py:137} INFO - [2023-04-27T14:26:03.153+0000] {dag.py:3427} INFO - Setting next_dagrun for dataset_consumes_unknown_never_scheduled to None, run_after=None
[2023-04-27T14:26:03.156+0000] {logging_mixin.py:137} INFO - [2023-04-27T14:26:03.156+0000] {dag.py:3427} INFO - Setting next_dagrun for dataset_produces_1 to 2023-04-26T00:00:00+00:00, run_after=2023-04-27T00:00:00+00:00
[2023-04-27T14:26:03.156+0000] {logging_mixin.py:137} INFO - [2023-04-27T14:26:03.156+0000] {dag.py:3427} INFO - Setting next_dagrun for dataset_produces_2 to None, run_after=None
[2023-04-27T14:26:03.184+0000] {processor.py:175} INFO - Processing /home/airflow/.local/lib/python3.7/site-packages/airflow/example_dags/example_datasets.py took 0.112 seconds
