[2023-04-27T14:20:55.793+0000] {processor.py:153} INFO - Started process (PID=16545) to work on /home/airflow/.local/lib/python3.7/site-packages/airflow/example_dags/example_short_circuit_decorator.py
[2023-04-27T14:20:55.794+0000] {processor.py:743} INFO - Processing file /home/airflow/.local/lib/python3.7/site-packages/airflow/example_dags/example_short_circuit_decorator.py for tasks to queue
[2023-04-27T14:20:55.794+0000] {logging_mixin.py:137} INFO - [2023-04-27T14:20:55.794+0000] {dagbag.py:538} INFO - Filling up the DagBag from /home/airflow/.local/lib/python3.7/site-packages/airflow/example_dags/example_short_circuit_decorator.py
[2023-04-27T14:20:55.807+0000] {processor.py:753} INFO - DAG(s) dict_keys(['example_short_circuit_decorator']) retrieved from /home/airflow/.local/lib/python3.7/site-packages/airflow/example_dags/example_short_circuit_decorator.py
[2023-04-27T14:20:55.829+0000] {logging_mixin.py:137} INFO - [2023-04-27T14:20:55.829+0000] {dag.py:2676} INFO - Sync 1 DAGs
[2023-04-27T14:20:55.848+0000] {logging_mixin.py:137} INFO - [2023-04-27T14:20:55.848+0000] {dag.py:3427} INFO - Setting next_dagrun for example_short_circuit_decorator to 2023-04-26T14:20:55.848093+00:00, run_after=2023-04-27T14:20:55.848093+00:00
[2023-04-27T14:20:55.860+0000] {processor.py:175} INFO - Processing /home/airflow/.local/lib/python3.7/site-packages/airflow/example_dags/example_short_circuit_decorator.py took 0.068 seconds
[2023-04-27T14:21:26.456+0000] {processor.py:153} INFO - Started process (PID=16655) to work on /home/airflow/.local/lib/python3.7/site-packages/airflow/example_dags/example_short_circuit_decorator.py
[2023-04-27T14:21:26.457+0000] {processor.py:743} INFO - Processing file /home/airflow/.local/lib/python3.7/site-packages/airflow/example_dags/example_short_circuit_decorator.py for tasks to queue
[2023-04-27T14:21:26.457+0000] {logging_mixin.py:137} INFO - [2023-04-27T14:21:26.457+0000] {dagbag.py:538} INFO - Filling up the DagBag from /home/airflow/.local/lib/python3.7/site-packages/airflow/example_dags/example_short_circuit_decorator.py
[2023-04-27T14:21:26.471+0000] {processor.py:753} INFO - DAG(s) dict_keys(['example_short_circuit_decorator']) retrieved from /home/airflow/.local/lib/python3.7/site-packages/airflow/example_dags/example_short_circuit_decorator.py
[2023-04-27T14:21:26.489+0000] {logging_mixin.py:137} INFO - [2023-04-27T14:21:26.489+0000] {dag.py:2676} INFO - Sync 1 DAGs
[2023-04-27T14:21:26.503+0000] {logging_mixin.py:137} INFO - [2023-04-27T14:21:26.503+0000] {dag.py:3427} INFO - Setting next_dagrun for example_short_circuit_decorator to 2023-04-26T14:21:26.503414+00:00, run_after=2023-04-27T14:21:26.503414+00:00
[2023-04-27T14:21:26.514+0000] {processor.py:175} INFO - Processing /home/airflow/.local/lib/python3.7/site-packages/airflow/example_dags/example_short_circuit_decorator.py took 0.059 seconds
[2023-04-27T14:21:57.054+0000] {processor.py:153} INFO - Started process (PID=16750) to work on /home/airflow/.local/lib/python3.7/site-packages/airflow/example_dags/example_short_circuit_decorator.py
[2023-04-27T14:21:57.055+0000] {processor.py:743} INFO - Processing file /home/airflow/.local/lib/python3.7/site-packages/airflow/example_dags/example_short_circuit_decorator.py for tasks to queue
[2023-04-27T14:21:57.055+0000] {logging_mixin.py:137} INFO - [2023-04-27T14:21:57.055+0000] {dagbag.py:538} INFO - Filling up the DagBag from /home/airflow/.local/lib/python3.7/site-packages/airflow/example_dags/example_short_circuit_decorator.py
[2023-04-27T14:21:57.069+0000] {processor.py:753} INFO - DAG(s) dict_keys(['example_short_circuit_decorator']) retrieved from /home/airflow/.local/lib/python3.7/site-packages/airflow/example_dags/example_short_circuit_decorator.py
[2023-04-27T14:21:57.091+0000] {logging_mixin.py:137} INFO - [2023-04-27T14:21:57.091+0000] {dag.py:2676} INFO - Sync 1 DAGs
[2023-04-27T14:21:57.108+0000] {logging_mixin.py:137} INFO - [2023-04-27T14:21:57.108+0000] {dag.py:3427} INFO - Setting next_dagrun for example_short_circuit_decorator to 2023-04-26T14:21:57.108221+00:00, run_after=2023-04-27T14:21:57.108221+00:00
[2023-04-27T14:21:57.119+0000] {processor.py:175} INFO - Processing /home/airflow/.local/lib/python3.7/site-packages/airflow/example_dags/example_short_circuit_decorator.py took 0.067 seconds
[2023-04-27T14:22:27.844+0000] {processor.py:153} INFO - Started process (PID=16851) to work on /home/airflow/.local/lib/python3.7/site-packages/airflow/example_dags/example_short_circuit_decorator.py
[2023-04-27T14:22:27.845+0000] {processor.py:743} INFO - Processing file /home/airflow/.local/lib/python3.7/site-packages/airflow/example_dags/example_short_circuit_decorator.py for tasks to queue
[2023-04-27T14:22:27.845+0000] {logging_mixin.py:137} INFO - [2023-04-27T14:22:27.845+0000] {dagbag.py:538} INFO - Filling up the DagBag from /home/airflow/.local/lib/python3.7/site-packages/airflow/example_dags/example_short_circuit_decorator.py
[2023-04-27T14:22:27.858+0000] {processor.py:753} INFO - DAG(s) dict_keys(['example_short_circuit_decorator']) retrieved from /home/airflow/.local/lib/python3.7/site-packages/airflow/example_dags/example_short_circuit_decorator.py
[2023-04-27T14:22:27.878+0000] {logging_mixin.py:137} INFO - [2023-04-27T14:22:27.878+0000] {dag.py:2676} INFO - Sync 1 DAGs
[2023-04-27T14:22:27.892+0000] {logging_mixin.py:137} INFO - [2023-04-27T14:22:27.892+0000] {dag.py:3427} INFO - Setting next_dagrun for example_short_circuit_decorator to 2023-04-26T14:22:27.892163+00:00, run_after=2023-04-27T14:22:27.892163+00:00
[2023-04-27T14:22:27.902+0000] {processor.py:175} INFO - Processing /home/airflow/.local/lib/python3.7/site-packages/airflow/example_dags/example_short_circuit_decorator.py took 0.059 seconds
[2023-04-27T14:22:58.399+0000] {processor.py:153} INFO - Started process (PID=16961) to work on /home/airflow/.local/lib/python3.7/site-packages/airflow/example_dags/example_short_circuit_decorator.py
[2023-04-27T14:22:58.400+0000] {processor.py:743} INFO - Processing file /home/airflow/.local/lib/python3.7/site-packages/airflow/example_dags/example_short_circuit_decorator.py for tasks to queue
[2023-04-27T14:22:58.400+0000] {logging_mixin.py:137} INFO - [2023-04-27T14:22:58.400+0000] {dagbag.py:538} INFO - Filling up the DagBag from /home/airflow/.local/lib/python3.7/site-packages/airflow/example_dags/example_short_circuit_decorator.py
[2023-04-27T14:22:58.413+0000] {processor.py:753} INFO - DAG(s) dict_keys(['example_short_circuit_decorator']) retrieved from /home/airflow/.local/lib/python3.7/site-packages/airflow/example_dags/example_short_circuit_decorator.py
[2023-04-27T14:22:58.432+0000] {logging_mixin.py:137} INFO - [2023-04-27T14:22:58.432+0000] {dag.py:2676} INFO - Sync 1 DAGs
[2023-04-27T14:22:58.447+0000] {logging_mixin.py:137} INFO - [2023-04-27T14:22:58.447+0000] {dag.py:3427} INFO - Setting next_dagrun for example_short_circuit_decorator to 2023-04-26T14:22:58.447089+00:00, run_after=2023-04-27T14:22:58.447089+00:00
[2023-04-27T14:22:58.456+0000] {processor.py:175} INFO - Processing /home/airflow/.local/lib/python3.7/site-packages/airflow/example_dags/example_short_circuit_decorator.py took 0.058 seconds
[2023-04-27T14:23:28.935+0000] {processor.py:153} INFO - Started process (PID=17056) to work on /home/airflow/.local/lib/python3.7/site-packages/airflow/example_dags/example_short_circuit_decorator.py
[2023-04-27T14:23:28.936+0000] {processor.py:743} INFO - Processing file /home/airflow/.local/lib/python3.7/site-packages/airflow/example_dags/example_short_circuit_decorator.py for tasks to queue
[2023-04-27T14:23:28.936+0000] {logging_mixin.py:137} INFO - [2023-04-27T14:23:28.936+0000] {dagbag.py:538} INFO - Filling up the DagBag from /home/airflow/.local/lib/python3.7/site-packages/airflow/example_dags/example_short_circuit_decorator.py
[2023-04-27T14:23:28.951+0000] {processor.py:753} INFO - DAG(s) dict_keys(['example_short_circuit_decorator']) retrieved from /home/airflow/.local/lib/python3.7/site-packages/airflow/example_dags/example_short_circuit_decorator.py
[2023-04-27T14:23:28.975+0000] {logging_mixin.py:137} INFO - [2023-04-27T14:23:28.975+0000] {dag.py:2676} INFO - Sync 1 DAGs
[2023-04-27T14:23:28.992+0000] {logging_mixin.py:137} INFO - [2023-04-27T14:23:28.991+0000] {dag.py:3427} INFO - Setting next_dagrun for example_short_circuit_decorator to 2023-04-26T14:23:28.991760+00:00, run_after=2023-04-27T14:23:28.991760+00:00
[2023-04-27T14:23:29.002+0000] {processor.py:175} INFO - Processing /home/airflow/.local/lib/python3.7/site-packages/airflow/example_dags/example_short_circuit_decorator.py took 0.068 seconds
[2023-04-27T14:23:59.719+0000] {processor.py:153} INFO - Started process (PID=17157) to work on /home/airflow/.local/lib/python3.7/site-packages/airflow/example_dags/example_short_circuit_decorator.py
[2023-04-27T14:23:59.719+0000] {processor.py:743} INFO - Processing file /home/airflow/.local/lib/python3.7/site-packages/airflow/example_dags/example_short_circuit_decorator.py for tasks to queue
[2023-04-27T14:23:59.720+0000] {logging_mixin.py:137} INFO - [2023-04-27T14:23:59.720+0000] {dagbag.py:538} INFO - Filling up the DagBag from /home/airflow/.local/lib/python3.7/site-packages/airflow/example_dags/example_short_circuit_decorator.py
[2023-04-27T14:23:59.739+0000] {processor.py:753} INFO - DAG(s) dict_keys(['example_short_circuit_decorator']) retrieved from /home/airflow/.local/lib/python3.7/site-packages/airflow/example_dags/example_short_circuit_decorator.py
[2023-04-27T14:23:59.763+0000] {logging_mixin.py:137} INFO - [2023-04-27T14:23:59.763+0000] {dag.py:2676} INFO - Sync 1 DAGs
[2023-04-27T14:23:59.778+0000] {logging_mixin.py:137} INFO - [2023-04-27T14:23:59.778+0000] {dag.py:3427} INFO - Setting next_dagrun for example_short_circuit_decorator to 2023-04-26T14:23:59.777906+00:00, run_after=2023-04-27T14:23:59.777906+00:00
[2023-04-27T14:23:59.788+0000] {processor.py:175} INFO - Processing /home/airflow/.local/lib/python3.7/site-packages/airflow/example_dags/example_short_circuit_decorator.py took 0.072 seconds
[2023-04-27T14:24:30.419+0000] {processor.py:153} INFO - Started process (PID=17267) to work on /home/airflow/.local/lib/python3.7/site-packages/airflow/example_dags/example_short_circuit_decorator.py
[2023-04-27T14:24:30.420+0000] {processor.py:743} INFO - Processing file /home/airflow/.local/lib/python3.7/site-packages/airflow/example_dags/example_short_circuit_decorator.py for tasks to queue
[2023-04-27T14:24:30.420+0000] {logging_mixin.py:137} INFO - [2023-04-27T14:24:30.420+0000] {dagbag.py:538} INFO - Filling up the DagBag from /home/airflow/.local/lib/python3.7/site-packages/airflow/example_dags/example_short_circuit_decorator.py
[2023-04-27T14:24:30.436+0000] {processor.py:753} INFO - DAG(s) dict_keys(['example_short_circuit_decorator']) retrieved from /home/airflow/.local/lib/python3.7/site-packages/airflow/example_dags/example_short_circuit_decorator.py
[2023-04-27T14:24:30.461+0000] {logging_mixin.py:137} INFO - [2023-04-27T14:24:30.461+0000] {dag.py:2676} INFO - Sync 1 DAGs
[2023-04-27T14:24:30.480+0000] {logging_mixin.py:137} INFO - [2023-04-27T14:24:30.480+0000] {dag.py:3427} INFO - Setting next_dagrun for example_short_circuit_decorator to 2023-04-26T14:24:30.480241+00:00, run_after=2023-04-27T14:24:30.480241+00:00
[2023-04-27T14:24:30.491+0000] {processor.py:175} INFO - Processing /home/airflow/.local/lib/python3.7/site-packages/airflow/example_dags/example_short_circuit_decorator.py took 0.074 seconds
[2023-04-27T14:25:01.226+0000] {processor.py:153} INFO - Started process (PID=17362) to work on /home/airflow/.local/lib/python3.7/site-packages/airflow/example_dags/example_short_circuit_decorator.py
[2023-04-27T14:25:01.226+0000] {processor.py:743} INFO - Processing file /home/airflow/.local/lib/python3.7/site-packages/airflow/example_dags/example_short_circuit_decorator.py for tasks to queue
[2023-04-27T14:25:01.226+0000] {logging_mixin.py:137} INFO - [2023-04-27T14:25:01.226+0000] {dagbag.py:538} INFO - Filling up the DagBag from /home/airflow/.local/lib/python3.7/site-packages/airflow/example_dags/example_short_circuit_decorator.py
[2023-04-27T14:25:01.241+0000] {processor.py:753} INFO - DAG(s) dict_keys(['example_short_circuit_decorator']) retrieved from /home/airflow/.local/lib/python3.7/site-packages/airflow/example_dags/example_short_circuit_decorator.py
[2023-04-27T14:25:01.261+0000] {logging_mixin.py:137} INFO - [2023-04-27T14:25:01.261+0000] {dag.py:2676} INFO - Sync 1 DAGs
[2023-04-27T14:25:01.276+0000] {logging_mixin.py:137} INFO - [2023-04-27T14:25:01.276+0000] {dag.py:3427} INFO - Setting next_dagrun for example_short_circuit_decorator to 2023-04-26T14:25:01.275992+00:00, run_after=2023-04-27T14:25:01.275992+00:00
[2023-04-27T14:25:01.286+0000] {processor.py:175} INFO - Processing /home/airflow/.local/lib/python3.7/site-packages/airflow/example_dags/example_short_circuit_decorator.py took 0.062 seconds
[2023-04-27T14:25:31.812+0000] {processor.py:153} INFO - Started process (PID=17463) to work on /home/airflow/.local/lib/python3.7/site-packages/airflow/example_dags/example_short_circuit_decorator.py
[2023-04-27T14:25:31.812+0000] {processor.py:743} INFO - Processing file /home/airflow/.local/lib/python3.7/site-packages/airflow/example_dags/example_short_circuit_decorator.py for tasks to queue
[2023-04-27T14:25:31.812+0000] {logging_mixin.py:137} INFO - [2023-04-27T14:25:31.812+0000] {dagbag.py:538} INFO - Filling up the DagBag from /home/airflow/.local/lib/python3.7/site-packages/airflow/example_dags/example_short_circuit_decorator.py
[2023-04-27T14:25:31.826+0000] {processor.py:753} INFO - DAG(s) dict_keys(['example_short_circuit_decorator']) retrieved from /home/airflow/.local/lib/python3.7/site-packages/airflow/example_dags/example_short_circuit_decorator.py
[2023-04-27T14:25:31.846+0000] {logging_mixin.py:137} INFO - [2023-04-27T14:25:31.846+0000] {dag.py:2676} INFO - Sync 1 DAGs
[2023-04-27T14:25:31.860+0000] {logging_mixin.py:137} INFO - [2023-04-27T14:25:31.860+0000] {dag.py:3427} INFO - Setting next_dagrun for example_short_circuit_decorator to 2023-04-26T14:25:31.860121+00:00, run_after=2023-04-27T14:25:31.860121+00:00
[2023-04-27T14:25:31.869+0000] {processor.py:175} INFO - Processing /home/airflow/.local/lib/python3.7/site-packages/airflow/example_dags/example_short_circuit_decorator.py took 0.058 seconds
[2023-04-27T14:26:02.367+0000] {processor.py:153} INFO - Started process (PID=17573) to work on /home/airflow/.local/lib/python3.7/site-packages/airflow/example_dags/example_short_circuit_decorator.py
[2023-04-27T14:26:02.368+0000] {processor.py:743} INFO - Processing file /home/airflow/.local/lib/python3.7/site-packages/airflow/example_dags/example_short_circuit_decorator.py for tasks to queue
[2023-04-27T14:26:02.368+0000] {logging_mixin.py:137} INFO - [2023-04-27T14:26:02.368+0000] {dagbag.py:538} INFO - Filling up the DagBag from /home/airflow/.local/lib/python3.7/site-packages/airflow/example_dags/example_short_circuit_decorator.py
[2023-04-27T14:26:02.382+0000] {processor.py:753} INFO - DAG(s) dict_keys(['example_short_circuit_decorator']) retrieved from /home/airflow/.local/lib/python3.7/site-packages/airflow/example_dags/example_short_circuit_decorator.py
[2023-04-27T14:26:02.402+0000] {logging_mixin.py:137} INFO - [2023-04-27T14:26:02.402+0000] {dag.py:2676} INFO - Sync 1 DAGs
[2023-04-27T14:26:02.416+0000] {logging_mixin.py:137} INFO - [2023-04-27T14:26:02.416+0000] {dag.py:3427} INFO - Setting next_dagrun for example_short_circuit_decorator to 2023-04-26T14:26:02.416641+00:00, run_after=2023-04-27T14:26:02.416641+00:00
[2023-04-27T14:26:02.425+0000] {processor.py:175} INFO - Processing /home/airflow/.local/lib/python3.7/site-packages/airflow/example_dags/example_short_circuit_decorator.py took 0.060 seconds
