[2023-04-27T14:20:55.730+0000] {processor.py:153} INFO - Started process (PID=16544) to work on /home/airflow/.local/lib/python3.7/site-packages/airflow/example_dags/example_branch_operator.py
[2023-04-27T14:20:55.730+0000] {processor.py:743} INFO - Processing file /home/airflow/.local/lib/python3.7/site-packages/airflow/example_dags/example_branch_operator.py for tasks to queue
[2023-04-27T14:20:55.730+0000] {logging_mixin.py:137} INFO - [2023-04-27T14:20:55.730+0000] {dagbag.py:538} INFO - Filling up the DagBag from /home/airflow/.local/lib/python3.7/site-packages/airflow/example_dags/example_branch_operator.py
[2023-04-27T14:20:55.739+0000] {processor.py:753} INFO - DAG(s) dict_keys(['example_branch_operator']) retrieved from /home/airflow/.local/lib/python3.7/site-packages/airflow/example_dags/example_branch_operator.py
[2023-04-27T14:20:55.759+0000] {logging_mixin.py:137} INFO - [2023-04-27T14:20:55.759+0000] {dag.py:2676} INFO - Sync 1 DAGs
[2023-04-27T14:20:55.774+0000] {logging_mixin.py:137} INFO - [2023-04-27T14:20:55.774+0000] {dag.py:3427} INFO - Setting next_dagrun for example_branch_operator to 2023-04-26T00:00:00+00:00, run_after=2023-04-27T00:00:00+00:00
[2023-04-27T14:20:55.783+0000] {processor.py:175} INFO - Processing /home/airflow/.local/lib/python3.7/site-packages/airflow/example_dags/example_branch_operator.py took 0.055 seconds
[2023-04-27T14:21:26.393+0000] {processor.py:153} INFO - Started process (PID=16654) to work on /home/airflow/.local/lib/python3.7/site-packages/airflow/example_dags/example_branch_operator.py
[2023-04-27T14:21:26.393+0000] {processor.py:743} INFO - Processing file /home/airflow/.local/lib/python3.7/site-packages/airflow/example_dags/example_branch_operator.py for tasks to queue
[2023-04-27T14:21:26.393+0000] {logging_mixin.py:137} INFO - [2023-04-27T14:21:26.393+0000] {dagbag.py:538} INFO - Filling up the DagBag from /home/airflow/.local/lib/python3.7/site-packages/airflow/example_dags/example_branch_operator.py
[2023-04-27T14:21:26.402+0000] {processor.py:753} INFO - DAG(s) dict_keys(['example_branch_operator']) retrieved from /home/airflow/.local/lib/python3.7/site-packages/airflow/example_dags/example_branch_operator.py
[2023-04-27T14:21:26.422+0000] {logging_mixin.py:137} INFO - [2023-04-27T14:21:26.422+0000] {dag.py:2676} INFO - Sync 1 DAGs
[2023-04-27T14:21:26.437+0000] {logging_mixin.py:137} INFO - [2023-04-27T14:21:26.437+0000] {dag.py:3427} INFO - Setting next_dagrun for example_branch_operator to 2023-04-26T00:00:00+00:00, run_after=2023-04-27T00:00:00+00:00
[2023-04-27T14:21:26.446+0000] {processor.py:175} INFO - Processing /home/airflow/.local/lib/python3.7/site-packages/airflow/example_dags/example_branch_operator.py took 0.055 seconds
[2023-04-27T14:21:56.985+0000] {processor.py:153} INFO - Started process (PID=16749) to work on /home/airflow/.local/lib/python3.7/site-packages/airflow/example_dags/example_branch_operator.py
[2023-04-27T14:21:56.985+0000] {processor.py:743} INFO - Processing file /home/airflow/.local/lib/python3.7/site-packages/airflow/example_dags/example_branch_operator.py for tasks to queue
[2023-04-27T14:21:56.986+0000] {logging_mixin.py:137} INFO - [2023-04-27T14:21:56.986+0000] {dagbag.py:538} INFO - Filling up the DagBag from /home/airflow/.local/lib/python3.7/site-packages/airflow/example_dags/example_branch_operator.py
[2023-04-27T14:21:56.994+0000] {processor.py:753} INFO - DAG(s) dict_keys(['example_branch_operator']) retrieved from /home/airflow/.local/lib/python3.7/site-packages/airflow/example_dags/example_branch_operator.py
[2023-04-27T14:21:57.016+0000] {logging_mixin.py:137} INFO - [2023-04-27T14:21:57.015+0000] {dag.py:2676} INFO - Sync 1 DAGs
[2023-04-27T14:21:57.032+0000] {logging_mixin.py:137} INFO - [2023-04-27T14:21:57.032+0000] {dag.py:3427} INFO - Setting next_dagrun for example_branch_operator to 2023-04-26T00:00:00+00:00, run_after=2023-04-27T00:00:00+00:00
[2023-04-27T14:21:57.042+0000] {processor.py:175} INFO - Processing /home/airflow/.local/lib/python3.7/site-packages/airflow/example_dags/example_branch_operator.py took 0.058 seconds
[2023-04-27T14:22:27.780+0000] {processor.py:153} INFO - Started process (PID=16850) to work on /home/airflow/.local/lib/python3.7/site-packages/airflow/example_dags/example_branch_operator.py
[2023-04-27T14:22:27.780+0000] {processor.py:743} INFO - Processing file /home/airflow/.local/lib/python3.7/site-packages/airflow/example_dags/example_branch_operator.py for tasks to queue
[2023-04-27T14:22:27.780+0000] {logging_mixin.py:137} INFO - [2023-04-27T14:22:27.780+0000] {dagbag.py:538} INFO - Filling up the DagBag from /home/airflow/.local/lib/python3.7/site-packages/airflow/example_dags/example_branch_operator.py
[2023-04-27T14:22:27.789+0000] {processor.py:753} INFO - DAG(s) dict_keys(['example_branch_operator']) retrieved from /home/airflow/.local/lib/python3.7/site-packages/airflow/example_dags/example_branch_operator.py
[2023-04-27T14:22:27.809+0000] {logging_mixin.py:137} INFO - [2023-04-27T14:22:27.809+0000] {dag.py:2676} INFO - Sync 1 DAGs
[2023-04-27T14:22:27.823+0000] {logging_mixin.py:137} INFO - [2023-04-27T14:22:27.823+0000] {dag.py:3427} INFO - Setting next_dagrun for example_branch_operator to 2023-04-26T00:00:00+00:00, run_after=2023-04-27T00:00:00+00:00
[2023-04-27T14:22:27.833+0000] {processor.py:175} INFO - Processing /home/airflow/.local/lib/python3.7/site-packages/airflow/example_dags/example_branch_operator.py took 0.055 seconds
[2023-04-27T14:22:58.335+0000] {processor.py:153} INFO - Started process (PID=16960) to work on /home/airflow/.local/lib/python3.7/site-packages/airflow/example_dags/example_branch_operator.py
[2023-04-27T14:22:58.335+0000] {processor.py:743} INFO - Processing file /home/airflow/.local/lib/python3.7/site-packages/airflow/example_dags/example_branch_operator.py for tasks to queue
[2023-04-27T14:22:58.335+0000] {logging_mixin.py:137} INFO - [2023-04-27T14:22:58.335+0000] {dagbag.py:538} INFO - Filling up the DagBag from /home/airflow/.local/lib/python3.7/site-packages/airflow/example_dags/example_branch_operator.py
[2023-04-27T14:22:58.344+0000] {processor.py:753} INFO - DAG(s) dict_keys(['example_branch_operator']) retrieved from /home/airflow/.local/lib/python3.7/site-packages/airflow/example_dags/example_branch_operator.py
[2023-04-27T14:22:58.363+0000] {logging_mixin.py:137} INFO - [2023-04-27T14:22:58.363+0000] {dag.py:2676} INFO - Sync 1 DAGs
[2023-04-27T14:22:58.379+0000] {logging_mixin.py:137} INFO - [2023-04-27T14:22:58.378+0000] {dag.py:3427} INFO - Setting next_dagrun for example_branch_operator to 2023-04-26T00:00:00+00:00, run_after=2023-04-27T00:00:00+00:00
[2023-04-27T14:22:58.389+0000] {processor.py:175} INFO - Processing /home/airflow/.local/lib/python3.7/site-packages/airflow/example_dags/example_branch_operator.py took 0.056 seconds
[2023-04-27T14:23:28.859+0000] {processor.py:153} INFO - Started process (PID=17055) to work on /home/airflow/.local/lib/python3.7/site-packages/airflow/example_dags/example_branch_operator.py
[2023-04-27T14:23:28.860+0000] {processor.py:743} INFO - Processing file /home/airflow/.local/lib/python3.7/site-packages/airflow/example_dags/example_branch_operator.py for tasks to queue
[2023-04-27T14:23:28.860+0000] {logging_mixin.py:137} INFO - [2023-04-27T14:23:28.860+0000] {dagbag.py:538} INFO - Filling up the DagBag from /home/airflow/.local/lib/python3.7/site-packages/airflow/example_dags/example_branch_operator.py
[2023-04-27T14:23:28.869+0000] {processor.py:753} INFO - DAG(s) dict_keys(['example_branch_operator']) retrieved from /home/airflow/.local/lib/python3.7/site-packages/airflow/example_dags/example_branch_operator.py
[2023-04-27T14:23:28.894+0000] {logging_mixin.py:137} INFO - [2023-04-27T14:23:28.894+0000] {dag.py:2676} INFO - Sync 1 DAGs
[2023-04-27T14:23:28.914+0000] {logging_mixin.py:137} INFO - [2023-04-27T14:23:28.913+0000] {dag.py:3427} INFO - Setting next_dagrun for example_branch_operator to 2023-04-26T00:00:00+00:00, run_after=2023-04-27T00:00:00+00:00
[2023-04-27T14:23:28.924+0000] {processor.py:175} INFO - Processing /home/airflow/.local/lib/python3.7/site-packages/airflow/example_dags/example_branch_operator.py took 0.066 seconds
[2023-04-27T14:23:59.639+0000] {processor.py:153} INFO - Started process (PID=17156) to work on /home/airflow/.local/lib/python3.7/site-packages/airflow/example_dags/example_branch_operator.py
[2023-04-27T14:23:59.639+0000] {processor.py:743} INFO - Processing file /home/airflow/.local/lib/python3.7/site-packages/airflow/example_dags/example_branch_operator.py for tasks to queue
[2023-04-27T14:23:59.639+0000] {logging_mixin.py:137} INFO - [2023-04-27T14:23:59.639+0000] {dagbag.py:538} INFO - Filling up the DagBag from /home/airflow/.local/lib/python3.7/site-packages/airflow/example_dags/example_branch_operator.py
[2023-04-27T14:23:59.648+0000] {processor.py:753} INFO - DAG(s) dict_keys(['example_branch_operator']) retrieved from /home/airflow/.local/lib/python3.7/site-packages/airflow/example_dags/example_branch_operator.py
[2023-04-27T14:23:59.668+0000] {logging_mixin.py:137} INFO - [2023-04-27T14:23:59.668+0000] {dag.py:2676} INFO - Sync 1 DAGs
[2023-04-27T14:23:59.690+0000] {logging_mixin.py:137} INFO - [2023-04-27T14:23:59.690+0000] {dag.py:3427} INFO - Setting next_dagrun for example_branch_operator to 2023-04-26T00:00:00+00:00, run_after=2023-04-27T00:00:00+00:00
[2023-04-27T14:23:59.703+0000] {processor.py:175} INFO - Processing /home/airflow/.local/lib/python3.7/site-packages/airflow/example_dags/example_branch_operator.py took 0.065 seconds
[2023-04-27T14:24:30.329+0000] {processor.py:153} INFO - Started process (PID=17266) to work on /home/airflow/.local/lib/python3.7/site-packages/airflow/example_dags/example_branch_operator.py
[2023-04-27T14:24:30.329+0000] {processor.py:743} INFO - Processing file /home/airflow/.local/lib/python3.7/site-packages/airflow/example_dags/example_branch_operator.py for tasks to queue
[2023-04-27T14:24:30.330+0000] {logging_mixin.py:137} INFO - [2023-04-27T14:24:30.330+0000] {dagbag.py:538} INFO - Filling up the DagBag from /home/airflow/.local/lib/python3.7/site-packages/airflow/example_dags/example_branch_operator.py
[2023-04-27T14:24:30.342+0000] {processor.py:753} INFO - DAG(s) dict_keys(['example_branch_operator']) retrieved from /home/airflow/.local/lib/python3.7/site-packages/airflow/example_dags/example_branch_operator.py
[2023-04-27T14:24:30.369+0000] {logging_mixin.py:137} INFO - [2023-04-27T14:24:30.369+0000] {dag.py:2676} INFO - Sync 1 DAGs
[2023-04-27T14:24:30.386+0000] {logging_mixin.py:137} INFO - [2023-04-27T14:24:30.386+0000] {dag.py:3427} INFO - Setting next_dagrun for example_branch_operator to 2023-04-26T00:00:00+00:00, run_after=2023-04-27T00:00:00+00:00
[2023-04-27T14:24:30.401+0000] {processor.py:175} INFO - Processing /home/airflow/.local/lib/python3.7/site-packages/airflow/example_dags/example_branch_operator.py took 0.073 seconds
[2023-04-27T14:25:01.161+0000] {processor.py:153} INFO - Started process (PID=17361) to work on /home/airflow/.local/lib/python3.7/site-packages/airflow/example_dags/example_branch_operator.py
[2023-04-27T14:25:01.161+0000] {processor.py:743} INFO - Processing file /home/airflow/.local/lib/python3.7/site-packages/airflow/example_dags/example_branch_operator.py for tasks to queue
[2023-04-27T14:25:01.162+0000] {logging_mixin.py:137} INFO - [2023-04-27T14:25:01.161+0000] {dagbag.py:538} INFO - Filling up the DagBag from /home/airflow/.local/lib/python3.7/site-packages/airflow/example_dags/example_branch_operator.py
[2023-04-27T14:25:01.170+0000] {processor.py:753} INFO - DAG(s) dict_keys(['example_branch_operator']) retrieved from /home/airflow/.local/lib/python3.7/site-packages/airflow/example_dags/example_branch_operator.py
[2023-04-27T14:25:01.191+0000] {logging_mixin.py:137} INFO - [2023-04-27T14:25:01.191+0000] {dag.py:2676} INFO - Sync 1 DAGs
[2023-04-27T14:25:01.206+0000] {logging_mixin.py:137} INFO - [2023-04-27T14:25:01.206+0000] {dag.py:3427} INFO - Setting next_dagrun for example_branch_operator to 2023-04-26T00:00:00+00:00, run_after=2023-04-27T00:00:00+00:00
[2023-04-27T14:25:01.215+0000] {processor.py:175} INFO - Processing /home/airflow/.local/lib/python3.7/site-packages/airflow/example_dags/example_branch_operator.py took 0.055 seconds
[2023-04-27T14:25:31.736+0000] {processor.py:153} INFO - Started process (PID=17462) to work on /home/airflow/.local/lib/python3.7/site-packages/airflow/example_dags/example_branch_operator.py
[2023-04-27T14:25:31.736+0000] {processor.py:743} INFO - Processing file /home/airflow/.local/lib/python3.7/site-packages/airflow/example_dags/example_branch_operator.py for tasks to queue
[2023-04-27T14:25:31.736+0000] {logging_mixin.py:137} INFO - [2023-04-27T14:25:31.736+0000] {dagbag.py:538} INFO - Filling up the DagBag from /home/airflow/.local/lib/python3.7/site-packages/airflow/example_dags/example_branch_operator.py
[2023-04-27T14:25:31.751+0000] {processor.py:753} INFO - DAG(s) dict_keys(['example_branch_operator']) retrieved from /home/airflow/.local/lib/python3.7/site-packages/airflow/example_dags/example_branch_operator.py
[2023-04-27T14:25:31.774+0000] {logging_mixin.py:137} INFO - [2023-04-27T14:25:31.774+0000] {dag.py:2676} INFO - Sync 1 DAGs
[2023-04-27T14:25:31.792+0000] {logging_mixin.py:137} INFO - [2023-04-27T14:25:31.792+0000] {dag.py:3427} INFO - Setting next_dagrun for example_branch_operator to 2023-04-26T00:00:00+00:00, run_after=2023-04-27T00:00:00+00:00
[2023-04-27T14:25:31.801+0000] {processor.py:175} INFO - Processing /home/airflow/.local/lib/python3.7/site-packages/airflow/example_dags/example_branch_operator.py took 0.067 seconds
[2023-04-27T14:26:02.304+0000] {processor.py:153} INFO - Started process (PID=17572) to work on /home/airflow/.local/lib/python3.7/site-packages/airflow/example_dags/example_branch_operator.py
[2023-04-27T14:26:02.304+0000] {processor.py:743} INFO - Processing file /home/airflow/.local/lib/python3.7/site-packages/airflow/example_dags/example_branch_operator.py for tasks to queue
[2023-04-27T14:26:02.305+0000] {logging_mixin.py:137} INFO - [2023-04-27T14:26:02.305+0000] {dagbag.py:538} INFO - Filling up the DagBag from /home/airflow/.local/lib/python3.7/site-packages/airflow/example_dags/example_branch_operator.py
[2023-04-27T14:26:02.314+0000] {processor.py:753} INFO - DAG(s) dict_keys(['example_branch_operator']) retrieved from /home/airflow/.local/lib/python3.7/site-packages/airflow/example_dags/example_branch_operator.py
[2023-04-27T14:26:02.333+0000] {logging_mixin.py:137} INFO - [2023-04-27T14:26:02.333+0000] {dag.py:2676} INFO - Sync 1 DAGs
[2023-04-27T14:26:02.348+0000] {logging_mixin.py:137} INFO - [2023-04-27T14:26:02.348+0000] {dag.py:3427} INFO - Setting next_dagrun for example_branch_operator to 2023-04-26T00:00:00+00:00, run_after=2023-04-27T00:00:00+00:00
[2023-04-27T14:26:02.357+0000] {processor.py:175} INFO - Processing /home/airflow/.local/lib/python3.7/site-packages/airflow/example_dags/example_branch_operator.py took 0.054 seconds
