[2023-04-27T14:20:56.569+0000] {processor.py:153} INFO - Started process (PID=16563) to work on /home/airflow/.local/lib/python3.7/site-packages/airflow/example_dags/example_xcomargs.py
[2023-04-27T14:20:56.569+0000] {processor.py:743} INFO - Processing file /home/airflow/.local/lib/python3.7/site-packages/airflow/example_dags/example_xcomargs.py for tasks to queue
[2023-04-27T14:20:56.569+0000] {logging_mixin.py:137} INFO - [2023-04-27T14:20:56.569+0000] {dagbag.py:538} INFO - Filling up the DagBag from /home/airflow/.local/lib/python3.7/site-packages/airflow/example_dags/example_xcomargs.py
[2023-04-27T14:20:56.583+0000] {processor.py:753} INFO - DAG(s) dict_keys(['example_xcom_args', 'example_xcom_args_with_operators']) retrieved from /home/airflow/.local/lib/python3.7/site-packages/airflow/example_dags/example_xcomargs.py
[2023-04-27T14:20:56.605+0000] {logging_mixin.py:137} INFO - [2023-04-27T14:20:56.605+0000] {dag.py:2676} INFO - Sync 2 DAGs
[2023-04-27T14:20:56.619+0000] {logging_mixin.py:137} INFO - [2023-04-27T14:20:56.619+0000] {dag.py:3427} INFO - Setting next_dagrun for example_xcom_args to None, run_after=None
[2023-04-27T14:20:56.621+0000] {logging_mixin.py:137} INFO - [2023-04-27T14:20:56.621+0000] {dag.py:3427} INFO - Setting next_dagrun for example_xcom_args_with_operators to None, run_after=None
[2023-04-27T14:20:56.635+0000] {processor.py:175} INFO - Processing /home/airflow/.local/lib/python3.7/site-packages/airflow/example_dags/example_xcomargs.py took 0.068 seconds
[2023-04-27T14:21:27.253+0000] {processor.py:153} INFO - Started process (PID=16673) to work on /home/airflow/.local/lib/python3.7/site-packages/airflow/example_dags/example_xcomargs.py
[2023-04-27T14:21:27.254+0000] {processor.py:743} INFO - Processing file /home/airflow/.local/lib/python3.7/site-packages/airflow/example_dags/example_xcomargs.py for tasks to queue
[2023-04-27T14:21:27.254+0000] {logging_mixin.py:137} INFO - [2023-04-27T14:21:27.254+0000] {dagbag.py:538} INFO - Filling up the DagBag from /home/airflow/.local/lib/python3.7/site-packages/airflow/example_dags/example_xcomargs.py
[2023-04-27T14:21:27.268+0000] {processor.py:753} INFO - DAG(s) dict_keys(['example_xcom_args_with_operators', 'example_xcom_args']) retrieved from /home/airflow/.local/lib/python3.7/site-packages/airflow/example_dags/example_xcomargs.py
[2023-04-27T14:21:27.290+0000] {logging_mixin.py:137} INFO - [2023-04-27T14:21:27.290+0000] {dag.py:2676} INFO - Sync 2 DAGs
[2023-04-27T14:21:27.304+0000] {logging_mixin.py:137} INFO - [2023-04-27T14:21:27.304+0000] {dag.py:3427} INFO - Setting next_dagrun for example_xcom_args to None, run_after=None
[2023-04-27T14:21:27.306+0000] {logging_mixin.py:137} INFO - [2023-04-27T14:21:27.306+0000] {dag.py:3427} INFO - Setting next_dagrun for example_xcom_args_with_operators to None, run_after=None
[2023-04-27T14:21:27.314+0000] {processor.py:175} INFO - Processing /home/airflow/.local/lib/python3.7/site-packages/airflow/example_dags/example_xcomargs.py took 0.062 seconds
[2023-04-27T14:21:57.906+0000] {processor.py:153} INFO - Started process (PID=16783) to work on /home/airflow/.local/lib/python3.7/site-packages/airflow/example_dags/example_xcomargs.py
[2023-04-27T14:21:57.906+0000] {processor.py:743} INFO - Processing file /home/airflow/.local/lib/python3.7/site-packages/airflow/example_dags/example_xcomargs.py for tasks to queue
[2023-04-27T14:21:57.906+0000] {logging_mixin.py:137} INFO - [2023-04-27T14:21:57.906+0000] {dagbag.py:538} INFO - Filling up the DagBag from /home/airflow/.local/lib/python3.7/site-packages/airflow/example_dags/example_xcomargs.py
[2023-04-27T14:21:57.920+0000] {processor.py:753} INFO - DAG(s) dict_keys(['example_xcom_args_with_operators', 'example_xcom_args']) retrieved from /home/airflow/.local/lib/python3.7/site-packages/airflow/example_dags/example_xcomargs.py
[2023-04-27T14:21:57.948+0000] {logging_mixin.py:137} INFO - [2023-04-27T14:21:57.948+0000] {dag.py:2676} INFO - Sync 2 DAGs
[2023-04-27T14:21:57.965+0000] {logging_mixin.py:137} INFO - [2023-04-27T14:21:57.965+0000] {dag.py:3427} INFO - Setting next_dagrun for example_xcom_args to None, run_after=None
[2023-04-27T14:21:57.968+0000] {logging_mixin.py:137} INFO - [2023-04-27T14:21:57.968+0000] {dag.py:3427} INFO - Setting next_dagrun for example_xcom_args_with_operators to None, run_after=None
[2023-04-27T14:21:57.978+0000] {processor.py:175} INFO - Processing /home/airflow/.local/lib/python3.7/site-packages/airflow/example_dags/example_xcomargs.py took 0.074 seconds
[2023-04-27T14:22:28.484+0000] {processor.py:153} INFO - Started process (PID=16869) to work on /home/airflow/.local/lib/python3.7/site-packages/airflow/example_dags/example_xcomargs.py
[2023-04-27T14:22:28.485+0000] {processor.py:743} INFO - Processing file /home/airflow/.local/lib/python3.7/site-packages/airflow/example_dags/example_xcomargs.py for tasks to queue
[2023-04-27T14:22:28.485+0000] {logging_mixin.py:137} INFO - [2023-04-27T14:22:28.485+0000] {dagbag.py:538} INFO - Filling up the DagBag from /home/airflow/.local/lib/python3.7/site-packages/airflow/example_dags/example_xcomargs.py
[2023-04-27T14:22:28.498+0000] {processor.py:753} INFO - DAG(s) dict_keys(['example_xcom_args_with_operators', 'example_xcom_args']) retrieved from /home/airflow/.local/lib/python3.7/site-packages/airflow/example_dags/example_xcomargs.py
[2023-04-27T14:22:28.519+0000] {logging_mixin.py:137} INFO - [2023-04-27T14:22:28.519+0000] {dag.py:2676} INFO - Sync 2 DAGs
[2023-04-27T14:22:28.532+0000] {logging_mixin.py:137} INFO - [2023-04-27T14:22:28.532+0000] {dag.py:3427} INFO - Setting next_dagrun for example_xcom_args to None, run_after=None
[2023-04-27T14:22:28.534+0000] {logging_mixin.py:137} INFO - [2023-04-27T14:22:28.534+0000] {dag.py:3427} INFO - Setting next_dagrun for example_xcom_args_with_operators to None, run_after=None
[2023-04-27T14:22:28.542+0000] {processor.py:175} INFO - Processing /home/airflow/.local/lib/python3.7/site-packages/airflow/example_dags/example_xcomargs.py took 0.059 seconds
[2023-04-27T14:22:59.046+0000] {processor.py:153} INFO - Started process (PID=16979) to work on /home/airflow/.local/lib/python3.7/site-packages/airflow/example_dags/example_xcomargs.py
[2023-04-27T14:22:59.047+0000] {processor.py:743} INFO - Processing file /home/airflow/.local/lib/python3.7/site-packages/airflow/example_dags/example_xcomargs.py for tasks to queue
[2023-04-27T14:22:59.047+0000] {logging_mixin.py:137} INFO - [2023-04-27T14:22:59.047+0000] {dagbag.py:538} INFO - Filling up the DagBag from /home/airflow/.local/lib/python3.7/site-packages/airflow/example_dags/example_xcomargs.py
[2023-04-27T14:22:59.060+0000] {processor.py:753} INFO - DAG(s) dict_keys(['example_xcom_args', 'example_xcom_args_with_operators']) retrieved from /home/airflow/.local/lib/python3.7/site-packages/airflow/example_dags/example_xcomargs.py
[2023-04-27T14:22:59.081+0000] {logging_mixin.py:137} INFO - [2023-04-27T14:22:59.081+0000] {dag.py:2676} INFO - Sync 2 DAGs
[2023-04-27T14:22:59.095+0000] {logging_mixin.py:137} INFO - [2023-04-27T14:22:59.094+0000] {dag.py:3427} INFO - Setting next_dagrun for example_xcom_args to None, run_after=None
[2023-04-27T14:22:59.096+0000] {logging_mixin.py:137} INFO - [2023-04-27T14:22:59.096+0000] {dag.py:3427} INFO - Setting next_dagrun for example_xcom_args_with_operators to None, run_after=None
[2023-04-27T14:22:59.105+0000] {processor.py:175} INFO - Processing /home/airflow/.local/lib/python3.7/site-packages/airflow/example_dags/example_xcomargs.py took 0.061 seconds
[2023-04-27T14:23:29.716+0000] {processor.py:153} INFO - Started process (PID=17089) to work on /home/airflow/.local/lib/python3.7/site-packages/airflow/example_dags/example_xcomargs.py
[2023-04-27T14:23:29.717+0000] {processor.py:743} INFO - Processing file /home/airflow/.local/lib/python3.7/site-packages/airflow/example_dags/example_xcomargs.py for tasks to queue
[2023-04-27T14:23:29.717+0000] {logging_mixin.py:137} INFO - [2023-04-27T14:23:29.717+0000] {dagbag.py:538} INFO - Filling up the DagBag from /home/airflow/.local/lib/python3.7/site-packages/airflow/example_dags/example_xcomargs.py
[2023-04-27T14:23:29.730+0000] {processor.py:753} INFO - DAG(s) dict_keys(['example_xcom_args', 'example_xcom_args_with_operators']) retrieved from /home/airflow/.local/lib/python3.7/site-packages/airflow/example_dags/example_xcomargs.py
[2023-04-27T14:23:29.752+0000] {logging_mixin.py:137} INFO - [2023-04-27T14:23:29.752+0000] {dag.py:2676} INFO - Sync 2 DAGs
[2023-04-27T14:23:29.767+0000] {logging_mixin.py:137} INFO - [2023-04-27T14:23:29.767+0000] {dag.py:3427} INFO - Setting next_dagrun for example_xcom_args to None, run_after=None
[2023-04-27T14:23:29.769+0000] {logging_mixin.py:137} INFO - [2023-04-27T14:23:29.769+0000] {dag.py:3427} INFO - Setting next_dagrun for example_xcom_args_with_operators to None, run_after=None
[2023-04-27T14:23:29.778+0000] {processor.py:175} INFO - Processing /home/airflow/.local/lib/python3.7/site-packages/airflow/example_dags/example_xcomargs.py took 0.064 seconds
[2023-04-27T14:24:00.437+0000] {processor.py:153} INFO - Started process (PID=17175) to work on /home/airflow/.local/lib/python3.7/site-packages/airflow/example_dags/example_xcomargs.py
[2023-04-27T14:24:00.440+0000] {processor.py:743} INFO - Processing file /home/airflow/.local/lib/python3.7/site-packages/airflow/example_dags/example_xcomargs.py for tasks to queue
[2023-04-27T14:24:00.440+0000] {logging_mixin.py:137} INFO - [2023-04-27T14:24:00.440+0000] {dagbag.py:538} INFO - Filling up the DagBag from /home/airflow/.local/lib/python3.7/site-packages/airflow/example_dags/example_xcomargs.py
[2023-04-27T14:24:00.454+0000] {processor.py:753} INFO - DAG(s) dict_keys(['example_xcom_args_with_operators', 'example_xcom_args']) retrieved from /home/airflow/.local/lib/python3.7/site-packages/airflow/example_dags/example_xcomargs.py
[2023-04-27T14:24:00.476+0000] {logging_mixin.py:137} INFO - [2023-04-27T14:24:00.476+0000] {dag.py:2676} INFO - Sync 2 DAGs
[2023-04-27T14:24:00.490+0000] {logging_mixin.py:137} INFO - [2023-04-27T14:24:00.490+0000] {dag.py:3427} INFO - Setting next_dagrun for example_xcom_args to None, run_after=None
[2023-04-27T14:24:00.492+0000] {logging_mixin.py:137} INFO - [2023-04-27T14:24:00.492+0000] {dag.py:3427} INFO - Setting next_dagrun for example_xcom_args_with_operators to None, run_after=None
[2023-04-27T14:24:00.500+0000] {processor.py:175} INFO - Processing /home/airflow/.local/lib/python3.7/site-packages/airflow/example_dags/example_xcomargs.py took 0.064 seconds
[2023-04-27T14:24:31.161+0000] {processor.py:153} INFO - Started process (PID=17285) to work on /home/airflow/.local/lib/python3.7/site-packages/airflow/example_dags/example_xcomargs.py
[2023-04-27T14:24:31.162+0000] {processor.py:743} INFO - Processing file /home/airflow/.local/lib/python3.7/site-packages/airflow/example_dags/example_xcomargs.py for tasks to queue
[2023-04-27T14:24:31.163+0000] {logging_mixin.py:137} INFO - [2023-04-27T14:24:31.163+0000] {dagbag.py:538} INFO - Filling up the DagBag from /home/airflow/.local/lib/python3.7/site-packages/airflow/example_dags/example_xcomargs.py
[2023-04-27T14:24:31.177+0000] {processor.py:753} INFO - DAG(s) dict_keys(['example_xcom_args', 'example_xcom_args_with_operators']) retrieved from /home/airflow/.local/lib/python3.7/site-packages/airflow/example_dags/example_xcomargs.py
[2023-04-27T14:24:31.201+0000] {logging_mixin.py:137} INFO - [2023-04-27T14:24:31.201+0000] {dag.py:2676} INFO - Sync 2 DAGs
[2023-04-27T14:24:31.216+0000] {logging_mixin.py:137} INFO - [2023-04-27T14:24:31.216+0000] {dag.py:3427} INFO - Setting next_dagrun for example_xcom_args to None, run_after=None
[2023-04-27T14:24:31.219+0000] {logging_mixin.py:137} INFO - [2023-04-27T14:24:31.219+0000] {dag.py:3427} INFO - Setting next_dagrun for example_xcom_args_with_operators to None, run_after=None
[2023-04-27T14:24:31.228+0000] {processor.py:175} INFO - Processing /home/airflow/.local/lib/python3.7/site-packages/airflow/example_dags/example_xcomargs.py took 0.068 seconds
[2023-04-27T14:25:02.009+0000] {processor.py:153} INFO - Started process (PID=17395) to work on /home/airflow/.local/lib/python3.7/site-packages/airflow/example_dags/example_xcomargs.py
[2023-04-27T14:25:02.010+0000] {processor.py:743} INFO - Processing file /home/airflow/.local/lib/python3.7/site-packages/airflow/example_dags/example_xcomargs.py for tasks to queue
[2023-04-27T14:25:02.010+0000] {logging_mixin.py:137} INFO - [2023-04-27T14:25:02.010+0000] {dagbag.py:538} INFO - Filling up the DagBag from /home/airflow/.local/lib/python3.7/site-packages/airflow/example_dags/example_xcomargs.py
[2023-04-27T14:25:02.024+0000] {processor.py:753} INFO - DAG(s) dict_keys(['example_xcom_args_with_operators', 'example_xcom_args']) retrieved from /home/airflow/.local/lib/python3.7/site-packages/airflow/example_dags/example_xcomargs.py
[2023-04-27T14:25:02.045+0000] {logging_mixin.py:137} INFO - [2023-04-27T14:25:02.045+0000] {dag.py:2676} INFO - Sync 2 DAGs
[2023-04-27T14:25:02.060+0000] {logging_mixin.py:137} INFO - [2023-04-27T14:25:02.060+0000] {dag.py:3427} INFO - Setting next_dagrun for example_xcom_args to None, run_after=None
[2023-04-27T14:25:02.063+0000] {logging_mixin.py:137} INFO - [2023-04-27T14:25:02.063+0000] {dag.py:3427} INFO - Setting next_dagrun for example_xcom_args_with_operators to None, run_after=None
[2023-04-27T14:25:02.071+0000] {processor.py:175} INFO - Processing /home/airflow/.local/lib/python3.7/site-packages/airflow/example_dags/example_xcomargs.py took 0.064 seconds
[2023-04-27T14:25:32.479+0000] {processor.py:153} INFO - Started process (PID=17481) to work on /home/airflow/.local/lib/python3.7/site-packages/airflow/example_dags/example_xcomargs.py
[2023-04-27T14:25:32.479+0000] {processor.py:743} INFO - Processing file /home/airflow/.local/lib/python3.7/site-packages/airflow/example_dags/example_xcomargs.py for tasks to queue
[2023-04-27T14:25:32.479+0000] {logging_mixin.py:137} INFO - [2023-04-27T14:25:32.479+0000] {dagbag.py:538} INFO - Filling up the DagBag from /home/airflow/.local/lib/python3.7/site-packages/airflow/example_dags/example_xcomargs.py
[2023-04-27T14:25:32.492+0000] {processor.py:753} INFO - DAG(s) dict_keys(['example_xcom_args_with_operators', 'example_xcom_args']) retrieved from /home/airflow/.local/lib/python3.7/site-packages/airflow/example_dags/example_xcomargs.py
[2023-04-27T14:25:32.513+0000] {logging_mixin.py:137} INFO - [2023-04-27T14:25:32.513+0000] {dag.py:2676} INFO - Sync 2 DAGs
[2023-04-27T14:25:32.528+0000] {logging_mixin.py:137} INFO - [2023-04-27T14:25:32.528+0000] {dag.py:3427} INFO - Setting next_dagrun for example_xcom_args to None, run_after=None
[2023-04-27T14:25:32.529+0000] {logging_mixin.py:137} INFO - [2023-04-27T14:25:32.529+0000] {dag.py:3427} INFO - Setting next_dagrun for example_xcom_args_with_operators to None, run_after=None
[2023-04-27T14:25:32.537+0000] {processor.py:175} INFO - Processing /home/airflow/.local/lib/python3.7/site-packages/airflow/example_dags/example_xcomargs.py took 0.060 seconds
