[2023-04-27T14:20:55.945+0000] {processor.py:153} INFO - Started process (PID=16549) to work on /home/airflow/.local/lib/python3.7/site-packages/airflow/example_dags/example_local_kubernetes_executor.py
[2023-04-27T14:20:55.946+0000] {processor.py:743} INFO - Processing file /home/airflow/.local/lib/python3.7/site-packages/airflow/example_dags/example_local_kubernetes_executor.py for tasks to queue
[2023-04-27T14:20:55.946+0000] {logging_mixin.py:137} INFO - [2023-04-27T14:20:55.946+0000] {dagbag.py:538} INFO - Filling up the DagBag from /home/airflow/.local/lib/python3.7/site-packages/airflow/example_dags/example_local_kubernetes_executor.py
[2023-04-27T14:20:55.960+0000] {processor.py:753} INFO - DAG(s) dict_keys(['example_local_kubernetes_executor']) retrieved from /home/airflow/.local/lib/python3.7/site-packages/airflow/example_dags/example_local_kubernetes_executor.py
[2023-04-27T14:20:55.981+0000] {logging_mixin.py:137} INFO - [2023-04-27T14:20:55.981+0000] {dag.py:2676} INFO - Sync 1 DAGs
[2023-04-27T14:20:55.995+0000] {logging_mixin.py:137} INFO - [2023-04-27T14:20:55.995+0000] {dag.py:3427} INFO - Setting next_dagrun for example_local_kubernetes_executor to None, run_after=None
[2023-04-27T14:20:56.003+0000] {processor.py:175} INFO - Processing /home/airflow/.local/lib/python3.7/site-packages/airflow/example_dags/example_local_kubernetes_executor.py took 0.061 seconds
[2023-04-27T14:21:26.589+0000] {processor.py:153} INFO - Started process (PID=16659) to work on /home/airflow/.local/lib/python3.7/site-packages/airflow/example_dags/example_local_kubernetes_executor.py
[2023-04-27T14:21:26.589+0000] {processor.py:743} INFO - Processing file /home/airflow/.local/lib/python3.7/site-packages/airflow/example_dags/example_local_kubernetes_executor.py for tasks to queue
[2023-04-27T14:21:26.589+0000] {logging_mixin.py:137} INFO - [2023-04-27T14:21:26.589+0000] {dagbag.py:538} INFO - Filling up the DagBag from /home/airflow/.local/lib/python3.7/site-packages/airflow/example_dags/example_local_kubernetes_executor.py
[2023-04-27T14:21:26.601+0000] {processor.py:753} INFO - DAG(s) dict_keys(['example_local_kubernetes_executor']) retrieved from /home/airflow/.local/lib/python3.7/site-packages/airflow/example_dags/example_local_kubernetes_executor.py
[2023-04-27T14:21:26.622+0000] {logging_mixin.py:137} INFO - [2023-04-27T14:21:26.622+0000] {dag.py:2676} INFO - Sync 1 DAGs
[2023-04-27T14:21:26.636+0000] {logging_mixin.py:137} INFO - [2023-04-27T14:21:26.636+0000] {dag.py:3427} INFO - Setting next_dagrun for example_local_kubernetes_executor to None, run_after=None
[2023-04-27T14:21:26.644+0000] {processor.py:175} INFO - Processing /home/airflow/.local/lib/python3.7/site-packages/airflow/example_dags/example_local_kubernetes_executor.py took 0.057 seconds
[2023-04-27T14:21:57.214+0000] {processor.py:153} INFO - Started process (PID=16754) to work on /home/airflow/.local/lib/python3.7/site-packages/airflow/example_dags/example_local_kubernetes_executor.py
[2023-04-27T14:21:57.215+0000] {processor.py:743} INFO - Processing file /home/airflow/.local/lib/python3.7/site-packages/airflow/example_dags/example_local_kubernetes_executor.py for tasks to queue
[2023-04-27T14:21:57.216+0000] {logging_mixin.py:137} INFO - [2023-04-27T14:21:57.216+0000] {dagbag.py:538} INFO - Filling up the DagBag from /home/airflow/.local/lib/python3.7/site-packages/airflow/example_dags/example_local_kubernetes_executor.py
[2023-04-27T14:21:57.237+0000] {processor.py:753} INFO - DAG(s) dict_keys(['example_local_kubernetes_executor']) retrieved from /home/airflow/.local/lib/python3.7/site-packages/airflow/example_dags/example_local_kubernetes_executor.py
[2023-04-27T14:21:57.279+0000] {logging_mixin.py:137} INFO - [2023-04-27T14:21:57.279+0000] {dag.py:2676} INFO - Sync 1 DAGs
[2023-04-27T14:21:57.301+0000] {logging_mixin.py:137} INFO - [2023-04-27T14:21:57.301+0000] {dag.py:3427} INFO - Setting next_dagrun for example_local_kubernetes_executor to None, run_after=None
[2023-04-27T14:21:57.312+0000] {processor.py:175} INFO - Processing /home/airflow/.local/lib/python3.7/site-packages/airflow/example_dags/example_local_kubernetes_executor.py took 0.100 seconds
[2023-04-27T14:22:27.977+0000] {processor.py:153} INFO - Started process (PID=16855) to work on /home/airflow/.local/lib/python3.7/site-packages/airflow/example_dags/example_local_kubernetes_executor.py
[2023-04-27T14:22:27.978+0000] {processor.py:743} INFO - Processing file /home/airflow/.local/lib/python3.7/site-packages/airflow/example_dags/example_local_kubernetes_executor.py for tasks to queue
[2023-04-27T14:22:27.978+0000] {logging_mixin.py:137} INFO - [2023-04-27T14:22:27.978+0000] {dagbag.py:538} INFO - Filling up the DagBag from /home/airflow/.local/lib/python3.7/site-packages/airflow/example_dags/example_local_kubernetes_executor.py
[2023-04-27T14:22:27.990+0000] {processor.py:753} INFO - DAG(s) dict_keys(['example_local_kubernetes_executor']) retrieved from /home/airflow/.local/lib/python3.7/site-packages/airflow/example_dags/example_local_kubernetes_executor.py
[2023-04-27T14:22:28.012+0000] {logging_mixin.py:137} INFO - [2023-04-27T14:22:28.012+0000] {dag.py:2676} INFO - Sync 1 DAGs
[2023-04-27T14:22:28.025+0000] {logging_mixin.py:137} INFO - [2023-04-27T14:22:28.025+0000] {dag.py:3427} INFO - Setting next_dagrun for example_local_kubernetes_executor to None, run_after=None
[2023-04-27T14:22:28.034+0000] {processor.py:175} INFO - Processing /home/airflow/.local/lib/python3.7/site-packages/airflow/example_dags/example_local_kubernetes_executor.py took 0.058 seconds
[2023-04-27T14:22:58.533+0000] {processor.py:153} INFO - Started process (PID=16965) to work on /home/airflow/.local/lib/python3.7/site-packages/airflow/example_dags/example_local_kubernetes_executor.py
[2023-04-27T14:22:58.533+0000] {processor.py:743} INFO - Processing file /home/airflow/.local/lib/python3.7/site-packages/airflow/example_dags/example_local_kubernetes_executor.py for tasks to queue
[2023-04-27T14:22:58.534+0000] {logging_mixin.py:137} INFO - [2023-04-27T14:22:58.533+0000] {dagbag.py:538} INFO - Filling up the DagBag from /home/airflow/.local/lib/python3.7/site-packages/airflow/example_dags/example_local_kubernetes_executor.py
[2023-04-27T14:22:58.546+0000] {processor.py:753} INFO - DAG(s) dict_keys(['example_local_kubernetes_executor']) retrieved from /home/airflow/.local/lib/python3.7/site-packages/airflow/example_dags/example_local_kubernetes_executor.py
[2023-04-27T14:22:58.567+0000] {logging_mixin.py:137} INFO - [2023-04-27T14:22:58.567+0000] {dag.py:2676} INFO - Sync 1 DAGs
[2023-04-27T14:22:58.581+0000] {logging_mixin.py:137} INFO - [2023-04-27T14:22:58.581+0000] {dag.py:3427} INFO - Setting next_dagrun for example_local_kubernetes_executor to None, run_after=None
[2023-04-27T14:22:58.590+0000] {processor.py:175} INFO - Processing /home/airflow/.local/lib/python3.7/site-packages/airflow/example_dags/example_local_kubernetes_executor.py took 0.059 seconds
[2023-04-27T14:23:29.079+0000] {processor.py:153} INFO - Started process (PID=17060) to work on /home/airflow/.local/lib/python3.7/site-packages/airflow/example_dags/example_local_kubernetes_executor.py
[2023-04-27T14:23:29.080+0000] {processor.py:743} INFO - Processing file /home/airflow/.local/lib/python3.7/site-packages/airflow/example_dags/example_local_kubernetes_executor.py for tasks to queue
[2023-04-27T14:23:29.080+0000] {logging_mixin.py:137} INFO - [2023-04-27T14:23:29.080+0000] {dagbag.py:538} INFO - Filling up the DagBag from /home/airflow/.local/lib/python3.7/site-packages/airflow/example_dags/example_local_kubernetes_executor.py
[2023-04-27T14:23:29.093+0000] {processor.py:753} INFO - DAG(s) dict_keys(['example_local_kubernetes_executor']) retrieved from /home/airflow/.local/lib/python3.7/site-packages/airflow/example_dags/example_local_kubernetes_executor.py
[2023-04-27T14:23:29.115+0000] {logging_mixin.py:137} INFO - [2023-04-27T14:23:29.115+0000] {dag.py:2676} INFO - Sync 1 DAGs
[2023-04-27T14:23:29.130+0000] {logging_mixin.py:137} INFO - [2023-04-27T14:23:29.130+0000] {dag.py:3427} INFO - Setting next_dagrun for example_local_kubernetes_executor to None, run_after=None
[2023-04-27T14:23:29.139+0000] {processor.py:175} INFO - Processing /home/airflow/.local/lib/python3.7/site-packages/airflow/example_dags/example_local_kubernetes_executor.py took 0.061 seconds
[2023-04-27T14:23:59.899+0000] {processor.py:153} INFO - Started process (PID=17161) to work on /home/airflow/.local/lib/python3.7/site-packages/airflow/example_dags/example_local_kubernetes_executor.py
[2023-04-27T14:23:59.899+0000] {processor.py:743} INFO - Processing file /home/airflow/.local/lib/python3.7/site-packages/airflow/example_dags/example_local_kubernetes_executor.py for tasks to queue
[2023-04-27T14:23:59.900+0000] {logging_mixin.py:137} INFO - [2023-04-27T14:23:59.900+0000] {dagbag.py:538} INFO - Filling up the DagBag from /home/airflow/.local/lib/python3.7/site-packages/airflow/example_dags/example_local_kubernetes_executor.py
[2023-04-27T14:23:59.912+0000] {processor.py:753} INFO - DAG(s) dict_keys(['example_local_kubernetes_executor']) retrieved from /home/airflow/.local/lib/python3.7/site-packages/airflow/example_dags/example_local_kubernetes_executor.py
[2023-04-27T14:23:59.934+0000] {logging_mixin.py:137} INFO - [2023-04-27T14:23:59.934+0000] {dag.py:2676} INFO - Sync 1 DAGs
[2023-04-27T14:23:59.948+0000] {logging_mixin.py:137} INFO - [2023-04-27T14:23:59.948+0000] {dag.py:3427} INFO - Setting next_dagrun for example_local_kubernetes_executor to None, run_after=None
[2023-04-27T14:23:59.957+0000] {processor.py:175} INFO - Processing /home/airflow/.local/lib/python3.7/site-packages/airflow/example_dags/example_local_kubernetes_executor.py took 0.059 seconds
[2023-04-27T14:24:30.582+0000] {processor.py:153} INFO - Started process (PID=17271) to work on /home/airflow/.local/lib/python3.7/site-packages/airflow/example_dags/example_local_kubernetes_executor.py
[2023-04-27T14:24:30.583+0000] {processor.py:743} INFO - Processing file /home/airflow/.local/lib/python3.7/site-packages/airflow/example_dags/example_local_kubernetes_executor.py for tasks to queue
[2023-04-27T14:24:30.583+0000] {logging_mixin.py:137} INFO - [2023-04-27T14:24:30.583+0000] {dagbag.py:538} INFO - Filling up the DagBag from /home/airflow/.local/lib/python3.7/site-packages/airflow/example_dags/example_local_kubernetes_executor.py
[2023-04-27T14:24:30.598+0000] {processor.py:753} INFO - DAG(s) dict_keys(['example_local_kubernetes_executor']) retrieved from /home/airflow/.local/lib/python3.7/site-packages/airflow/example_dags/example_local_kubernetes_executor.py
[2023-04-27T14:24:30.624+0000] {logging_mixin.py:137} INFO - [2023-04-27T14:24:30.623+0000] {dag.py:2676} INFO - Sync 1 DAGs
[2023-04-27T14:24:30.639+0000] {logging_mixin.py:137} INFO - [2023-04-27T14:24:30.639+0000] {dag.py:3427} INFO - Setting next_dagrun for example_local_kubernetes_executor to None, run_after=None
[2023-04-27T14:24:30.649+0000] {processor.py:175} INFO - Processing /home/airflow/.local/lib/python3.7/site-packages/airflow/example_dags/example_local_kubernetes_executor.py took 0.069 seconds
[2023-04-27T14:25:01.369+0000] {processor.py:153} INFO - Started process (PID=17366) to work on /home/airflow/.local/lib/python3.7/site-packages/airflow/example_dags/example_local_kubernetes_executor.py
[2023-04-27T14:25:01.370+0000] {processor.py:743} INFO - Processing file /home/airflow/.local/lib/python3.7/site-packages/airflow/example_dags/example_local_kubernetes_executor.py for tasks to queue
[2023-04-27T14:25:01.370+0000] {logging_mixin.py:137} INFO - [2023-04-27T14:25:01.370+0000] {dagbag.py:538} INFO - Filling up the DagBag from /home/airflow/.local/lib/python3.7/site-packages/airflow/example_dags/example_local_kubernetes_executor.py
[2023-04-27T14:25:01.383+0000] {processor.py:753} INFO - DAG(s) dict_keys(['example_local_kubernetes_executor']) retrieved from /home/airflow/.local/lib/python3.7/site-packages/airflow/example_dags/example_local_kubernetes_executor.py
[2023-04-27T14:25:01.406+0000] {logging_mixin.py:137} INFO - [2023-04-27T14:25:01.406+0000] {dag.py:2676} INFO - Sync 1 DAGs
[2023-04-27T14:25:01.420+0000] {logging_mixin.py:137} INFO - [2023-04-27T14:25:01.420+0000] {dag.py:3427} INFO - Setting next_dagrun for example_local_kubernetes_executor to None, run_after=None
[2023-04-27T14:25:01.430+0000] {processor.py:175} INFO - Processing /home/airflow/.local/lib/python3.7/site-packages/airflow/example_dags/example_local_kubernetes_executor.py took 0.062 seconds
[2023-04-27T14:25:31.953+0000] {processor.py:153} INFO - Started process (PID=17467) to work on /home/airflow/.local/lib/python3.7/site-packages/airflow/example_dags/example_local_kubernetes_executor.py
[2023-04-27T14:25:31.953+0000] {processor.py:743} INFO - Processing file /home/airflow/.local/lib/python3.7/site-packages/airflow/example_dags/example_local_kubernetes_executor.py for tasks to queue
[2023-04-27T14:25:31.953+0000] {logging_mixin.py:137} INFO - [2023-04-27T14:25:31.953+0000] {dagbag.py:538} INFO - Filling up the DagBag from /home/airflow/.local/lib/python3.7/site-packages/airflow/example_dags/example_local_kubernetes_executor.py
[2023-04-27T14:25:31.970+0000] {processor.py:753} INFO - DAG(s) dict_keys(['example_local_kubernetes_executor']) retrieved from /home/airflow/.local/lib/python3.7/site-packages/airflow/example_dags/example_local_kubernetes_executor.py
[2023-04-27T14:25:31.996+0000] {logging_mixin.py:137} INFO - [2023-04-27T14:25:31.996+0000] {dag.py:2676} INFO - Sync 1 DAGs
[2023-04-27T14:25:32.010+0000] {logging_mixin.py:137} INFO - [2023-04-27T14:25:32.010+0000] {dag.py:3427} INFO - Setting next_dagrun for example_local_kubernetes_executor to None, run_after=None
[2023-04-27T14:25:32.020+0000] {processor.py:175} INFO - Processing /home/airflow/.local/lib/python3.7/site-packages/airflow/example_dags/example_local_kubernetes_executor.py took 0.069 seconds
[2023-04-27T14:26:02.499+0000] {processor.py:153} INFO - Started process (PID=17577) to work on /home/airflow/.local/lib/python3.7/site-packages/airflow/example_dags/example_local_kubernetes_executor.py
[2023-04-27T14:26:02.500+0000] {processor.py:743} INFO - Processing file /home/airflow/.local/lib/python3.7/site-packages/airflow/example_dags/example_local_kubernetes_executor.py for tasks to queue
[2023-04-27T14:26:02.500+0000] {logging_mixin.py:137} INFO - [2023-04-27T14:26:02.500+0000] {dagbag.py:538} INFO - Filling up the DagBag from /home/airflow/.local/lib/python3.7/site-packages/airflow/example_dags/example_local_kubernetes_executor.py
[2023-04-27T14:26:02.513+0000] {processor.py:753} INFO - DAG(s) dict_keys(['example_local_kubernetes_executor']) retrieved from /home/airflow/.local/lib/python3.7/site-packages/airflow/example_dags/example_local_kubernetes_executor.py
[2023-04-27T14:26:02.534+0000] {logging_mixin.py:137} INFO - [2023-04-27T14:26:02.534+0000] {dag.py:2676} INFO - Sync 1 DAGs
[2023-04-27T14:26:02.548+0000] {logging_mixin.py:137} INFO - [2023-04-27T14:26:02.547+0000] {dag.py:3427} INFO - Setting next_dagrun for example_local_kubernetes_executor to None, run_after=None
[2023-04-27T14:26:02.556+0000] {processor.py:175} INFO - Processing /home/airflow/.local/lib/python3.7/site-packages/airflow/example_dags/example_local_kubernetes_executor.py took 0.058 seconds
