[2023-04-27T14:20:59.173+0000] {processor.py:153} INFO - Started process (PID=16586) to work on /home/airflow/.local/lib/python3.7/site-packages/airflow/example_dags/example_python_operator.py
[2023-04-27T14:20:59.174+0000] {processor.py:743} INFO - Processing file /home/airflow/.local/lib/python3.7/site-packages/airflow/example_dags/example_python_operator.py for tasks to queue
[2023-04-27T14:20:59.174+0000] {logging_mixin.py:137} INFO - [2023-04-27T14:20:59.174+0000] {dagbag.py:538} INFO - Filling up the DagBag from /home/airflow/.local/lib/python3.7/site-packages/airflow/example_dags/example_python_operator.py
[2023-04-27T14:20:59.184+0000] {logging_mixin.py:137} INFO - [2023-04-27T14:20:59.184+0000] {taskmixin.py:205} WARNING - Dependency <Task(_PythonDecoratedOperator): print_the_context>, log_sql_query already registered for DAG: example_python_operator
[2023-04-27T14:20:59.184+0000] {logging_mixin.py:137} INFO - [2023-04-27T14:20:59.184+0000] {taskmixin.py:205} WARNING - Dependency <Task(_PythonDecoratedOperator): log_sql_query>, print_the_context already registered for DAG: example_python_operator
[2023-04-27T14:20:59.185+0000] {logging_mixin.py:137} INFO - [2023-04-27T14:20:59.185+0000] {taskmixin.py:205} WARNING - Dependency <Task(_PythonDecoratedOperator): print_the_context>, log_sql_query already registered for DAG: example_python_operator
[2023-04-27T14:20:59.185+0000] {logging_mixin.py:137} INFO - [2023-04-27T14:20:59.185+0000] {taskmixin.py:205} WARNING - Dependency <Task(_PythonDecoratedOperator): log_sql_query>, print_the_context already registered for DAG: example_python_operator
[2023-04-27T14:20:59.185+0000] {logging_mixin.py:137} INFO - [2023-04-27T14:20:59.185+0000] {taskmixin.py:205} WARNING - Dependency <Task(_PythonDecoratedOperator): print_the_context>, log_sql_query already registered for DAG: example_python_operator
[2023-04-27T14:20:59.185+0000] {logging_mixin.py:137} INFO - [2023-04-27T14:20:59.185+0000] {taskmixin.py:205} WARNING - Dependency <Task(_PythonDecoratedOperator): log_sql_query>, print_the_context already registered for DAG: example_python_operator
[2023-04-27T14:20:59.186+0000] {logging_mixin.py:137} INFO - [2023-04-27T14:20:59.186+0000] {taskmixin.py:205} WARNING - Dependency <Task(_PythonDecoratedOperator): print_the_context>, log_sql_query already registered for DAG: example_python_operator
[2023-04-27T14:20:59.186+0000] {logging_mixin.py:137} INFO - [2023-04-27T14:20:59.186+0000] {taskmixin.py:205} WARNING - Dependency <Task(_PythonDecoratedOperator): log_sql_query>, print_the_context already registered for DAG: example_python_operator
[2023-04-27T14:20:59.190+0000] {processor.py:753} INFO - DAG(s) dict_keys(['example_python_operator']) retrieved from /home/airflow/.local/lib/python3.7/site-packages/airflow/example_dags/example_python_operator.py
[2023-04-27T14:20:59.212+0000] {logging_mixin.py:137} INFO - [2023-04-27T14:20:59.212+0000] {dag.py:2676} INFO - Sync 1 DAGs
[2023-04-27T14:20:59.226+0000] {logging_mixin.py:137} INFO - [2023-04-27T14:20:59.226+0000] {dag.py:3427} INFO - Setting next_dagrun for example_python_operator to None, run_after=None
[2023-04-27T14:20:59.237+0000] {processor.py:175} INFO - Processing /home/airflow/.local/lib/python3.7/site-packages/airflow/example_dags/example_python_operator.py took 0.066 seconds
[2023-04-27T14:21:29.769+0000] {processor.py:153} INFO - Started process (PID=16687) to work on /home/airflow/.local/lib/python3.7/site-packages/airflow/example_dags/example_python_operator.py
[2023-04-27T14:21:29.769+0000] {processor.py:743} INFO - Processing file /home/airflow/.local/lib/python3.7/site-packages/airflow/example_dags/example_python_operator.py for tasks to queue
[2023-04-27T14:21:29.770+0000] {logging_mixin.py:137} INFO - [2023-04-27T14:21:29.770+0000] {dagbag.py:538} INFO - Filling up the DagBag from /home/airflow/.local/lib/python3.7/site-packages/airflow/example_dags/example_python_operator.py
[2023-04-27T14:21:29.779+0000] {logging_mixin.py:137} INFO - [2023-04-27T14:21:29.779+0000] {taskmixin.py:205} WARNING - Dependency <Task(_PythonDecoratedOperator): print_the_context>, log_sql_query already registered for DAG: example_python_operator
[2023-04-27T14:21:29.780+0000] {logging_mixin.py:137} INFO - [2023-04-27T14:21:29.780+0000] {taskmixin.py:205} WARNING - Dependency <Task(_PythonDecoratedOperator): log_sql_query>, print_the_context already registered for DAG: example_python_operator
[2023-04-27T14:21:29.780+0000] {logging_mixin.py:137} INFO - [2023-04-27T14:21:29.780+0000] {taskmixin.py:205} WARNING - Dependency <Task(_PythonDecoratedOperator): print_the_context>, log_sql_query already registered for DAG: example_python_operator
[2023-04-27T14:21:29.780+0000] {logging_mixin.py:137} INFO - [2023-04-27T14:21:29.780+0000] {taskmixin.py:205} WARNING - Dependency <Task(_PythonDecoratedOperator): log_sql_query>, print_the_context already registered for DAG: example_python_operator
[2023-04-27T14:21:29.780+0000] {logging_mixin.py:137} INFO - [2023-04-27T14:21:29.780+0000] {taskmixin.py:205} WARNING - Dependency <Task(_PythonDecoratedOperator): print_the_context>, log_sql_query already registered for DAG: example_python_operator
[2023-04-27T14:21:29.780+0000] {logging_mixin.py:137} INFO - [2023-04-27T14:21:29.780+0000] {taskmixin.py:205} WARNING - Dependency <Task(_PythonDecoratedOperator): log_sql_query>, print_the_context already registered for DAG: example_python_operator
[2023-04-27T14:21:29.781+0000] {logging_mixin.py:137} INFO - [2023-04-27T14:21:29.781+0000] {taskmixin.py:205} WARNING - Dependency <Task(_PythonDecoratedOperator): print_the_context>, log_sql_query already registered for DAG: example_python_operator
[2023-04-27T14:21:29.781+0000] {logging_mixin.py:137} INFO - [2023-04-27T14:21:29.781+0000] {taskmixin.py:205} WARNING - Dependency <Task(_PythonDecoratedOperator): log_sql_query>, print_the_context already registered for DAG: example_python_operator
[2023-04-27T14:21:29.785+0000] {processor.py:753} INFO - DAG(s) dict_keys(['example_python_operator']) retrieved from /home/airflow/.local/lib/python3.7/site-packages/airflow/example_dags/example_python_operator.py
[2023-04-27T14:21:29.806+0000] {logging_mixin.py:137} INFO - [2023-04-27T14:21:29.806+0000] {dag.py:2676} INFO - Sync 1 DAGs
[2023-04-27T14:21:29.822+0000] {logging_mixin.py:137} INFO - [2023-04-27T14:21:29.822+0000] {dag.py:3427} INFO - Setting next_dagrun for example_python_operator to None, run_after=None
[2023-04-27T14:21:29.834+0000] {processor.py:175} INFO - Processing /home/airflow/.local/lib/python3.7/site-packages/airflow/example_dags/example_python_operator.py took 0.066 seconds
[2023-04-27T14:22:00.506+0000] {processor.py:153} INFO - Started process (PID=16797) to work on /home/airflow/.local/lib/python3.7/site-packages/airflow/example_dags/example_python_operator.py
[2023-04-27T14:22:00.507+0000] {processor.py:743} INFO - Processing file /home/airflow/.local/lib/python3.7/site-packages/airflow/example_dags/example_python_operator.py for tasks to queue
[2023-04-27T14:22:00.507+0000] {logging_mixin.py:137} INFO - [2023-04-27T14:22:00.507+0000] {dagbag.py:538} INFO - Filling up the DagBag from /home/airflow/.local/lib/python3.7/site-packages/airflow/example_dags/example_python_operator.py
[2023-04-27T14:22:00.518+0000] {logging_mixin.py:137} INFO - [2023-04-27T14:22:00.518+0000] {taskmixin.py:205} WARNING - Dependency <Task(_PythonDecoratedOperator): print_the_context>, log_sql_query already registered for DAG: example_python_operator
[2023-04-27T14:22:00.518+0000] {logging_mixin.py:137} INFO - [2023-04-27T14:22:00.518+0000] {taskmixin.py:205} WARNING - Dependency <Task(_PythonDecoratedOperator): log_sql_query>, print_the_context already registered for DAG: example_python_operator
[2023-04-27T14:22:00.518+0000] {logging_mixin.py:137} INFO - [2023-04-27T14:22:00.518+0000] {taskmixin.py:205} WARNING - Dependency <Task(_PythonDecoratedOperator): print_the_context>, log_sql_query already registered for DAG: example_python_operator
[2023-04-27T14:22:00.518+0000] {logging_mixin.py:137} INFO - [2023-04-27T14:22:00.518+0000] {taskmixin.py:205} WARNING - Dependency <Task(_PythonDecoratedOperator): log_sql_query>, print_the_context already registered for DAG: example_python_operator
[2023-04-27T14:22:00.519+0000] {logging_mixin.py:137} INFO - [2023-04-27T14:22:00.519+0000] {taskmixin.py:205} WARNING - Dependency <Task(_PythonDecoratedOperator): print_the_context>, log_sql_query already registered for DAG: example_python_operator
[2023-04-27T14:22:00.519+0000] {logging_mixin.py:137} INFO - [2023-04-27T14:22:00.519+0000] {taskmixin.py:205} WARNING - Dependency <Task(_PythonDecoratedOperator): log_sql_query>, print_the_context already registered for DAG: example_python_operator
[2023-04-27T14:22:00.519+0000] {logging_mixin.py:137} INFO - [2023-04-27T14:22:00.519+0000] {taskmixin.py:205} WARNING - Dependency <Task(_PythonDecoratedOperator): print_the_context>, log_sql_query already registered for DAG: example_python_operator
[2023-04-27T14:22:00.519+0000] {logging_mixin.py:137} INFO - [2023-04-27T14:22:00.519+0000] {taskmixin.py:205} WARNING - Dependency <Task(_PythonDecoratedOperator): log_sql_query>, print_the_context already registered for DAG: example_python_operator
[2023-04-27T14:22:00.523+0000] {processor.py:753} INFO - DAG(s) dict_keys(['example_python_operator']) retrieved from /home/airflow/.local/lib/python3.7/site-packages/airflow/example_dags/example_python_operator.py
[2023-04-27T14:22:00.548+0000] {logging_mixin.py:137} INFO - [2023-04-27T14:22:00.548+0000] {dag.py:2676} INFO - Sync 1 DAGs
[2023-04-27T14:22:00.562+0000] {logging_mixin.py:137} INFO - [2023-04-27T14:22:00.562+0000] {dag.py:3427} INFO - Setting next_dagrun for example_python_operator to None, run_after=None
[2023-04-27T14:22:00.572+0000] {processor.py:175} INFO - Processing /home/airflow/.local/lib/python3.7/site-packages/airflow/example_dags/example_python_operator.py took 0.067 seconds
[2023-04-27T14:22:31.034+0000] {processor.py:153} INFO - Started process (PID=16883) to work on /home/airflow/.local/lib/python3.7/site-packages/airflow/example_dags/example_python_operator.py
[2023-04-27T14:22:31.034+0000] {processor.py:743} INFO - Processing file /home/airflow/.local/lib/python3.7/site-packages/airflow/example_dags/example_python_operator.py for tasks to queue
[2023-04-27T14:22:31.034+0000] {logging_mixin.py:137} INFO - [2023-04-27T14:22:31.034+0000] {dagbag.py:538} INFO - Filling up the DagBag from /home/airflow/.local/lib/python3.7/site-packages/airflow/example_dags/example_python_operator.py
[2023-04-27T14:22:31.044+0000] {logging_mixin.py:137} INFO - [2023-04-27T14:22:31.044+0000] {taskmixin.py:205} WARNING - Dependency <Task(_PythonDecoratedOperator): print_the_context>, log_sql_query already registered for DAG: example_python_operator
[2023-04-27T14:22:31.044+0000] {logging_mixin.py:137} INFO - [2023-04-27T14:22:31.044+0000] {taskmixin.py:205} WARNING - Dependency <Task(_PythonDecoratedOperator): log_sql_query>, print_the_context already registered for DAG: example_python_operator
[2023-04-27T14:22:31.045+0000] {logging_mixin.py:137} INFO - [2023-04-27T14:22:31.045+0000] {taskmixin.py:205} WARNING - Dependency <Task(_PythonDecoratedOperator): print_the_context>, log_sql_query already registered for DAG: example_python_operator
[2023-04-27T14:22:31.045+0000] {logging_mixin.py:137} INFO - [2023-04-27T14:22:31.045+0000] {taskmixin.py:205} WARNING - Dependency <Task(_PythonDecoratedOperator): log_sql_query>, print_the_context already registered for DAG: example_python_operator
[2023-04-27T14:22:31.045+0000] {logging_mixin.py:137} INFO - [2023-04-27T14:22:31.045+0000] {taskmixin.py:205} WARNING - Dependency <Task(_PythonDecoratedOperator): print_the_context>, log_sql_query already registered for DAG: example_python_operator
[2023-04-27T14:22:31.045+0000] {logging_mixin.py:137} INFO - [2023-04-27T14:22:31.045+0000] {taskmixin.py:205} WARNING - Dependency <Task(_PythonDecoratedOperator): log_sql_query>, print_the_context already registered for DAG: example_python_operator
[2023-04-27T14:22:31.046+0000] {logging_mixin.py:137} INFO - [2023-04-27T14:22:31.046+0000] {taskmixin.py:205} WARNING - Dependency <Task(_PythonDecoratedOperator): print_the_context>, log_sql_query already registered for DAG: example_python_operator
[2023-04-27T14:22:31.046+0000] {logging_mixin.py:137} INFO - [2023-04-27T14:22:31.046+0000] {taskmixin.py:205} WARNING - Dependency <Task(_PythonDecoratedOperator): log_sql_query>, print_the_context already registered for DAG: example_python_operator
[2023-04-27T14:22:31.050+0000] {processor.py:753} INFO - DAG(s) dict_keys(['example_python_operator']) retrieved from /home/airflow/.local/lib/python3.7/site-packages/airflow/example_dags/example_python_operator.py
[2023-04-27T14:22:31.104+0000] {logging_mixin.py:137} INFO - [2023-04-27T14:22:31.104+0000] {dag.py:2676} INFO - Sync 1 DAGs
[2023-04-27T14:22:31.117+0000] {logging_mixin.py:137} INFO - [2023-04-27T14:22:31.117+0000] {dag.py:3427} INFO - Setting next_dagrun for example_python_operator to None, run_after=None
[2023-04-27T14:22:31.127+0000] {processor.py:175} INFO - Processing /home/airflow/.local/lib/python3.7/site-packages/airflow/example_dags/example_python_operator.py took 0.094 seconds
[2023-04-27T14:23:01.600+0000] {processor.py:153} INFO - Started process (PID=16993) to work on /home/airflow/.local/lib/python3.7/site-packages/airflow/example_dags/example_python_operator.py
[2023-04-27T14:23:01.600+0000] {processor.py:743} INFO - Processing file /home/airflow/.local/lib/python3.7/site-packages/airflow/example_dags/example_python_operator.py for tasks to queue
[2023-04-27T14:23:01.601+0000] {logging_mixin.py:137} INFO - [2023-04-27T14:23:01.600+0000] {dagbag.py:538} INFO - Filling up the DagBag from /home/airflow/.local/lib/python3.7/site-packages/airflow/example_dags/example_python_operator.py
[2023-04-27T14:23:01.610+0000] {logging_mixin.py:137} INFO - [2023-04-27T14:23:01.610+0000] {taskmixin.py:205} WARNING - Dependency <Task(_PythonDecoratedOperator): print_the_context>, log_sql_query already registered for DAG: example_python_operator
[2023-04-27T14:23:01.610+0000] {logging_mixin.py:137} INFO - [2023-04-27T14:23:01.610+0000] {taskmixin.py:205} WARNING - Dependency <Task(_PythonDecoratedOperator): log_sql_query>, print_the_context already registered for DAG: example_python_operator
[2023-04-27T14:23:01.610+0000] {logging_mixin.py:137} INFO - [2023-04-27T14:23:01.610+0000] {taskmixin.py:205} WARNING - Dependency <Task(_PythonDecoratedOperator): print_the_context>, log_sql_query already registered for DAG: example_python_operator
[2023-04-27T14:23:01.610+0000] {logging_mixin.py:137} INFO - [2023-04-27T14:23:01.610+0000] {taskmixin.py:205} WARNING - Dependency <Task(_PythonDecoratedOperator): log_sql_query>, print_the_context already registered for DAG: example_python_operator
[2023-04-27T14:23:01.611+0000] {logging_mixin.py:137} INFO - [2023-04-27T14:23:01.610+0000] {taskmixin.py:205} WARNING - Dependency <Task(_PythonDecoratedOperator): print_the_context>, log_sql_query already registered for DAG: example_python_operator
[2023-04-27T14:23:01.611+0000] {logging_mixin.py:137} INFO - [2023-04-27T14:23:01.611+0000] {taskmixin.py:205} WARNING - Dependency <Task(_PythonDecoratedOperator): log_sql_query>, print_the_context already registered for DAG: example_python_operator
[2023-04-27T14:23:01.611+0000] {logging_mixin.py:137} INFO - [2023-04-27T14:23:01.611+0000] {taskmixin.py:205} WARNING - Dependency <Task(_PythonDecoratedOperator): print_the_context>, log_sql_query already registered for DAG: example_python_operator
[2023-04-27T14:23:01.611+0000] {logging_mixin.py:137} INFO - [2023-04-27T14:23:01.611+0000] {taskmixin.py:205} WARNING - Dependency <Task(_PythonDecoratedOperator): log_sql_query>, print_the_context already registered for DAG: example_python_operator
[2023-04-27T14:23:01.615+0000] {processor.py:753} INFO - DAG(s) dict_keys(['example_python_operator']) retrieved from /home/airflow/.local/lib/python3.7/site-packages/airflow/example_dags/example_python_operator.py
[2023-04-27T14:23:01.635+0000] {logging_mixin.py:137} INFO - [2023-04-27T14:23:01.635+0000] {dag.py:2676} INFO - Sync 1 DAGs
[2023-04-27T14:23:01.648+0000] {logging_mixin.py:137} INFO - [2023-04-27T14:23:01.648+0000] {dag.py:3427} INFO - Setting next_dagrun for example_python_operator to None, run_after=None
[2023-04-27T14:23:01.658+0000] {processor.py:175} INFO - Processing /home/airflow/.local/lib/python3.7/site-packages/airflow/example_dags/example_python_operator.py took 0.059 seconds
[2023-04-27T14:23:32.410+0000] {processor.py:153} INFO - Started process (PID=17103) to work on /home/airflow/.local/lib/python3.7/site-packages/airflow/example_dags/example_python_operator.py
[2023-04-27T14:23:32.410+0000] {processor.py:743} INFO - Processing file /home/airflow/.local/lib/python3.7/site-packages/airflow/example_dags/example_python_operator.py for tasks to queue
[2023-04-27T14:23:32.410+0000] {logging_mixin.py:137} INFO - [2023-04-27T14:23:32.410+0000] {dagbag.py:538} INFO - Filling up the DagBag from /home/airflow/.local/lib/python3.7/site-packages/airflow/example_dags/example_python_operator.py
[2023-04-27T14:23:32.422+0000] {logging_mixin.py:137} INFO - [2023-04-27T14:23:32.422+0000] {taskmixin.py:205} WARNING - Dependency <Task(_PythonDecoratedOperator): print_the_context>, log_sql_query already registered for DAG: example_python_operator
[2023-04-27T14:23:32.423+0000] {logging_mixin.py:137} INFO - [2023-04-27T14:23:32.422+0000] {taskmixin.py:205} WARNING - Dependency <Task(_PythonDecoratedOperator): log_sql_query>, print_the_context already registered for DAG: example_python_operator
[2023-04-27T14:23:32.423+0000] {logging_mixin.py:137} INFO - [2023-04-27T14:23:32.423+0000] {taskmixin.py:205} WARNING - Dependency <Task(_PythonDecoratedOperator): print_the_context>, log_sql_query already registered for DAG: example_python_operator
[2023-04-27T14:23:32.423+0000] {logging_mixin.py:137} INFO - [2023-04-27T14:23:32.423+0000] {taskmixin.py:205} WARNING - Dependency <Task(_PythonDecoratedOperator): log_sql_query>, print_the_context already registered for DAG: example_python_operator
[2023-04-27T14:23:32.423+0000] {logging_mixin.py:137} INFO - [2023-04-27T14:23:32.423+0000] {taskmixin.py:205} WARNING - Dependency <Task(_PythonDecoratedOperator): print_the_context>, log_sql_query already registered for DAG: example_python_operator
[2023-04-27T14:23:32.423+0000] {logging_mixin.py:137} INFO - [2023-04-27T14:23:32.423+0000] {taskmixin.py:205} WARNING - Dependency <Task(_PythonDecoratedOperator): log_sql_query>, print_the_context already registered for DAG: example_python_operator
[2023-04-27T14:23:32.424+0000] {logging_mixin.py:137} INFO - [2023-04-27T14:23:32.424+0000] {taskmixin.py:205} WARNING - Dependency <Task(_PythonDecoratedOperator): print_the_context>, log_sql_query already registered for DAG: example_python_operator
[2023-04-27T14:23:32.424+0000] {logging_mixin.py:137} INFO - [2023-04-27T14:23:32.424+0000] {taskmixin.py:205} WARNING - Dependency <Task(_PythonDecoratedOperator): log_sql_query>, print_the_context already registered for DAG: example_python_operator
[2023-04-27T14:23:32.428+0000] {processor.py:753} INFO - DAG(s) dict_keys(['example_python_operator']) retrieved from /home/airflow/.local/lib/python3.7/site-packages/airflow/example_dags/example_python_operator.py
[2023-04-27T14:23:32.453+0000] {logging_mixin.py:137} INFO - [2023-04-27T14:23:32.453+0000] {dag.py:2676} INFO - Sync 1 DAGs
[2023-04-27T14:23:32.469+0000] {logging_mixin.py:137} INFO - [2023-04-27T14:23:32.469+0000] {dag.py:3427} INFO - Setting next_dagrun for example_python_operator to None, run_after=None
[2023-04-27T14:23:32.478+0000] {processor.py:175} INFO - Processing /home/airflow/.local/lib/python3.7/site-packages/airflow/example_dags/example_python_operator.py took 0.070 seconds
[2023-04-27T14:24:03.068+0000] {processor.py:153} INFO - Started process (PID=17196) to work on /home/airflow/.local/lib/python3.7/site-packages/airflow/example_dags/example_python_operator.py
[2023-04-27T14:24:03.069+0000] {processor.py:743} INFO - Processing file /home/airflow/.local/lib/python3.7/site-packages/airflow/example_dags/example_python_operator.py for tasks to queue
[2023-04-27T14:24:03.069+0000] {logging_mixin.py:137} INFO - [2023-04-27T14:24:03.069+0000] {dagbag.py:538} INFO - Filling up the DagBag from /home/airflow/.local/lib/python3.7/site-packages/airflow/example_dags/example_python_operator.py
[2023-04-27T14:24:03.079+0000] {logging_mixin.py:137} INFO - [2023-04-27T14:24:03.079+0000] {taskmixin.py:205} WARNING - Dependency <Task(_PythonDecoratedOperator): print_the_context>, log_sql_query already registered for DAG: example_python_operator
[2023-04-27T14:24:03.079+0000] {logging_mixin.py:137} INFO - [2023-04-27T14:24:03.079+0000] {taskmixin.py:205} WARNING - Dependency <Task(_PythonDecoratedOperator): log_sql_query>, print_the_context already registered for DAG: example_python_operator
[2023-04-27T14:24:03.079+0000] {logging_mixin.py:137} INFO - [2023-04-27T14:24:03.079+0000] {taskmixin.py:205} WARNING - Dependency <Task(_PythonDecoratedOperator): print_the_context>, log_sql_query already registered for DAG: example_python_operator
[2023-04-27T14:24:03.080+0000] {logging_mixin.py:137} INFO - [2023-04-27T14:24:03.079+0000] {taskmixin.py:205} WARNING - Dependency <Task(_PythonDecoratedOperator): log_sql_query>, print_the_context already registered for DAG: example_python_operator
[2023-04-27T14:24:03.080+0000] {logging_mixin.py:137} INFO - [2023-04-27T14:24:03.080+0000] {taskmixin.py:205} WARNING - Dependency <Task(_PythonDecoratedOperator): print_the_context>, log_sql_query already registered for DAG: example_python_operator
[2023-04-27T14:24:03.080+0000] {logging_mixin.py:137} INFO - [2023-04-27T14:24:03.080+0000] {taskmixin.py:205} WARNING - Dependency <Task(_PythonDecoratedOperator): log_sql_query>, print_the_context already registered for DAG: example_python_operator
[2023-04-27T14:24:03.080+0000] {logging_mixin.py:137} INFO - [2023-04-27T14:24:03.080+0000] {taskmixin.py:205} WARNING - Dependency <Task(_PythonDecoratedOperator): print_the_context>, log_sql_query already registered for DAG: example_python_operator
[2023-04-27T14:24:03.080+0000] {logging_mixin.py:137} INFO - [2023-04-27T14:24:03.080+0000] {taskmixin.py:205} WARNING - Dependency <Task(_PythonDecoratedOperator): log_sql_query>, print_the_context already registered for DAG: example_python_operator
[2023-04-27T14:24:03.084+0000] {processor.py:753} INFO - DAG(s) dict_keys(['example_python_operator']) retrieved from /home/airflow/.local/lib/python3.7/site-packages/airflow/example_dags/example_python_operator.py
[2023-04-27T14:24:03.107+0000] {logging_mixin.py:137} INFO - [2023-04-27T14:24:03.107+0000] {dag.py:2676} INFO - Sync 1 DAGs
[2023-04-27T14:24:03.121+0000] {logging_mixin.py:137} INFO - [2023-04-27T14:24:03.121+0000] {dag.py:3427} INFO - Setting next_dagrun for example_python_operator to None, run_after=None
[2023-04-27T14:24:03.130+0000] {processor.py:175} INFO - Processing /home/airflow/.local/lib/python3.7/site-packages/airflow/example_dags/example_python_operator.py took 0.064 seconds
[2023-04-27T14:24:33.938+0000] {processor.py:153} INFO - Started process (PID=17299) to work on /home/airflow/.local/lib/python3.7/site-packages/airflow/example_dags/example_python_operator.py
[2023-04-27T14:24:33.938+0000] {processor.py:743} INFO - Processing file /home/airflow/.local/lib/python3.7/site-packages/airflow/example_dags/example_python_operator.py for tasks to queue
[2023-04-27T14:24:33.938+0000] {logging_mixin.py:137} INFO - [2023-04-27T14:24:33.938+0000] {dagbag.py:538} INFO - Filling up the DagBag from /home/airflow/.local/lib/python3.7/site-packages/airflow/example_dags/example_python_operator.py
[2023-04-27T14:24:33.950+0000] {logging_mixin.py:137} INFO - [2023-04-27T14:24:33.949+0000] {taskmixin.py:205} WARNING - Dependency <Task(_PythonDecoratedOperator): print_the_context>, log_sql_query already registered for DAG: example_python_operator
[2023-04-27T14:24:33.950+0000] {logging_mixin.py:137} INFO - [2023-04-27T14:24:33.950+0000] {taskmixin.py:205} WARNING - Dependency <Task(_PythonDecoratedOperator): log_sql_query>, print_the_context already registered for DAG: example_python_operator
[2023-04-27T14:24:33.950+0000] {logging_mixin.py:137} INFO - [2023-04-27T14:24:33.950+0000] {taskmixin.py:205} WARNING - Dependency <Task(_PythonDecoratedOperator): print_the_context>, log_sql_query already registered for DAG: example_python_operator
[2023-04-27T14:24:33.950+0000] {logging_mixin.py:137} INFO - [2023-04-27T14:24:33.950+0000] {taskmixin.py:205} WARNING - Dependency <Task(_PythonDecoratedOperator): log_sql_query>, print_the_context already registered for DAG: example_python_operator
[2023-04-27T14:24:33.951+0000] {logging_mixin.py:137} INFO - [2023-04-27T14:24:33.951+0000] {taskmixin.py:205} WARNING - Dependency <Task(_PythonDecoratedOperator): print_the_context>, log_sql_query already registered for DAG: example_python_operator
[2023-04-27T14:24:33.951+0000] {logging_mixin.py:137} INFO - [2023-04-27T14:24:33.951+0000] {taskmixin.py:205} WARNING - Dependency <Task(_PythonDecoratedOperator): log_sql_query>, print_the_context already registered for DAG: example_python_operator
[2023-04-27T14:24:33.951+0000] {logging_mixin.py:137} INFO - [2023-04-27T14:24:33.951+0000] {taskmixin.py:205} WARNING - Dependency <Task(_PythonDecoratedOperator): print_the_context>, log_sql_query already registered for DAG: example_python_operator
[2023-04-27T14:24:33.951+0000] {logging_mixin.py:137} INFO - [2023-04-27T14:24:33.951+0000] {taskmixin.py:205} WARNING - Dependency <Task(_PythonDecoratedOperator): log_sql_query>, print_the_context already registered for DAG: example_python_operator
[2023-04-27T14:24:33.955+0000] {processor.py:753} INFO - DAG(s) dict_keys(['example_python_operator']) retrieved from /home/airflow/.local/lib/python3.7/site-packages/airflow/example_dags/example_python_operator.py
[2023-04-27T14:24:33.982+0000] {logging_mixin.py:137} INFO - [2023-04-27T14:24:33.982+0000] {dag.py:2676} INFO - Sync 1 DAGs
[2023-04-27T14:24:34.003+0000] {logging_mixin.py:137} INFO - [2023-04-27T14:24:34.003+0000] {dag.py:3427} INFO - Setting next_dagrun for example_python_operator to None, run_after=None
[2023-04-27T14:24:34.016+0000] {processor.py:175} INFO - Processing /home/airflow/.local/lib/python3.7/site-packages/airflow/example_dags/example_python_operator.py took 0.080 seconds
[2023-04-27T14:25:04.522+0000] {processor.py:153} INFO - Started process (PID=17409) to work on /home/airflow/.local/lib/python3.7/site-packages/airflow/example_dags/example_python_operator.py
[2023-04-27T14:25:04.522+0000] {processor.py:743} INFO - Processing file /home/airflow/.local/lib/python3.7/site-packages/airflow/example_dags/example_python_operator.py for tasks to queue
[2023-04-27T14:25:04.523+0000] {logging_mixin.py:137} INFO - [2023-04-27T14:25:04.523+0000] {dagbag.py:538} INFO - Filling up the DagBag from /home/airflow/.local/lib/python3.7/site-packages/airflow/example_dags/example_python_operator.py
[2023-04-27T14:25:04.534+0000] {logging_mixin.py:137} INFO - [2023-04-27T14:25:04.533+0000] {taskmixin.py:205} WARNING - Dependency <Task(_PythonDecoratedOperator): print_the_context>, log_sql_query already registered for DAG: example_python_operator
[2023-04-27T14:25:04.534+0000] {logging_mixin.py:137} INFO - [2023-04-27T14:25:04.534+0000] {taskmixin.py:205} WARNING - Dependency <Task(_PythonDecoratedOperator): log_sql_query>, print_the_context already registered for DAG: example_python_operator
[2023-04-27T14:25:04.534+0000] {logging_mixin.py:137} INFO - [2023-04-27T14:25:04.534+0000] {taskmixin.py:205} WARNING - Dependency <Task(_PythonDecoratedOperator): print_the_context>, log_sql_query already registered for DAG: example_python_operator
[2023-04-27T14:25:04.534+0000] {logging_mixin.py:137} INFO - [2023-04-27T14:25:04.534+0000] {taskmixin.py:205} WARNING - Dependency <Task(_PythonDecoratedOperator): log_sql_query>, print_the_context already registered for DAG: example_python_operator
[2023-04-27T14:25:04.535+0000] {logging_mixin.py:137} INFO - [2023-04-27T14:25:04.535+0000] {taskmixin.py:205} WARNING - Dependency <Task(_PythonDecoratedOperator): print_the_context>, log_sql_query already registered for DAG: example_python_operator
[2023-04-27T14:25:04.535+0000] {logging_mixin.py:137} INFO - [2023-04-27T14:25:04.535+0000] {taskmixin.py:205} WARNING - Dependency <Task(_PythonDecoratedOperator): log_sql_query>, print_the_context already registered for DAG: example_python_operator
[2023-04-27T14:25:04.535+0000] {logging_mixin.py:137} INFO - [2023-04-27T14:25:04.535+0000] {taskmixin.py:205} WARNING - Dependency <Task(_PythonDecoratedOperator): print_the_context>, log_sql_query already registered for DAG: example_python_operator
[2023-04-27T14:25:04.535+0000] {logging_mixin.py:137} INFO - [2023-04-27T14:25:04.535+0000] {taskmixin.py:205} WARNING - Dependency <Task(_PythonDecoratedOperator): log_sql_query>, print_the_context already registered for DAG: example_python_operator
[2023-04-27T14:25:04.539+0000] {processor.py:753} INFO - DAG(s) dict_keys(['example_python_operator']) retrieved from /home/airflow/.local/lib/python3.7/site-packages/airflow/example_dags/example_python_operator.py
[2023-04-27T14:25:04.561+0000] {logging_mixin.py:137} INFO - [2023-04-27T14:25:04.561+0000] {dag.py:2676} INFO - Sync 1 DAGs
[2023-04-27T14:25:04.575+0000] {logging_mixin.py:137} INFO - [2023-04-27T14:25:04.575+0000] {dag.py:3427} INFO - Setting next_dagrun for example_python_operator to None, run_after=None
[2023-04-27T14:25:04.584+0000] {processor.py:175} INFO - Processing /home/airflow/.local/lib/python3.7/site-packages/airflow/example_dags/example_python_operator.py took 0.064 seconds
[2023-04-27T14:25:35.089+0000] {processor.py:153} INFO - Started process (PID=17495) to work on /home/airflow/.local/lib/python3.7/site-packages/airflow/example_dags/example_python_operator.py
[2023-04-27T14:25:35.090+0000] {processor.py:743} INFO - Processing file /home/airflow/.local/lib/python3.7/site-packages/airflow/example_dags/example_python_operator.py for tasks to queue
[2023-04-27T14:25:35.090+0000] {logging_mixin.py:137} INFO - [2023-04-27T14:25:35.090+0000] {dagbag.py:538} INFO - Filling up the DagBag from /home/airflow/.local/lib/python3.7/site-packages/airflow/example_dags/example_python_operator.py
[2023-04-27T14:25:35.100+0000] {logging_mixin.py:137} INFO - [2023-04-27T14:25:35.100+0000] {taskmixin.py:205} WARNING - Dependency <Task(_PythonDecoratedOperator): print_the_context>, log_sql_query already registered for DAG: example_python_operator
[2023-04-27T14:25:35.100+0000] {logging_mixin.py:137} INFO - [2023-04-27T14:25:35.100+0000] {taskmixin.py:205} WARNING - Dependency <Task(_PythonDecoratedOperator): log_sql_query>, print_the_context already registered for DAG: example_python_operator
[2023-04-27T14:25:35.100+0000] {logging_mixin.py:137} INFO - [2023-04-27T14:25:35.100+0000] {taskmixin.py:205} WARNING - Dependency <Task(_PythonDecoratedOperator): print_the_context>, log_sql_query already registered for DAG: example_python_operator
[2023-04-27T14:25:35.100+0000] {logging_mixin.py:137} INFO - [2023-04-27T14:25:35.100+0000] {taskmixin.py:205} WARNING - Dependency <Task(_PythonDecoratedOperator): log_sql_query>, print_the_context already registered for DAG: example_python_operator
[2023-04-27T14:25:35.101+0000] {logging_mixin.py:137} INFO - [2023-04-27T14:25:35.101+0000] {taskmixin.py:205} WARNING - Dependency <Task(_PythonDecoratedOperator): print_the_context>, log_sql_query already registered for DAG: example_python_operator
[2023-04-27T14:25:35.101+0000] {logging_mixin.py:137} INFO - [2023-04-27T14:25:35.101+0000] {taskmixin.py:205} WARNING - Dependency <Task(_PythonDecoratedOperator): log_sql_query>, print_the_context already registered for DAG: example_python_operator
[2023-04-27T14:25:35.101+0000] {logging_mixin.py:137} INFO - [2023-04-27T14:25:35.101+0000] {taskmixin.py:205} WARNING - Dependency <Task(_PythonDecoratedOperator): print_the_context>, log_sql_query already registered for DAG: example_python_operator
[2023-04-27T14:25:35.101+0000] {logging_mixin.py:137} INFO - [2023-04-27T14:25:35.101+0000] {taskmixin.py:205} WARNING - Dependency <Task(_PythonDecoratedOperator): log_sql_query>, print_the_context already registered for DAG: example_python_operator
[2023-04-27T14:25:35.105+0000] {processor.py:753} INFO - DAG(s) dict_keys(['example_python_operator']) retrieved from /home/airflow/.local/lib/python3.7/site-packages/airflow/example_dags/example_python_operator.py
[2023-04-27T14:25:35.133+0000] {logging_mixin.py:137} INFO - [2023-04-27T14:25:35.133+0000] {dag.py:2676} INFO - Sync 1 DAGs
[2023-04-27T14:25:35.149+0000] {logging_mixin.py:137} INFO - [2023-04-27T14:25:35.149+0000] {dag.py:3427} INFO - Setting next_dagrun for example_python_operator to None, run_after=None
[2023-04-27T14:25:35.158+0000] {processor.py:175} INFO - Processing /home/airflow/.local/lib/python3.7/site-packages/airflow/example_dags/example_python_operator.py took 0.070 seconds
