[2023-04-27T14:20:58.671+0000] {processor.py:153} INFO - Started process (PID=16567) to work on /home/airflow/.local/lib/python3.7/site-packages/airflow/example_dags/example_external_task_marker_dag.py
[2023-04-27T14:20:58.671+0000] {processor.py:743} INFO - Processing file /home/airflow/.local/lib/python3.7/site-packages/airflow/example_dags/example_external_task_marker_dag.py for tasks to queue
[2023-04-27T14:20:58.672+0000] {logging_mixin.py:137} INFO - [2023-04-27T14:20:58.672+0000] {dagbag.py:538} INFO - Filling up the DagBag from /home/airflow/.local/lib/python3.7/site-packages/airflow/example_dags/example_external_task_marker_dag.py
[2023-04-27T14:20:58.679+0000] {processor.py:753} INFO - DAG(s) dict_keys(['example_external_task_marker_child', 'example_external_task_marker_parent']) retrieved from /home/airflow/.local/lib/python3.7/site-packages/airflow/example_dags/example_external_task_marker_dag.py
[2023-04-27T14:20:58.699+0000] {logging_mixin.py:137} INFO - [2023-04-27T14:20:58.699+0000] {dag.py:2676} INFO - Sync 2 DAGs
[2023-04-27T14:20:58.713+0000] {logging_mixin.py:137} INFO - [2023-04-27T14:20:58.713+0000] {dag.py:3427} INFO - Setting next_dagrun for example_external_task_marker_child to None, run_after=None
[2023-04-27T14:20:58.715+0000] {logging_mixin.py:137} INFO - [2023-04-27T14:20:58.715+0000] {dag.py:3427} INFO - Setting next_dagrun for example_external_task_marker_parent to None, run_after=None
[2023-04-27T14:20:58.723+0000] {processor.py:175} INFO - Processing /home/airflow/.local/lib/python3.7/site-packages/airflow/example_dags/example_external_task_marker_dag.py took 0.053 seconds
[2023-04-27T14:21:29.420+0000] {processor.py:153} INFO - Started process (PID=16677) to work on /home/airflow/.local/lib/python3.7/site-packages/airflow/example_dags/example_external_task_marker_dag.py
[2023-04-27T14:21:29.420+0000] {processor.py:743} INFO - Processing file /home/airflow/.local/lib/python3.7/site-packages/airflow/example_dags/example_external_task_marker_dag.py for tasks to queue
[2023-04-27T14:21:29.420+0000] {logging_mixin.py:137} INFO - [2023-04-27T14:21:29.420+0000] {dagbag.py:538} INFO - Filling up the DagBag from /home/airflow/.local/lib/python3.7/site-packages/airflow/example_dags/example_external_task_marker_dag.py
[2023-04-27T14:21:29.428+0000] {processor.py:753} INFO - DAG(s) dict_keys(['example_external_task_marker_parent', 'example_external_task_marker_child']) retrieved from /home/airflow/.local/lib/python3.7/site-packages/airflow/example_dags/example_external_task_marker_dag.py
[2023-04-27T14:21:29.449+0000] {logging_mixin.py:137} INFO - [2023-04-27T14:21:29.449+0000] {dag.py:2676} INFO - Sync 2 DAGs
[2023-04-27T14:21:29.463+0000] {logging_mixin.py:137} INFO - [2023-04-27T14:21:29.463+0000] {dag.py:3427} INFO - Setting next_dagrun for example_external_task_marker_child to None, run_after=None
[2023-04-27T14:21:29.465+0000] {logging_mixin.py:137} INFO - [2023-04-27T14:21:29.465+0000] {dag.py:3427} INFO - Setting next_dagrun for example_external_task_marker_parent to None, run_after=None
[2023-04-27T14:21:29.474+0000] {processor.py:175} INFO - Processing /home/airflow/.local/lib/python3.7/site-packages/airflow/example_dags/example_external_task_marker_dag.py took 0.055 seconds
[2023-04-27T14:22:00.030+0000] {processor.py:153} INFO - Started process (PID=16787) to work on /home/airflow/.local/lib/python3.7/site-packages/airflow/example_dags/example_external_task_marker_dag.py
[2023-04-27T14:22:00.031+0000] {processor.py:743} INFO - Processing file /home/airflow/.local/lib/python3.7/site-packages/airflow/example_dags/example_external_task_marker_dag.py for tasks to queue
[2023-04-27T14:22:00.031+0000] {logging_mixin.py:137} INFO - [2023-04-27T14:22:00.031+0000] {dagbag.py:538} INFO - Filling up the DagBag from /home/airflow/.local/lib/python3.7/site-packages/airflow/example_dags/example_external_task_marker_dag.py
[2023-04-27T14:22:00.042+0000] {processor.py:753} INFO - DAG(s) dict_keys(['example_external_task_marker_child', 'example_external_task_marker_parent']) retrieved from /home/airflow/.local/lib/python3.7/site-packages/airflow/example_dags/example_external_task_marker_dag.py
[2023-04-27T14:22:00.066+0000] {logging_mixin.py:137} INFO - [2023-04-27T14:22:00.066+0000] {dag.py:2676} INFO - Sync 2 DAGs
[2023-04-27T14:22:00.084+0000] {logging_mixin.py:137} INFO - [2023-04-27T14:22:00.084+0000] {dag.py:3427} INFO - Setting next_dagrun for example_external_task_marker_child to None, run_after=None
[2023-04-27T14:22:00.086+0000] {logging_mixin.py:137} INFO - [2023-04-27T14:22:00.086+0000] {dag.py:3427} INFO - Setting next_dagrun for example_external_task_marker_parent to None, run_after=None
[2023-04-27T14:22:00.097+0000] {processor.py:175} INFO - Processing /home/airflow/.local/lib/python3.7/site-packages/airflow/example_dags/example_external_task_marker_dag.py took 0.069 seconds
[2023-04-27T14:22:30.604+0000] {processor.py:153} INFO - Started process (PID=16873) to work on /home/airflow/.local/lib/python3.7/site-packages/airflow/example_dags/example_external_task_marker_dag.py
[2023-04-27T14:22:30.604+0000] {processor.py:743} INFO - Processing file /home/airflow/.local/lib/python3.7/site-packages/airflow/example_dags/example_external_task_marker_dag.py for tasks to queue
[2023-04-27T14:22:30.605+0000] {logging_mixin.py:137} INFO - [2023-04-27T14:22:30.604+0000] {dagbag.py:538} INFO - Filling up the DagBag from /home/airflow/.local/lib/python3.7/site-packages/airflow/example_dags/example_external_task_marker_dag.py
[2023-04-27T14:22:30.612+0000] {processor.py:753} INFO - DAG(s) dict_keys(['example_external_task_marker_parent', 'example_external_task_marker_child']) retrieved from /home/airflow/.local/lib/python3.7/site-packages/airflow/example_dags/example_external_task_marker_dag.py
[2023-04-27T14:22:30.633+0000] {logging_mixin.py:137} INFO - [2023-04-27T14:22:30.633+0000] {dag.py:2676} INFO - Sync 2 DAGs
[2023-04-27T14:22:30.648+0000] {logging_mixin.py:137} INFO - [2023-04-27T14:22:30.647+0000] {dag.py:3427} INFO - Setting next_dagrun for example_external_task_marker_child to None, run_after=None
[2023-04-27T14:22:30.649+0000] {logging_mixin.py:137} INFO - [2023-04-27T14:22:30.649+0000] {dag.py:3427} INFO - Setting next_dagrun for example_external_task_marker_parent to None, run_after=None
[2023-04-27T14:22:30.658+0000] {processor.py:175} INFO - Processing /home/airflow/.local/lib/python3.7/site-packages/airflow/example_dags/example_external_task_marker_dag.py took 0.055 seconds
[2023-04-27T14:23:01.162+0000] {processor.py:153} INFO - Started process (PID=16983) to work on /home/airflow/.local/lib/python3.7/site-packages/airflow/example_dags/example_external_task_marker_dag.py
[2023-04-27T14:23:01.163+0000] {processor.py:743} INFO - Processing file /home/airflow/.local/lib/python3.7/site-packages/airflow/example_dags/example_external_task_marker_dag.py for tasks to queue
[2023-04-27T14:23:01.163+0000] {logging_mixin.py:137} INFO - [2023-04-27T14:23:01.163+0000] {dagbag.py:538} INFO - Filling up the DagBag from /home/airflow/.local/lib/python3.7/site-packages/airflow/example_dags/example_external_task_marker_dag.py
[2023-04-27T14:23:01.172+0000] {processor.py:753} INFO - DAG(s) dict_keys(['example_external_task_marker_child', 'example_external_task_marker_parent']) retrieved from /home/airflow/.local/lib/python3.7/site-packages/airflow/example_dags/example_external_task_marker_dag.py
[2023-04-27T14:23:01.195+0000] {logging_mixin.py:137} INFO - [2023-04-27T14:23:01.195+0000] {dag.py:2676} INFO - Sync 2 DAGs
[2023-04-27T14:23:01.208+0000] {logging_mixin.py:137} INFO - [2023-04-27T14:23:01.208+0000] {dag.py:3427} INFO - Setting next_dagrun for example_external_task_marker_child to None, run_after=None
[2023-04-27T14:23:01.210+0000] {logging_mixin.py:137} INFO - [2023-04-27T14:23:01.210+0000] {dag.py:3427} INFO - Setting next_dagrun for example_external_task_marker_parent to None, run_after=None
[2023-04-27T14:23:01.218+0000] {processor.py:175} INFO - Processing /home/airflow/.local/lib/python3.7/site-packages/airflow/example_dags/example_external_task_marker_dag.py took 0.058 seconds
[2023-04-27T14:23:31.856+0000] {processor.py:153} INFO - Started process (PID=17093) to work on /home/airflow/.local/lib/python3.7/site-packages/airflow/example_dags/example_external_task_marker_dag.py
[2023-04-27T14:23:31.856+0000] {processor.py:743} INFO - Processing file /home/airflow/.local/lib/python3.7/site-packages/airflow/example_dags/example_external_task_marker_dag.py for tasks to queue
[2023-04-27T14:23:31.856+0000] {logging_mixin.py:137} INFO - [2023-04-27T14:23:31.856+0000] {dagbag.py:538} INFO - Filling up the DagBag from /home/airflow/.local/lib/python3.7/site-packages/airflow/example_dags/example_external_task_marker_dag.py
[2023-04-27T14:23:31.865+0000] {processor.py:753} INFO - DAG(s) dict_keys(['example_external_task_marker_parent', 'example_external_task_marker_child']) retrieved from /home/airflow/.local/lib/python3.7/site-packages/airflow/example_dags/example_external_task_marker_dag.py
[2023-04-27T14:23:31.888+0000] {logging_mixin.py:137} INFO - [2023-04-27T14:23:31.888+0000] {dag.py:2676} INFO - Sync 2 DAGs
[2023-04-27T14:23:31.910+0000] {logging_mixin.py:137} INFO - [2023-04-27T14:23:31.909+0000] {dag.py:3427} INFO - Setting next_dagrun for example_external_task_marker_child to None, run_after=None
[2023-04-27T14:23:31.913+0000] {logging_mixin.py:137} INFO - [2023-04-27T14:23:31.912+0000] {dag.py:3427} INFO - Setting next_dagrun for example_external_task_marker_parent to None, run_after=None
[2023-04-27T14:23:31.927+0000] {processor.py:175} INFO - Processing /home/airflow/.local/lib/python3.7/site-packages/airflow/example_dags/example_external_task_marker_dag.py took 0.073 seconds
[2023-04-27T14:24:02.586+0000] {processor.py:153} INFO - Started process (PID=17179) to work on /home/airflow/.local/lib/python3.7/site-packages/airflow/example_dags/example_external_task_marker_dag.py
[2023-04-27T14:24:02.587+0000] {processor.py:743} INFO - Processing file /home/airflow/.local/lib/python3.7/site-packages/airflow/example_dags/example_external_task_marker_dag.py for tasks to queue
[2023-04-27T14:24:02.587+0000] {logging_mixin.py:137} INFO - [2023-04-27T14:24:02.587+0000] {dagbag.py:538} INFO - Filling up the DagBag from /home/airflow/.local/lib/python3.7/site-packages/airflow/example_dags/example_external_task_marker_dag.py
[2023-04-27T14:24:02.597+0000] {processor.py:753} INFO - DAG(s) dict_keys(['example_external_task_marker_child', 'example_external_task_marker_parent']) retrieved from /home/airflow/.local/lib/python3.7/site-packages/airflow/example_dags/example_external_task_marker_dag.py
[2023-04-27T14:24:02.619+0000] {logging_mixin.py:137} INFO - [2023-04-27T14:24:02.619+0000] {dag.py:2676} INFO - Sync 2 DAGs
[2023-04-27T14:24:02.634+0000] {logging_mixin.py:137} INFO - [2023-04-27T14:24:02.634+0000] {dag.py:3427} INFO - Setting next_dagrun for example_external_task_marker_child to None, run_after=None
[2023-04-27T14:24:02.636+0000] {logging_mixin.py:137} INFO - [2023-04-27T14:24:02.635+0000] {dag.py:3427} INFO - Setting next_dagrun for example_external_task_marker_parent to None, run_after=None
[2023-04-27T14:24:02.644+0000] {processor.py:175} INFO - Processing /home/airflow/.local/lib/python3.7/site-packages/airflow/example_dags/example_external_task_marker_dag.py took 0.060 seconds
[2023-04-27T14:24:33.314+0000] {processor.py:153} INFO - Started process (PID=17289) to work on /home/airflow/.local/lib/python3.7/site-packages/airflow/example_dags/example_external_task_marker_dag.py
[2023-04-27T14:24:33.314+0000] {processor.py:743} INFO - Processing file /home/airflow/.local/lib/python3.7/site-packages/airflow/example_dags/example_external_task_marker_dag.py for tasks to queue
[2023-04-27T14:24:33.315+0000] {logging_mixin.py:137} INFO - [2023-04-27T14:24:33.315+0000] {dagbag.py:538} INFO - Filling up the DagBag from /home/airflow/.local/lib/python3.7/site-packages/airflow/example_dags/example_external_task_marker_dag.py
[2023-04-27T14:24:33.323+0000] {processor.py:753} INFO - DAG(s) dict_keys(['example_external_task_marker_parent', 'example_external_task_marker_child']) retrieved from /home/airflow/.local/lib/python3.7/site-packages/airflow/example_dags/example_external_task_marker_dag.py
[2023-04-27T14:24:33.352+0000] {logging_mixin.py:137} INFO - [2023-04-27T14:24:33.352+0000] {dag.py:2676} INFO - Sync 2 DAGs
[2023-04-27T14:24:33.369+0000] {logging_mixin.py:137} INFO - [2023-04-27T14:24:33.369+0000] {dag.py:3427} INFO - Setting next_dagrun for example_external_task_marker_child to None, run_after=None
[2023-04-27T14:24:33.372+0000] {logging_mixin.py:137} INFO - [2023-04-27T14:24:33.372+0000] {dag.py:3427} INFO - Setting next_dagrun for example_external_task_marker_parent to None, run_after=None
[2023-04-27T14:24:33.381+0000] {processor.py:175} INFO - Processing /home/airflow/.local/lib/python3.7/site-packages/airflow/example_dags/example_external_task_marker_dag.py took 0.068 seconds
[2023-04-27T14:25:04.131+0000] {processor.py:153} INFO - Started process (PID=17399) to work on /home/airflow/.local/lib/python3.7/site-packages/airflow/example_dags/example_external_task_marker_dag.py
[2023-04-27T14:25:04.132+0000] {processor.py:743} INFO - Processing file /home/airflow/.local/lib/python3.7/site-packages/airflow/example_dags/example_external_task_marker_dag.py for tasks to queue
[2023-04-27T14:25:04.132+0000] {logging_mixin.py:137} INFO - [2023-04-27T14:25:04.132+0000] {dagbag.py:538} INFO - Filling up the DagBag from /home/airflow/.local/lib/python3.7/site-packages/airflow/example_dags/example_external_task_marker_dag.py
[2023-04-27T14:25:04.139+0000] {processor.py:753} INFO - DAG(s) dict_keys(['example_external_task_marker_child', 'example_external_task_marker_parent']) retrieved from /home/airflow/.local/lib/python3.7/site-packages/airflow/example_dags/example_external_task_marker_dag.py
[2023-04-27T14:25:04.162+0000] {logging_mixin.py:137} INFO - [2023-04-27T14:25:04.162+0000] {dag.py:2676} INFO - Sync 2 DAGs
[2023-04-27T14:25:04.177+0000] {logging_mixin.py:137} INFO - [2023-04-27T14:25:04.177+0000] {dag.py:3427} INFO - Setting next_dagrun for example_external_task_marker_child to None, run_after=None
[2023-04-27T14:25:04.179+0000] {logging_mixin.py:137} INFO - [2023-04-27T14:25:04.179+0000] {dag.py:3427} INFO - Setting next_dagrun for example_external_task_marker_parent to None, run_after=None
[2023-04-27T14:25:04.188+0000] {processor.py:175} INFO - Processing /home/airflow/.local/lib/python3.7/site-packages/airflow/example_dags/example_external_task_marker_dag.py took 0.059 seconds
[2023-04-27T14:25:34.595+0000] {processor.py:153} INFO - Started process (PID=17485) to work on /home/airflow/.local/lib/python3.7/site-packages/airflow/example_dags/example_external_task_marker_dag.py
[2023-04-27T14:25:34.595+0000] {processor.py:743} INFO - Processing file /home/airflow/.local/lib/python3.7/site-packages/airflow/example_dags/example_external_task_marker_dag.py for tasks to queue
[2023-04-27T14:25:34.595+0000] {logging_mixin.py:137} INFO - [2023-04-27T14:25:34.595+0000] {dagbag.py:538} INFO - Filling up the DagBag from /home/airflow/.local/lib/python3.7/site-packages/airflow/example_dags/example_external_task_marker_dag.py
[2023-04-27T14:25:34.603+0000] {processor.py:753} INFO - DAG(s) dict_keys(['example_external_task_marker_parent', 'example_external_task_marker_child']) retrieved from /home/airflow/.local/lib/python3.7/site-packages/airflow/example_dags/example_external_task_marker_dag.py
[2023-04-27T14:25:34.624+0000] {logging_mixin.py:137} INFO - [2023-04-27T14:25:34.624+0000] {dag.py:2676} INFO - Sync 2 DAGs
[2023-04-27T14:25:34.638+0000] {logging_mixin.py:137} INFO - [2023-04-27T14:25:34.638+0000] {dag.py:3427} INFO - Setting next_dagrun for example_external_task_marker_child to None, run_after=None
[2023-04-27T14:25:34.640+0000] {logging_mixin.py:137} INFO - [2023-04-27T14:25:34.640+0000] {dag.py:3427} INFO - Setting next_dagrun for example_external_task_marker_parent to None, run_after=None
[2023-04-27T14:25:34.648+0000] {processor.py:175} INFO - Processing /home/airflow/.local/lib/python3.7/site-packages/airflow/example_dags/example_external_task_marker_dag.py took 0.055 seconds
