[2023-04-27T14:20:58.926+0000] {processor.py:153} INFO - Started process (PID=16581) to work on /home/airflow/.local/lib/python3.7/site-packages/airflow/example_dags/example_sla_dag.py
[2023-04-27T14:20:58.926+0000] {processor.py:743} INFO - Processing file /home/airflow/.local/lib/python3.7/site-packages/airflow/example_dags/example_sla_dag.py for tasks to queue
[2023-04-27T14:20:58.926+0000] {logging_mixin.py:137} INFO - [2023-04-27T14:20:58.926+0000] {dagbag.py:538} INFO - Filling up the DagBag from /home/airflow/.local/lib/python3.7/site-packages/airflow/example_dags/example_sla_dag.py
[2023-04-27T14:20:58.940+0000] {processor.py:753} INFO - DAG(s) dict_keys(['example_sla_dag']) retrieved from /home/airflow/.local/lib/python3.7/site-packages/airflow/example_dags/example_sla_dag.py
[2023-04-27T14:20:58.961+0000] {logging_mixin.py:137} INFO - [2023-04-27T14:20:58.961+0000] {dag.py:2676} INFO - Sync 1 DAGs
[2023-04-27T14:20:58.977+0000] {logging_mixin.py:137} INFO - [2023-04-27T14:20:58.977+0000] {dag.py:3427} INFO - Setting next_dagrun for example_sla_dag to 2023-04-27T14:18:00+00:00, run_after=2023-04-27T14:20:00+00:00
[2023-04-27T14:20:58.987+0000] {processor.py:175} INFO - Processing /home/airflow/.local/lib/python3.7/site-packages/airflow/example_dags/example_sla_dag.py took 0.063 seconds
[2023-04-27T14:21:29.580+0000] {processor.py:153} INFO - Started process (PID=16682) to work on /home/airflow/.local/lib/python3.7/site-packages/airflow/example_dags/example_sla_dag.py
[2023-04-27T14:21:29.581+0000] {processor.py:743} INFO - Processing file /home/airflow/.local/lib/python3.7/site-packages/airflow/example_dags/example_sla_dag.py for tasks to queue
[2023-04-27T14:21:29.581+0000] {logging_mixin.py:137} INFO - [2023-04-27T14:21:29.581+0000] {dagbag.py:538} INFO - Filling up the DagBag from /home/airflow/.local/lib/python3.7/site-packages/airflow/example_dags/example_sla_dag.py
[2023-04-27T14:21:29.594+0000] {processor.py:753} INFO - DAG(s) dict_keys(['example_sla_dag']) retrieved from /home/airflow/.local/lib/python3.7/site-packages/airflow/example_dags/example_sla_dag.py
[2023-04-27T14:21:29.614+0000] {logging_mixin.py:137} INFO - [2023-04-27T14:21:29.613+0000] {dag.py:2676} INFO - Sync 1 DAGs
[2023-04-27T14:21:29.630+0000] {logging_mixin.py:137} INFO - [2023-04-27T14:21:29.630+0000] {dag.py:3427} INFO - Setting next_dagrun for example_sla_dag to 2023-04-27T14:18:00+00:00, run_after=2023-04-27T14:20:00+00:00
[2023-04-27T14:21:29.639+0000] {processor.py:175} INFO - Processing /home/airflow/.local/lib/python3.7/site-packages/airflow/example_dags/example_sla_dag.py took 0.061 seconds
[2023-04-27T14:22:00.311+0000] {processor.py:153} INFO - Started process (PID=16792) to work on /home/airflow/.local/lib/python3.7/site-packages/airflow/example_dags/example_sla_dag.py
[2023-04-27T14:22:00.312+0000] {processor.py:743} INFO - Processing file /home/airflow/.local/lib/python3.7/site-packages/airflow/example_dags/example_sla_dag.py for tasks to queue
[2023-04-27T14:22:00.312+0000] {logging_mixin.py:137} INFO - [2023-04-27T14:22:00.312+0000] {dagbag.py:538} INFO - Filling up the DagBag from /home/airflow/.local/lib/python3.7/site-packages/airflow/example_dags/example_sla_dag.py
[2023-04-27T14:22:00.327+0000] {processor.py:753} INFO - DAG(s) dict_keys(['example_sla_dag']) retrieved from /home/airflow/.local/lib/python3.7/site-packages/airflow/example_dags/example_sla_dag.py
[2023-04-27T14:22:00.351+0000] {logging_mixin.py:137} INFO - [2023-04-27T14:22:00.351+0000] {dag.py:2676} INFO - Sync 1 DAGs
[2023-04-27T14:22:00.372+0000] {logging_mixin.py:137} INFO - [2023-04-27T14:22:00.371+0000] {dag.py:3427} INFO - Setting next_dagrun for example_sla_dag to 2023-04-27T14:20:00+00:00, run_after=2023-04-27T14:22:00+00:00
[2023-04-27T14:22:00.386+0000] {processor.py:175} INFO - Processing /home/airflow/.local/lib/python3.7/site-packages/airflow/example_dags/example_sla_dag.py took 0.076 seconds
[2023-04-27T14:22:30.833+0000] {processor.py:153} INFO - Started process (PID=16878) to work on /home/airflow/.local/lib/python3.7/site-packages/airflow/example_dags/example_sla_dag.py
[2023-04-27T14:22:30.833+0000] {processor.py:743} INFO - Processing file /home/airflow/.local/lib/python3.7/site-packages/airflow/example_dags/example_sla_dag.py for tasks to queue
[2023-04-27T14:22:30.834+0000] {logging_mixin.py:137} INFO - [2023-04-27T14:22:30.834+0000] {dagbag.py:538} INFO - Filling up the DagBag from /home/airflow/.local/lib/python3.7/site-packages/airflow/example_dags/example_sla_dag.py
[2023-04-27T14:22:30.846+0000] {processor.py:753} INFO - DAG(s) dict_keys(['example_sla_dag']) retrieved from /home/airflow/.local/lib/python3.7/site-packages/airflow/example_dags/example_sla_dag.py
[2023-04-27T14:22:30.866+0000] {logging_mixin.py:137} INFO - [2023-04-27T14:22:30.866+0000] {dag.py:2676} INFO - Sync 1 DAGs
[2023-04-27T14:22:30.881+0000] {logging_mixin.py:137} INFO - [2023-04-27T14:22:30.881+0000] {dag.py:3427} INFO - Setting next_dagrun for example_sla_dag to 2023-04-27T14:20:00+00:00, run_after=2023-04-27T14:22:00+00:00
[2023-04-27T14:22:30.889+0000] {processor.py:175} INFO - Processing /home/airflow/.local/lib/python3.7/site-packages/airflow/example_dags/example_sla_dag.py took 0.057 seconds
[2023-04-27T14:23:01.392+0000] {processor.py:153} INFO - Started process (PID=16988) to work on /home/airflow/.local/lib/python3.7/site-packages/airflow/example_dags/example_sla_dag.py
[2023-04-27T14:23:01.393+0000] {processor.py:743} INFO - Processing file /home/airflow/.local/lib/python3.7/site-packages/airflow/example_dags/example_sla_dag.py for tasks to queue
[2023-04-27T14:23:01.393+0000] {logging_mixin.py:137} INFO - [2023-04-27T14:23:01.393+0000] {dagbag.py:538} INFO - Filling up the DagBag from /home/airflow/.local/lib/python3.7/site-packages/airflow/example_dags/example_sla_dag.py
[2023-04-27T14:23:01.406+0000] {processor.py:753} INFO - DAG(s) dict_keys(['example_sla_dag']) retrieved from /home/airflow/.local/lib/python3.7/site-packages/airflow/example_dags/example_sla_dag.py
[2023-04-27T14:23:01.424+0000] {logging_mixin.py:137} INFO - [2023-04-27T14:23:01.424+0000] {dag.py:2676} INFO - Sync 1 DAGs
[2023-04-27T14:23:01.440+0000] {logging_mixin.py:137} INFO - [2023-04-27T14:23:01.440+0000] {dag.py:3427} INFO - Setting next_dagrun for example_sla_dag to 2023-04-27T14:20:00+00:00, run_after=2023-04-27T14:22:00+00:00
[2023-04-27T14:23:01.449+0000] {processor.py:175} INFO - Processing /home/airflow/.local/lib/python3.7/site-packages/airflow/example_dags/example_sla_dag.py took 0.058 seconds
[2023-04-27T14:23:32.124+0000] {processor.py:153} INFO - Started process (PID=17098) to work on /home/airflow/.local/lib/python3.7/site-packages/airflow/example_dags/example_sla_dag.py
[2023-04-27T14:23:32.124+0000] {processor.py:743} INFO - Processing file /home/airflow/.local/lib/python3.7/site-packages/airflow/example_dags/example_sla_dag.py for tasks to queue
[2023-04-27T14:23:32.125+0000] {logging_mixin.py:137} INFO - [2023-04-27T14:23:32.125+0000] {dagbag.py:538} INFO - Filling up the DagBag from /home/airflow/.local/lib/python3.7/site-packages/airflow/example_dags/example_sla_dag.py
[2023-04-27T14:23:32.137+0000] {processor.py:753} INFO - DAG(s) dict_keys(['example_sla_dag']) retrieved from /home/airflow/.local/lib/python3.7/site-packages/airflow/example_dags/example_sla_dag.py
[2023-04-27T14:23:32.156+0000] {logging_mixin.py:137} INFO - [2023-04-27T14:23:32.156+0000] {dag.py:2676} INFO - Sync 1 DAGs
[2023-04-27T14:23:32.177+0000] {logging_mixin.py:137} INFO - [2023-04-27T14:23:32.177+0000] {dag.py:3427} INFO - Setting next_dagrun for example_sla_dag to 2023-04-27T14:20:00+00:00, run_after=2023-04-27T14:22:00+00:00
[2023-04-27T14:23:32.188+0000] {processor.py:175} INFO - Processing /home/airflow/.local/lib/python3.7/site-packages/airflow/example_dags/example_sla_dag.py took 0.066 seconds
[2023-04-27T14:24:02.815+0000] {processor.py:153} INFO - Started process (PID=17184) to work on /home/airflow/.local/lib/python3.7/site-packages/airflow/example_dags/example_sla_dag.py
[2023-04-27T14:24:02.816+0000] {processor.py:743} INFO - Processing file /home/airflow/.local/lib/python3.7/site-packages/airflow/example_dags/example_sla_dag.py for tasks to queue
[2023-04-27T14:24:02.816+0000] {logging_mixin.py:137} INFO - [2023-04-27T14:24:02.816+0000] {dagbag.py:538} INFO - Filling up the DagBag from /home/airflow/.local/lib/python3.7/site-packages/airflow/example_dags/example_sla_dag.py
[2023-04-27T14:24:02.829+0000] {processor.py:753} INFO - DAG(s) dict_keys(['example_sla_dag']) retrieved from /home/airflow/.local/lib/python3.7/site-packages/airflow/example_dags/example_sla_dag.py
[2023-04-27T14:24:02.849+0000] {logging_mixin.py:137} INFO - [2023-04-27T14:24:02.849+0000] {dag.py:2676} INFO - Sync 1 DAGs
[2023-04-27T14:24:02.864+0000] {logging_mixin.py:137} INFO - [2023-04-27T14:24:02.864+0000] {dag.py:3427} INFO - Setting next_dagrun for example_sla_dag to 2023-04-27T14:22:00+00:00, run_after=2023-04-27T14:24:00+00:00
[2023-04-27T14:24:02.873+0000] {processor.py:175} INFO - Processing /home/airflow/.local/lib/python3.7/site-packages/airflow/example_dags/example_sla_dag.py took 0.059 seconds
[2023-04-27T14:24:33.634+0000] {processor.py:153} INFO - Started process (PID=17294) to work on /home/airflow/.local/lib/python3.7/site-packages/airflow/example_dags/example_sla_dag.py
[2023-04-27T14:24:33.634+0000] {processor.py:743} INFO - Processing file /home/airflow/.local/lib/python3.7/site-packages/airflow/example_dags/example_sla_dag.py for tasks to queue
[2023-04-27T14:24:33.635+0000] {logging_mixin.py:137} INFO - [2023-04-27T14:24:33.635+0000] {dagbag.py:538} INFO - Filling up the DagBag from /home/airflow/.local/lib/python3.7/site-packages/airflow/example_dags/example_sla_dag.py
[2023-04-27T14:24:33.651+0000] {processor.py:753} INFO - DAG(s) dict_keys(['example_sla_dag']) retrieved from /home/airflow/.local/lib/python3.7/site-packages/airflow/example_dags/example_sla_dag.py
[2023-04-27T14:24:33.679+0000] {logging_mixin.py:137} INFO - [2023-04-27T14:24:33.679+0000] {dag.py:2676} INFO - Sync 1 DAGs
[2023-04-27T14:24:33.700+0000] {logging_mixin.py:137} INFO - [2023-04-27T14:24:33.700+0000] {dag.py:3427} INFO - Setting next_dagrun for example_sla_dag to 2023-04-27T14:22:00+00:00, run_after=2023-04-27T14:24:00+00:00
[2023-04-27T14:24:33.711+0000] {processor.py:175} INFO - Processing /home/airflow/.local/lib/python3.7/site-packages/airflow/example_dags/example_sla_dag.py took 0.080 seconds
[2023-04-27T14:25:04.302+0000] {processor.py:153} INFO - Started process (PID=17404) to work on /home/airflow/.local/lib/python3.7/site-packages/airflow/example_dags/example_sla_dag.py
[2023-04-27T14:25:04.303+0000] {processor.py:743} INFO - Processing file /home/airflow/.local/lib/python3.7/site-packages/airflow/example_dags/example_sla_dag.py for tasks to queue
[2023-04-27T14:25:04.303+0000] {logging_mixin.py:137} INFO - [2023-04-27T14:25:04.303+0000] {dagbag.py:538} INFO - Filling up the DagBag from /home/airflow/.local/lib/python3.7/site-packages/airflow/example_dags/example_sla_dag.py
[2023-04-27T14:25:04.318+0000] {processor.py:753} INFO - DAG(s) dict_keys(['example_sla_dag']) retrieved from /home/airflow/.local/lib/python3.7/site-packages/airflow/example_dags/example_sla_dag.py
[2023-04-27T14:25:04.340+0000] {logging_mixin.py:137} INFO - [2023-04-27T14:25:04.340+0000] {dag.py:2676} INFO - Sync 1 DAGs
[2023-04-27T14:25:04.357+0000] {logging_mixin.py:137} INFO - [2023-04-27T14:25:04.357+0000] {dag.py:3427} INFO - Setting next_dagrun for example_sla_dag to 2023-04-27T14:22:00+00:00, run_after=2023-04-27T14:24:00+00:00
[2023-04-27T14:25:04.369+0000] {processor.py:175} INFO - Processing /home/airflow/.local/lib/python3.7/site-packages/airflow/example_dags/example_sla_dag.py took 0.068 seconds
[2023-04-27T14:25:34.816+0000] {processor.py:153} INFO - Started process (PID=17490) to work on /home/airflow/.local/lib/python3.7/site-packages/airflow/example_dags/example_sla_dag.py
[2023-04-27T14:25:34.816+0000] {processor.py:743} INFO - Processing file /home/airflow/.local/lib/python3.7/site-packages/airflow/example_dags/example_sla_dag.py for tasks to queue
[2023-04-27T14:25:34.817+0000] {logging_mixin.py:137} INFO - [2023-04-27T14:25:34.817+0000] {dagbag.py:538} INFO - Filling up the DagBag from /home/airflow/.local/lib/python3.7/site-packages/airflow/example_dags/example_sla_dag.py
[2023-04-27T14:25:34.829+0000] {processor.py:753} INFO - DAG(s) dict_keys(['example_sla_dag']) retrieved from /home/airflow/.local/lib/python3.7/site-packages/airflow/example_dags/example_sla_dag.py
[2023-04-27T14:25:34.848+0000] {logging_mixin.py:137} INFO - [2023-04-27T14:25:34.848+0000] {dag.py:2676} INFO - Sync 1 DAGs
[2023-04-27T14:25:34.864+0000] {logging_mixin.py:137} INFO - [2023-04-27T14:25:34.864+0000] {dag.py:3427} INFO - Setting next_dagrun for example_sla_dag to 2023-04-27T14:22:00+00:00, run_after=2023-04-27T14:24:00+00:00
[2023-04-27T14:25:34.872+0000] {processor.py:175} INFO - Processing /home/airflow/.local/lib/python3.7/site-packages/airflow/example_dags/example_sla_dag.py took 0.057 seconds
