[2023-04-27T14:20:57.656+0000] {processor.py:153} INFO - Started process (PID=16566) to work on /home/airflow/.local/lib/python3.7/site-packages/airflow/example_dags/example_short_circuit_operator.py
[2023-04-27T14:20:57.656+0000] {processor.py:743} INFO - Processing file /home/airflow/.local/lib/python3.7/site-packages/airflow/example_dags/example_short_circuit_operator.py for tasks to queue
[2023-04-27T14:20:57.657+0000] {logging_mixin.py:137} INFO - [2023-04-27T14:20:57.657+0000] {dagbag.py:538} INFO - Filling up the DagBag from /home/airflow/.local/lib/python3.7/site-packages/airflow/example_dags/example_short_circuit_operator.py
[2023-04-27T14:20:57.665+0000] {processor.py:753} INFO - DAG(s) dict_keys(['example_short_circuit_operator']) retrieved from /home/airflow/.local/lib/python3.7/site-packages/airflow/example_dags/example_short_circuit_operator.py
[2023-04-27T14:20:57.686+0000] {logging_mixin.py:137} INFO - [2023-04-27T14:20:57.685+0000] {dag.py:2676} INFO - Sync 1 DAGs
[2023-04-27T14:20:57.699+0000] {logging_mixin.py:137} INFO - [2023-04-27T14:20:57.699+0000] {dag.py:3427} INFO - Setting next_dagrun for example_short_circuit_operator to 2023-04-26T14:20:57.699378+00:00, run_after=2023-04-27T14:20:57.699378+00:00
[2023-04-27T14:20:57.708+0000] {processor.py:175} INFO - Processing /home/airflow/.local/lib/python3.7/site-packages/airflow/example_dags/example_short_circuit_operator.py took 0.053 seconds
[2023-04-27T14:21:28.336+0000] {processor.py:153} INFO - Started process (PID=16676) to work on /home/airflow/.local/lib/python3.7/site-packages/airflow/example_dags/example_short_circuit_operator.py
[2023-04-27T14:21:28.336+0000] {processor.py:743} INFO - Processing file /home/airflow/.local/lib/python3.7/site-packages/airflow/example_dags/example_short_circuit_operator.py for tasks to queue
[2023-04-27T14:21:28.336+0000] {logging_mixin.py:137} INFO - [2023-04-27T14:21:28.336+0000] {dagbag.py:538} INFO - Filling up the DagBag from /home/airflow/.local/lib/python3.7/site-packages/airflow/example_dags/example_short_circuit_operator.py
[2023-04-27T14:21:28.346+0000] {processor.py:753} INFO - DAG(s) dict_keys(['example_short_circuit_operator']) retrieved from /home/airflow/.local/lib/python3.7/site-packages/airflow/example_dags/example_short_circuit_operator.py
[2023-04-27T14:21:28.373+0000] {logging_mixin.py:137} INFO - [2023-04-27T14:21:28.373+0000] {dag.py:2676} INFO - Sync 1 DAGs
[2023-04-27T14:21:28.390+0000] {logging_mixin.py:137} INFO - [2023-04-27T14:21:28.390+0000] {dag.py:3427} INFO - Setting next_dagrun for example_short_circuit_operator to 2023-04-26T14:21:28.389930+00:00, run_after=2023-04-27T14:21:28.389930+00:00
[2023-04-27T14:21:28.402+0000] {processor.py:175} INFO - Processing /home/airflow/.local/lib/python3.7/site-packages/airflow/example_dags/example_short_circuit_operator.py took 0.068 seconds
[2023-04-27T14:21:59.011+0000] {processor.py:153} INFO - Started process (PID=16786) to work on /home/airflow/.local/lib/python3.7/site-packages/airflow/example_dags/example_short_circuit_operator.py
[2023-04-27T14:21:59.011+0000] {processor.py:743} INFO - Processing file /home/airflow/.local/lib/python3.7/site-packages/airflow/example_dags/example_short_circuit_operator.py for tasks to queue
[2023-04-27T14:21:59.012+0000] {logging_mixin.py:137} INFO - [2023-04-27T14:21:59.012+0000] {dagbag.py:538} INFO - Filling up the DagBag from /home/airflow/.local/lib/python3.7/site-packages/airflow/example_dags/example_short_circuit_operator.py
[2023-04-27T14:21:59.020+0000] {processor.py:753} INFO - DAG(s) dict_keys(['example_short_circuit_operator']) retrieved from /home/airflow/.local/lib/python3.7/site-packages/airflow/example_dags/example_short_circuit_operator.py
[2023-04-27T14:21:59.040+0000] {logging_mixin.py:137} INFO - [2023-04-27T14:21:59.040+0000] {dag.py:2676} INFO - Sync 1 DAGs
[2023-04-27T14:21:59.055+0000] {logging_mixin.py:137} INFO - [2023-04-27T14:21:59.054+0000] {dag.py:3427} INFO - Setting next_dagrun for example_short_circuit_operator to 2023-04-26T14:21:59.054808+00:00, run_after=2023-04-27T14:21:59.054808+00:00
[2023-04-27T14:21:59.064+0000] {processor.py:175} INFO - Processing /home/airflow/.local/lib/python3.7/site-packages/airflow/example_dags/example_short_circuit_operator.py took 0.054 seconds
[2023-04-27T14:22:29.562+0000] {processor.py:153} INFO - Started process (PID=16872) to work on /home/airflow/.local/lib/python3.7/site-packages/airflow/example_dags/example_short_circuit_operator.py
[2023-04-27T14:22:29.562+0000] {processor.py:743} INFO - Processing file /home/airflow/.local/lib/python3.7/site-packages/airflow/example_dags/example_short_circuit_operator.py for tasks to queue
[2023-04-27T14:22:29.562+0000] {logging_mixin.py:137} INFO - [2023-04-27T14:22:29.562+0000] {dagbag.py:538} INFO - Filling up the DagBag from /home/airflow/.local/lib/python3.7/site-packages/airflow/example_dags/example_short_circuit_operator.py
[2023-04-27T14:22:29.571+0000] {processor.py:753} INFO - DAG(s) dict_keys(['example_short_circuit_operator']) retrieved from /home/airflow/.local/lib/python3.7/site-packages/airflow/example_dags/example_short_circuit_operator.py
[2023-04-27T14:22:29.592+0000] {logging_mixin.py:137} INFO - [2023-04-27T14:22:29.591+0000] {dag.py:2676} INFO - Sync 1 DAGs
[2023-04-27T14:22:29.606+0000] {logging_mixin.py:137} INFO - [2023-04-27T14:22:29.605+0000] {dag.py:3427} INFO - Setting next_dagrun for example_short_circuit_operator to 2023-04-26T14:22:29.605793+00:00, run_after=2023-04-27T14:22:29.605793+00:00
[2023-04-27T14:22:29.615+0000] {processor.py:175} INFO - Processing /home/airflow/.local/lib/python3.7/site-packages/airflow/example_dags/example_short_circuit_operator.py took 0.055 seconds
[2023-04-27T14:23:00.126+0000] {processor.py:153} INFO - Started process (PID=16982) to work on /home/airflow/.local/lib/python3.7/site-packages/airflow/example_dags/example_short_circuit_operator.py
[2023-04-27T14:23:00.126+0000] {processor.py:743} INFO - Processing file /home/airflow/.local/lib/python3.7/site-packages/airflow/example_dags/example_short_circuit_operator.py for tasks to queue
[2023-04-27T14:23:00.126+0000] {logging_mixin.py:137} INFO - [2023-04-27T14:23:00.126+0000] {dagbag.py:538} INFO - Filling up the DagBag from /home/airflow/.local/lib/python3.7/site-packages/airflow/example_dags/example_short_circuit_operator.py
[2023-04-27T14:23:00.135+0000] {processor.py:753} INFO - DAG(s) dict_keys(['example_short_circuit_operator']) retrieved from /home/airflow/.local/lib/python3.7/site-packages/airflow/example_dags/example_short_circuit_operator.py
[2023-04-27T14:23:00.154+0000] {logging_mixin.py:137} INFO - [2023-04-27T14:23:00.154+0000] {dag.py:2676} INFO - Sync 1 DAGs
[2023-04-27T14:23:00.168+0000] {logging_mixin.py:137} INFO - [2023-04-27T14:23:00.168+0000] {dag.py:3427} INFO - Setting next_dagrun for example_short_circuit_operator to 2023-04-26T14:23:00.168093+00:00, run_after=2023-04-27T14:23:00.168093+00:00
[2023-04-27T14:23:00.177+0000] {processor.py:175} INFO - Processing /home/airflow/.local/lib/python3.7/site-packages/airflow/example_dags/example_short_circuit_operator.py took 0.053 seconds
[2023-04-27T14:23:30.801+0000] {processor.py:153} INFO - Started process (PID=17092) to work on /home/airflow/.local/lib/python3.7/site-packages/airflow/example_dags/example_short_circuit_operator.py
[2023-04-27T14:23:30.801+0000] {processor.py:743} INFO - Processing file /home/airflow/.local/lib/python3.7/site-packages/airflow/example_dags/example_short_circuit_operator.py for tasks to queue
[2023-04-27T14:23:30.802+0000] {logging_mixin.py:137} INFO - [2023-04-27T14:23:30.801+0000] {dagbag.py:538} INFO - Filling up the DagBag from /home/airflow/.local/lib/python3.7/site-packages/airflow/example_dags/example_short_circuit_operator.py
[2023-04-27T14:23:30.810+0000] {processor.py:753} INFO - DAG(s) dict_keys(['example_short_circuit_operator']) retrieved from /home/airflow/.local/lib/python3.7/site-packages/airflow/example_dags/example_short_circuit_operator.py
[2023-04-27T14:23:30.830+0000] {logging_mixin.py:137} INFO - [2023-04-27T14:23:30.830+0000] {dag.py:2676} INFO - Sync 1 DAGs
[2023-04-27T14:23:30.844+0000] {logging_mixin.py:137} INFO - [2023-04-27T14:23:30.844+0000] {dag.py:3427} INFO - Setting next_dagrun for example_short_circuit_operator to 2023-04-26T14:23:30.843907+00:00, run_after=2023-04-27T14:23:30.843907+00:00
[2023-04-27T14:23:30.853+0000] {processor.py:175} INFO - Processing /home/airflow/.local/lib/python3.7/site-packages/airflow/example_dags/example_short_circuit_operator.py took 0.054 seconds
[2023-04-27T14:24:01.520+0000] {processor.py:153} INFO - Started process (PID=17178) to work on /home/airflow/.local/lib/python3.7/site-packages/airflow/example_dags/example_short_circuit_operator.py
[2023-04-27T14:24:01.521+0000] {processor.py:743} INFO - Processing file /home/airflow/.local/lib/python3.7/site-packages/airflow/example_dags/example_short_circuit_operator.py for tasks to queue
[2023-04-27T14:24:01.521+0000] {logging_mixin.py:137} INFO - [2023-04-27T14:24:01.521+0000] {dagbag.py:538} INFO - Filling up the DagBag from /home/airflow/.local/lib/python3.7/site-packages/airflow/example_dags/example_short_circuit_operator.py
[2023-04-27T14:24:01.529+0000] {processor.py:753} INFO - DAG(s) dict_keys(['example_short_circuit_operator']) retrieved from /home/airflow/.local/lib/python3.7/site-packages/airflow/example_dags/example_short_circuit_operator.py
[2023-04-27T14:24:01.549+0000] {logging_mixin.py:137} INFO - [2023-04-27T14:24:01.549+0000] {dag.py:2676} INFO - Sync 1 DAGs
[2023-04-27T14:24:01.564+0000] {logging_mixin.py:137} INFO - [2023-04-27T14:24:01.564+0000] {dag.py:3427} INFO - Setting next_dagrun for example_short_circuit_operator to 2023-04-26T14:24:01.564026+00:00, run_after=2023-04-27T14:24:01.564026+00:00
[2023-04-27T14:24:01.573+0000] {processor.py:175} INFO - Processing /home/airflow/.local/lib/python3.7/site-packages/airflow/example_dags/example_short_circuit_operator.py took 0.054 seconds
[2023-04-27T14:24:32.253+0000] {processor.py:153} INFO - Started process (PID=17288) to work on /home/airflow/.local/lib/python3.7/site-packages/airflow/example_dags/example_short_circuit_operator.py
[2023-04-27T14:24:32.254+0000] {processor.py:743} INFO - Processing file /home/airflow/.local/lib/python3.7/site-packages/airflow/example_dags/example_short_circuit_operator.py for tasks to queue
[2023-04-27T14:24:32.254+0000] {logging_mixin.py:137} INFO - [2023-04-27T14:24:32.254+0000] {dagbag.py:538} INFO - Filling up the DagBag from /home/airflow/.local/lib/python3.7/site-packages/airflow/example_dags/example_short_circuit_operator.py
[2023-04-27T14:24:32.265+0000] {processor.py:753} INFO - DAG(s) dict_keys(['example_short_circuit_operator']) retrieved from /home/airflow/.local/lib/python3.7/site-packages/airflow/example_dags/example_short_circuit_operator.py
[2023-04-27T14:24:32.291+0000] {logging_mixin.py:137} INFO - [2023-04-27T14:24:32.291+0000] {dag.py:2676} INFO - Sync 1 DAGs
[2023-04-27T14:24:32.309+0000] {logging_mixin.py:137} INFO - [2023-04-27T14:24:32.309+0000] {dag.py:3427} INFO - Setting next_dagrun for example_short_circuit_operator to 2023-04-26T14:24:32.309153+00:00, run_after=2023-04-27T14:24:32.309153+00:00
[2023-04-27T14:24:32.320+0000] {processor.py:175} INFO - Processing /home/airflow/.local/lib/python3.7/site-packages/airflow/example_dags/example_short_circuit_operator.py took 0.068 seconds
[2023-04-27T14:25:03.091+0000] {processor.py:153} INFO - Started process (PID=17398) to work on /home/airflow/.local/lib/python3.7/site-packages/airflow/example_dags/example_short_circuit_operator.py
[2023-04-27T14:25:03.091+0000] {processor.py:743} INFO - Processing file /home/airflow/.local/lib/python3.7/site-packages/airflow/example_dags/example_short_circuit_operator.py for tasks to queue
[2023-04-27T14:25:03.091+0000] {logging_mixin.py:137} INFO - [2023-04-27T14:25:03.091+0000] {dagbag.py:538} INFO - Filling up the DagBag from /home/airflow/.local/lib/python3.7/site-packages/airflow/example_dags/example_short_circuit_operator.py
[2023-04-27T14:25:03.099+0000] {processor.py:753} INFO - DAG(s) dict_keys(['example_short_circuit_operator']) retrieved from /home/airflow/.local/lib/python3.7/site-packages/airflow/example_dags/example_short_circuit_operator.py
[2023-04-27T14:25:03.120+0000] {logging_mixin.py:137} INFO - [2023-04-27T14:25:03.120+0000] {dag.py:2676} INFO - Sync 1 DAGs
[2023-04-27T14:25:03.133+0000] {logging_mixin.py:137} INFO - [2023-04-27T14:25:03.133+0000] {dag.py:3427} INFO - Setting next_dagrun for example_short_circuit_operator to 2023-04-26T14:25:03.133109+00:00, run_after=2023-04-27T14:25:03.133109+00:00
[2023-04-27T14:25:03.141+0000] {processor.py:175} INFO - Processing /home/airflow/.local/lib/python3.7/site-packages/airflow/example_dags/example_short_circuit_operator.py took 0.052 seconds
[2023-04-27T14:25:33.557+0000] {processor.py:153} INFO - Started process (PID=17484) to work on /home/airflow/.local/lib/python3.7/site-packages/airflow/example_dags/example_short_circuit_operator.py
[2023-04-27T14:25:33.557+0000] {processor.py:743} INFO - Processing file /home/airflow/.local/lib/python3.7/site-packages/airflow/example_dags/example_short_circuit_operator.py for tasks to queue
[2023-04-27T14:25:33.557+0000] {logging_mixin.py:137} INFO - [2023-04-27T14:25:33.557+0000] {dagbag.py:538} INFO - Filling up the DagBag from /home/airflow/.local/lib/python3.7/site-packages/airflow/example_dags/example_short_circuit_operator.py
[2023-04-27T14:25:33.566+0000] {processor.py:753} INFO - DAG(s) dict_keys(['example_short_circuit_operator']) retrieved from /home/airflow/.local/lib/python3.7/site-packages/airflow/example_dags/example_short_circuit_operator.py
[2023-04-27T14:25:33.586+0000] {logging_mixin.py:137} INFO - [2023-04-27T14:25:33.586+0000] {dag.py:2676} INFO - Sync 1 DAGs
[2023-04-27T14:25:33.600+0000] {logging_mixin.py:137} INFO - [2023-04-27T14:25:33.600+0000] {dag.py:3427} INFO - Setting next_dagrun for example_short_circuit_operator to 2023-04-26T14:25:33.600374+00:00, run_after=2023-04-27T14:25:33.600374+00:00
[2023-04-27T14:25:33.609+0000] {processor.py:175} INFO - Processing /home/airflow/.local/lib/python3.7/site-packages/airflow/example_dags/example_short_circuit_operator.py took 0.053 seconds
