[2023-04-27T14:20:55.941+0000] {processor.py:153} INFO - Started process (PID=16548) to work on /home/airflow/.local/lib/python3.7/site-packages/airflow/example_dags/example_sensor_decorator.py
[2023-04-27T14:20:55.942+0000] {processor.py:743} INFO - Processing file /home/airflow/.local/lib/python3.7/site-packages/airflow/example_dags/example_sensor_decorator.py for tasks to queue
[2023-04-27T14:20:55.942+0000] {logging_mixin.py:137} INFO - [2023-04-27T14:20:55.942+0000] {dagbag.py:538} INFO - Filling up the DagBag from /home/airflow/.local/lib/python3.7/site-packages/airflow/example_dags/example_sensor_decorator.py
[2023-04-27T14:20:55.956+0000] {logging_mixin.py:137} WARNING - /home/airflow/.local/lib/python3.7/site-packages/airflow/models/dag.py:3524 RemovedInAirflow3Warning: Param `schedule_interval` is deprecated and will be removed in a future release. Please use `schedule` instead.
[2023-04-27T14:20:55.960+0000] {processor.py:753} INFO - DAG(s) dict_keys(['example_sensor_decorator']) retrieved from /home/airflow/.local/lib/python3.7/site-packages/airflow/example_dags/example_sensor_decorator.py
[2023-04-27T14:20:55.980+0000] {logging_mixin.py:137} INFO - [2023-04-27T14:20:55.979+0000] {dag.py:2676} INFO - Sync 1 DAGs
[2023-04-27T14:20:55.993+0000] {logging_mixin.py:137} INFO - [2023-04-27T14:20:55.993+0000] {dag.py:3427} INFO - Setting next_dagrun for example_sensor_decorator to None, run_after=None
[2023-04-27T14:20:56.002+0000] {processor.py:175} INFO - Processing /home/airflow/.local/lib/python3.7/site-packages/airflow/example_dags/example_sensor_decorator.py took 0.063 seconds
[2023-04-27T14:21:26.587+0000] {processor.py:153} INFO - Started process (PID=16658) to work on /home/airflow/.local/lib/python3.7/site-packages/airflow/example_dags/example_sensor_decorator.py
[2023-04-27T14:21:26.587+0000] {processor.py:743} INFO - Processing file /home/airflow/.local/lib/python3.7/site-packages/airflow/example_dags/example_sensor_decorator.py for tasks to queue
[2023-04-27T14:21:26.587+0000] {logging_mixin.py:137} INFO - [2023-04-27T14:21:26.587+0000] {dagbag.py:538} INFO - Filling up the DagBag from /home/airflow/.local/lib/python3.7/site-packages/airflow/example_dags/example_sensor_decorator.py
[2023-04-27T14:21:26.598+0000] {logging_mixin.py:137} WARNING - /home/airflow/.local/lib/python3.7/site-packages/airflow/models/dag.py:3524 RemovedInAirflow3Warning: Param `schedule_interval` is deprecated and will be removed in a future release. Please use `schedule` instead.
[2023-04-27T14:21:26.602+0000] {processor.py:753} INFO - DAG(s) dict_keys(['example_sensor_decorator']) retrieved from /home/airflow/.local/lib/python3.7/site-packages/airflow/example_dags/example_sensor_decorator.py
[2023-04-27T14:21:26.620+0000] {logging_mixin.py:137} INFO - [2023-04-27T14:21:26.620+0000] {dag.py:2676} INFO - Sync 1 DAGs
[2023-04-27T14:21:26.635+0000] {logging_mixin.py:137} INFO - [2023-04-27T14:21:26.635+0000] {dag.py:3427} INFO - Setting next_dagrun for example_sensor_decorator to None, run_after=None
[2023-04-27T14:21:26.643+0000] {processor.py:175} INFO - Processing /home/airflow/.local/lib/python3.7/site-packages/airflow/example_dags/example_sensor_decorator.py took 0.058 seconds
[2023-04-27T14:21:57.214+0000] {processor.py:153} INFO - Started process (PID=16753) to work on /home/airflow/.local/lib/python3.7/site-packages/airflow/example_dags/example_sensor_decorator.py
[2023-04-27T14:21:57.215+0000] {processor.py:743} INFO - Processing file /home/airflow/.local/lib/python3.7/site-packages/airflow/example_dags/example_sensor_decorator.py for tasks to queue
[2023-04-27T14:21:57.216+0000] {logging_mixin.py:137} INFO - [2023-04-27T14:21:57.216+0000] {dagbag.py:538} INFO - Filling up the DagBag from /home/airflow/.local/lib/python3.7/site-packages/airflow/example_dags/example_sensor_decorator.py
[2023-04-27T14:21:57.235+0000] {logging_mixin.py:137} WARNING - /home/airflow/.local/lib/python3.7/site-packages/airflow/models/dag.py:3524 RemovedInAirflow3Warning: Param `schedule_interval` is deprecated and will be removed in a future release. Please use `schedule` instead.
[2023-04-27T14:21:57.248+0000] {processor.py:753} INFO - DAG(s) dict_keys(['example_sensor_decorator']) retrieved from /home/airflow/.local/lib/python3.7/site-packages/airflow/example_dags/example_sensor_decorator.py
[2023-04-27T14:21:57.276+0000] {logging_mixin.py:137} INFO - [2023-04-27T14:21:57.276+0000] {dag.py:2676} INFO - Sync 1 DAGs
[2023-04-27T14:21:57.299+0000] {logging_mixin.py:137} INFO - [2023-04-27T14:21:57.299+0000] {dag.py:3427} INFO - Setting next_dagrun for example_sensor_decorator to None, run_after=None
[2023-04-27T14:21:57.311+0000] {processor.py:175} INFO - Processing /home/airflow/.local/lib/python3.7/site-packages/airflow/example_dags/example_sensor_decorator.py took 0.098 seconds
[2023-04-27T14:22:27.975+0000] {processor.py:153} INFO - Started process (PID=16854) to work on /home/airflow/.local/lib/python3.7/site-packages/airflow/example_dags/example_sensor_decorator.py
[2023-04-27T14:22:27.975+0000] {processor.py:743} INFO - Processing file /home/airflow/.local/lib/python3.7/site-packages/airflow/example_dags/example_sensor_decorator.py for tasks to queue
[2023-04-27T14:22:27.976+0000] {logging_mixin.py:137} INFO - [2023-04-27T14:22:27.976+0000] {dagbag.py:538} INFO - Filling up the DagBag from /home/airflow/.local/lib/python3.7/site-packages/airflow/example_dags/example_sensor_decorator.py
[2023-04-27T14:22:27.986+0000] {logging_mixin.py:137} WARNING - /home/airflow/.local/lib/python3.7/site-packages/airflow/models/dag.py:3524 RemovedInAirflow3Warning: Param `schedule_interval` is deprecated and will be removed in a future release. Please use `schedule` instead.
[2023-04-27T14:22:27.991+0000] {processor.py:753} INFO - DAG(s) dict_keys(['example_sensor_decorator']) retrieved from /home/airflow/.local/lib/python3.7/site-packages/airflow/example_dags/example_sensor_decorator.py
[2023-04-27T14:22:28.010+0000] {logging_mixin.py:137} INFO - [2023-04-27T14:22:28.010+0000] {dag.py:2676} INFO - Sync 1 DAGs
[2023-04-27T14:22:28.024+0000] {logging_mixin.py:137} INFO - [2023-04-27T14:22:28.024+0000] {dag.py:3427} INFO - Setting next_dagrun for example_sensor_decorator to None, run_after=None
[2023-04-27T14:22:28.033+0000] {processor.py:175} INFO - Processing /home/airflow/.local/lib/python3.7/site-packages/airflow/example_dags/example_sensor_decorator.py took 0.059 seconds
[2023-04-27T14:22:58.530+0000] {processor.py:153} INFO - Started process (PID=16964) to work on /home/airflow/.local/lib/python3.7/site-packages/airflow/example_dags/example_sensor_decorator.py
[2023-04-27T14:22:58.531+0000] {processor.py:743} INFO - Processing file /home/airflow/.local/lib/python3.7/site-packages/airflow/example_dags/example_sensor_decorator.py for tasks to queue
[2023-04-27T14:22:58.531+0000] {logging_mixin.py:137} INFO - [2023-04-27T14:22:58.531+0000] {dagbag.py:538} INFO - Filling up the DagBag from /home/airflow/.local/lib/python3.7/site-packages/airflow/example_dags/example_sensor_decorator.py
[2023-04-27T14:22:58.542+0000] {logging_mixin.py:137} WARNING - /home/airflow/.local/lib/python3.7/site-packages/airflow/models/dag.py:3524 RemovedInAirflow3Warning: Param `schedule_interval` is deprecated and will be removed in a future release. Please use `schedule` instead.
[2023-04-27T14:22:58.546+0000] {processor.py:753} INFO - DAG(s) dict_keys(['example_sensor_decorator']) retrieved from /home/airflow/.local/lib/python3.7/site-packages/airflow/example_dags/example_sensor_decorator.py
[2023-04-27T14:22:58.566+0000] {logging_mixin.py:137} INFO - [2023-04-27T14:22:58.566+0000] {dag.py:2676} INFO - Sync 1 DAGs
[2023-04-27T14:22:58.580+0000] {logging_mixin.py:137} INFO - [2023-04-27T14:22:58.580+0000] {dag.py:3427} INFO - Setting next_dagrun for example_sensor_decorator to None, run_after=None
[2023-04-27T14:22:58.589+0000] {processor.py:175} INFO - Processing /home/airflow/.local/lib/python3.7/site-packages/airflow/example_dags/example_sensor_decorator.py took 0.060 seconds
[2023-04-27T14:23:29.077+0000] {processor.py:153} INFO - Started process (PID=17059) to work on /home/airflow/.local/lib/python3.7/site-packages/airflow/example_dags/example_sensor_decorator.py
[2023-04-27T14:23:29.078+0000] {processor.py:743} INFO - Processing file /home/airflow/.local/lib/python3.7/site-packages/airflow/example_dags/example_sensor_decorator.py for tasks to queue
[2023-04-27T14:23:29.078+0000] {logging_mixin.py:137} INFO - [2023-04-27T14:23:29.078+0000] {dagbag.py:538} INFO - Filling up the DagBag from /home/airflow/.local/lib/python3.7/site-packages/airflow/example_dags/example_sensor_decorator.py
[2023-04-27T14:23:29.089+0000] {logging_mixin.py:137} WARNING - /home/airflow/.local/lib/python3.7/site-packages/airflow/models/dag.py:3524 RemovedInAirflow3Warning: Param `schedule_interval` is deprecated and will be removed in a future release. Please use `schedule` instead.
[2023-04-27T14:23:29.094+0000] {processor.py:753} INFO - DAG(s) dict_keys(['example_sensor_decorator']) retrieved from /home/airflow/.local/lib/python3.7/site-packages/airflow/example_dags/example_sensor_decorator.py
[2023-04-27T14:23:29.113+0000] {logging_mixin.py:137} INFO - [2023-04-27T14:23:29.113+0000] {dag.py:2676} INFO - Sync 1 DAGs
[2023-04-27T14:23:29.129+0000] {logging_mixin.py:137} INFO - [2023-04-27T14:23:29.129+0000] {dag.py:3427} INFO - Setting next_dagrun for example_sensor_decorator to None, run_after=None
[2023-04-27T14:23:29.138+0000] {processor.py:175} INFO - Processing /home/airflow/.local/lib/python3.7/site-packages/airflow/example_dags/example_sensor_decorator.py took 0.063 seconds
[2023-04-27T14:23:59.897+0000] {processor.py:153} INFO - Started process (PID=17160) to work on /home/airflow/.local/lib/python3.7/site-packages/airflow/example_dags/example_sensor_decorator.py
[2023-04-27T14:23:59.897+0000] {processor.py:743} INFO - Processing file /home/airflow/.local/lib/python3.7/site-packages/airflow/example_dags/example_sensor_decorator.py for tasks to queue
[2023-04-27T14:23:59.898+0000] {logging_mixin.py:137} INFO - [2023-04-27T14:23:59.898+0000] {dagbag.py:538} INFO - Filling up the DagBag from /home/airflow/.local/lib/python3.7/site-packages/airflow/example_dags/example_sensor_decorator.py
[2023-04-27T14:23:59.909+0000] {logging_mixin.py:137} WARNING - /home/airflow/.local/lib/python3.7/site-packages/airflow/models/dag.py:3524 RemovedInAirflow3Warning: Param `schedule_interval` is deprecated and will be removed in a future release. Please use `schedule` instead.
[2023-04-27T14:23:59.913+0000] {processor.py:753} INFO - DAG(s) dict_keys(['example_sensor_decorator']) retrieved from /home/airflow/.local/lib/python3.7/site-packages/airflow/example_dags/example_sensor_decorator.py
[2023-04-27T14:23:59.932+0000] {logging_mixin.py:137} INFO - [2023-04-27T14:23:59.932+0000] {dag.py:2676} INFO - Sync 1 DAGs
[2023-04-27T14:23:59.947+0000] {logging_mixin.py:137} INFO - [2023-04-27T14:23:59.947+0000] {dag.py:3427} INFO - Setting next_dagrun for example_sensor_decorator to None, run_after=None
[2023-04-27T14:23:59.956+0000] {processor.py:175} INFO - Processing /home/airflow/.local/lib/python3.7/site-packages/airflow/example_dags/example_sensor_decorator.py took 0.061 seconds
[2023-04-27T14:24:30.579+0000] {processor.py:153} INFO - Started process (PID=17270) to work on /home/airflow/.local/lib/python3.7/site-packages/airflow/example_dags/example_sensor_decorator.py
[2023-04-27T14:24:30.579+0000] {processor.py:743} INFO - Processing file /home/airflow/.local/lib/python3.7/site-packages/airflow/example_dags/example_sensor_decorator.py for tasks to queue
[2023-04-27T14:24:30.580+0000] {logging_mixin.py:137} INFO - [2023-04-27T14:24:30.580+0000] {dagbag.py:538} INFO - Filling up the DagBag from /home/airflow/.local/lib/python3.7/site-packages/airflow/example_dags/example_sensor_decorator.py
[2023-04-27T14:24:30.593+0000] {logging_mixin.py:137} WARNING - /home/airflow/.local/lib/python3.7/site-packages/airflow/models/dag.py:3524 RemovedInAirflow3Warning: Param `schedule_interval` is deprecated and will be removed in a future release. Please use `schedule` instead.
[2023-04-27T14:24:30.598+0000] {processor.py:753} INFO - DAG(s) dict_keys(['example_sensor_decorator']) retrieved from /home/airflow/.local/lib/python3.7/site-packages/airflow/example_dags/example_sensor_decorator.py
[2023-04-27T14:24:30.624+0000] {logging_mixin.py:137} INFO - [2023-04-27T14:24:30.623+0000] {dag.py:2676} INFO - Sync 1 DAGs
[2023-04-27T14:24:30.639+0000] {logging_mixin.py:137} INFO - [2023-04-27T14:24:30.639+0000] {dag.py:3427} INFO - Setting next_dagrun for example_sensor_decorator to None, run_after=None
[2023-04-27T14:24:30.650+0000] {processor.py:175} INFO - Processing /home/airflow/.local/lib/python3.7/site-packages/airflow/example_dags/example_sensor_decorator.py took 0.072 seconds
[2023-04-27T14:25:01.302+0000] {processor.py:153} INFO - Started process (PID=17365) to work on /home/airflow/.local/lib/python3.7/site-packages/airflow/example_dags/example_sensor_decorator.py
[2023-04-27T14:25:01.303+0000] {processor.py:743} INFO - Processing file /home/airflow/.local/lib/python3.7/site-packages/airflow/example_dags/example_sensor_decorator.py for tasks to queue
[2023-04-27T14:25:01.303+0000] {logging_mixin.py:137} INFO - [2023-04-27T14:25:01.303+0000] {dagbag.py:538} INFO - Filling up the DagBag from /home/airflow/.local/lib/python3.7/site-packages/airflow/example_dags/example_sensor_decorator.py
[2023-04-27T14:25:01.315+0000] {logging_mixin.py:137} WARNING - /home/airflow/.local/lib/python3.7/site-packages/airflow/models/dag.py:3524 RemovedInAirflow3Warning: Param `schedule_interval` is deprecated and will be removed in a future release. Please use `schedule` instead.
[2023-04-27T14:25:01.319+0000] {processor.py:753} INFO - DAG(s) dict_keys(['example_sensor_decorator']) retrieved from /home/airflow/.local/lib/python3.7/site-packages/airflow/example_dags/example_sensor_decorator.py
[2023-04-27T14:25:01.339+0000] {logging_mixin.py:137} INFO - [2023-04-27T14:25:01.339+0000] {dag.py:2676} INFO - Sync 1 DAGs
[2023-04-27T14:25:01.355+0000] {logging_mixin.py:137} INFO - [2023-04-27T14:25:01.355+0000] {dag.py:3427} INFO - Setting next_dagrun for example_sensor_decorator to None, run_after=None
[2023-04-27T14:25:01.365+0000] {processor.py:175} INFO - Processing /home/airflow/.local/lib/python3.7/site-packages/airflow/example_dags/example_sensor_decorator.py took 0.066 seconds
[2023-04-27T14:25:31.950+0000] {processor.py:153} INFO - Started process (PID=17466) to work on /home/airflow/.local/lib/python3.7/site-packages/airflow/example_dags/example_sensor_decorator.py
[2023-04-27T14:25:31.951+0000] {processor.py:743} INFO - Processing file /home/airflow/.local/lib/python3.7/site-packages/airflow/example_dags/example_sensor_decorator.py for tasks to queue
[2023-04-27T14:25:31.951+0000] {logging_mixin.py:137} INFO - [2023-04-27T14:25:31.951+0000] {dagbag.py:538} INFO - Filling up the DagBag from /home/airflow/.local/lib/python3.7/site-packages/airflow/example_dags/example_sensor_decorator.py
[2023-04-27T14:25:31.965+0000] {logging_mixin.py:137} WARNING - /home/airflow/.local/lib/python3.7/site-packages/airflow/models/dag.py:3524 RemovedInAirflow3Warning: Param `schedule_interval` is deprecated and will be removed in a future release. Please use `schedule` instead.
[2023-04-27T14:25:31.971+0000] {processor.py:753} INFO - DAG(s) dict_keys(['example_sensor_decorator']) retrieved from /home/airflow/.local/lib/python3.7/site-packages/airflow/example_dags/example_sensor_decorator.py
[2023-04-27T14:25:31.993+0000] {logging_mixin.py:137} INFO - [2023-04-27T14:25:31.993+0000] {dag.py:2676} INFO - Sync 1 DAGs
[2023-04-27T14:25:32.007+0000] {logging_mixin.py:137} INFO - [2023-04-27T14:25:32.007+0000] {dag.py:3427} INFO - Setting next_dagrun for example_sensor_decorator to None, run_after=None
[2023-04-27T14:25:32.017+0000] {processor.py:175} INFO - Processing /home/airflow/.local/lib/python3.7/site-packages/airflow/example_dags/example_sensor_decorator.py took 0.069 seconds
[2023-04-27T14:26:02.497+0000] {processor.py:153} INFO - Started process (PID=17576) to work on /home/airflow/.local/lib/python3.7/site-packages/airflow/example_dags/example_sensor_decorator.py
[2023-04-27T14:26:02.497+0000] {processor.py:743} INFO - Processing file /home/airflow/.local/lib/python3.7/site-packages/airflow/example_dags/example_sensor_decorator.py for tasks to queue
[2023-04-27T14:26:02.498+0000] {logging_mixin.py:137} INFO - [2023-04-27T14:26:02.498+0000] {dagbag.py:538} INFO - Filling up the DagBag from /home/airflow/.local/lib/python3.7/site-packages/airflow/example_dags/example_sensor_decorator.py
[2023-04-27T14:26:02.508+0000] {logging_mixin.py:137} WARNING - /home/airflow/.local/lib/python3.7/site-packages/airflow/models/dag.py:3524 RemovedInAirflow3Warning: Param `schedule_interval` is deprecated and will be removed in a future release. Please use `schedule` instead.
[2023-04-27T14:26:02.513+0000] {processor.py:753} INFO - DAG(s) dict_keys(['example_sensor_decorator']) retrieved from /home/airflow/.local/lib/python3.7/site-packages/airflow/example_dags/example_sensor_decorator.py
[2023-04-27T14:26:02.533+0000] {logging_mixin.py:137} INFO - [2023-04-27T14:26:02.533+0000] {dag.py:2676} INFO - Sync 1 DAGs
[2023-04-27T14:26:02.546+0000] {logging_mixin.py:137} INFO - [2023-04-27T14:26:02.546+0000] {dag.py:3427} INFO - Setting next_dagrun for example_sensor_decorator to None, run_after=None
[2023-04-27T14:26:02.555+0000] {processor.py:175} INFO - Processing /home/airflow/.local/lib/python3.7/site-packages/airflow/example_dags/example_sensor_decorator.py took 0.059 seconds
