[2023-04-27T14:20:56.073+0000] {processor.py:153} INFO - Started process (PID=16551) to work on /home/airflow/.local/lib/python3.7/site-packages/airflow/example_dags/example_branch_python_dop_operator_3.py
[2023-04-27T14:20:56.074+0000] {processor.py:743} INFO - Processing file /home/airflow/.local/lib/python3.7/site-packages/airflow/example_dags/example_branch_python_dop_operator_3.py for tasks to queue
[2023-04-27T14:20:56.074+0000] {logging_mixin.py:137} INFO - [2023-04-27T14:20:56.074+0000] {dagbag.py:538} INFO - Filling up the DagBag from /home/airflow/.local/lib/python3.7/site-packages/airflow/example_dags/example_branch_python_dop_operator_3.py
[2023-04-27T14:20:56.088+0000] {processor.py:753} INFO - DAG(s) dict_keys(['example_branch_dop_operator_v3']) retrieved from /home/airflow/.local/lib/python3.7/site-packages/airflow/example_dags/example_branch_python_dop_operator_3.py
[2023-04-27T14:20:56.107+0000] {logging_mixin.py:137} INFO - [2023-04-27T14:20:56.107+0000] {dag.py:2676} INFO - Sync 1 DAGs
[2023-04-27T14:20:56.125+0000] {logging_mixin.py:137} INFO - [2023-04-27T14:20:56.125+0000] {dag.py:3427} INFO - Setting next_dagrun for example_branch_dop_operator_v3 to 2023-04-27T14:19:00+00:00, run_after=2023-04-27T14:20:00+00:00
[2023-04-27T14:20:56.139+0000] {processor.py:175} INFO - Processing /home/airflow/.local/lib/python3.7/site-packages/airflow/example_dags/example_branch_python_dop_operator_3.py took 0.067 seconds
[2023-04-27T14:21:26.713+0000] {processor.py:153} INFO - Started process (PID=16661) to work on /home/airflow/.local/lib/python3.7/site-packages/airflow/example_dags/example_branch_python_dop_operator_3.py
[2023-04-27T14:21:26.714+0000] {processor.py:743} INFO - Processing file /home/airflow/.local/lib/python3.7/site-packages/airflow/example_dags/example_branch_python_dop_operator_3.py for tasks to queue
[2023-04-27T14:21:26.714+0000] {logging_mixin.py:137} INFO - [2023-04-27T14:21:26.714+0000] {dagbag.py:538} INFO - Filling up the DagBag from /home/airflow/.local/lib/python3.7/site-packages/airflow/example_dags/example_branch_python_dop_operator_3.py
[2023-04-27T14:21:26.727+0000] {processor.py:753} INFO - DAG(s) dict_keys(['example_branch_dop_operator_v3']) retrieved from /home/airflow/.local/lib/python3.7/site-packages/airflow/example_dags/example_branch_python_dop_operator_3.py
[2023-04-27T14:21:26.746+0000] {logging_mixin.py:137} INFO - [2023-04-27T14:21:26.746+0000] {dag.py:2676} INFO - Sync 1 DAGs
[2023-04-27T14:21:26.764+0000] {logging_mixin.py:137} INFO - [2023-04-27T14:21:26.764+0000] {dag.py:3427} INFO - Setting next_dagrun for example_branch_dop_operator_v3 to 2023-04-27T14:20:00+00:00, run_after=2023-04-27T14:21:00+00:00
[2023-04-27T14:21:26.774+0000] {processor.py:175} INFO - Processing /home/airflow/.local/lib/python3.7/site-packages/airflow/example_dags/example_branch_python_dop_operator_3.py took 0.062 seconds
[2023-04-27T14:21:57.391+0000] {processor.py:153} INFO - Started process (PID=16771) to work on /home/airflow/.local/lib/python3.7/site-packages/airflow/example_dags/example_branch_python_dop_operator_3.py
[2023-04-27T14:21:57.392+0000] {processor.py:743} INFO - Processing file /home/airflow/.local/lib/python3.7/site-packages/airflow/example_dags/example_branch_python_dop_operator_3.py for tasks to queue
[2023-04-27T14:21:57.392+0000] {logging_mixin.py:137} INFO - [2023-04-27T14:21:57.392+0000] {dagbag.py:538} INFO - Filling up the DagBag from /home/airflow/.local/lib/python3.7/site-packages/airflow/example_dags/example_branch_python_dop_operator_3.py
[2023-04-27T14:21:57.406+0000] {processor.py:753} INFO - DAG(s) dict_keys(['example_branch_dop_operator_v3']) retrieved from /home/airflow/.local/lib/python3.7/site-packages/airflow/example_dags/example_branch_python_dop_operator_3.py
[2023-04-27T14:21:57.426+0000] {logging_mixin.py:137} INFO - [2023-04-27T14:21:57.426+0000] {dag.py:2676} INFO - Sync 1 DAGs
[2023-04-27T14:21:57.444+0000] {logging_mixin.py:137} INFO - [2023-04-27T14:21:57.444+0000] {dag.py:3427} INFO - Setting next_dagrun for example_branch_dop_operator_v3 to 2023-04-27T14:20:00+00:00, run_after=2023-04-27T14:21:00+00:00
[2023-04-27T14:21:57.453+0000] {processor.py:175} INFO - Processing /home/airflow/.local/lib/python3.7/site-packages/airflow/example_dags/example_branch_python_dop_operator_3.py took 0.064 seconds
[2023-04-27T14:22:28.102+0000] {processor.py:153} INFO - Started process (PID=16857) to work on /home/airflow/.local/lib/python3.7/site-packages/airflow/example_dags/example_branch_python_dop_operator_3.py
[2023-04-27T14:22:28.102+0000] {processor.py:743} INFO - Processing file /home/airflow/.local/lib/python3.7/site-packages/airflow/example_dags/example_branch_python_dop_operator_3.py for tasks to queue
[2023-04-27T14:22:28.102+0000] {logging_mixin.py:137} INFO - [2023-04-27T14:22:28.102+0000] {dagbag.py:538} INFO - Filling up the DagBag from /home/airflow/.local/lib/python3.7/site-packages/airflow/example_dags/example_branch_python_dop_operator_3.py
[2023-04-27T14:22:28.115+0000] {processor.py:753} INFO - DAG(s) dict_keys(['example_branch_dop_operator_v3']) retrieved from /home/airflow/.local/lib/python3.7/site-packages/airflow/example_dags/example_branch_python_dop_operator_3.py
[2023-04-27T14:22:28.135+0000] {logging_mixin.py:137} INFO - [2023-04-27T14:22:28.135+0000] {dag.py:2676} INFO - Sync 1 DAGs
[2023-04-27T14:22:28.151+0000] {logging_mixin.py:137} INFO - [2023-04-27T14:22:28.151+0000] {dag.py:3427} INFO - Setting next_dagrun for example_branch_dop_operator_v3 to 2023-04-27T14:21:00+00:00, run_after=2023-04-27T14:22:00+00:00
[2023-04-27T14:22:28.160+0000] {processor.py:175} INFO - Processing /home/airflow/.local/lib/python3.7/site-packages/airflow/example_dags/example_branch_python_dop_operator_3.py took 0.060 seconds
[2023-04-27T14:22:58.658+0000] {processor.py:153} INFO - Started process (PID=16967) to work on /home/airflow/.local/lib/python3.7/site-packages/airflow/example_dags/example_branch_python_dop_operator_3.py
[2023-04-27T14:22:58.659+0000] {processor.py:743} INFO - Processing file /home/airflow/.local/lib/python3.7/site-packages/airflow/example_dags/example_branch_python_dop_operator_3.py for tasks to queue
[2023-04-27T14:22:58.659+0000] {logging_mixin.py:137} INFO - [2023-04-27T14:22:58.659+0000] {dagbag.py:538} INFO - Filling up the DagBag from /home/airflow/.local/lib/python3.7/site-packages/airflow/example_dags/example_branch_python_dop_operator_3.py
[2023-04-27T14:22:58.672+0000] {processor.py:753} INFO - DAG(s) dict_keys(['example_branch_dop_operator_v3']) retrieved from /home/airflow/.local/lib/python3.7/site-packages/airflow/example_dags/example_branch_python_dop_operator_3.py
[2023-04-27T14:22:58.691+0000] {logging_mixin.py:137} INFO - [2023-04-27T14:22:58.691+0000] {dag.py:2676} INFO - Sync 1 DAGs
[2023-04-27T14:22:58.707+0000] {logging_mixin.py:137} INFO - [2023-04-27T14:22:58.707+0000] {dag.py:3427} INFO - Setting next_dagrun for example_branch_dop_operator_v3 to 2023-04-27T14:21:00+00:00, run_after=2023-04-27T14:22:00+00:00
[2023-04-27T14:22:58.716+0000] {processor.py:175} INFO - Processing /home/airflow/.local/lib/python3.7/site-packages/airflow/example_dags/example_branch_python_dop_operator_3.py took 0.060 seconds
[2023-04-27T14:23:29.255+0000] {processor.py:153} INFO - Started process (PID=17077) to work on /home/airflow/.local/lib/python3.7/site-packages/airflow/example_dags/example_branch_python_dop_operator_3.py
[2023-04-27T14:23:29.256+0000] {processor.py:743} INFO - Processing file /home/airflow/.local/lib/python3.7/site-packages/airflow/example_dags/example_branch_python_dop_operator_3.py for tasks to queue
[2023-04-27T14:23:29.256+0000] {logging_mixin.py:137} INFO - [2023-04-27T14:23:29.256+0000] {dagbag.py:538} INFO - Filling up the DagBag from /home/airflow/.local/lib/python3.7/site-packages/airflow/example_dags/example_branch_python_dop_operator_3.py
[2023-04-27T14:23:29.277+0000] {processor.py:753} INFO - DAG(s) dict_keys(['example_branch_dop_operator_v3']) retrieved from /home/airflow/.local/lib/python3.7/site-packages/airflow/example_dags/example_branch_python_dop_operator_3.py
[2023-04-27T14:23:29.305+0000] {logging_mixin.py:137} INFO - [2023-04-27T14:23:29.305+0000] {dag.py:2676} INFO - Sync 1 DAGs
[2023-04-27T14:23:29.331+0000] {logging_mixin.py:137} INFO - [2023-04-27T14:23:29.331+0000] {dag.py:3427} INFO - Setting next_dagrun for example_branch_dop_operator_v3 to 2023-04-27T14:22:00+00:00, run_after=2023-04-27T14:23:00+00:00
[2023-04-27T14:23:29.341+0000] {processor.py:175} INFO - Processing /home/airflow/.local/lib/python3.7/site-packages/airflow/example_dags/example_branch_python_dop_operator_3.py took 0.088 seconds
[2023-04-27T14:24:00.036+0000] {processor.py:153} INFO - Started process (PID=17163) to work on /home/airflow/.local/lib/python3.7/site-packages/airflow/example_dags/example_branch_python_dop_operator_3.py
[2023-04-27T14:24:00.037+0000] {processor.py:743} INFO - Processing file /home/airflow/.local/lib/python3.7/site-packages/airflow/example_dags/example_branch_python_dop_operator_3.py for tasks to queue
[2023-04-27T14:24:00.037+0000] {logging_mixin.py:137} INFO - [2023-04-27T14:24:00.037+0000] {dagbag.py:538} INFO - Filling up the DagBag from /home/airflow/.local/lib/python3.7/site-packages/airflow/example_dags/example_branch_python_dop_operator_3.py
[2023-04-27T14:24:00.051+0000] {processor.py:753} INFO - DAG(s) dict_keys(['example_branch_dop_operator_v3']) retrieved from /home/airflow/.local/lib/python3.7/site-packages/airflow/example_dags/example_branch_python_dop_operator_3.py
[2023-04-27T14:24:00.072+0000] {logging_mixin.py:137} INFO - [2023-04-27T14:24:00.072+0000] {dag.py:2676} INFO - Sync 1 DAGs
[2023-04-27T14:24:00.090+0000] {logging_mixin.py:137} INFO - [2023-04-27T14:24:00.090+0000] {dag.py:3427} INFO - Setting next_dagrun for example_branch_dop_operator_v3 to 2023-04-27T14:23:00+00:00, run_after=2023-04-27T14:24:00+00:00
[2023-04-27T14:24:00.100+0000] {processor.py:175} INFO - Processing /home/airflow/.local/lib/python3.7/site-packages/airflow/example_dags/example_branch_python_dop_operator_3.py took 0.065 seconds
[2023-04-27T14:24:30.666+0000] {processor.py:153} INFO - Started process (PID=17273) to work on /home/airflow/.local/lib/python3.7/site-packages/airflow/example_dags/example_branch_python_dop_operator_3.py
[2023-04-27T14:24:30.667+0000] {processor.py:743} INFO - Processing file /home/airflow/.local/lib/python3.7/site-packages/airflow/example_dags/example_branch_python_dop_operator_3.py for tasks to queue
[2023-04-27T14:24:30.667+0000] {logging_mixin.py:137} INFO - [2023-04-27T14:24:30.667+0000] {dagbag.py:538} INFO - Filling up the DagBag from /home/airflow/.local/lib/python3.7/site-packages/airflow/example_dags/example_branch_python_dop_operator_3.py
[2023-04-27T14:24:30.682+0000] {processor.py:753} INFO - DAG(s) dict_keys(['example_branch_dop_operator_v3']) retrieved from /home/airflow/.local/lib/python3.7/site-packages/airflow/example_dags/example_branch_python_dop_operator_3.py
[2023-04-27T14:24:30.708+0000] {logging_mixin.py:137} INFO - [2023-04-27T14:24:30.708+0000] {dag.py:2676} INFO - Sync 1 DAGs
[2023-04-27T14:24:30.730+0000] {logging_mixin.py:137} INFO - [2023-04-27T14:24:30.730+0000] {dag.py:3427} INFO - Setting next_dagrun for example_branch_dop_operator_v3 to 2023-04-27T14:23:00+00:00, run_after=2023-04-27T14:24:00+00:00
[2023-04-27T14:24:30.743+0000] {processor.py:175} INFO - Processing /home/airflow/.local/lib/python3.7/site-packages/airflow/example_dags/example_branch_python_dop_operator_3.py took 0.079 seconds
[2023-04-27T14:25:01.440+0000] {processor.py:153} INFO - Started process (PID=17368) to work on /home/airflow/.local/lib/python3.7/site-packages/airflow/example_dags/example_branch_python_dop_operator_3.py
[2023-04-27T14:25:01.441+0000] {processor.py:743} INFO - Processing file /home/airflow/.local/lib/python3.7/site-packages/airflow/example_dags/example_branch_python_dop_operator_3.py for tasks to queue
[2023-04-27T14:25:01.441+0000] {logging_mixin.py:137} INFO - [2023-04-27T14:25:01.441+0000] {dagbag.py:538} INFO - Filling up the DagBag from /home/airflow/.local/lib/python3.7/site-packages/airflow/example_dags/example_branch_python_dop_operator_3.py
[2023-04-27T14:25:01.455+0000] {processor.py:753} INFO - DAG(s) dict_keys(['example_branch_dop_operator_v3']) retrieved from /home/airflow/.local/lib/python3.7/site-packages/airflow/example_dags/example_branch_python_dop_operator_3.py
[2023-04-27T14:25:01.475+0000] {logging_mixin.py:137} INFO - [2023-04-27T14:25:01.475+0000] {dag.py:2676} INFO - Sync 1 DAGs
[2023-04-27T14:25:01.492+0000] {logging_mixin.py:137} INFO - [2023-04-27T14:25:01.492+0000] {dag.py:3427} INFO - Setting next_dagrun for example_branch_dop_operator_v3 to 2023-04-27T14:24:00+00:00, run_after=2023-04-27T14:25:00+00:00
[2023-04-27T14:25:01.502+0000] {processor.py:175} INFO - Processing /home/airflow/.local/lib/python3.7/site-packages/airflow/example_dags/example_branch_python_dop_operator_3.py took 0.063 seconds
[2023-04-27T14:25:32.088+0000] {processor.py:153} INFO - Started process (PID=17469) to work on /home/airflow/.local/lib/python3.7/site-packages/airflow/example_dags/example_branch_python_dop_operator_3.py
[2023-04-27T14:25:32.089+0000] {processor.py:743} INFO - Processing file /home/airflow/.local/lib/python3.7/site-packages/airflow/example_dags/example_branch_python_dop_operator_3.py for tasks to queue
[2023-04-27T14:25:32.089+0000] {logging_mixin.py:137} INFO - [2023-04-27T14:25:32.089+0000] {dagbag.py:538} INFO - Filling up the DagBag from /home/airflow/.local/lib/python3.7/site-packages/airflow/example_dags/example_branch_python_dop_operator_3.py
[2023-04-27T14:25:32.102+0000] {processor.py:753} INFO - DAG(s) dict_keys(['example_branch_dop_operator_v3']) retrieved from /home/airflow/.local/lib/python3.7/site-packages/airflow/example_dags/example_branch_python_dop_operator_3.py
[2023-04-27T14:25:32.122+0000] {logging_mixin.py:137} INFO - [2023-04-27T14:25:32.121+0000] {dag.py:2676} INFO - Sync 1 DAGs
[2023-04-27T14:25:32.139+0000] {logging_mixin.py:137} INFO - [2023-04-27T14:25:32.138+0000] {dag.py:3427} INFO - Setting next_dagrun for example_branch_dop_operator_v3 to 2023-04-27T14:24:00+00:00, run_after=2023-04-27T14:25:00+00:00
[2023-04-27T14:25:32.147+0000] {processor.py:175} INFO - Processing /home/airflow/.local/lib/python3.7/site-packages/airflow/example_dags/example_branch_python_dop_operator_3.py took 0.061 seconds
