[2023-04-27T14:20:56.506+0000] {processor.py:153} INFO - Started process (PID=16561) to work on /home/airflow/.local/lib/python3.7/site-packages/airflow/example_dags/example_branch_labels.py
[2023-04-27T14:20:56.506+0000] {processor.py:743} INFO - Processing file /home/airflow/.local/lib/python3.7/site-packages/airflow/example_dags/example_branch_labels.py for tasks to queue
[2023-04-27T14:20:56.507+0000] {logging_mixin.py:137} INFO - [2023-04-27T14:20:56.507+0000] {dagbag.py:538} INFO - Filling up the DagBag from /home/airflow/.local/lib/python3.7/site-packages/airflow/example_dags/example_branch_labels.py
[2023-04-27T14:20:56.514+0000] {processor.py:753} INFO - DAG(s) dict_keys(['example_branch_labels']) retrieved from /home/airflow/.local/lib/python3.7/site-packages/airflow/example_dags/example_branch_labels.py
[2023-04-27T14:20:56.534+0000] {logging_mixin.py:137} INFO - [2023-04-27T14:20:56.534+0000] {dag.py:2676} INFO - Sync 1 DAGs
[2023-04-27T14:20:56.549+0000] {logging_mixin.py:137} INFO - [2023-04-27T14:20:56.549+0000] {dag.py:3427} INFO - Setting next_dagrun for example_branch_labels to 2023-04-26T00:00:00+00:00, run_after=2023-04-27T00:00:00+00:00
[2023-04-27T14:20:56.557+0000] {processor.py:175} INFO - Processing /home/airflow/.local/lib/python3.7/site-packages/airflow/example_dags/example_branch_labels.py took 0.053 seconds
[2023-04-27T14:21:27.189+0000] {processor.py:153} INFO - Started process (PID=16671) to work on /home/airflow/.local/lib/python3.7/site-packages/airflow/example_dags/example_branch_labels.py
[2023-04-27T14:21:27.189+0000] {processor.py:743} INFO - Processing file /home/airflow/.local/lib/python3.7/site-packages/airflow/example_dags/example_branch_labels.py for tasks to queue
[2023-04-27T14:21:27.189+0000] {logging_mixin.py:137} INFO - [2023-04-27T14:21:27.189+0000] {dagbag.py:538} INFO - Filling up the DagBag from /home/airflow/.local/lib/python3.7/site-packages/airflow/example_dags/example_branch_labels.py
[2023-04-27T14:21:27.197+0000] {processor.py:753} INFO - DAG(s) dict_keys(['example_branch_labels']) retrieved from /home/airflow/.local/lib/python3.7/site-packages/airflow/example_dags/example_branch_labels.py
[2023-04-27T14:21:27.217+0000] {logging_mixin.py:137} INFO - [2023-04-27T14:21:27.217+0000] {dag.py:2676} INFO - Sync 1 DAGs
[2023-04-27T14:21:27.232+0000] {logging_mixin.py:137} INFO - [2023-04-27T14:21:27.232+0000] {dag.py:3427} INFO - Setting next_dagrun for example_branch_labels to 2023-04-26T00:00:00+00:00, run_after=2023-04-27T00:00:00+00:00
[2023-04-27T14:21:27.242+0000] {processor.py:175} INFO - Processing /home/airflow/.local/lib/python3.7/site-packages/airflow/example_dags/example_branch_labels.py took 0.055 seconds
[2023-04-27T14:21:57.834+0000] {processor.py:153} INFO - Started process (PID=16781) to work on /home/airflow/.local/lib/python3.7/site-packages/airflow/example_dags/example_branch_labels.py
[2023-04-27T14:21:57.834+0000] {processor.py:743} INFO - Processing file /home/airflow/.local/lib/python3.7/site-packages/airflow/example_dags/example_branch_labels.py for tasks to queue
[2023-04-27T14:21:57.835+0000] {logging_mixin.py:137} INFO - [2023-04-27T14:21:57.834+0000] {dagbag.py:538} INFO - Filling up the DagBag from /home/airflow/.local/lib/python3.7/site-packages/airflow/example_dags/example_branch_labels.py
[2023-04-27T14:21:57.842+0000] {processor.py:753} INFO - DAG(s) dict_keys(['example_branch_labels']) retrieved from /home/airflow/.local/lib/python3.7/site-packages/airflow/example_dags/example_branch_labels.py
[2023-04-27T14:21:57.865+0000] {logging_mixin.py:137} INFO - [2023-04-27T14:21:57.865+0000] {dag.py:2676} INFO - Sync 1 DAGs
[2023-04-27T14:21:57.883+0000] {logging_mixin.py:137} INFO - [2023-04-27T14:21:57.883+0000] {dag.py:3427} INFO - Setting next_dagrun for example_branch_labels to 2023-04-26T00:00:00+00:00, run_after=2023-04-27T00:00:00+00:00
[2023-04-27T14:21:57.892+0000] {processor.py:175} INFO - Processing /home/airflow/.local/lib/python3.7/site-packages/airflow/example_dags/example_branch_labels.py took 0.061 seconds
[2023-04-27T14:22:28.421+0000] {processor.py:153} INFO - Started process (PID=16867) to work on /home/airflow/.local/lib/python3.7/site-packages/airflow/example_dags/example_branch_labels.py
[2023-04-27T14:22:28.422+0000] {processor.py:743} INFO - Processing file /home/airflow/.local/lib/python3.7/site-packages/airflow/example_dags/example_branch_labels.py for tasks to queue
[2023-04-27T14:22:28.422+0000] {logging_mixin.py:137} INFO - [2023-04-27T14:22:28.422+0000] {dagbag.py:538} INFO - Filling up the DagBag from /home/airflow/.local/lib/python3.7/site-packages/airflow/example_dags/example_branch_labels.py
[2023-04-27T14:22:28.430+0000] {processor.py:753} INFO - DAG(s) dict_keys(['example_branch_labels']) retrieved from /home/airflow/.local/lib/python3.7/site-packages/airflow/example_dags/example_branch_labels.py
[2023-04-27T14:22:28.451+0000] {logging_mixin.py:137} INFO - [2023-04-27T14:22:28.450+0000] {dag.py:2676} INFO - Sync 1 DAGs
[2023-04-27T14:22:28.465+0000] {logging_mixin.py:137} INFO - [2023-04-27T14:22:28.465+0000] {dag.py:3427} INFO - Setting next_dagrun for example_branch_labels to 2023-04-26T00:00:00+00:00, run_after=2023-04-27T00:00:00+00:00
[2023-04-27T14:22:28.474+0000] {processor.py:175} INFO - Processing /home/airflow/.local/lib/python3.7/site-packages/airflow/example_dags/example_branch_labels.py took 0.054 seconds
[2023-04-27T14:22:58.984+0000] {processor.py:153} INFO - Started process (PID=16977) to work on /home/airflow/.local/lib/python3.7/site-packages/airflow/example_dags/example_branch_labels.py
[2023-04-27T14:22:58.984+0000] {processor.py:743} INFO - Processing file /home/airflow/.local/lib/python3.7/site-packages/airflow/example_dags/example_branch_labels.py for tasks to queue
[2023-04-27T14:22:58.984+0000] {logging_mixin.py:137} INFO - [2023-04-27T14:22:58.984+0000] {dagbag.py:538} INFO - Filling up the DagBag from /home/airflow/.local/lib/python3.7/site-packages/airflow/example_dags/example_branch_labels.py
[2023-04-27T14:22:58.992+0000] {processor.py:753} INFO - DAG(s) dict_keys(['example_branch_labels']) retrieved from /home/airflow/.local/lib/python3.7/site-packages/airflow/example_dags/example_branch_labels.py
[2023-04-27T14:22:59.012+0000] {logging_mixin.py:137} INFO - [2023-04-27T14:22:59.012+0000] {dag.py:2676} INFO - Sync 1 DAGs
[2023-04-27T14:22:59.027+0000] {logging_mixin.py:137} INFO - [2023-04-27T14:22:59.026+0000] {dag.py:3427} INFO - Setting next_dagrun for example_branch_labels to 2023-04-26T00:00:00+00:00, run_after=2023-04-27T00:00:00+00:00
[2023-04-27T14:22:59.035+0000] {processor.py:175} INFO - Processing /home/airflow/.local/lib/python3.7/site-packages/airflow/example_dags/example_branch_labels.py took 0.053 seconds
[2023-04-27T14:23:29.650+0000] {processor.py:153} INFO - Started process (PID=17087) to work on /home/airflow/.local/lib/python3.7/site-packages/airflow/example_dags/example_branch_labels.py
[2023-04-27T14:23:29.651+0000] {processor.py:743} INFO - Processing file /home/airflow/.local/lib/python3.7/site-packages/airflow/example_dags/example_branch_labels.py for tasks to queue
[2023-04-27T14:23:29.651+0000] {logging_mixin.py:137} INFO - [2023-04-27T14:23:29.651+0000] {dagbag.py:538} INFO - Filling up the DagBag from /home/airflow/.local/lib/python3.7/site-packages/airflow/example_dags/example_branch_labels.py
[2023-04-27T14:23:29.660+0000] {processor.py:753} INFO - DAG(s) dict_keys(['example_branch_labels']) retrieved from /home/airflow/.local/lib/python3.7/site-packages/airflow/example_dags/example_branch_labels.py
[2023-04-27T14:23:29.680+0000] {logging_mixin.py:137} INFO - [2023-04-27T14:23:29.680+0000] {dag.py:2676} INFO - Sync 1 DAGs
[2023-04-27T14:23:29.695+0000] {logging_mixin.py:137} INFO - [2023-04-27T14:23:29.695+0000] {dag.py:3427} INFO - Setting next_dagrun for example_branch_labels to 2023-04-26T00:00:00+00:00, run_after=2023-04-27T00:00:00+00:00
[2023-04-27T14:23:29.705+0000] {processor.py:175} INFO - Processing /home/airflow/.local/lib/python3.7/site-packages/airflow/example_dags/example_branch_labels.py took 0.057 seconds
[2023-04-27T14:24:00.372+0000] {processor.py:153} INFO - Started process (PID=17173) to work on /home/airflow/.local/lib/python3.7/site-packages/airflow/example_dags/example_branch_labels.py
[2023-04-27T14:24:00.372+0000] {processor.py:743} INFO - Processing file /home/airflow/.local/lib/python3.7/site-packages/airflow/example_dags/example_branch_labels.py for tasks to queue
[2023-04-27T14:24:00.373+0000] {logging_mixin.py:137} INFO - [2023-04-27T14:24:00.373+0000] {dagbag.py:538} INFO - Filling up the DagBag from /home/airflow/.local/lib/python3.7/site-packages/airflow/example_dags/example_branch_labels.py
[2023-04-27T14:24:00.380+0000] {processor.py:753} INFO - DAG(s) dict_keys(['example_branch_labels']) retrieved from /home/airflow/.local/lib/python3.7/site-packages/airflow/example_dags/example_branch_labels.py
[2023-04-27T14:24:00.402+0000] {logging_mixin.py:137} INFO - [2023-04-27T14:24:00.402+0000] {dag.py:2676} INFO - Sync 1 DAGs
[2023-04-27T14:24:00.417+0000] {logging_mixin.py:137} INFO - [2023-04-27T14:24:00.417+0000] {dag.py:3427} INFO - Setting next_dagrun for example_branch_labels to 2023-04-26T00:00:00+00:00, run_after=2023-04-27T00:00:00+00:00
[2023-04-27T14:24:00.426+0000] {processor.py:175} INFO - Processing /home/airflow/.local/lib/python3.7/site-packages/airflow/example_dags/example_branch_labels.py took 0.056 seconds
[2023-04-27T14:24:31.076+0000] {processor.py:153} INFO - Started process (PID=17283) to work on /home/airflow/.local/lib/python3.7/site-packages/airflow/example_dags/example_branch_labels.py
[2023-04-27T14:24:31.076+0000] {processor.py:743} INFO - Processing file /home/airflow/.local/lib/python3.7/site-packages/airflow/example_dags/example_branch_labels.py for tasks to queue
[2023-04-27T14:24:31.076+0000] {logging_mixin.py:137} INFO - [2023-04-27T14:24:31.076+0000] {dagbag.py:538} INFO - Filling up the DagBag from /home/airflow/.local/lib/python3.7/site-packages/airflow/example_dags/example_branch_labels.py
[2023-04-27T14:24:31.084+0000] {processor.py:753} INFO - DAG(s) dict_keys(['example_branch_labels']) retrieved from /home/airflow/.local/lib/python3.7/site-packages/airflow/example_dags/example_branch_labels.py
[2023-04-27T14:24:31.108+0000] {logging_mixin.py:137} INFO - [2023-04-27T14:24:31.108+0000] {dag.py:2676} INFO - Sync 1 DAGs
[2023-04-27T14:24:31.128+0000] {logging_mixin.py:137} INFO - [2023-04-27T14:24:31.128+0000] {dag.py:3427} INFO - Setting next_dagrun for example_branch_labels to 2023-04-26T00:00:00+00:00, run_after=2023-04-27T00:00:00+00:00
[2023-04-27T14:24:31.138+0000] {processor.py:175} INFO - Processing /home/airflow/.local/lib/python3.7/site-packages/airflow/example_dags/example_branch_labels.py took 0.065 seconds
[2023-04-27T14:25:01.922+0000] {processor.py:153} INFO - Started process (PID=17393) to work on /home/airflow/.local/lib/python3.7/site-packages/airflow/example_dags/example_branch_labels.py
[2023-04-27T14:25:01.923+0000] {processor.py:743} INFO - Processing file /home/airflow/.local/lib/python3.7/site-packages/airflow/example_dags/example_branch_labels.py for tasks to queue
[2023-04-27T14:25:01.923+0000] {logging_mixin.py:137} INFO - [2023-04-27T14:25:01.923+0000] {dagbag.py:538} INFO - Filling up the DagBag from /home/airflow/.local/lib/python3.7/site-packages/airflow/example_dags/example_branch_labels.py
[2023-04-27T14:25:01.931+0000] {processor.py:753} INFO - DAG(s) dict_keys(['example_branch_labels']) retrieved from /home/airflow/.local/lib/python3.7/site-packages/airflow/example_dags/example_branch_labels.py
[2023-04-27T14:25:01.951+0000] {logging_mixin.py:137} INFO - [2023-04-27T14:25:01.951+0000] {dag.py:2676} INFO - Sync 1 DAGs
[2023-04-27T14:25:01.966+0000] {logging_mixin.py:137} INFO - [2023-04-27T14:25:01.966+0000] {dag.py:3427} INFO - Setting next_dagrun for example_branch_labels to 2023-04-26T00:00:00+00:00, run_after=2023-04-27T00:00:00+00:00
[2023-04-27T14:25:01.975+0000] {processor.py:175} INFO - Processing /home/airflow/.local/lib/python3.7/site-packages/airflow/example_dags/example_branch_labels.py took 0.054 seconds
[2023-04-27T14:25:32.415+0000] {processor.py:153} INFO - Started process (PID=17479) to work on /home/airflow/.local/lib/python3.7/site-packages/airflow/example_dags/example_branch_labels.py
[2023-04-27T14:25:32.416+0000] {processor.py:743} INFO - Processing file /home/airflow/.local/lib/python3.7/site-packages/airflow/example_dags/example_branch_labels.py for tasks to queue
[2023-04-27T14:25:32.416+0000] {logging_mixin.py:137} INFO - [2023-04-27T14:25:32.416+0000] {dagbag.py:538} INFO - Filling up the DagBag from /home/airflow/.local/lib/python3.7/site-packages/airflow/example_dags/example_branch_labels.py
[2023-04-27T14:25:32.424+0000] {processor.py:753} INFO - DAG(s) dict_keys(['example_branch_labels']) retrieved from /home/airflow/.local/lib/python3.7/site-packages/airflow/example_dags/example_branch_labels.py
[2023-04-27T14:25:32.444+0000] {logging_mixin.py:137} INFO - [2023-04-27T14:25:32.444+0000] {dag.py:2676} INFO - Sync 1 DAGs
[2023-04-27T14:25:32.459+0000] {logging_mixin.py:137} INFO - [2023-04-27T14:25:32.459+0000] {dag.py:3427} INFO - Setting next_dagrun for example_branch_labels to 2023-04-26T00:00:00+00:00, run_after=2023-04-27T00:00:00+00:00
[2023-04-27T14:25:32.468+0000] {processor.py:175} INFO - Processing /home/airflow/.local/lib/python3.7/site-packages/airflow/example_dags/example_branch_labels.py took 0.055 seconds
