[2023-04-27T14:20:56.599+0000] {processor.py:153} INFO - Started process (PID=16564) to work on /home/airflow/.local/lib/python3.7/site-packages/airflow/example_dags/tutorial.py
[2023-04-27T14:20:56.599+0000] {processor.py:743} INFO - Processing file /home/airflow/.local/lib/python3.7/site-packages/airflow/example_dags/tutorial.py for tasks to queue
[2023-04-27T14:20:56.600+0000] {logging_mixin.py:137} INFO - [2023-04-27T14:20:56.600+0000] {dagbag.py:538} INFO - Filling up the DagBag from /home/airflow/.local/lib/python3.7/site-packages/airflow/example_dags/tutorial.py
[2023-04-27T14:20:56.607+0000] {processor.py:753} INFO - DAG(s) dict_keys(['tutorial']) retrieved from /home/airflow/.local/lib/python3.7/site-packages/airflow/example_dags/tutorial.py
[2023-04-27T14:20:56.630+0000] {logging_mixin.py:137} INFO - [2023-04-27T14:20:56.630+0000] {dag.py:2676} INFO - Sync 1 DAGs
[2023-04-27T14:20:56.644+0000] {logging_mixin.py:137} INFO - [2023-04-27T14:20:56.644+0000] {dag.py:3427} INFO - Setting next_dagrun for tutorial to 2023-04-26T14:20:56.644660+00:00, run_after=2023-04-27T14:20:56.644660+00:00
[2023-04-27T14:20:56.654+0000] {processor.py:175} INFO - Processing /home/airflow/.local/lib/python3.7/site-packages/airflow/example_dags/tutorial.py took 0.056 seconds
[2023-04-27T14:21:27.285+0000] {processor.py:153} INFO - Started process (PID=16674) to work on /home/airflow/.local/lib/python3.7/site-packages/airflow/example_dags/tutorial.py
[2023-04-27T14:21:27.286+0000] {processor.py:743} INFO - Processing file /home/airflow/.local/lib/python3.7/site-packages/airflow/example_dags/tutorial.py for tasks to queue
[2023-04-27T14:21:27.286+0000] {logging_mixin.py:137} INFO - [2023-04-27T14:21:27.286+0000] {dagbag.py:538} INFO - Filling up the DagBag from /home/airflow/.local/lib/python3.7/site-packages/airflow/example_dags/tutorial.py
[2023-04-27T14:21:27.294+0000] {processor.py:753} INFO - DAG(s) dict_keys(['tutorial']) retrieved from /home/airflow/.local/lib/python3.7/site-packages/airflow/example_dags/tutorial.py
[2023-04-27T14:21:27.313+0000] {logging_mixin.py:137} INFO - [2023-04-27T14:21:27.313+0000] {dag.py:2676} INFO - Sync 1 DAGs
[2023-04-27T14:21:27.328+0000] {logging_mixin.py:137} INFO - [2023-04-27T14:21:27.328+0000] {dag.py:3427} INFO - Setting next_dagrun for tutorial to 2023-04-26T14:21:27.328058+00:00, run_after=2023-04-27T14:21:27.328058+00:00
[2023-04-27T14:21:27.342+0000] {processor.py:175} INFO - Processing /home/airflow/.local/lib/python3.7/site-packages/airflow/example_dags/tutorial.py took 0.058 seconds
[2023-04-27T14:21:57.938+0000] {processor.py:153} INFO - Started process (PID=16784) to work on /home/airflow/.local/lib/python3.7/site-packages/airflow/example_dags/tutorial.py
[2023-04-27T14:21:57.941+0000] {processor.py:743} INFO - Processing file /home/airflow/.local/lib/python3.7/site-packages/airflow/example_dags/tutorial.py for tasks to queue
[2023-04-27T14:21:57.941+0000] {logging_mixin.py:137} INFO - [2023-04-27T14:21:57.941+0000] {dagbag.py:538} INFO - Filling up the DagBag from /home/airflow/.local/lib/python3.7/site-packages/airflow/example_dags/tutorial.py
[2023-04-27T14:21:57.951+0000] {processor.py:753} INFO - DAG(s) dict_keys(['tutorial']) retrieved from /home/airflow/.local/lib/python3.7/site-packages/airflow/example_dags/tutorial.py
[2023-04-27T14:21:57.981+0000] {logging_mixin.py:137} INFO - [2023-04-27T14:21:57.981+0000] {dag.py:2676} INFO - Sync 1 DAGs
[2023-04-27T14:21:57.998+0000] {logging_mixin.py:137} INFO - [2023-04-27T14:21:57.998+0000] {dag.py:3427} INFO - Setting next_dagrun for tutorial to 2023-04-26T14:21:57.998331+00:00, run_after=2023-04-27T14:21:57.998331+00:00
[2023-04-27T14:21:58.009+0000] {processor.py:175} INFO - Processing /home/airflow/.local/lib/python3.7/site-packages/airflow/example_dags/tutorial.py took 0.073 seconds
[2023-04-27T14:22:28.536+0000] {processor.py:153} INFO - Started process (PID=16870) to work on /home/airflow/.local/lib/python3.7/site-packages/airflow/example_dags/tutorial.py
[2023-04-27T14:22:28.537+0000] {processor.py:743} INFO - Processing file /home/airflow/.local/lib/python3.7/site-packages/airflow/example_dags/tutorial.py for tasks to queue
[2023-04-27T14:22:28.537+0000] {logging_mixin.py:137} INFO - [2023-04-27T14:22:28.537+0000] {dagbag.py:538} INFO - Filling up the DagBag from /home/airflow/.local/lib/python3.7/site-packages/airflow/example_dags/tutorial.py
[2023-04-27T14:22:28.545+0000] {processor.py:753} INFO - DAG(s) dict_keys(['tutorial']) retrieved from /home/airflow/.local/lib/python3.7/site-packages/airflow/example_dags/tutorial.py
[2023-04-27T14:22:28.564+0000] {logging_mixin.py:137} INFO - [2023-04-27T14:22:28.564+0000] {dag.py:2676} INFO - Sync 1 DAGs
[2023-04-27T14:22:28.578+0000] {logging_mixin.py:137} INFO - [2023-04-27T14:22:28.578+0000] {dag.py:3427} INFO - Setting next_dagrun for tutorial to 2023-04-26T14:22:28.577937+00:00, run_after=2023-04-27T14:22:28.577937+00:00
[2023-04-27T14:22:28.587+0000] {processor.py:175} INFO - Processing /home/airflow/.local/lib/python3.7/site-packages/airflow/example_dags/tutorial.py took 0.052 seconds
[2023-04-27T14:22:59.093+0000] {processor.py:153} INFO - Started process (PID=16980) to work on /home/airflow/.local/lib/python3.7/site-packages/airflow/example_dags/tutorial.py
[2023-04-27T14:22:59.094+0000] {processor.py:743} INFO - Processing file /home/airflow/.local/lib/python3.7/site-packages/airflow/example_dags/tutorial.py for tasks to queue
[2023-04-27T14:22:59.094+0000] {logging_mixin.py:137} INFO - [2023-04-27T14:22:59.094+0000] {dagbag.py:538} INFO - Filling up the DagBag from /home/airflow/.local/lib/python3.7/site-packages/airflow/example_dags/tutorial.py
[2023-04-27T14:22:59.101+0000] {processor.py:753} INFO - DAG(s) dict_keys(['tutorial']) retrieved from /home/airflow/.local/lib/python3.7/site-packages/airflow/example_dags/tutorial.py
[2023-04-27T14:22:59.121+0000] {logging_mixin.py:137} INFO - [2023-04-27T14:22:59.121+0000] {dag.py:2676} INFO - Sync 1 DAGs
[2023-04-27T14:22:59.134+0000] {logging_mixin.py:137} INFO - [2023-04-27T14:22:59.134+0000] {dag.py:3427} INFO - Setting next_dagrun for tutorial to 2023-04-26T14:22:59.134519+00:00, run_after=2023-04-27T14:22:59.134519+00:00
[2023-04-27T14:22:59.143+0000] {processor.py:175} INFO - Processing /home/airflow/.local/lib/python3.7/site-packages/airflow/example_dags/tutorial.py took 0.051 seconds
[2023-04-27T14:23:29.782+0000] {processor.py:153} INFO - Started process (PID=17090) to work on /home/airflow/.local/lib/python3.7/site-packages/airflow/example_dags/tutorial.py
[2023-04-27T14:23:29.782+0000] {processor.py:743} INFO - Processing file /home/airflow/.local/lib/python3.7/site-packages/airflow/example_dags/tutorial.py for tasks to queue
[2023-04-27T14:23:29.783+0000] {logging_mixin.py:137} INFO - [2023-04-27T14:23:29.783+0000] {dagbag.py:538} INFO - Filling up the DagBag from /home/airflow/.local/lib/python3.7/site-packages/airflow/example_dags/tutorial.py
[2023-04-27T14:23:29.791+0000] {processor.py:753} INFO - DAG(s) dict_keys(['tutorial']) retrieved from /home/airflow/.local/lib/python3.7/site-packages/airflow/example_dags/tutorial.py
[2023-04-27T14:23:29.813+0000] {logging_mixin.py:137} INFO - [2023-04-27T14:23:29.813+0000] {dag.py:2676} INFO - Sync 1 DAGs
[2023-04-27T14:23:29.827+0000] {logging_mixin.py:137} INFO - [2023-04-27T14:23:29.827+0000] {dag.py:3427} INFO - Setting next_dagrun for tutorial to 2023-04-26T14:23:29.827493+00:00, run_after=2023-04-27T14:23:29.827493+00:00
[2023-04-27T14:23:29.837+0000] {processor.py:175} INFO - Processing /home/airflow/.local/lib/python3.7/site-packages/airflow/example_dags/tutorial.py took 0.057 seconds
[2023-04-27T14:24:00.481+0000] {processor.py:153} INFO - Started process (PID=17176) to work on /home/airflow/.local/lib/python3.7/site-packages/airflow/example_dags/tutorial.py
[2023-04-27T14:24:00.481+0000] {processor.py:743} INFO - Processing file /home/airflow/.local/lib/python3.7/site-packages/airflow/example_dags/tutorial.py for tasks to queue
[2023-04-27T14:24:00.482+0000] {logging_mixin.py:137} INFO - [2023-04-27T14:24:00.482+0000] {dagbag.py:538} INFO - Filling up the DagBag from /home/airflow/.local/lib/python3.7/site-packages/airflow/example_dags/tutorial.py
[2023-04-27T14:24:00.489+0000] {processor.py:753} INFO - DAG(s) dict_keys(['tutorial']) retrieved from /home/airflow/.local/lib/python3.7/site-packages/airflow/example_dags/tutorial.py
[2023-04-27T14:24:00.509+0000] {logging_mixin.py:137} INFO - [2023-04-27T14:24:00.509+0000] {dag.py:2676} INFO - Sync 1 DAGs
[2023-04-27T14:24:00.523+0000] {logging_mixin.py:137} INFO - [2023-04-27T14:24:00.523+0000] {dag.py:3427} INFO - Setting next_dagrun for tutorial to 2023-04-26T14:24:00.523047+00:00, run_after=2023-04-27T14:24:00.523047+00:00
[2023-04-27T14:24:00.531+0000] {processor.py:175} INFO - Processing /home/airflow/.local/lib/python3.7/site-packages/airflow/example_dags/tutorial.py took 0.052 seconds
[2023-04-27T14:24:31.226+0000] {processor.py:153} INFO - Started process (PID=17286) to work on /home/airflow/.local/lib/python3.7/site-packages/airflow/example_dags/tutorial.py
[2023-04-27T14:24:31.226+0000] {processor.py:743} INFO - Processing file /home/airflow/.local/lib/python3.7/site-packages/airflow/example_dags/tutorial.py for tasks to queue
[2023-04-27T14:24:31.227+0000] {logging_mixin.py:137} INFO - [2023-04-27T14:24:31.227+0000] {dagbag.py:538} INFO - Filling up the DagBag from /home/airflow/.local/lib/python3.7/site-packages/airflow/example_dags/tutorial.py
[2023-04-27T14:24:31.236+0000] {processor.py:753} INFO - DAG(s) dict_keys(['tutorial']) retrieved from /home/airflow/.local/lib/python3.7/site-packages/airflow/example_dags/tutorial.py
[2023-04-27T14:24:31.260+0000] {logging_mixin.py:137} INFO - [2023-04-27T14:24:31.259+0000] {dag.py:2676} INFO - Sync 1 DAGs
[2023-04-27T14:24:31.277+0000] {logging_mixin.py:137} INFO - [2023-04-27T14:24:31.277+0000] {dag.py:3427} INFO - Setting next_dagrun for tutorial to 2023-04-26T14:24:31.277164+00:00, run_after=2023-04-27T14:24:31.277164+00:00
[2023-04-27T14:24:31.291+0000] {processor.py:175} INFO - Processing /home/airflow/.local/lib/python3.7/site-packages/airflow/example_dags/tutorial.py took 0.066 seconds
[2023-04-27T14:25:02.057+0000] {processor.py:153} INFO - Started process (PID=17396) to work on /home/airflow/.local/lib/python3.7/site-packages/airflow/example_dags/tutorial.py
[2023-04-27T14:25:02.058+0000] {processor.py:743} INFO - Processing file /home/airflow/.local/lib/python3.7/site-packages/airflow/example_dags/tutorial.py for tasks to queue
[2023-04-27T14:25:02.058+0000] {logging_mixin.py:137} INFO - [2023-04-27T14:25:02.058+0000] {dagbag.py:538} INFO - Filling up the DagBag from /home/airflow/.local/lib/python3.7/site-packages/airflow/example_dags/tutorial.py
[2023-04-27T14:25:02.065+0000] {processor.py:753} INFO - DAG(s) dict_keys(['tutorial']) retrieved from /home/airflow/.local/lib/python3.7/site-packages/airflow/example_dags/tutorial.py
[2023-04-27T14:25:02.086+0000] {logging_mixin.py:137} INFO - [2023-04-27T14:25:02.086+0000] {dag.py:2676} INFO - Sync 1 DAGs
[2023-04-27T14:25:02.099+0000] {logging_mixin.py:137} INFO - [2023-04-27T14:25:02.099+0000] {dag.py:3427} INFO - Setting next_dagrun for tutorial to 2023-04-26T14:25:02.099706+00:00, run_after=2023-04-27T14:25:02.099706+00:00
[2023-04-27T14:25:02.108+0000] {processor.py:175} INFO - Processing /home/airflow/.local/lib/python3.7/site-packages/airflow/example_dags/tutorial.py took 0.053 seconds
[2023-04-27T14:25:32.527+0000] {processor.py:153} INFO - Started process (PID=17482) to work on /home/airflow/.local/lib/python3.7/site-packages/airflow/example_dags/tutorial.py
[2023-04-27T14:25:32.528+0000] {processor.py:743} INFO - Processing file /home/airflow/.local/lib/python3.7/site-packages/airflow/example_dags/tutorial.py for tasks to queue
[2023-04-27T14:25:32.528+0000] {logging_mixin.py:137} INFO - [2023-04-27T14:25:32.528+0000] {dagbag.py:538} INFO - Filling up the DagBag from /home/airflow/.local/lib/python3.7/site-packages/airflow/example_dags/tutorial.py
[2023-04-27T14:25:32.536+0000] {processor.py:753} INFO - DAG(s) dict_keys(['tutorial']) retrieved from /home/airflow/.local/lib/python3.7/site-packages/airflow/example_dags/tutorial.py
[2023-04-27T14:25:32.554+0000] {logging_mixin.py:137} INFO - [2023-04-27T14:25:32.554+0000] {dag.py:2676} INFO - Sync 1 DAGs
[2023-04-27T14:25:32.568+0000] {logging_mixin.py:137} INFO - [2023-04-27T14:25:32.568+0000] {dag.py:3427} INFO - Setting next_dagrun for tutorial to 2023-04-26T14:25:32.567894+00:00, run_after=2023-04-27T14:25:32.567894+00:00
[2023-04-27T14:25:32.576+0000] {processor.py:175} INFO - Processing /home/airflow/.local/lib/python3.7/site-packages/airflow/example_dags/tutorial.py took 0.050 seconds
[2023-04-27T14:26:03.373+0000] {processor.py:153} INFO - Started process (PID=17592) to work on /home/airflow/.local/lib/python3.7/site-packages/airflow/example_dags/tutorial.py
[2023-04-27T14:26:03.373+0000] {processor.py:743} INFO - Processing file /home/airflow/.local/lib/python3.7/site-packages/airflow/example_dags/tutorial.py for tasks to queue
[2023-04-27T14:26:03.374+0000] {logging_mixin.py:137} INFO - [2023-04-27T14:26:03.373+0000] {dagbag.py:538} INFO - Filling up the DagBag from /home/airflow/.local/lib/python3.7/site-packages/airflow/example_dags/tutorial.py
[2023-04-27T14:26:03.382+0000] {processor.py:753} INFO - DAG(s) dict_keys(['tutorial']) retrieved from /home/airflow/.local/lib/python3.7/site-packages/airflow/example_dags/tutorial.py
[2023-04-27T14:26:03.405+0000] {logging_mixin.py:137} INFO - [2023-04-27T14:26:03.405+0000] {dag.py:2676} INFO - Sync 1 DAGs
[2023-04-27T14:26:03.420+0000] {logging_mixin.py:137} INFO - [2023-04-27T14:26:03.419+0000] {dag.py:3427} INFO - Setting next_dagrun for tutorial to 2023-04-26T14:26:03.419789+00:00, run_after=2023-04-27T14:26:03.419789+00:00
[2023-04-27T14:26:03.429+0000] {processor.py:175} INFO - Processing /home/airflow/.local/lib/python3.7/site-packages/airflow/example_dags/tutorial.py took 0.058 seconds
