[2023-04-27T14:20:57.654+0000] {processor.py:153} INFO - Started process (PID=16565) to work on /home/airflow/.local/lib/python3.7/site-packages/airflow/example_dags/tutorial_taskflow_api.py
[2023-04-27T14:20:57.655+0000] {processor.py:743} INFO - Processing file /home/airflow/.local/lib/python3.7/site-packages/airflow/example_dags/tutorial_taskflow_api.py for tasks to queue
[2023-04-27T14:20:57.655+0000] {logging_mixin.py:137} INFO - [2023-04-27T14:20:57.655+0000] {dagbag.py:538} INFO - Filling up the DagBag from /home/airflow/.local/lib/python3.7/site-packages/airflow/example_dags/tutorial_taskflow_api.py
[2023-04-27T14:20:57.666+0000] {processor.py:753} INFO - DAG(s) dict_keys(['tutorial_taskflow_api']) retrieved from /home/airflow/.local/lib/python3.7/site-packages/airflow/example_dags/tutorial_taskflow_api.py
[2023-04-27T14:20:57.685+0000] {logging_mixin.py:137} INFO - [2023-04-27T14:20:57.685+0000] {dag.py:2676} INFO - Sync 1 DAGs
[2023-04-27T14:20:57.699+0000] {logging_mixin.py:137} INFO - [2023-04-27T14:20:57.698+0000] {dag.py:3427} INFO - Setting next_dagrun for tutorial_taskflow_api to None, run_after=None
[2023-04-27T14:20:57.708+0000] {processor.py:175} INFO - Processing /home/airflow/.local/lib/python3.7/site-packages/airflow/example_dags/tutorial_taskflow_api.py took 0.056 seconds
[2023-04-27T14:21:28.332+0000] {processor.py:153} INFO - Started process (PID=16675) to work on /home/airflow/.local/lib/python3.7/site-packages/airflow/example_dags/tutorial_taskflow_api.py
[2023-04-27T14:21:28.332+0000] {processor.py:743} INFO - Processing file /home/airflow/.local/lib/python3.7/site-packages/airflow/example_dags/tutorial_taskflow_api.py for tasks to queue
[2023-04-27T14:21:28.332+0000] {logging_mixin.py:137} INFO - [2023-04-27T14:21:28.332+0000] {dagbag.py:538} INFO - Filling up the DagBag from /home/airflow/.local/lib/python3.7/site-packages/airflow/example_dags/tutorial_taskflow_api.py
[2023-04-27T14:21:28.346+0000] {processor.py:753} INFO - DAG(s) dict_keys(['tutorial_taskflow_api']) retrieved from /home/airflow/.local/lib/python3.7/site-packages/airflow/example_dags/tutorial_taskflow_api.py
[2023-04-27T14:21:28.376+0000] {logging_mixin.py:137} INFO - [2023-04-27T14:21:28.376+0000] {dag.py:2676} INFO - Sync 1 DAGs
[2023-04-27T14:21:28.393+0000] {logging_mixin.py:137} INFO - [2023-04-27T14:21:28.393+0000] {dag.py:3427} INFO - Setting next_dagrun for tutorial_taskflow_api to None, run_after=None
[2023-04-27T14:21:28.406+0000] {processor.py:175} INFO - Processing /home/airflow/.local/lib/python3.7/site-packages/airflow/example_dags/tutorial_taskflow_api.py took 0.076 seconds
[2023-04-27T14:21:59.009+0000] {processor.py:153} INFO - Started process (PID=16785) to work on /home/airflow/.local/lib/python3.7/site-packages/airflow/example_dags/tutorial_taskflow_api.py
[2023-04-27T14:21:59.009+0000] {processor.py:743} INFO - Processing file /home/airflow/.local/lib/python3.7/site-packages/airflow/example_dags/tutorial_taskflow_api.py for tasks to queue
[2023-04-27T14:21:59.009+0000] {logging_mixin.py:137} INFO - [2023-04-27T14:21:59.009+0000] {dagbag.py:538} INFO - Filling up the DagBag from /home/airflow/.local/lib/python3.7/site-packages/airflow/example_dags/tutorial_taskflow_api.py
[2023-04-27T14:21:59.021+0000] {processor.py:753} INFO - DAG(s) dict_keys(['tutorial_taskflow_api']) retrieved from /home/airflow/.local/lib/python3.7/site-packages/airflow/example_dags/tutorial_taskflow_api.py
[2023-04-27T14:21:59.041+0000] {logging_mixin.py:137} INFO - [2023-04-27T14:21:59.041+0000] {dag.py:2676} INFO - Sync 1 DAGs
[2023-04-27T14:21:59.054+0000] {logging_mixin.py:137} INFO - [2023-04-27T14:21:59.054+0000] {dag.py:3427} INFO - Setting next_dagrun for tutorial_taskflow_api to None, run_after=None
[2023-04-27T14:21:59.063+0000] {processor.py:175} INFO - Processing /home/airflow/.local/lib/python3.7/site-packages/airflow/example_dags/tutorial_taskflow_api.py took 0.056 seconds
[2023-04-27T14:22:29.560+0000] {processor.py:153} INFO - Started process (PID=16871) to work on /home/airflow/.local/lib/python3.7/site-packages/airflow/example_dags/tutorial_taskflow_api.py
[2023-04-27T14:22:29.560+0000] {processor.py:743} INFO - Processing file /home/airflow/.local/lib/python3.7/site-packages/airflow/example_dags/tutorial_taskflow_api.py for tasks to queue
[2023-04-27T14:22:29.560+0000] {logging_mixin.py:137} INFO - [2023-04-27T14:22:29.560+0000] {dagbag.py:538} INFO - Filling up the DagBag from /home/airflow/.local/lib/python3.7/site-packages/airflow/example_dags/tutorial_taskflow_api.py
[2023-04-27T14:22:29.571+0000] {processor.py:753} INFO - DAG(s) dict_keys(['tutorial_taskflow_api']) retrieved from /home/airflow/.local/lib/python3.7/site-packages/airflow/example_dags/tutorial_taskflow_api.py
[2023-04-27T14:22:29.590+0000] {logging_mixin.py:137} INFO - [2023-04-27T14:22:29.590+0000] {dag.py:2676} INFO - Sync 1 DAGs
[2023-04-27T14:22:29.605+0000] {logging_mixin.py:137} INFO - [2023-04-27T14:22:29.604+0000] {dag.py:3427} INFO - Setting next_dagrun for tutorial_taskflow_api to None, run_after=None
[2023-04-27T14:22:29.614+0000] {processor.py:175} INFO - Processing /home/airflow/.local/lib/python3.7/site-packages/airflow/example_dags/tutorial_taskflow_api.py took 0.056 seconds
[2023-04-27T14:23:00.123+0000] {processor.py:153} INFO - Started process (PID=16981) to work on /home/airflow/.local/lib/python3.7/site-packages/airflow/example_dags/tutorial_taskflow_api.py
[2023-04-27T14:23:00.124+0000] {processor.py:743} INFO - Processing file /home/airflow/.local/lib/python3.7/site-packages/airflow/example_dags/tutorial_taskflow_api.py for tasks to queue
[2023-04-27T14:23:00.124+0000] {logging_mixin.py:137} INFO - [2023-04-27T14:23:00.124+0000] {dagbag.py:538} INFO - Filling up the DagBag from /home/airflow/.local/lib/python3.7/site-packages/airflow/example_dags/tutorial_taskflow_api.py
[2023-04-27T14:23:00.135+0000] {processor.py:753} INFO - DAG(s) dict_keys(['tutorial_taskflow_api']) retrieved from /home/airflow/.local/lib/python3.7/site-packages/airflow/example_dags/tutorial_taskflow_api.py
[2023-04-27T14:23:00.154+0000] {logging_mixin.py:137} INFO - [2023-04-27T14:23:00.154+0000] {dag.py:2676} INFO - Sync 1 DAGs
[2023-04-27T14:23:00.168+0000] {logging_mixin.py:137} INFO - [2023-04-27T14:23:00.168+0000] {dag.py:3427} INFO - Setting next_dagrun for tutorial_taskflow_api to None, run_after=None
[2023-04-27T14:23:00.178+0000] {processor.py:175} INFO - Processing /home/airflow/.local/lib/python3.7/site-packages/airflow/example_dags/tutorial_taskflow_api.py took 0.056 seconds
[2023-04-27T14:23:30.799+0000] {processor.py:153} INFO - Started process (PID=17091) to work on /home/airflow/.local/lib/python3.7/site-packages/airflow/example_dags/tutorial_taskflow_api.py
[2023-04-27T14:23:30.799+0000] {processor.py:743} INFO - Processing file /home/airflow/.local/lib/python3.7/site-packages/airflow/example_dags/tutorial_taskflow_api.py for tasks to queue
[2023-04-27T14:23:30.799+0000] {logging_mixin.py:137} INFO - [2023-04-27T14:23:30.799+0000] {dagbag.py:538} INFO - Filling up the DagBag from /home/airflow/.local/lib/python3.7/site-packages/airflow/example_dags/tutorial_taskflow_api.py
[2023-04-27T14:23:30.810+0000] {processor.py:753} INFO - DAG(s) dict_keys(['tutorial_taskflow_api']) retrieved from /home/airflow/.local/lib/python3.7/site-packages/airflow/example_dags/tutorial_taskflow_api.py
[2023-04-27T14:23:30.830+0000] {logging_mixin.py:137} INFO - [2023-04-27T14:23:30.830+0000] {dag.py:2676} INFO - Sync 1 DAGs
[2023-04-27T14:23:30.844+0000] {logging_mixin.py:137} INFO - [2023-04-27T14:23:30.844+0000] {dag.py:3427} INFO - Setting next_dagrun for tutorial_taskflow_api to None, run_after=None
[2023-04-27T14:23:30.853+0000] {processor.py:175} INFO - Processing /home/airflow/.local/lib/python3.7/site-packages/airflow/example_dags/tutorial_taskflow_api.py took 0.056 seconds
[2023-04-27T14:24:01.519+0000] {processor.py:153} INFO - Started process (PID=17177) to work on /home/airflow/.local/lib/python3.7/site-packages/airflow/example_dags/tutorial_taskflow_api.py
[2023-04-27T14:24:01.519+0000] {processor.py:743} INFO - Processing file /home/airflow/.local/lib/python3.7/site-packages/airflow/example_dags/tutorial_taskflow_api.py for tasks to queue
[2023-04-27T14:24:01.519+0000] {logging_mixin.py:137} INFO - [2023-04-27T14:24:01.519+0000] {dagbag.py:538} INFO - Filling up the DagBag from /home/airflow/.local/lib/python3.7/site-packages/airflow/example_dags/tutorial_taskflow_api.py
[2023-04-27T14:24:01.530+0000] {processor.py:753} INFO - DAG(s) dict_keys(['tutorial_taskflow_api']) retrieved from /home/airflow/.local/lib/python3.7/site-packages/airflow/example_dags/tutorial_taskflow_api.py
[2023-04-27T14:24:01.550+0000] {logging_mixin.py:137} INFO - [2023-04-27T14:24:01.550+0000] {dag.py:2676} INFO - Sync 1 DAGs
[2023-04-27T14:24:01.563+0000] {logging_mixin.py:137} INFO - [2023-04-27T14:24:01.563+0000] {dag.py:3427} INFO - Setting next_dagrun for tutorial_taskflow_api to None, run_after=None
[2023-04-27T14:24:01.572+0000] {processor.py:175} INFO - Processing /home/airflow/.local/lib/python3.7/site-packages/airflow/example_dags/tutorial_taskflow_api.py took 0.056 seconds
[2023-04-27T14:24:32.249+0000] {processor.py:153} INFO - Started process (PID=17287) to work on /home/airflow/.local/lib/python3.7/site-packages/airflow/example_dags/tutorial_taskflow_api.py
[2023-04-27T14:24:32.250+0000] {processor.py:743} INFO - Processing file /home/airflow/.local/lib/python3.7/site-packages/airflow/example_dags/tutorial_taskflow_api.py for tasks to queue
[2023-04-27T14:24:32.250+0000] {logging_mixin.py:137} INFO - [2023-04-27T14:24:32.250+0000] {dagbag.py:538} INFO - Filling up the DagBag from /home/airflow/.local/lib/python3.7/site-packages/airflow/example_dags/tutorial_taskflow_api.py
[2023-04-27T14:24:32.264+0000] {processor.py:753} INFO - DAG(s) dict_keys(['tutorial_taskflow_api']) retrieved from /home/airflow/.local/lib/python3.7/site-packages/airflow/example_dags/tutorial_taskflow_api.py
[2023-04-27T14:24:32.290+0000] {logging_mixin.py:137} INFO - [2023-04-27T14:24:32.290+0000] {dag.py:2676} INFO - Sync 1 DAGs
[2023-04-27T14:24:32.310+0000] {logging_mixin.py:137} INFO - [2023-04-27T14:24:32.310+0000] {dag.py:3427} INFO - Setting next_dagrun for tutorial_taskflow_api to None, run_after=None
[2023-04-27T14:24:32.320+0000] {processor.py:175} INFO - Processing /home/airflow/.local/lib/python3.7/site-packages/airflow/example_dags/tutorial_taskflow_api.py took 0.072 seconds
[2023-04-27T14:25:03.088+0000] {processor.py:153} INFO - Started process (PID=17397) to work on /home/airflow/.local/lib/python3.7/site-packages/airflow/example_dags/tutorial_taskflow_api.py
[2023-04-27T14:25:03.089+0000] {processor.py:743} INFO - Processing file /home/airflow/.local/lib/python3.7/site-packages/airflow/example_dags/tutorial_taskflow_api.py for tasks to queue
[2023-04-27T14:25:03.089+0000] {logging_mixin.py:137} INFO - [2023-04-27T14:25:03.089+0000] {dagbag.py:538} INFO - Filling up the DagBag from /home/airflow/.local/lib/python3.7/site-packages/airflow/example_dags/tutorial_taskflow_api.py
[2023-04-27T14:25:03.100+0000] {processor.py:753} INFO - DAG(s) dict_keys(['tutorial_taskflow_api']) retrieved from /home/airflow/.local/lib/python3.7/site-packages/airflow/example_dags/tutorial_taskflow_api.py
[2023-04-27T14:25:03.119+0000] {logging_mixin.py:137} INFO - [2023-04-27T14:25:03.119+0000] {dag.py:2676} INFO - Sync 1 DAGs
[2023-04-27T14:25:03.133+0000] {logging_mixin.py:137} INFO - [2023-04-27T14:25:03.133+0000] {dag.py:3427} INFO - Setting next_dagrun for tutorial_taskflow_api to None, run_after=None
[2023-04-27T14:25:03.142+0000] {processor.py:175} INFO - Processing /home/airflow/.local/lib/python3.7/site-packages/airflow/example_dags/tutorial_taskflow_api.py took 0.055 seconds
[2023-04-27T14:25:33.554+0000] {processor.py:153} INFO - Started process (PID=17483) to work on /home/airflow/.local/lib/python3.7/site-packages/airflow/example_dags/tutorial_taskflow_api.py
[2023-04-27T14:25:33.555+0000] {processor.py:743} INFO - Processing file /home/airflow/.local/lib/python3.7/site-packages/airflow/example_dags/tutorial_taskflow_api.py for tasks to queue
[2023-04-27T14:25:33.555+0000] {logging_mixin.py:137} INFO - [2023-04-27T14:25:33.555+0000] {dagbag.py:538} INFO - Filling up the DagBag from /home/airflow/.local/lib/python3.7/site-packages/airflow/example_dags/tutorial_taskflow_api.py
[2023-04-27T14:25:33.566+0000] {processor.py:753} INFO - DAG(s) dict_keys(['tutorial_taskflow_api']) retrieved from /home/airflow/.local/lib/python3.7/site-packages/airflow/example_dags/tutorial_taskflow_api.py
[2023-04-27T14:25:33.586+0000] {logging_mixin.py:137} INFO - [2023-04-27T14:25:33.585+0000] {dag.py:2676} INFO - Sync 1 DAGs
[2023-04-27T14:25:33.600+0000] {logging_mixin.py:137} INFO - [2023-04-27T14:25:33.600+0000] {dag.py:3427} INFO - Setting next_dagrun for tutorial_taskflow_api to None, run_after=None
[2023-04-27T14:25:33.608+0000] {processor.py:175} INFO - Processing /home/airflow/.local/lib/python3.7/site-packages/airflow/example_dags/tutorial_taskflow_api.py took 0.056 seconds
