[2023-04-27T14:20:56.013+0000] {processor.py:153} INFO - Started process (PID=16550) to work on /home/airflow/.local/lib/python3.7/site-packages/airflow/example_dags/tutorial_dag.py
[2023-04-27T14:20:56.014+0000] {processor.py:743} INFO - Processing file /home/airflow/.local/lib/python3.7/site-packages/airflow/example_dags/tutorial_dag.py for tasks to queue
[2023-04-27T14:20:56.014+0000] {logging_mixin.py:137} INFO - [2023-04-27T14:20:56.014+0000] {dagbag.py:538} INFO - Filling up the DagBag from /home/airflow/.local/lib/python3.7/site-packages/airflow/example_dags/tutorial_dag.py
[2023-04-27T14:20:56.021+0000] {processor.py:753} INFO - DAG(s) dict_keys(['tutorial_dag']) retrieved from /home/airflow/.local/lib/python3.7/site-packages/airflow/example_dags/tutorial_dag.py
[2023-04-27T14:20:56.040+0000] {logging_mixin.py:137} INFO - [2023-04-27T14:20:56.040+0000] {dag.py:2676} INFO - Sync 1 DAGs
[2023-04-27T14:20:56.054+0000] {logging_mixin.py:137} INFO - [2023-04-27T14:20:56.054+0000] {dag.py:3427} INFO - Setting next_dagrun for tutorial_dag to None, run_after=None
[2023-04-27T14:20:56.063+0000] {processor.py:175} INFO - Processing /home/airflow/.local/lib/python3.7/site-packages/airflow/example_dags/tutorial_dag.py took 0.051 seconds
[2023-04-27T14:21:26.654+0000] {processor.py:153} INFO - Started process (PID=16660) to work on /home/airflow/.local/lib/python3.7/site-packages/airflow/example_dags/tutorial_dag.py
[2023-04-27T14:21:26.654+0000] {processor.py:743} INFO - Processing file /home/airflow/.local/lib/python3.7/site-packages/airflow/example_dags/tutorial_dag.py for tasks to queue
[2023-04-27T14:21:26.655+0000] {logging_mixin.py:137} INFO - [2023-04-27T14:21:26.654+0000] {dagbag.py:538} INFO - Filling up the DagBag from /home/airflow/.local/lib/python3.7/site-packages/airflow/example_dags/tutorial_dag.py
[2023-04-27T14:21:26.661+0000] {processor.py:753} INFO - DAG(s) dict_keys(['tutorial_dag']) retrieved from /home/airflow/.local/lib/python3.7/site-packages/airflow/example_dags/tutorial_dag.py
[2023-04-27T14:21:26.680+0000] {logging_mixin.py:137} INFO - [2023-04-27T14:21:26.680+0000] {dag.py:2676} INFO - Sync 1 DAGs
[2023-04-27T14:21:26.693+0000] {logging_mixin.py:137} INFO - [2023-04-27T14:21:26.693+0000] {dag.py:3427} INFO - Setting next_dagrun for tutorial_dag to None, run_after=None
[2023-04-27T14:21:26.703+0000] {processor.py:175} INFO - Processing /home/airflow/.local/lib/python3.7/site-packages/airflow/example_dags/tutorial_dag.py took 0.050 seconds
[2023-04-27T14:21:57.323+0000] {processor.py:153} INFO - Started process (PID=16770) to work on /home/airflow/.local/lib/python3.7/site-packages/airflow/example_dags/tutorial_dag.py
[2023-04-27T14:21:57.324+0000] {processor.py:743} INFO - Processing file /home/airflow/.local/lib/python3.7/site-packages/airflow/example_dags/tutorial_dag.py for tasks to queue
[2023-04-27T14:21:57.324+0000] {logging_mixin.py:137} INFO - [2023-04-27T14:21:57.324+0000] {dagbag.py:538} INFO - Filling up the DagBag from /home/airflow/.local/lib/python3.7/site-packages/airflow/example_dags/tutorial_dag.py
[2023-04-27T14:21:57.332+0000] {processor.py:753} INFO - DAG(s) dict_keys(['tutorial_dag']) retrieved from /home/airflow/.local/lib/python3.7/site-packages/airflow/example_dags/tutorial_dag.py
[2023-04-27T14:21:57.353+0000] {logging_mixin.py:137} INFO - [2023-04-27T14:21:57.353+0000] {dag.py:2676} INFO - Sync 1 DAGs
[2023-04-27T14:21:57.368+0000] {logging_mixin.py:137} INFO - [2023-04-27T14:21:57.368+0000] {dag.py:3427} INFO - Setting next_dagrun for tutorial_dag to None, run_after=None
[2023-04-27T14:21:57.379+0000] {processor.py:175} INFO - Processing /home/airflow/.local/lib/python3.7/site-packages/airflow/example_dags/tutorial_dag.py took 0.057 seconds
[2023-04-27T14:22:28.043+0000] {processor.py:153} INFO - Started process (PID=16856) to work on /home/airflow/.local/lib/python3.7/site-packages/airflow/example_dags/tutorial_dag.py
[2023-04-27T14:22:28.043+0000] {processor.py:743} INFO - Processing file /home/airflow/.local/lib/python3.7/site-packages/airflow/example_dags/tutorial_dag.py for tasks to queue
[2023-04-27T14:22:28.044+0000] {logging_mixin.py:137} INFO - [2023-04-27T14:22:28.043+0000] {dagbag.py:538} INFO - Filling up the DagBag from /home/airflow/.local/lib/python3.7/site-packages/airflow/example_dags/tutorial_dag.py
[2023-04-27T14:22:28.050+0000] {processor.py:753} INFO - DAG(s) dict_keys(['tutorial_dag']) retrieved from /home/airflow/.local/lib/python3.7/site-packages/airflow/example_dags/tutorial_dag.py
[2023-04-27T14:22:28.070+0000] {logging_mixin.py:137} INFO - [2023-04-27T14:22:28.069+0000] {dag.py:2676} INFO - Sync 1 DAGs
[2023-04-27T14:22:28.083+0000] {logging_mixin.py:137} INFO - [2023-04-27T14:22:28.083+0000] {dag.py:3427} INFO - Setting next_dagrun for tutorial_dag to None, run_after=None
[2023-04-27T14:22:28.092+0000] {processor.py:175} INFO - Processing /home/airflow/.local/lib/python3.7/site-packages/airflow/example_dags/tutorial_dag.py took 0.050 seconds
[2023-04-27T14:22:58.600+0000] {processor.py:153} INFO - Started process (PID=16966) to work on /home/airflow/.local/lib/python3.7/site-packages/airflow/example_dags/tutorial_dag.py
[2023-04-27T14:22:58.600+0000] {processor.py:743} INFO - Processing file /home/airflow/.local/lib/python3.7/site-packages/airflow/example_dags/tutorial_dag.py for tasks to queue
[2023-04-27T14:22:58.600+0000] {logging_mixin.py:137} INFO - [2023-04-27T14:22:58.600+0000] {dagbag.py:538} INFO - Filling up the DagBag from /home/airflow/.local/lib/python3.7/site-packages/airflow/example_dags/tutorial_dag.py
[2023-04-27T14:22:58.607+0000] {processor.py:753} INFO - DAG(s) dict_keys(['tutorial_dag']) retrieved from /home/airflow/.local/lib/python3.7/site-packages/airflow/example_dags/tutorial_dag.py
[2023-04-27T14:22:58.626+0000] {logging_mixin.py:137} INFO - [2023-04-27T14:22:58.626+0000] {dag.py:2676} INFO - Sync 1 DAGs
[2023-04-27T14:22:58.639+0000] {logging_mixin.py:137} INFO - [2023-04-27T14:22:58.639+0000] {dag.py:3427} INFO - Setting next_dagrun for tutorial_dag to None, run_after=None
[2023-04-27T14:22:58.648+0000] {processor.py:175} INFO - Processing /home/airflow/.local/lib/python3.7/site-packages/airflow/example_dags/tutorial_dag.py took 0.050 seconds
[2023-04-27T14:23:29.149+0000] {processor.py:153} INFO - Started process (PID=17061) to work on /home/airflow/.local/lib/python3.7/site-packages/airflow/example_dags/tutorial_dag.py
[2023-04-27T14:23:29.150+0000] {processor.py:743} INFO - Processing file /home/airflow/.local/lib/python3.7/site-packages/airflow/example_dags/tutorial_dag.py for tasks to queue
[2023-04-27T14:23:29.150+0000] {logging_mixin.py:137} INFO - [2023-04-27T14:23:29.150+0000] {dagbag.py:538} INFO - Filling up the DagBag from /home/airflow/.local/lib/python3.7/site-packages/airflow/example_dags/tutorial_dag.py
[2023-04-27T14:23:29.157+0000] {processor.py:753} INFO - DAG(s) dict_keys(['tutorial_dag']) retrieved from /home/airflow/.local/lib/python3.7/site-packages/airflow/example_dags/tutorial_dag.py
[2023-04-27T14:23:29.181+0000] {logging_mixin.py:137} INFO - [2023-04-27T14:23:29.181+0000] {dag.py:2676} INFO - Sync 1 DAGs
[2023-04-27T14:23:29.203+0000] {logging_mixin.py:137} INFO - [2023-04-27T14:23:29.203+0000] {dag.py:3427} INFO - Setting next_dagrun for tutorial_dag to None, run_after=None
[2023-04-27T14:23:29.217+0000] {processor.py:175} INFO - Processing /home/airflow/.local/lib/python3.7/site-packages/airflow/example_dags/tutorial_dag.py took 0.069 seconds
[2023-04-27T14:23:59.967+0000] {processor.py:153} INFO - Started process (PID=17162) to work on /home/airflow/.local/lib/python3.7/site-packages/airflow/example_dags/tutorial_dag.py
[2023-04-27T14:23:59.967+0000] {processor.py:743} INFO - Processing file /home/airflow/.local/lib/python3.7/site-packages/airflow/example_dags/tutorial_dag.py for tasks to queue
[2023-04-27T14:23:59.967+0000] {logging_mixin.py:137} INFO - [2023-04-27T14:23:59.967+0000] {dagbag.py:538} INFO - Filling up the DagBag from /home/airflow/.local/lib/python3.7/site-packages/airflow/example_dags/tutorial_dag.py
[2023-04-27T14:23:59.974+0000] {processor.py:753} INFO - DAG(s) dict_keys(['tutorial_dag']) retrieved from /home/airflow/.local/lib/python3.7/site-packages/airflow/example_dags/tutorial_dag.py
[2023-04-27T14:23:59.995+0000] {logging_mixin.py:137} INFO - [2023-04-27T14:23:59.995+0000] {dag.py:2676} INFO - Sync 1 DAGs
[2023-04-27T14:24:00.016+0000] {logging_mixin.py:137} INFO - [2023-04-27T14:24:00.016+0000] {dag.py:3427} INFO - Setting next_dagrun for tutorial_dag to None, run_after=None
[2023-04-27T14:24:00.025+0000] {processor.py:175} INFO - Processing /home/airflow/.local/lib/python3.7/site-packages/airflow/example_dags/tutorial_dag.py took 0.060 seconds
[2023-04-27T14:24:30.664+0000] {processor.py:153} INFO - Started process (PID=17272) to work on /home/airflow/.local/lib/python3.7/site-packages/airflow/example_dags/tutorial_dag.py
[2023-04-27T14:24:30.664+0000] {processor.py:743} INFO - Processing file /home/airflow/.local/lib/python3.7/site-packages/airflow/example_dags/tutorial_dag.py for tasks to queue
[2023-04-27T14:24:30.665+0000] {logging_mixin.py:137} INFO - [2023-04-27T14:24:30.664+0000] {dagbag.py:538} INFO - Filling up the DagBag from /home/airflow/.local/lib/python3.7/site-packages/airflow/example_dags/tutorial_dag.py
[2023-04-27T14:24:30.673+0000] {processor.py:753} INFO - DAG(s) dict_keys(['tutorial_dag']) retrieved from /home/airflow/.local/lib/python3.7/site-packages/airflow/example_dags/tutorial_dag.py
[2023-04-27T14:24:30.699+0000] {logging_mixin.py:137} INFO - [2023-04-27T14:24:30.698+0000] {dag.py:2676} INFO - Sync 1 DAGs
[2023-04-27T14:24:30.716+0000] {logging_mixin.py:137} INFO - [2023-04-27T14:24:30.715+0000] {dag.py:3427} INFO - Setting next_dagrun for tutorial_dag to None, run_after=None
[2023-04-27T14:24:30.730+0000] {processor.py:175} INFO - Processing /home/airflow/.local/lib/python3.7/site-packages/airflow/example_dags/tutorial_dag.py took 0.068 seconds
[2023-04-27T14:25:01.377+0000] {processor.py:153} INFO - Started process (PID=17367) to work on /home/airflow/.local/lib/python3.7/site-packages/airflow/example_dags/tutorial_dag.py
[2023-04-27T14:25:01.377+0000] {processor.py:743} INFO - Processing file /home/airflow/.local/lib/python3.7/site-packages/airflow/example_dags/tutorial_dag.py for tasks to queue
[2023-04-27T14:25:01.378+0000] {logging_mixin.py:137} INFO - [2023-04-27T14:25:01.378+0000] {dagbag.py:538} INFO - Filling up the DagBag from /home/airflow/.local/lib/python3.7/site-packages/airflow/example_dags/tutorial_dag.py
[2023-04-27T14:25:01.385+0000] {processor.py:753} INFO - DAG(s) dict_keys(['tutorial_dag']) retrieved from /home/airflow/.local/lib/python3.7/site-packages/airflow/example_dags/tutorial_dag.py
[2023-04-27T14:25:01.406+0000] {logging_mixin.py:137} INFO - [2023-04-27T14:25:01.406+0000] {dag.py:2676} INFO - Sync 1 DAGs
[2023-04-27T14:25:01.420+0000] {logging_mixin.py:137} INFO - [2023-04-27T14:25:01.420+0000] {dag.py:3427} INFO - Setting next_dagrun for tutorial_dag to None, run_after=None
[2023-04-27T14:25:01.429+0000] {processor.py:175} INFO - Processing /home/airflow/.local/lib/python3.7/site-packages/airflow/example_dags/tutorial_dag.py took 0.054 seconds
[2023-04-27T14:25:32.028+0000] {processor.py:153} INFO - Started process (PID=17468) to work on /home/airflow/.local/lib/python3.7/site-packages/airflow/example_dags/tutorial_dag.py
[2023-04-27T14:25:32.028+0000] {processor.py:743} INFO - Processing file /home/airflow/.local/lib/python3.7/site-packages/airflow/example_dags/tutorial_dag.py for tasks to queue
[2023-04-27T14:25:32.029+0000] {logging_mixin.py:137} INFO - [2023-04-27T14:25:32.029+0000] {dagbag.py:538} INFO - Filling up the DagBag from /home/airflow/.local/lib/python3.7/site-packages/airflow/example_dags/tutorial_dag.py
[2023-04-27T14:25:32.036+0000] {processor.py:753} INFO - DAG(s) dict_keys(['tutorial_dag']) retrieved from /home/airflow/.local/lib/python3.7/site-packages/airflow/example_dags/tutorial_dag.py
[2023-04-27T14:25:32.055+0000] {logging_mixin.py:137} INFO - [2023-04-27T14:25:32.055+0000] {dag.py:2676} INFO - Sync 1 DAGs
[2023-04-27T14:25:32.069+0000] {logging_mixin.py:137} INFO - [2023-04-27T14:25:32.069+0000] {dag.py:3427} INFO - Setting next_dagrun for tutorial_dag to None, run_after=None
[2023-04-27T14:25:32.078+0000] {processor.py:175} INFO - Processing /home/airflow/.local/lib/python3.7/site-packages/airflow/example_dags/tutorial_dag.py took 0.052 seconds
[2023-04-27T14:26:02.565+0000] {processor.py:153} INFO - Started process (PID=17578) to work on /home/airflow/.local/lib/python3.7/site-packages/airflow/example_dags/tutorial_dag.py
[2023-04-27T14:26:02.566+0000] {processor.py:743} INFO - Processing file /home/airflow/.local/lib/python3.7/site-packages/airflow/example_dags/tutorial_dag.py for tasks to queue
[2023-04-27T14:26:02.566+0000] {logging_mixin.py:137} INFO - [2023-04-27T14:26:02.566+0000] {dagbag.py:538} INFO - Filling up the DagBag from /home/airflow/.local/lib/python3.7/site-packages/airflow/example_dags/tutorial_dag.py
[2023-04-27T14:26:02.572+0000] {processor.py:753} INFO - DAG(s) dict_keys(['tutorial_dag']) retrieved from /home/airflow/.local/lib/python3.7/site-packages/airflow/example_dags/tutorial_dag.py
[2023-04-27T14:26:02.591+0000] {logging_mixin.py:137} INFO - [2023-04-27T14:26:02.591+0000] {dag.py:2676} INFO - Sync 1 DAGs
[2023-04-27T14:26:02.608+0000] {logging_mixin.py:137} INFO - [2023-04-27T14:26:02.608+0000] {dag.py:3427} INFO - Setting next_dagrun for tutorial_dag to None, run_after=None
[2023-04-27T14:26:02.618+0000] {processor.py:175} INFO - Processing /home/airflow/.local/lib/python3.7/site-packages/airflow/example_dags/tutorial_dag.py took 0.054 seconds
