[2023-04-27T14:20:58.673+0000] {processor.py:153} INFO - Started process (PID=16568) to work on /home/airflow/.local/lib/python3.7/site-packages/airflow/example_dags/tutorial_taskflow_api_virtualenv.py
[2023-04-27T14:20:58.673+0000] {processor.py:743} INFO - Processing file /home/airflow/.local/lib/python3.7/site-packages/airflow/example_dags/tutorial_taskflow_api_virtualenv.py for tasks to queue
[2023-04-27T14:20:58.674+0000] {logging_mixin.py:137} INFO - [2023-04-27T14:20:58.674+0000] {dagbag.py:538} INFO - Filling up the DagBag from /home/airflow/.local/lib/python3.7/site-packages/airflow/example_dags/tutorial_taskflow_api_virtualenv.py
[2023-04-27T14:20:58.685+0000] {processor.py:753} INFO - DAG(s) dict_keys(['tutorial_taskflow_api_virtualenv']) retrieved from /home/airflow/.local/lib/python3.7/site-packages/airflow/example_dags/tutorial_taskflow_api_virtualenv.py
[2023-04-27T14:20:58.704+0000] {logging_mixin.py:137} INFO - [2023-04-27T14:20:58.704+0000] {dag.py:2676} INFO - Sync 1 DAGs
[2023-04-27T14:20:58.717+0000] {logging_mixin.py:137} INFO - [2023-04-27T14:20:58.717+0000] {dag.py:3427} INFO - Setting next_dagrun for tutorial_taskflow_api_virtualenv to None, run_after=None
[2023-04-27T14:20:58.727+0000] {processor.py:175} INFO - Processing /home/airflow/.local/lib/python3.7/site-packages/airflow/example_dags/tutorial_taskflow_api_virtualenv.py took 0.055 seconds
[2023-04-27T14:21:29.422+0000] {processor.py:153} INFO - Started process (PID=16678) to work on /home/airflow/.local/lib/python3.7/site-packages/airflow/example_dags/tutorial_taskflow_api_virtualenv.py
[2023-04-27T14:21:29.422+0000] {processor.py:743} INFO - Processing file /home/airflow/.local/lib/python3.7/site-packages/airflow/example_dags/tutorial_taskflow_api_virtualenv.py for tasks to queue
[2023-04-27T14:21:29.423+0000] {logging_mixin.py:137} INFO - [2023-04-27T14:21:29.423+0000] {dagbag.py:538} INFO - Filling up the DagBag from /home/airflow/.local/lib/python3.7/site-packages/airflow/example_dags/tutorial_taskflow_api_virtualenv.py
[2023-04-27T14:21:29.434+0000] {processor.py:753} INFO - DAG(s) dict_keys(['tutorial_taskflow_api_virtualenv']) retrieved from /home/airflow/.local/lib/python3.7/site-packages/airflow/example_dags/tutorial_taskflow_api_virtualenv.py
[2023-04-27T14:21:29.452+0000] {logging_mixin.py:137} INFO - [2023-04-27T14:21:29.452+0000] {dag.py:2676} INFO - Sync 1 DAGs
[2023-04-27T14:21:29.466+0000] {logging_mixin.py:137} INFO - [2023-04-27T14:21:29.466+0000] {dag.py:3427} INFO - Setting next_dagrun for tutorial_taskflow_api_virtualenv to None, run_after=None
[2023-04-27T14:21:29.474+0000] {processor.py:175} INFO - Processing /home/airflow/.local/lib/python3.7/site-packages/airflow/example_dags/tutorial_taskflow_api_virtualenv.py took 0.054 seconds
[2023-04-27T14:22:00.035+0000] {processor.py:153} INFO - Started process (PID=16788) to work on /home/airflow/.local/lib/python3.7/site-packages/airflow/example_dags/tutorial_taskflow_api_virtualenv.py
[2023-04-27T14:22:00.036+0000] {processor.py:743} INFO - Processing file /home/airflow/.local/lib/python3.7/site-packages/airflow/example_dags/tutorial_taskflow_api_virtualenv.py for tasks to queue
[2023-04-27T14:22:00.036+0000] {logging_mixin.py:137} INFO - [2023-04-27T14:22:00.036+0000] {dagbag.py:538} INFO - Filling up the DagBag from /home/airflow/.local/lib/python3.7/site-packages/airflow/example_dags/tutorial_taskflow_api_virtualenv.py
[2023-04-27T14:22:00.049+0000] {processor.py:753} INFO - DAG(s) dict_keys(['tutorial_taskflow_api_virtualenv']) retrieved from /home/airflow/.local/lib/python3.7/site-packages/airflow/example_dags/tutorial_taskflow_api_virtualenv.py
[2023-04-27T14:22:00.073+0000] {logging_mixin.py:137} INFO - [2023-04-27T14:22:00.072+0000] {dag.py:2676} INFO - Sync 1 DAGs
[2023-04-27T14:22:00.088+0000] {logging_mixin.py:137} INFO - [2023-04-27T14:22:00.088+0000] {dag.py:3427} INFO - Setting next_dagrun for tutorial_taskflow_api_virtualenv to None, run_after=None
[2023-04-27T14:22:00.101+0000] {processor.py:175} INFO - Processing /home/airflow/.local/lib/python3.7/site-packages/airflow/example_dags/tutorial_taskflow_api_virtualenv.py took 0.068 seconds
[2023-04-27T14:22:30.606+0000] {processor.py:153} INFO - Started process (PID=16874) to work on /home/airflow/.local/lib/python3.7/site-packages/airflow/example_dags/tutorial_taskflow_api_virtualenv.py
[2023-04-27T14:22:30.606+0000] {processor.py:743} INFO - Processing file /home/airflow/.local/lib/python3.7/site-packages/airflow/example_dags/tutorial_taskflow_api_virtualenv.py for tasks to queue
[2023-04-27T14:22:30.607+0000] {logging_mixin.py:137} INFO - [2023-04-27T14:22:30.607+0000] {dagbag.py:538} INFO - Filling up the DagBag from /home/airflow/.local/lib/python3.7/site-packages/airflow/example_dags/tutorial_taskflow_api_virtualenv.py
[2023-04-27T14:22:30.618+0000] {processor.py:753} INFO - DAG(s) dict_keys(['tutorial_taskflow_api_virtualenv']) retrieved from /home/airflow/.local/lib/python3.7/site-packages/airflow/example_dags/tutorial_taskflow_api_virtualenv.py
[2023-04-27T14:22:30.638+0000] {logging_mixin.py:137} INFO - [2023-04-27T14:22:30.638+0000] {dag.py:2676} INFO - Sync 1 DAGs
[2023-04-27T14:22:30.652+0000] {logging_mixin.py:137} INFO - [2023-04-27T14:22:30.652+0000] {dag.py:3427} INFO - Setting next_dagrun for tutorial_taskflow_api_virtualenv to None, run_after=None
[2023-04-27T14:22:30.661+0000] {processor.py:175} INFO - Processing /home/airflow/.local/lib/python3.7/site-packages/airflow/example_dags/tutorial_taskflow_api_virtualenv.py took 0.056 seconds
[2023-04-27T14:23:01.165+0000] {processor.py:153} INFO - Started process (PID=16984) to work on /home/airflow/.local/lib/python3.7/site-packages/airflow/example_dags/tutorial_taskflow_api_virtualenv.py
[2023-04-27T14:23:01.166+0000] {processor.py:743} INFO - Processing file /home/airflow/.local/lib/python3.7/site-packages/airflow/example_dags/tutorial_taskflow_api_virtualenv.py for tasks to queue
[2023-04-27T14:23:01.166+0000] {logging_mixin.py:137} INFO - [2023-04-27T14:23:01.166+0000] {dagbag.py:538} INFO - Filling up the DagBag from /home/airflow/.local/lib/python3.7/site-packages/airflow/example_dags/tutorial_taskflow_api_virtualenv.py
[2023-04-27T14:23:01.180+0000] {processor.py:753} INFO - DAG(s) dict_keys(['tutorial_taskflow_api_virtualenv']) retrieved from /home/airflow/.local/lib/python3.7/site-packages/airflow/example_dags/tutorial_taskflow_api_virtualenv.py
[2023-04-27T14:23:01.199+0000] {logging_mixin.py:137} INFO - [2023-04-27T14:23:01.199+0000] {dag.py:2676} INFO - Sync 1 DAGs
[2023-04-27T14:23:01.212+0000] {logging_mixin.py:137} INFO - [2023-04-27T14:23:01.212+0000] {dag.py:3427} INFO - Setting next_dagrun for tutorial_taskflow_api_virtualenv to None, run_after=None
[2023-04-27T14:23:01.222+0000] {processor.py:175} INFO - Processing /home/airflow/.local/lib/python3.7/site-packages/airflow/example_dags/tutorial_taskflow_api_virtualenv.py took 0.058 seconds
[2023-04-27T14:23:31.859+0000] {processor.py:153} INFO - Started process (PID=17094) to work on /home/airflow/.local/lib/python3.7/site-packages/airflow/example_dags/tutorial_taskflow_api_virtualenv.py
[2023-04-27T14:23:31.859+0000] {processor.py:743} INFO - Processing file /home/airflow/.local/lib/python3.7/site-packages/airflow/example_dags/tutorial_taskflow_api_virtualenv.py for tasks to queue
[2023-04-27T14:23:31.859+0000] {logging_mixin.py:137} INFO - [2023-04-27T14:23:31.859+0000] {dagbag.py:538} INFO - Filling up the DagBag from /home/airflow/.local/lib/python3.7/site-packages/airflow/example_dags/tutorial_taskflow_api_virtualenv.py
[2023-04-27T14:23:31.871+0000] {processor.py:753} INFO - DAG(s) dict_keys(['tutorial_taskflow_api_virtualenv']) retrieved from /home/airflow/.local/lib/python3.7/site-packages/airflow/example_dags/tutorial_taskflow_api_virtualenv.py
[2023-04-27T14:23:31.893+0000] {logging_mixin.py:137} INFO - [2023-04-27T14:23:31.893+0000] {dag.py:2676} INFO - Sync 1 DAGs
[2023-04-27T14:23:31.914+0000] {logging_mixin.py:137} INFO - [2023-04-27T14:23:31.914+0000] {dag.py:3427} INFO - Setting next_dagrun for tutorial_taskflow_api_virtualenv to None, run_after=None
[2023-04-27T14:23:31.929+0000] {processor.py:175} INFO - Processing /home/airflow/.local/lib/python3.7/site-packages/airflow/example_dags/tutorial_taskflow_api_virtualenv.py took 0.072 seconds
[2023-04-27T14:24:02.588+0000] {processor.py:153} INFO - Started process (PID=17180) to work on /home/airflow/.local/lib/python3.7/site-packages/airflow/example_dags/tutorial_taskflow_api_virtualenv.py
[2023-04-27T14:24:02.588+0000] {processor.py:743} INFO - Processing file /home/airflow/.local/lib/python3.7/site-packages/airflow/example_dags/tutorial_taskflow_api_virtualenv.py for tasks to queue
[2023-04-27T14:24:02.589+0000] {logging_mixin.py:137} INFO - [2023-04-27T14:24:02.588+0000] {dagbag.py:538} INFO - Filling up the DagBag from /home/airflow/.local/lib/python3.7/site-packages/airflow/example_dags/tutorial_taskflow_api_virtualenv.py
[2023-04-27T14:24:02.601+0000] {processor.py:753} INFO - DAG(s) dict_keys(['tutorial_taskflow_api_virtualenv']) retrieved from /home/airflow/.local/lib/python3.7/site-packages/airflow/example_dags/tutorial_taskflow_api_virtualenv.py
[2023-04-27T14:24:02.622+0000] {logging_mixin.py:137} INFO - [2023-04-27T14:24:02.622+0000] {dag.py:2676} INFO - Sync 1 DAGs
[2023-04-27T14:24:02.635+0000] {logging_mixin.py:137} INFO - [2023-04-27T14:24:02.635+0000] {dag.py:3427} INFO - Setting next_dagrun for tutorial_taskflow_api_virtualenv to None, run_after=None
[2023-04-27T14:24:02.644+0000] {processor.py:175} INFO - Processing /home/airflow/.local/lib/python3.7/site-packages/airflow/example_dags/tutorial_taskflow_api_virtualenv.py took 0.058 seconds
[2023-04-27T14:24:33.317+0000] {processor.py:153} INFO - Started process (PID=17290) to work on /home/airflow/.local/lib/python3.7/site-packages/airflow/example_dags/tutorial_taskflow_api_virtualenv.py
[2023-04-27T14:24:33.317+0000] {processor.py:743} INFO - Processing file /home/airflow/.local/lib/python3.7/site-packages/airflow/example_dags/tutorial_taskflow_api_virtualenv.py for tasks to queue
[2023-04-27T14:24:33.317+0000] {logging_mixin.py:137} INFO - [2023-04-27T14:24:33.317+0000] {dagbag.py:538} INFO - Filling up the DagBag from /home/airflow/.local/lib/python3.7/site-packages/airflow/example_dags/tutorial_taskflow_api_virtualenv.py
[2023-04-27T14:24:33.330+0000] {processor.py:753} INFO - DAG(s) dict_keys(['tutorial_taskflow_api_virtualenv']) retrieved from /home/airflow/.local/lib/python3.7/site-packages/airflow/example_dags/tutorial_taskflow_api_virtualenv.py
[2023-04-27T14:24:33.354+0000] {logging_mixin.py:137} INFO - [2023-04-27T14:24:33.354+0000] {dag.py:2676} INFO - Sync 1 DAGs
[2023-04-27T14:24:33.371+0000] {logging_mixin.py:137} INFO - [2023-04-27T14:24:33.371+0000] {dag.py:3427} INFO - Setting next_dagrun for tutorial_taskflow_api_virtualenv to None, run_after=None
[2023-04-27T14:24:33.381+0000] {processor.py:175} INFO - Processing /home/airflow/.local/lib/python3.7/site-packages/airflow/example_dags/tutorial_taskflow_api_virtualenv.py took 0.066 seconds
[2023-04-27T14:25:04.134+0000] {processor.py:153} INFO - Started process (PID=17400) to work on /home/airflow/.local/lib/python3.7/site-packages/airflow/example_dags/tutorial_taskflow_api_virtualenv.py
[2023-04-27T14:25:04.134+0000] {processor.py:743} INFO - Processing file /home/airflow/.local/lib/python3.7/site-packages/airflow/example_dags/tutorial_taskflow_api_virtualenv.py for tasks to queue
[2023-04-27T14:25:04.134+0000] {logging_mixin.py:137} INFO - [2023-04-27T14:25:04.134+0000] {dagbag.py:538} INFO - Filling up the DagBag from /home/airflow/.local/lib/python3.7/site-packages/airflow/example_dags/tutorial_taskflow_api_virtualenv.py
[2023-04-27T14:25:04.146+0000] {processor.py:753} INFO - DAG(s) dict_keys(['tutorial_taskflow_api_virtualenv']) retrieved from /home/airflow/.local/lib/python3.7/site-packages/airflow/example_dags/tutorial_taskflow_api_virtualenv.py
[2023-04-27T14:25:04.167+0000] {logging_mixin.py:137} INFO - [2023-04-27T14:25:04.167+0000] {dag.py:2676} INFO - Sync 1 DAGs
[2023-04-27T14:25:04.183+0000] {logging_mixin.py:137} INFO - [2023-04-27T14:25:04.183+0000] {dag.py:3427} INFO - Setting next_dagrun for tutorial_taskflow_api_virtualenv to None, run_after=None
[2023-04-27T14:25:04.195+0000] {processor.py:175} INFO - Processing /home/airflow/.local/lib/python3.7/site-packages/airflow/example_dags/tutorial_taskflow_api_virtualenv.py took 0.063 seconds
[2023-04-27T14:25:34.597+0000] {processor.py:153} INFO - Started process (PID=17486) to work on /home/airflow/.local/lib/python3.7/site-packages/airflow/example_dags/tutorial_taskflow_api_virtualenv.py
[2023-04-27T14:25:34.597+0000] {processor.py:743} INFO - Processing file /home/airflow/.local/lib/python3.7/site-packages/airflow/example_dags/tutorial_taskflow_api_virtualenv.py for tasks to queue
[2023-04-27T14:25:34.597+0000] {logging_mixin.py:137} INFO - [2023-04-27T14:25:34.597+0000] {dagbag.py:538} INFO - Filling up the DagBag from /home/airflow/.local/lib/python3.7/site-packages/airflow/example_dags/tutorial_taskflow_api_virtualenv.py
[2023-04-27T14:25:34.609+0000] {processor.py:753} INFO - DAG(s) dict_keys(['tutorial_taskflow_api_virtualenv']) retrieved from /home/airflow/.local/lib/python3.7/site-packages/airflow/example_dags/tutorial_taskflow_api_virtualenv.py
[2023-04-27T14:25:34.628+0000] {logging_mixin.py:137} INFO - [2023-04-27T14:25:34.627+0000] {dag.py:2676} INFO - Sync 1 DAGs
[2023-04-27T14:25:34.641+0000] {logging_mixin.py:137} INFO - [2023-04-27T14:25:34.641+0000] {dag.py:3427} INFO - Setting next_dagrun for tutorial_taskflow_api_virtualenv to None, run_after=None
[2023-04-27T14:25:34.650+0000] {processor.py:175} INFO - Processing /home/airflow/.local/lib/python3.7/site-packages/airflow/example_dags/tutorial_taskflow_api_virtualenv.py took 0.054 seconds
